<?xml version="1.0" encoding="utf-8"?>
<TestRun id="d36544ff-d58f-4252-928f-3a33c1fa1e39" name="brame@BRAM-DESKTOP 2025-02-11 17:41:51" runUser="BRAM-DESKTOP\brame" xmlns="http://microsoft.com/schemas/VisualStudio/TeamTest/2010">
  <Times creation="2025-02-11T17:41:51.4935770+01:00" queuing="2025-02-11T17:41:51.4935771+01:00" start="2025-02-11T17:41:50.7763442+01:00" finish="2025-02-11T17:41:51.6299825+01:00" />
  <TestSettings name="default" id="50f615b8-7f26-47a9-be33-7d9f3b7d2cd7">
    <Deployment runDeploymentRoot="brame_BRAM-DESKTOP_2025-02-11_17_41_51" />
  </TestSettings>
  <Results>
    <UnitTestResult executionId="04ef8f4a-f10e-4817-83b0-29de6e0e9bca" testId="f14f63fe-a883-1898-c089-34f6c5bcd1f5" testName="GetCommandRequirements_should_get_2_guildAttributes" computerName="BRAM-DESKTOP" duration="00:00:00.0020370" startTime="2025-02-11T17:41:51.4828268+01:00" endTime="2025-02-11T17:41:51.4848641+01:00" testType="13cdc9d9-ddb5-4fa4-a97d-d965ccfc6d4b" outcome="Passed" testListId="8c84fa94-04c1-424b-9868-57a2d4851a1d" relativeResultsDirectory="04ef8f4a-f10e-4817-83b0-29de6e0e9bca" />
    <UnitTestResult executionId="d7d7560d-b0e0-4f17-99a6-359400cb6de6" testId="23de8960-dd1b-218c-bc75-f7dbb49d0814" testName="Should_execute_interaction_command_with_requirement(&quot;Command16&quot;)" computerName="BRAM-DESKTOP" duration="00:00:00.0005210" startTime="2025-02-11T17:41:51.5749607+01:00" endTime="2025-02-11T17:41:51.5754815+01:00" testType="13cdc9d9-ddb5-4fa4-a97d-d965ccfc6d4b" outcome="Passed" testListId="8c84fa94-04c1-424b-9868-57a2d4851a1d" relativeResultsDirectory="d7d7560d-b0e0-4f17-99a6-359400cb6de6" />
    <UnitTestResult executionId="eac3506e-6d12-45fa-853c-54f218eeaebf" testId="9c318806-f5ec-264e-ecf5-f3eb420f0b25" testName="Should_pass_user_permission_requirement(Stream, EmbedLinks, DeafenMembers,Stream, EmbedLinks, DeafenMembers)" computerName="BRAM-DESKTOP" duration="00:00:00.0000170" startTime="2025-02-11T17:41:51.4420136+01:00" endTime="2025-02-11T17:41:51.4420302+01:00" testType="13cdc9d9-ddb5-4fa4-a97d-d965ccfc6d4b" outcome="Passed" testListId="8c84fa94-04c1-424b-9868-57a2d4851a1d" relativeResultsDirectory="eac3506e-6d12-45fa-853c-54f218eeaebf" />
    <UnitTestResult executionId="bb42d13d-777b-4fd9-a854-adccdc9e6d1e" testId="98cffa0c-c9a9-0b5f-1c09-ecaf3278ffd2" testName="Should_not_pass_user_permission_requirement(Administrator,Connect)" computerName="BRAM-DESKTOP" duration="00:00:00.0002180" startTime="2025-02-11T17:41:51.4408782+01:00" endTime="2025-02-11T17:41:51.4410963+01:00" testType="13cdc9d9-ddb5-4fa4-a97d-d965ccfc6d4b" outcome="Passed" testListId="8c84fa94-04c1-424b-9868-57a2d4851a1d" relativeResultsDirectory="bb42d13d-777b-4fd9-a854-adccdc9e6d1e" />
    <UnitTestResult executionId="bed5b06f-305c-4ee1-a120-1026059c8ea6" testId="8fb5a465-3177-f31e-9b3c-129d5d3d7adc" testName="Should_get_empty_interaction_command_modules" computerName="BRAM-DESKTOP" duration="00:00:00.0065930" startTime="2025-02-11T17:41:51.4647434+01:00" endTime="2025-02-11T17:41:51.4713366+01:00" testType="13cdc9d9-ddb5-4fa4-a97d-d965ccfc6d4b" outcome="Passed" testListId="8c84fa94-04c1-424b-9868-57a2d4851a1d" relativeResultsDirectory="bed5b06f-305c-4ee1-a120-1026059c8ea6" />
    <UnitTestResult executionId="5c98d995-326f-4a64-a5da-fbf988fee247" testId="6580416e-91ef-b7ea-16a2-c747c9c39b08" testName="Should_detect_new_command_with_defaultPerm" computerName="BRAM-DESKTOP" duration="00:00:00.0001900" startTime="2025-02-11T17:41:51.4599946+01:00" endTime="2025-02-11T17:41:51.4601840+01:00" testType="13cdc9d9-ddb5-4fa4-a97d-d965ccfc6d4b" outcome="Passed" testListId="8c84fa94-04c1-424b-9868-57a2d4851a1d" relativeResultsDirectory="5c98d995-326f-4a64-a5da-fbf988fee247" />
    <UnitTestResult executionId="094fe392-8997-4f4b-9488-faa878f9a157" testId="e32f387e-b613-d3fe-23fe-50c11a87d917" testName="Should_not_pass_dm_requirement" computerName="BRAM-DESKTOP" duration="00:00:00.0012440" startTime="2025-02-11T17:41:51.4421127+01:00" endTime="2025-02-11T17:41:51.4433566+01:00" testType="13cdc9d9-ddb5-4fa4-a97d-d965ccfc6d4b" outcome="Passed" testListId="8c84fa94-04c1-424b-9868-57a2d4851a1d" relativeResultsDirectory="094fe392-8997-4f4b-9488-faa878f9a157" />
    <UnitTestResult executionId="1edcd731-94cb-4b52-b97c-5a5429f0ae42" testId="c8e7bdfb-5c67-4648-5ec9-9bf9fc01ee74" testName="Should_search_interaction_command_with_requirement(&quot;Command17&quot;,&quot;CommandMethod17Async&quot;,6)" computerName="BRAM-DESKTOP" duration="00:00:00.0002650" startTime="2025-02-11T17:41:51.5829808+01:00" endTime="2025-02-11T17:41:51.5832453+01:00" testType="13cdc9d9-ddb5-4fa4-a97d-d965ccfc6d4b" outcome="Passed" testListId="8c84fa94-04c1-424b-9868-57a2d4851a1d" relativeResultsDirectory="1edcd731-94cb-4b52-b97c-5a5429f0ae42" />
    <UnitTestResult executionId="c9a7e1ce-5d85-42bd-aa03-717799e0bf88" testId="30056c16-4190-6a23-ecc9-cf9806277f1c" testName="Should_execute_top_level_command_with_pipelines" computerName="BRAM-DESKTOP" duration="00:00:00.0013550" startTime="2025-02-11T17:41:51.5333885+01:00" endTime="2025-02-11T17:41:51.5347432+01:00" testType="13cdc9d9-ddb5-4fa4-a97d-d965ccfc6d4b" outcome="Passed" testListId="8c84fa94-04c1-424b-9868-57a2d4851a1d" relativeResultsDirectory="c9a7e1ce-5d85-42bd-aa03-717799e0bf88" />
    <UnitTestResult executionId="42705158-77e4-45b0-a08f-c2c9a319cb4b" testId="b24a9b5e-dd01-1c5c-668b-f7c55ffd4b4b" testName="Should_search_interaction_command(&quot;Command4&quot;,&quot;CommandMethod4Async&quot;)" computerName="BRAM-DESKTOP" duration="00:00:00.0002040" startTime="2025-02-11T17:41:51.5799818+01:00" endTime="2025-02-11T17:41:51.5801860+01:00" testType="13cdc9d9-ddb5-4fa4-a97d-d965ccfc6d4b" outcome="Passed" testListId="8c84fa94-04c1-424b-9868-57a2d4851a1d" relativeResultsDirectory="42705158-77e4-45b0-a08f-c2c9a319cb4b" />
    <UnitTestResult executionId="b2bd7b49-e933-44e3-8b90-e0eac61e9fe5" testId="d96c626b-666a-91e8-7572-70293c69c1c3" testName="Should_not_pass_user_permission_requirement_dm" computerName="BRAM-DESKTOP" duration="00:00:00.0003260" startTime="2025-02-11T17:41:51.4481436+01:00" endTime="2025-02-11T17:41:51.4484690+01:00" testType="13cdc9d9-ddb5-4fa4-a97d-d965ccfc6d4b" outcome="Passed" testListId="8c84fa94-04c1-424b-9868-57a2d4851a1d" relativeResultsDirectory="b2bd7b49-e933-44e3-8b90-e0eac61e9fe5" />
    <UnitTestResult executionId="709a5f45-e8bb-4429-8a3f-22798658b391" testId="61b5420e-69ac-1d08-aae1-4eceebd3fad5" testName="Should_detect_new_options_with_new_choice_name" computerName="BRAM-DESKTOP" duration="00:00:00.0003450" startTime="2025-02-11T17:41:51.4628078+01:00" endTime="2025-02-11T17:41:51.4631530+01:00" testType="13cdc9d9-ddb5-4fa4-a97d-d965ccfc6d4b" outcome="Passed" testListId="8c84fa94-04c1-424b-9868-57a2d4851a1d" relativeResultsDirectory="709a5f45-e8bb-4429-8a3f-22798658b391" />
    <UnitTestResult executionId="cd5895f3-f044-4ec1-94a1-e151f56cf5e1" testId="a19b2b7f-e407-65de-68da-f11d6858d5fa" testName="Should_detect_rate_limit((RateLimitInfo { Remaining = 0, Expiration = 11-2-2025 16:42:11 +00:00 }, True))" computerName="BRAM-DESKTOP" duration="00:00:00.0001840" startTime="2025-02-11T17:41:51.4515349+01:00" endTime="2025-02-11T17:41:51.4517190+01:00" testType="13cdc9d9-ddb5-4fa4-a97d-d965ccfc6d4b" outcome="Passed" testListId="8c84fa94-04c1-424b-9868-57a2d4851a1d" relativeResultsDirectory="cd5895f3-f044-4ec1-94a1-e151f56cf5e1" />
    <UnitTestResult executionId="bb6f00d0-badb-4127-a354-ac14bf82e238" testId="1f443028-2e0c-4916-4510-0bbc44e09096" testName="Should_detect_new_option" computerName="BRAM-DESKTOP" duration="00:00:00.0001900" startTime="2025-02-11T17:41:51.4605434+01:00" endTime="2025-02-11T17:41:51.4607335+01:00" testType="13cdc9d9-ddb5-4fa4-a97d-d965ccfc6d4b" outcome="Passed" testListId="8c84fa94-04c1-424b-9868-57a2d4851a1d" relativeResultsDirectory="bb6f00d0-badb-4127-a354-ac14bf82e238" />
    <UnitTestResult executionId="37b96e74-fa6c-4efb-9dbb-cc8d042fef73" testId="9721c7d5-5d02-deea-390d-adfe92a643ff" testName="Should_not_pass_user_permission_requirement(Stream, EmbedLinks, DeafenMembers,Stream, DeafenMembers)" computerName="BRAM-DESKTOP" duration="00:00:00.0000190" startTime="2025-02-11T17:41:51.4411321+01:00" endTime="2025-02-11T17:41:51.4411510+01:00" testType="13cdc9d9-ddb5-4fa4-a97d-d965ccfc6d4b" outcome="Passed" testListId="8c84fa94-04c1-424b-9868-57a2d4851a1d" relativeResultsDirectory="37b96e74-fa6c-4efb-9dbb-cc8d042fef73" />
    <UnitTestResult executionId="7bcd0d43-769b-4b7a-8b16-a30e0fe24a5b" testId="27d8e9e9-aae7-7040-cd37-25546de51f71" testName="Should_search_interaction_command_with_options(&quot;add&quot;,&quot;role&quot;,&quot;Command18&quot;)" computerName="BRAM-DESKTOP" duration="00:00:00.0007140" startTime="2025-02-11T17:41:51.5808468+01:00" endTime="2025-02-11T17:41:51.5815602+01:00" testType="13cdc9d9-ddb5-4fa4-a97d-d965ccfc6d4b" outcome="Passed" testListId="8c84fa94-04c1-424b-9868-57a2d4851a1d" relativeResultsDirectory="7bcd0d43-769b-4b7a-8b16-a30e0fe24a5b" />
    <UnitTestResult executionId="fcdf5c9f-6885-4a1a-b6cb-86be3d45e35c" testId="fd80557f-7cec-49b5-420b-b0a53ddb92ff" testName="Should_get_interaction_commands" computerName="BRAM-DESKTOP" duration="00:00:00.0102270" startTime="2025-02-11T17:41:51.4721662+01:00" endTime="2025-02-11T17:41:51.4823925+01:00" testType="13cdc9d9-ddb5-4fa4-a97d-d965ccfc6d4b" outcome="Passed" testListId="8c84fa94-04c1-424b-9868-57a2d4851a1d" relativeResultsDirectory="fcdf5c9f-6885-4a1a-b6cb-86be3d45e35c" />
    <UnitTestResult executionId="0c94a033-7d95-42f7-b9f8-3e3fc7547ed2" testId="013a879a-c0de-d910-1c9e-2bced9372d01" testName="Should_pass_user_permission_requirement(AddReactions,Administrator)" computerName="BRAM-DESKTOP" duration="00:00:00.0001460" startTime="2025-02-11T17:41:51.4418558+01:00" endTime="2025-02-11T17:41:51.4420011+01:00" testType="13cdc9d9-ddb5-4fa4-a97d-d965ccfc6d4b" outcome="Passed" testListId="8c84fa94-04c1-424b-9868-57a2d4851a1d" relativeResultsDirectory="0c94a033-7d95-42f7-b9f8-3e3fc7547ed2" />
    <UnitTestResult executionId="a668221b-78be-464a-80e4-1d15a0b12ac3" testId="0c2d240b-acd4-8706-c39b-89cec1cc8003" testName="Should_execute_sub_sub_command_with_pipelines" computerName="BRAM-DESKTOP" duration="00:00:00.0022600" startTime="2025-02-11T17:41:51.5228090+01:00" endTime="2025-02-11T17:41:51.5250692+01:00" testType="13cdc9d9-ddb5-4fa4-a97d-d965ccfc6d4b" outcome="Passed" testListId="8c84fa94-04c1-424b-9868-57a2d4851a1d" relativeResultsDirectory="a668221b-78be-464a-80e4-1d15a0b12ac3" />
    <UnitTestResult executionId="45c42652-a94a-4f43-a8b2-30790a633196" testId="32ed581d-f571-3624-da35-f00c90a9aaf0" testName="Should_search_interaction_command(&quot;Command7&quot;,&quot;CommandMethod7Async&quot;)" computerName="BRAM-DESKTOP" duration="00:00:00.0001990" startTime="2025-02-11T17:41:51.5806219+01:00" endTime="2025-02-11T17:41:51.5808206+01:00" testType="13cdc9d9-ddb5-4fa4-a97d-d965ccfc6d4b" outcome="Passed" testListId="8c84fa94-04c1-424b-9868-57a2d4851a1d" relativeResultsDirectory="45c42652-a94a-4f43-a8b2-30790a633196" />
    <UnitTestResult executionId="de1862e4-0e6d-4239-8d6e-09f52a5b09c3" testId="7a5551ec-607e-a6d1-6235-a7c051f9e042" testName="Should_execute_interaction_command_with_dependency(&quot;Command10&quot;)" computerName="BRAM-DESKTOP" duration="00:00:00.0059950" startTime="2025-02-11T17:41:51.5638893+01:00" endTime="2025-02-11T17:41:51.5698843+01:00" testType="13cdc9d9-ddb5-4fa4-a97d-d965ccfc6d4b" outcome="Passed" testListId="8c84fa94-04c1-424b-9868-57a2d4851a1d" relativeResultsDirectory="de1862e4-0e6d-4239-8d6e-09f52a5b09c3" />
    <UnitTestResult executionId="cb17213b-9d1a-4c24-9a7e-4668176c929f" testId="d2a081c9-17f7-7a1b-48ac-4b4c3e193261" testName="Should_not_detect_any_new_commands" computerName="BRAM-DESKTOP" duration="00:00:00.0008430" startTime="2025-02-11T17:41:51.4638190+01:00" endTime="2025-02-11T17:41:51.4646619+01:00" testType="13cdc9d9-ddb5-4fa4-a97d-d965ccfc6d4b" outcome="Passed" testListId="8c84fa94-04c1-424b-9868-57a2d4851a1d" relativeResultsDirectory="cb17213b-9d1a-4c24-9a7e-4668176c929f" />
    <UnitTestResult executionId="78a83333-3161-413b-85e5-6eb5c8d55c07" testId="4d5a0435-b2e3-8cfa-da25-90cbefc3d9a7" testName="Should_detect_new_rate_limit" computerName="BRAM-DESKTOP" duration="00:00:00.0013570" startTime="2025-02-11T17:41:51.4489236+01:00" endTime="2025-02-11T17:41:51.4502808+01:00" testType="13cdc9d9-ddb5-4fa4-a97d-d965ccfc6d4b" outcome="Passed" testListId="8c84fa94-04c1-424b-9868-57a2d4851a1d" relativeResultsDirectory="78a83333-3161-413b-85e5-6eb5c8d55c07" />
    <UnitTestResult executionId="9b07c7db-e43d-4408-930b-cba28e69fc62" testId="ef81eb86-8c91-9c25-c561-c10129f22085" testName="Should_execute_interaction_command_with_dependency(&quot;Command13&quot;)" computerName="BRAM-DESKTOP" duration="00:00:00.0006720" startTime="2025-02-11T17:41:51.5721485+01:00" endTime="2025-02-11T17:41:51.5728203+01:00" testType="13cdc9d9-ddb5-4fa4-a97d-d965ccfc6d4b" outcome="Passed" testListId="8c84fa94-04c1-424b-9868-57a2d4851a1d" relativeResultsDirectory="9b07c7db-e43d-4408-930b-cba28e69fc62" />
    <UnitTestResult executionId="924162cd-1699-4beb-94b7-6bfa8d69175d" testId="649e0516-c9a0-4f09-ff06-aab21658dfe9" testName="Should_detect_rate_limit((RateLimitInfo { Remaining = 3, Expiration = 11-2-2025 16:42:11 +00:00 }, False))" computerName="BRAM-DESKTOP" duration="00:00:00.0002300" startTime="2025-02-11T17:41:51.4510053+01:00" endTime="2025-02-11T17:41:51.4512349+01:00" testType="13cdc9d9-ddb5-4fa4-a97d-d965ccfc6d4b" outcome="Passed" testListId="8c84fa94-04c1-424b-9868-57a2d4851a1d" relativeResultsDirectory="924162cd-1699-4beb-94b7-6bfa8d69175d" />
    <UnitTestResult executionId="e4bc9f71-6707-49e7-bf43-23cd59d736ce" testId="c810ff45-8ca7-6281-a2d5-50cef0ce520c" testName="Should_execute_interaction_command_with_role_option(&quot;role&quot;,&quot;Command19&quot;)" computerName="BRAM-DESKTOP" duration="00:00:00.0027390" startTime="2025-02-11T17:41:51.5759977+01:00" endTime="2025-02-11T17:41:51.5787367+01:00" testType="13cdc9d9-ddb5-4fa4-a97d-d965ccfc6d4b" outcome="Passed" testListId="8c84fa94-04c1-424b-9868-57a2d4851a1d" relativeResultsDirectory="e4bc9f71-6707-49e7-bf43-23cd59d736ce" />
    <UnitTestResult executionId="87ff360d-368a-413f-a7cf-58e1d013f5c0" testId="d46c707b-7707-8356-4311-1c0df946c8a2" testName="Should_search_interaction_command(&quot;Command6&quot;,&quot;CommandMethod6Async&quot;)" computerName="BRAM-DESKTOP" duration="00:00:00.0002010" startTime="2025-02-11T17:41:51.5804101+01:00" endTime="2025-02-11T17:41:51.5806114+01:00" testType="13cdc9d9-ddb5-4fa4-a97d-d965ccfc6d4b" outcome="Passed" testListId="8c84fa94-04c1-424b-9868-57a2d4851a1d" relativeResultsDirectory="87ff360d-368a-413f-a7cf-58e1d013f5c0" />
    <UnitTestResult executionId="f48ba923-a72c-4b93-a791-2a67c0f2b52a" testId="b6b202ec-8c12-6989-7088-61bd6b776d83" testName="Should_execute_top_level_command_with_no_pipelines" computerName="BRAM-DESKTOP" duration="00:00:00.0082840" startTime="2025-02-11T17:41:51.5250846+01:00" endTime="2025-02-11T17:41:51.5333682+01:00" testType="13cdc9d9-ddb5-4fa4-a97d-d965ccfc6d4b" outcome="Passed" testListId="8c84fa94-04c1-424b-9868-57a2d4851a1d" relativeResultsDirectory="f48ba923-a72c-4b93-a791-2a67c0f2b52a" />
    <UnitTestResult executionId="decba3c0-ac88-4b3b-ba5d-58c7ea4a723f" testId="4c3d47b0-f29b-be32-591b-8398cee5bd1b" testName="Should_detect_deleted_options" computerName="BRAM-DESKTOP" duration="00:00:00.0055940" startTime="2025-02-11T17:41:51.4518688+01:00" endTime="2025-02-11T17:41:51.4574628+01:00" testType="13cdc9d9-ddb5-4fa4-a97d-d965ccfc6d4b" outcome="Passed" testListId="8c84fa94-04c1-424b-9868-57a2d4851a1d" relativeResultsDirectory="decba3c0-ac88-4b3b-ba5d-58c7ea4a723f" />
    <UnitTestResult executionId="ed4b31da-404f-46c7-9187-462569d05ff0" testId="1073ea13-91d3-f541-1686-e973a318382d" testName="Should_detect_rate_limit((RateLimitInfo { Remaining = 4, Expiration = 11-2-2025 16:42:11 +00:00 }, False))" computerName="BRAM-DESKTOP" duration="00:00:00.0029979" startTime="2025-02-11T17:41:51.4303793+01:00" endTime="2025-02-11T17:41:51.4333771+01:00" testType="13cdc9d9-ddb5-4fa4-a97d-d965ccfc6d4b" outcome="Passed" testListId="8c84fa94-04c1-424b-9868-57a2d4851a1d" relativeResultsDirectory="ed4b31da-404f-46c7-9187-462569d05ff0" />
    <UnitTestResult executionId="e7bec3c2-5759-4eb8-b496-960463d753f0" testId="dc3558e4-86f9-cca6-5c05-cf2add8d7d7f" testName="Should_detect_new_options_with_desc" computerName="BRAM-DESKTOP" duration="00:00:00.0003579" startTime="2025-02-11T17:41:51.4610101+01:00" endTime="2025-02-11T17:41:51.4613682+01:00" testType="13cdc9d9-ddb5-4fa4-a97d-d965ccfc6d4b" outcome="Passed" testListId="8c84fa94-04c1-424b-9868-57a2d4851a1d" relativeResultsDirectory="e7bec3c2-5759-4eb8-b496-960463d753f0" />
    <UnitTestResult executionId="bb556913-cf74-40e0-8811-aed3962accde" testId="816e88d0-3b7a-a64b-df5b-cd92481517b2" testName="Should_execute_interaction_command_with_dependency(&quot;Command12&quot;)" computerName="BRAM-DESKTOP" duration="00:00:00.0006970" startTime="2025-02-11T17:41:51.5714368+01:00" endTime="2025-02-11T17:41:51.5721338+01:00" testType="13cdc9d9-ddb5-4fa4-a97d-d965ccfc6d4b" outcome="Passed" testListId="8c84fa94-04c1-424b-9868-57a2d4851a1d" relativeResultsDirectory="bb556913-cf74-40e0-8811-aed3962accde" />
    <UnitTestResult executionId="1b1abd15-acb9-4c45-8ddc-7d40d7f9ca96" testId="2df63b08-bf77-bb70-f2ab-903cafab3072" testName="Should_get_one_requirementAttribute_from_CommandMethod14" computerName="BRAM-DESKTOP" duration="00:00:00.0023730" startTime="2025-02-11T17:41:51.4966172+01:00" endTime="2025-02-11T17:41:51.4989895+01:00" testType="13cdc9d9-ddb5-4fa4-a97d-d965ccfc6d4b" outcome="Passed" testListId="8c84fa94-04c1-424b-9868-57a2d4851a1d" relativeResultsDirectory="1b1abd15-acb9-4c45-8ddc-7d40d7f9ca96" />
    <UnitTestResult executionId="6404fc1b-b476-4999-9221-10083f7bb0d3" testId="a091bfe9-fdc5-dfdc-fce9-a3471faa9417" testName="Should_detect_rate_limit((RateLimitInfo { Remaining = 1, Expiration = 11-2-2025 16:42:11 +00:00 }, False))" computerName="BRAM-DESKTOP" duration="00:00:00.0001360" startTime="2025-02-11T17:41:51.4513917+01:00" endTime="2025-02-11T17:41:51.4515277+01:00" testType="13cdc9d9-ddb5-4fa4-a97d-d965ccfc6d4b" outcome="Passed" testListId="8c84fa94-04c1-424b-9868-57a2d4851a1d" relativeResultsDirectory="6404fc1b-b476-4999-9221-10083f7bb0d3" />
    <UnitTestResult executionId="e3e13956-f51d-4663-bed4-d47fc4a39d7e" testId="e0fe73bb-7dac-524e-09be-e6c7572eb1b5" testName="Should_detect_new_command_with_name" computerName="BRAM-DESKTOP" duration="00:00:00.0001710" startTime="2025-02-11T17:41:51.4603653+01:00" endTime="2025-02-11T17:41:51.4605364+01:00" testType="13cdc9d9-ddb5-4fa4-a97d-d965ccfc6d4b" outcome="Passed" testListId="8c84fa94-04c1-424b-9868-57a2d4851a1d" relativeResultsDirectory="e3e13956-f51d-4663-bed4-d47fc4a39d7e" />
    <UnitTestResult executionId="677e7ca3-9e54-45ba-97bd-dd22d6bd5ab8" testId="58f1983d-c458-15a5-4cec-34557786fa9c" testName="Should_search_interaction_command(&quot;Command1&quot;,&quot;CommandMethod1Async&quot;)" computerName="BRAM-DESKTOP" duration="00:00:00.0006300" startTime="2025-02-11T17:41:51.5787720+01:00" endTime="2025-02-11T17:41:51.5794014+01:00" testType="13cdc9d9-ddb5-4fa4-a97d-d965ccfc6d4b" outcome="Passed" testListId="8c84fa94-04c1-424b-9868-57a2d4851a1d" relativeResultsDirectory="677e7ca3-9e54-45ba-97bd-dd22d6bd5ab8" />
    <UnitTestResult executionId="2401899c-c2fb-4502-b04a-2a787eeeef47" testId="64676e89-ee48-8e80-fca9-4eb9fdd578f8" testName="Should_execute_interaction_command_with_dependency(&quot;Command11&quot;)" computerName="BRAM-DESKTOP" duration="00:00:00.0015200" startTime="2025-02-11T17:41:51.5699016+01:00" endTime="2025-02-11T17:41:51.5714211+01:00" testType="13cdc9d9-ddb5-4fa4-a97d-d965ccfc6d4b" outcome="Passed" testListId="8c84fa94-04c1-424b-9868-57a2d4851a1d" relativeResultsDirectory="2401899c-c2fb-4502-b04a-2a787eeeef47" />
    <UnitTestResult executionId="5e22d4e2-bd7b-4b26-ab72-cd4bd3866741" testId="8cdd8438-0a46-7bb8-9bba-7a9df1b0c44e" testName="Should_detect_new_rate_limit" computerName="BRAM-DESKTOP" duration="00:00:00.0718770" startTime="2025-02-11T17:41:51.3576190+01:00" endTime="2025-02-11T17:41:51.4294498+01:00" testType="13cdc9d9-ddb5-4fa4-a97d-d965ccfc6d4b" outcome="Passed" testListId="8c84fa94-04c1-424b-9868-57a2d4851a1d" relativeResultsDirectory="5e22d4e2-bd7b-4b26-ab72-cd4bd3866741" />
    <UnitTestResult executionId="d355a7aa-459b-4d26-9e35-35a4d04ef048" testId="39c89e4b-7501-d255-495a-fa33d4cde955" testName="GetCommandOptions_should_get_2_options_with_choices" computerName="BRAM-DESKTOP" duration="00:00:00.0014150" startTime="2025-02-11T17:41:51.4950887+01:00" endTime="2025-02-11T17:41:51.4965035+01:00" testType="13cdc9d9-ddb5-4fa4-a97d-d965ccfc6d4b" outcome="Passed" testListId="8c84fa94-04c1-424b-9868-57a2d4851a1d" relativeResultsDirectory="d355a7aa-459b-4d26-9e35-35a4d04ef048" />
    <UnitTestResult executionId="e20dcade-217e-46ca-add2-6475f98cfda3" testId="d2f1b79f-1f8c-279b-1079-cca41e69daca" testName="Should_detect_new_options_with_name" computerName="BRAM-DESKTOP" duration="00:00:00.0002900" startTime="2025-02-11T17:41:51.4617126+01:00" endTime="2025-02-11T17:41:51.4620029+01:00" testType="13cdc9d9-ddb5-4fa4-a97d-d965ccfc6d4b" outcome="Passed" testListId="8c84fa94-04c1-424b-9868-57a2d4851a1d" relativeResultsDirectory="e20dcade-217e-46ca-add2-6475f98cfda3" />
    <UnitTestResult executionId="ce683c5c-262c-458d-8a85-8f45bb70c001" testId="08512379-0824-257b-6f32-6015260b5011" testName="Should_get_interaction_command_modules" computerName="BRAM-DESKTOP" duration="00:00:00.0008090" startTime="2025-02-11T17:41:51.4713476+01:00" endTime="2025-02-11T17:41:51.4721565+01:00" testType="13cdc9d9-ddb5-4fa4-a97d-d965ccfc6d4b" outcome="Passed" testListId="8c84fa94-04c1-424b-9868-57a2d4851a1d" relativeResultsDirectory="ce683c5c-262c-458d-8a85-8f45bb70c001" />
    <UnitTestResult executionId="dedc989c-aac7-4892-b0c0-4ef6a52c8dfb" testId="17aabff3-c473-91bb-67b2-f6f392337a7a" testName="Should_search_interaction_command(&quot;Command3&quot;,&quot;CommandMethod3Async&quot;)" computerName="BRAM-DESKTOP" duration="00:00:00.0002110" startTime="2025-02-11T17:41:51.5797594+01:00" endTime="2025-02-11T17:41:51.5799698+01:00" testType="13cdc9d9-ddb5-4fa4-a97d-d965ccfc6d4b" outcome="Passed" testListId="8c84fa94-04c1-424b-9868-57a2d4851a1d" relativeResultsDirectory="dedc989c-aac7-4892-b0c0-4ef6a52c8dfb" />
    <UnitTestResult executionId="19091ee5-39c6-4ca9-93a3-5009d9a6587a" testId="309e24ff-1f0f-74ea-8e4f-7aa64a942781" testName="ExecuteSlashCommandRequirementsAsync_should_get_one_error(1,False)" computerName="BRAM-DESKTOP" duration="00:00:00.0003730" startTime="2025-02-11T17:41:51.5496597+01:00" endTime="2025-02-11T17:41:51.5500328+01:00" testType="13cdc9d9-ddb5-4fa4-a97d-d965ccfc6d4b" outcome="Passed" testListId="8c84fa94-04c1-424b-9868-57a2d4851a1d" relativeResultsDirectory="19091ee5-39c6-4ca9-93a3-5009d9a6587a" />
    <UnitTestResult executionId="1fb9c38d-279c-4a75-a6cc-f469ed5c8eae" testId="01bd6f8e-2080-f785-3415-db0c745da931" testName="Should_not_get_interaction_commands" computerName="BRAM-DESKTOP" duration="00:00:00.0002910" startTime="2025-02-11T17:41:51.4824166+01:00" endTime="2025-02-11T17:41:51.4827077+01:00" testType="13cdc9d9-ddb5-4fa4-a97d-d965ccfc6d4b" outcome="Passed" testListId="8c84fa94-04c1-424b-9868-57a2d4851a1d" relativeResultsDirectory="1fb9c38d-279c-4a75-a6cc-f469ed5c8eae" />
    <UnitTestResult executionId="a9c7ed80-ecd7-4a3e-9813-e7e3c71f7818" testId="cbff9a8e-52a5-0cbf-9cac-78f57af80009" testName="Should_detect_rate_limit((RateLimitInfo { Remaining = 2, Expiration = 11-2-2025 16:42:11 +00:00 }, False))" computerName="BRAM-DESKTOP" duration="00:00:00.0001420" startTime="2025-02-11T17:41:51.4512425+01:00" endTime="2025-02-11T17:41:51.4513844+01:00" testType="13cdc9d9-ddb5-4fa4-a97d-d965ccfc6d4b" outcome="Passed" testListId="8c84fa94-04c1-424b-9868-57a2d4851a1d" relativeResultsDirectory="a9c7ed80-ecd7-4a3e-9813-e7e3c71f7818" />
    <UnitTestResult executionId="f05d78c8-98b7-4c7c-90c0-36fa3687e2cc" testId="61fdc609-8b49-59d7-c516-330070fa63da" testName="Should_detect_new_options" computerName="BRAM-DESKTOP" duration="00:00:00.0002620" startTime="2025-02-11T17:41:51.4607408+01:00" endTime="2025-02-11T17:41:51.4610022+01:00" testType="13cdc9d9-ddb5-4fa4-a97d-d965ccfc6d4b" outcome="Passed" testListId="8c84fa94-04c1-424b-9868-57a2d4851a1d" relativeResultsDirectory="f05d78c8-98b7-4c7c-90c0-36fa3687e2cc" />
    <UnitTestResult executionId="d95bdd6d-8f37-4dd2-ab89-77b997c2784f" testId="4104438a-1c90-4e07-347a-35ff9a9d6141" testName="Should_not_pass_user_permission_requirement" computerName="BRAM-DESKTOP" duration="00:00:00.0034540" startTime="2025-02-11T17:41:51.4446776+01:00" endTime="2025-02-11T17:41:51.4481315+01:00" testType="13cdc9d9-ddb5-4fa4-a97d-d965ccfc6d4b" outcome="Passed" testListId="8c84fa94-04c1-424b-9868-57a2d4851a1d" relativeResultsDirectory="d95bdd6d-8f37-4dd2-ab89-77b997c2784f" />
    <UnitTestResult executionId="949a4175-c565-4e82-a418-a1a9e00dbe39" testId="b5099bba-7167-3a4d-c0ea-08f28a25eb50" testName="Should_detect_new_choices" computerName="BRAM-DESKTOP" duration="00:00:00.0025130" startTime="2025-02-11T17:41:51.4574727+01:00" endTime="2025-02-11T17:41:51.4599860+01:00" testType="13cdc9d9-ddb5-4fa4-a97d-d965ccfc6d4b" outcome="Passed" testListId="8c84fa94-04c1-424b-9868-57a2d4851a1d" relativeResultsDirectory="949a4175-c565-4e82-a418-a1a9e00dbe39" />
    <UnitTestResult executionId="d7a61787-320a-465c-8d66-1249a5f89896" testId="3205a7aa-6e2d-91c2-6701-b29b90336da3" testName="Should_pass_user_permission_requirement" computerName="BRAM-DESKTOP" duration="00:00:00.0003570" startTime="2025-02-11T17:41:51.4484779+01:00" endTime="2025-02-11T17:41:51.4488346+01:00" testType="13cdc9d9-ddb5-4fa4-a97d-d965ccfc6d4b" outcome="Passed" testListId="8c84fa94-04c1-424b-9868-57a2d4851a1d" relativeResultsDirectory="d7a61787-320a-465c-8d66-1249a5f89896" />
    <UnitTestResult executionId="973dc54e-134f-4c80-943b-19be730d7ee4" testId="99426d9c-b4a4-adae-fbba-b01a3b99793d" testName="Should_execute_and_fail_interaction_command(&quot;CommandWithError2&quot;,&quot;Command error 2&quot;)" computerName="BRAM-DESKTOP" duration="00:00:00.0009810" startTime="2025-02-11T17:41:51.5582819+01:00" endTime="2025-02-11T17:41:51.5592627+01:00" testType="13cdc9d9-ddb5-4fa4-a97d-d965ccfc6d4b" outcome="Passed" testListId="8c84fa94-04c1-424b-9868-57a2d4851a1d" relativeResultsDirectory="973dc54e-134f-4c80-943b-19be730d7ee4" />
    <UnitTestResult executionId="3bac207c-d59b-4b11-bedc-5673b2434c72" testId="7334de13-7b67-fef3-dfce-cfd709be21da" testName="Should_throw_when_no_data" computerName="BRAM-DESKTOP" duration="00:00:00.0042890" startTime="2025-02-11T17:41:51.5401418+01:00" endTime="2025-02-11T17:41:51.5444299+01:00" testType="13cdc9d9-ddb5-4fa4-a97d-d965ccfc6d4b" outcome="Passed" testListId="8c84fa94-04c1-424b-9868-57a2d4851a1d" relativeResultsDirectory="3bac207c-d59b-4b11-bedc-5673b2434c72" />
    <UnitTestResult executionId="90d25074-7738-486a-a044-d812d6d60513" testId="1a40f497-48fe-ec06-7235-a632a5f1f713" testName="Should_execute_and_fail_interaction_command(&quot;CommandWithError1&quot;,&quot;Command error 1&quot;)" computerName="BRAM-DESKTOP" duration="00:00:00.0079450" startTime="2025-02-11T17:41:51.5503168+01:00" endTime="2025-02-11T17:41:51.5582609+01:00" testType="13cdc9d9-ddb5-4fa4-a97d-d965ccfc6d4b" outcome="Passed" testListId="8c84fa94-04c1-424b-9868-57a2d4851a1d" relativeResultsDirectory="90d25074-7738-486a-a044-d812d6d60513" />
    <UnitTestResult executionId="c020f750-0540-44b8-b227-63f9d73e5486" testId="89de4e0b-5d5c-6fa9-e177-03b2c3ee39e6" testName="Should_execute_top_level_command_with_resolved_and_pipelines" computerName="BRAM-DESKTOP" duration="00:00:00.0053630" startTime="2025-02-11T17:41:51.5347596+01:00" endTime="2025-02-11T17:41:51.5401219+01:00" testType="13cdc9d9-ddb5-4fa4-a97d-d965ccfc6d4b" outcome="Passed" testListId="8c84fa94-04c1-424b-9868-57a2d4851a1d" relativeResultsDirectory="c020f750-0540-44b8-b227-63f9d73e5486" />
    <UnitTestResult executionId="8b1718bb-13e1-48a6-804e-eb3a8e9d3813" testId="e9135310-11c2-d624-25ea-86a177249392" testName="Should_detect_rate_limit((RateLimitInfo { Remaining = 3, Expiration = 11-2-2025 16:42:11 +00:00 }, False))" computerName="BRAM-DESKTOP" duration="00:00:00.0004400" startTime="2025-02-11T17:41:51.4333957+01:00" endTime="2025-02-11T17:41:51.4338355+01:00" testType="13cdc9d9-ddb5-4fa4-a97d-d965ccfc6d4b" outcome="Passed" testListId="8c84fa94-04c1-424b-9868-57a2d4851a1d" relativeResultsDirectory="8b1718bb-13e1-48a6-804e-eb3a8e9d3813" />
    <UnitTestResult executionId="96e7cd36-4e70-4951-91cd-4504c00b288f" testId="39522ab1-1a96-e2dd-41a6-8cd0face061a" testName="Should_detect_new_options_with_new_choice_value" computerName="BRAM-DESKTOP" duration="00:00:00.0002950" startTime="2025-02-11T17:41:51.4631609+01:00" endTime="2025-02-11T17:41:51.4634553+01:00" testType="13cdc9d9-ddb5-4fa4-a97d-d965ccfc6d4b" outcome="Passed" testListId="8c84fa94-04c1-424b-9868-57a2d4851a1d" relativeResultsDirectory="96e7cd36-4e70-4951-91cd-4504c00b288f" />
    <UnitTestResult executionId="e7a6389d-8d34-4884-a037-5e4098125f47" testId="34a9418f-0768-4842-fc06-dce4a3a4a64b" testName="ExecuteSlashCommandRequirementsAsync_should_get_one_error(0,True)" computerName="BRAM-DESKTOP" duration="00:00:00.0050860" startTime="2025-02-11T17:41:51.5445559+01:00" endTime="2025-02-11T17:41:51.5496416+01:00" testType="13cdc9d9-ddb5-4fa4-a97d-d965ccfc6d4b" outcome="Passed" testListId="8c84fa94-04c1-424b-9868-57a2d4851a1d" relativeResultsDirectory="e7a6389d-8d34-4884-a037-5e4098125f47" />
    <UnitTestResult executionId="99ee76dc-64ea-4c06-9d0a-0fb5add3e29e" testId="792ad755-d09d-6c12-d187-f36cd60a001c" testName="Should_not_pass_guild_requirement" computerName="BRAM-DESKTOP" duration="00:00:00.0004820" startTime="2025-02-11T17:41:51.4437834+01:00" endTime="2025-02-11T17:41:51.4442650+01:00" testType="13cdc9d9-ddb5-4fa4-a97d-d965ccfc6d4b" outcome="Passed" testListId="8c84fa94-04c1-424b-9868-57a2d4851a1d" relativeResultsDirectory="99ee76dc-64ea-4c06-9d0a-0fb5add3e29e" />
    <UnitTestResult executionId="ae3bced1-3d43-45c0-982b-76a34292763c" testId="8b91c9e3-c6bd-fe26-6af5-924f327070f8" testName="Should_detect_rate_limit((RateLimitInfo { Remaining = 4, Expiration = 11-2-2025 16:42:11 +00:00 }, False))" computerName="BRAM-DESKTOP" duration="00:00:00.0006970" startTime="2025-02-11T17:41:51.4503010+01:00" endTime="2025-02-11T17:41:51.4509974+01:00" testType="13cdc9d9-ddb5-4fa4-a97d-d965ccfc6d4b" outcome="Passed" testListId="8c84fa94-04c1-424b-9868-57a2d4851a1d" relativeResultsDirectory="ae3bced1-3d43-45c0-982b-76a34292763c" />
    <UnitTestResult executionId="539c4c25-dfe7-4994-b25f-a7c5795f7987" testId="1a16d813-46dc-9c0b-988f-9ba3a769e595" testName="Should_search_interaction_command_with_requirement(&quot;Command16&quot;,&quot;CommandMethod16Async&quot;,8)" computerName="BRAM-DESKTOP" duration="00:00:00.0002620" startTime="2025-02-11T17:41:51.5827062+01:00" endTime="2025-02-11T17:41:51.5829684+01:00" testType="13cdc9d9-ddb5-4fa4-a97d-d965ccfc6d4b" outcome="Passed" testListId="8c84fa94-04c1-424b-9868-57a2d4851a1d" relativeResultsDirectory="539c4c25-dfe7-4994-b25f-a7c5795f7987" />
    <UnitTestResult executionId="9a25f062-4334-487d-826a-4627c980c9fe" testId="1c5b4c6d-ea2f-4dd1-176e-81c4cbf930d7" testName="Should_detect_new_options_with_IsRequired" computerName="BRAM-DESKTOP" duration="00:00:00.0003300" startTime="2025-02-11T17:41:51.4613756+01:00" endTime="2025-02-11T17:41:51.4617052+01:00" testType="13cdc9d9-ddb5-4fa4-a97d-d965ccfc6d4b" outcome="Passed" testListId="8c84fa94-04c1-424b-9868-57a2d4851a1d" relativeResultsDirectory="9a25f062-4334-487d-826a-4627c980c9fe" />
    <UnitTestResult executionId="fc088237-9bb5-4b1a-a4b7-34133bdcc6fc" testId="9b3354ad-7924-4fa5-2f48-32450f47279c" testName="Should_detect_rate_limit((RateLimitInfo { Remaining = 1, Expiration = 11-2-2025 16:42:11 +00:00 }, False))" computerName="BRAM-DESKTOP" duration="00:00:00.0001610" startTime="2025-02-11T17:41:51.4340864+01:00" endTime="2025-02-11T17:41:51.4342475+01:00" testType="13cdc9d9-ddb5-4fa4-a97d-d965ccfc6d4b" outcome="Passed" testListId="8c84fa94-04c1-424b-9868-57a2d4851a1d" relativeResultsDirectory="fc088237-9bb5-4b1a-a4b7-34133bdcc6fc" />
    <UnitTestResult executionId="32bd83ad-ab00-4fd0-9c14-00486017bf38" testId="c09a5d40-ce71-5c12-1c98-36669c1c2d6c" testName="Should_execute_interaction_command(&quot;add&quot;,&quot;role&quot;,&quot;Command18&quot;)" computerName="BRAM-DESKTOP" duration="00:00:00.0045500" startTime="2025-02-11T17:41:51.5593003+01:00" endTime="2025-02-11T17:41:51.5638499+01:00" testType="13cdc9d9-ddb5-4fa4-a97d-d965ccfc6d4b" outcome="Passed" testListId="8c84fa94-04c1-424b-9868-57a2d4851a1d" relativeResultsDirectory="32bd83ad-ab00-4fd0-9c14-00486017bf38" />
    <UnitTestResult executionId="453e393f-824e-43ff-9684-24ef6707cc59" testId="aeb73e4d-d1e1-204d-6af4-49c3da6dfce9" testName="Should_not_pass_user_permission_requirement_dm" computerName="BRAM-DESKTOP" duration="00:00:00.0003450" startTime="2025-02-11T17:41:51.4411630+01:00" endTime="2025-02-11T17:41:51.4415083+01:00" testType="13cdc9d9-ddb5-4fa4-a97d-d965ccfc6d4b" outcome="Passed" testListId="8c84fa94-04c1-424b-9868-57a2d4851a1d" relativeResultsDirectory="453e393f-824e-43ff-9684-24ef6707cc59" />
    <UnitTestResult executionId="71e20a28-f844-45b2-adf2-fb82a8a0cd7d" testId="ddc4ab82-29ce-3619-5d23-57e86a453d4f" testName="Should_search_interaction_command(&quot;Command2&quot;,&quot;CommandMethod2Async&quot;)" computerName="BRAM-DESKTOP" duration="00:00:00.0003300" startTime="2025-02-11T17:41:51.5794155+01:00" endTime="2025-02-11T17:41:51.5797450+01:00" testType="13cdc9d9-ddb5-4fa4-a97d-d965ccfc6d4b" outcome="Passed" testListId="8c84fa94-04c1-424b-9868-57a2d4851a1d" relativeResultsDirectory="71e20a28-f844-45b2-adf2-fb82a8a0cd7d" />
    <UnitTestResult executionId="bd0d750a-905c-412e-8ccb-615cec0227ee" testId="6588c81f-db70-2510-5ff6-a1fecdad587e" testName="Should_pass_guild_requirement" computerName="BRAM-DESKTOP" duration="00:00:00.0003300" startTime="2025-02-11T17:41:51.4442730+01:00" endTime="2025-02-11T17:41:51.4446032+01:00" testType="13cdc9d9-ddb5-4fa4-a97d-d965ccfc6d4b" outcome="Passed" testListId="8c84fa94-04c1-424b-9868-57a2d4851a1d" relativeResultsDirectory="bd0d750a-905c-412e-8ccb-615cec0227ee" />
    <UnitTestResult executionId="45f2347c-f03e-4e3e-ad9b-d4bcde5be7a3" testId="45cc7a10-45b4-d841-a166-936ca5f475f1" testName="Should_execute_interaction_command_with_requirement(&quot;Command14&quot;)" computerName="BRAM-DESKTOP" duration="00:00:00.0010610" startTime="2025-02-11T17:41:51.5728539+01:00" endTime="2025-02-11T17:41:51.5739142+01:00" testType="13cdc9d9-ddb5-4fa4-a97d-d965ccfc6d4b" outcome="Passed" testListId="8c84fa94-04c1-424b-9868-57a2d4851a1d" relativeResultsDirectory="45f2347c-f03e-4e3e-ad9b-d4bcde5be7a3" />
    <UnitTestResult executionId="edb70907-ca58-4f50-bc51-f8dc33854b55" testId="4438e848-6f28-99b2-cb82-79330565681b" testName="Should_not_pass_user_permission_requirement(MentionEveryone,ManageEmojisAndStickers)" computerName="BRAM-DESKTOP" duration="00:00:00.0000230" startTime="2025-02-11T17:41:51.4411049+01:00" endTime="2025-02-11T17:41:51.4411283+01:00" testType="13cdc9d9-ddb5-4fa4-a97d-d965ccfc6d4b" outcome="Passed" testListId="8c84fa94-04c1-424b-9868-57a2d4851a1d" relativeResultsDirectory="edb70907-ca58-4f50-bc51-f8dc33854b55" />
    <UnitTestResult executionId="bd9d85a0-a0c3-4ff7-b10e-f79d23c301ac" testId="9a5129a5-9db3-d361-1652-5c0a212c0738" testName="Should_detect_rate_limit((RateLimitInfo { Remaining = 0, Expiration = 11-2-2025 16:42:11 +00:00 }, True))" computerName="BRAM-DESKTOP" duration="00:00:00.0004150" startTime="2025-02-11T17:41:51.4342555+01:00" endTime="2025-02-11T17:41:51.4346703+01:00" testType="13cdc9d9-ddb5-4fa4-a97d-d965ccfc6d4b" outcome="Passed" testListId="8c84fa94-04c1-424b-9868-57a2d4851a1d" relativeResultsDirectory="bd9d85a0-a0c3-4ff7-b10e-f79d23c301ac" />
    <UnitTestResult executionId="5bcfb46a-aef7-4dec-8596-b0c2e1bc076a" testId="e02447f3-9939-4ca8-f1ab-e39c5d20d58b" testName="Should_detect_rate_limit((RateLimitInfo { Remaining = 2, Expiration = 11-2-2025 16:42:11 +00:00 }, False))" computerName="BRAM-DESKTOP" duration="00:00:00.0002290" startTime="2025-02-11T17:41:51.4338489+01:00" endTime="2025-02-11T17:41:51.4340779+01:00" testType="13cdc9d9-ddb5-4fa4-a97d-d965ccfc6d4b" outcome="Passed" testListId="8c84fa94-04c1-424b-9868-57a2d4851a1d" relativeResultsDirectory="5bcfb46a-aef7-4dec-8596-b0c2e1bc076a" />
    <UnitTestResult executionId="80b4b54a-8897-4cce-8aea-b87a626aedc7" testId="3a34bfcf-6891-5878-8a04-6cd8a744fa31" testName="Should_execute_sub_command_with_pipelines" computerName="BRAM-DESKTOP" duration="00:00:00.0232230" startTime="2025-02-11T17:41:51.4995680+01:00" endTime="2025-02-11T17:41:51.5227905+01:00" testType="13cdc9d9-ddb5-4fa4-a97d-d965ccfc6d4b" outcome="Passed" testListId="8c84fa94-04c1-424b-9868-57a2d4851a1d" relativeResultsDirectory="80b4b54a-8897-4cce-8aea-b87a626aedc7" />
    <UnitTestResult executionId="3390a210-4a46-47ae-bc42-f9d58976dcf5" testId="47c167e1-f7ae-1384-c21b-0be264c3e920" testName="Should_search_interaction_command_with_requirement(&quot;Command14&quot;,&quot;CommandMethod14Async&quot;,7)" computerName="BRAM-DESKTOP" duration="00:00:00.0006860" startTime="2025-02-11T17:41:51.5815973+01:00" endTime="2025-02-11T17:41:51.5822833+01:00" testType="13cdc9d9-ddb5-4fa4-a97d-d965ccfc6d4b" outcome="Passed" testListId="8c84fa94-04c1-424b-9868-57a2d4851a1d" relativeResultsDirectory="3390a210-4a46-47ae-bc42-f9d58976dcf5" />
    <UnitTestResult executionId="3a4bb4d8-2dd8-458b-b9fb-c4d1a22426a3" testId="d4a859f3-878a-cf4f-45a8-c6eba3f447aa" testName="Should_detect_new_command_with_desc" computerName="BRAM-DESKTOP" duration="00:00:00.0001670" startTime="2025-02-11T17:41:51.4601916+01:00" endTime="2025-02-11T17:41:51.4603582+01:00" testType="13cdc9d9-ddb5-4fa4-a97d-d965ccfc6d4b" outcome="Passed" testListId="8c84fa94-04c1-424b-9868-57a2d4851a1d" relativeResultsDirectory="3a4bb4d8-2dd8-458b-b9fb-c4d1a22426a3" />
    <UnitTestResult executionId="13a50848-b411-4d01-b8fb-263f72af211d" testId="81e19dd4-37db-24f3-a863-80fface3492b" testName="Should_ignore_dm" computerName="BRAM-DESKTOP" duration="00:00:00.0007150" startTime="2025-02-11T17:41:51.4356547+01:00" endTime="2025-02-11T17:41:51.4363700+01:00" testType="13cdc9d9-ddb5-4fa4-a97d-d965ccfc6d4b" outcome="Passed" testListId="8c84fa94-04c1-424b-9868-57a2d4851a1d" relativeResultsDirectory="13a50848-b411-4d01-b8fb-263f72af211d" />
    <UnitTestResult executionId="d754850c-1ffe-4570-b534-f63d7545fd65" testId="9df420c7-44fe-dc3e-da28-2ac8f90439ff" testName="GetCommandRequirements_should_get_2_guildAttributes_with_values" computerName="BRAM-DESKTOP" duration="00:00:00.0011540" startTime="2025-02-11T17:41:51.4848812+01:00" endTime="2025-02-11T17:41:51.4860349+01:00" testType="13cdc9d9-ddb5-4fa4-a97d-d965ccfc6d4b" outcome="Passed" testListId="8c84fa94-04c1-424b-9868-57a2d4851a1d" relativeResultsDirectory="d754850c-1ffe-4570-b534-f63d7545fd65" />
    <UnitTestResult executionId="ff4548bf-09b0-484c-ba8a-dec54f545032" testId="1c017834-64a9-7b4e-f118-40bbf4ca7ee8" testName="Should_search_interaction_command(&quot;Command5&quot;,&quot;CommandMethod5Async&quot;)" computerName="BRAM-DESKTOP" duration="00:00:00.0002030" startTime="2025-02-11T17:41:51.5801968+01:00" endTime="2025-02-11T17:41:51.5803993+01:00" testType="13cdc9d9-ddb5-4fa4-a97d-d965ccfc6d4b" outcome="Passed" testListId="8c84fa94-04c1-424b-9868-57a2d4851a1d" relativeResultsDirectory="ff4548bf-09b0-484c-ba8a-dec54f545032" />
    <UnitTestResult executionId="dc6db1e9-5ea7-4228-9694-f46a24389fd7" testId="1c6a882f-4d58-7ba6-6f07-35e7253a58be" testName="Should_search_interaction_command_with_requirement(&quot;Command15&quot;,&quot;CommandMethod15Async&quot;,6)" computerName="BRAM-DESKTOP" duration="00:00:00.0003950" startTime="2025-02-11T17:41:51.5822971+01:00" endTime="2025-02-11T17:41:51.5826925+01:00" testType="13cdc9d9-ddb5-4fa4-a97d-d965ccfc6d4b" outcome="Passed" testListId="8c84fa94-04c1-424b-9868-57a2d4851a1d" relativeResultsDirectory="dc6db1e9-5ea7-4228-9694-f46a24389fd7" />
    <UnitTestResult executionId="47b507d1-bcad-4ddd-b348-06bb5977e4e5" testId="f2dedc58-2932-07bd-6583-140d352b936a" testName="Should_detect_new_options_with_new_channelType_value" computerName="BRAM-DESKTOP" duration="00:00:00.0007870" startTime="2025-02-11T17:41:51.4620102+01:00" endTime="2025-02-11T17:41:51.4627966+01:00" testType="13cdc9d9-ddb5-4fa4-a97d-d965ccfc6d4b" outcome="Passed" testListId="8c84fa94-04c1-424b-9868-57a2d4851a1d" relativeResultsDirectory="47b507d1-bcad-4ddd-b348-06bb5977e4e5" />
    <UnitTestResult executionId="56287200-c12e-4908-ab15-9ce6820d82bb" testId="4b31d101-3db0-9344-50d9-647aed968fb2" testName="GetCommandOptions_should_get_2_options" computerName="BRAM-DESKTOP" duration="00:00:00.0089180" startTime="2025-02-11T17:41:51.4861461+01:00" endTime="2025-02-11T17:41:51.4950636+01:00" testType="13cdc9d9-ddb5-4fa4-a97d-d965ccfc6d4b" outcome="Passed" testListId="8c84fa94-04c1-424b-9868-57a2d4851a1d" relativeResultsDirectory="56287200-c12e-4908-ab15-9ce6820d82bb" />
    <UnitTestResult executionId="a209cfe6-bd59-4631-80fe-c47e04965581" testId="775b8379-5a2d-44ad-95da-6a3082a8f8af" testName="Should_pass_user_permission_requirement(Speak,Speak)" computerName="BRAM-DESKTOP" duration="00:00:00.0003170" startTime="2025-02-11T17:41:51.4415311+01:00" endTime="2025-02-11T17:41:51.4418481+01:00" testType="13cdc9d9-ddb5-4fa4-a97d-d965ccfc6d4b" outcome="Passed" testListId="8c84fa94-04c1-424b-9868-57a2d4851a1d" relativeResultsDirectory="a209cfe6-bd59-4631-80fe-c47e04965581" />
    <UnitTestResult executionId="3c7ea18e-c272-4ee9-885f-41795da64c08" testId="bf3a8dc2-c7cd-e410-1d4e-b659a67dfdf8" testName="Should_pass_dm_requirement" computerName="BRAM-DESKTOP" duration="00:00:00.0003440" startTime="2025-02-11T17:41:51.4433651+01:00" endTime="2025-02-11T17:41:51.4437088+01:00" testType="13cdc9d9-ddb5-4fa4-a97d-d965ccfc6d4b" outcome="Passed" testListId="8c84fa94-04c1-424b-9868-57a2d4851a1d" relativeResultsDirectory="3c7ea18e-c272-4ee9-885f-41795da64c08" />
    <UnitTestResult executionId="9870ac5e-3681-4dd8-a053-b2849aa8bed1" testId="b2f38151-dcb3-ac81-fb81-daa581be5855" testName="Should_detect_new_options_with_Type" computerName="BRAM-DESKTOP" duration="00:00:00.0003490" startTime="2025-02-11T17:41:51.4634632+01:00" endTime="2025-02-11T17:41:51.4638118+01:00" testType="13cdc9d9-ddb5-4fa4-a97d-d965ccfc6d4b" outcome="Passed" testListId="8c84fa94-04c1-424b-9868-57a2d4851a1d" relativeResultsDirectory="9870ac5e-3681-4dd8-a053-b2849aa8bed1" />
    <UnitTestResult executionId="9a8c4ab0-0560-4ff1-9b97-163f24f18cb6" testId="154b578d-7fdb-4c54-1a93-ff0df8f9d687" testName="Should_execute_interaction_command_with_requirement(&quot;Command15&quot;)" computerName="BRAM-DESKTOP" duration="00:00:00.0010070" startTime="2025-02-11T17:41:51.5739286+01:00" endTime="2025-02-11T17:41:51.5749350+01:00" testType="13cdc9d9-ddb5-4fa4-a97d-d965ccfc6d4b" outcome="Passed" testListId="8c84fa94-04c1-424b-9868-57a2d4851a1d" relativeResultsDirectory="9a8c4ab0-0560-4ff1-9b97-163f24f18cb6" />
    <UnitTestResult executionId="5dc2df3c-815b-4567-af06-449d3b4fc802" testId="166279c3-228c-c331-04dd-1acbe553528d" testName="Should_not_pass_user_permission_requirement(Speak,None)" computerName="BRAM-DESKTOP" duration="00:00:00.0036820" startTime="2025-02-11T17:41:51.4371848+01:00" endTime="2025-02-11T17:41:51.4408670+01:00" testType="13cdc9d9-ddb5-4fa4-a97d-d965ccfc6d4b" outcome="Passed" testListId="8c84fa94-04c1-424b-9868-57a2d4851a1d" relativeResultsDirectory="5dc2df3c-815b-4567-af06-449d3b4fc802" />
    <UnitTestResult executionId="b9d81783-32a9-472f-8678-d05cacba22fe" testId="c65e9d5e-b9e3-ef7b-62ae-03b516d4a942" testName="Should_execute_interaction_command_with_requirement(&quot;Command17&quot;)" computerName="BRAM-DESKTOP" duration="00:00:00.0004640" startTime="2025-02-11T17:41:51.5754970+01:00" endTime="2025-02-11T17:41:51.5759611+01:00" testType="13cdc9d9-ddb5-4fa4-a97d-d965ccfc6d4b" outcome="Passed" testListId="8c84fa94-04c1-424b-9868-57a2d4851a1d" relativeResultsDirectory="b9d81783-32a9-472f-8678-d05cacba22fe" />
    <UnitTestResult executionId="4fff4476-fca2-407f-a690-379ce195bfc1" testId="25444235-d407-fea6-ca90-70414a0d35d1" testName="ExecuteSlashCommandRequirementsAsync_should_get_one_error(2,True)" computerName="BRAM-DESKTOP" duration="00:00:00.0000470" startTime="2025-02-11T17:41:51.5500466+01:00" endTime="2025-02-11T17:41:51.5500936+01:00" testType="13cdc9d9-ddb5-4fa4-a97d-d965ccfc6d4b" outcome="Passed" testListId="8c84fa94-04c1-424b-9868-57a2d4851a1d" relativeResultsDirectory="4fff4476-fca2-407f-a690-379ce195bfc1" />
  </Results>
  <TestDefinitions>
    <UnitTest name="Should_ignore_dm" storage="f:\github\color-chan.discord\tests\color-chan.discord.commands.tests\bin\debug\net8.0\color-chan.discord.commands.tests.dll" id="81e19dd4-37db-24f3-a863-80fface3492b">
      <Execution id="13a50848-b411-4d01-b8fb-263f72af211d" />
      <TestMethod codeBase="F:\Github\Color-Chan.Discord\tests\Color-Chan.Discord.Commands.Tests\bin\Debug\net8.0\Color-Chan.Discord.Commands.Tests.dll" adapterTypeName="executor://nunit3testexecutor/" className="Color_Chan.Discord.Commands.Tests.Attributes.GuildRateLimitAttributeTests" name="Should_ignore_dm" />
    </UnitTest>
    <UnitTest name="GetCommandRequirements_should_get_2_guildAttributes_with_values" storage="f:\github\color-chan.discord\tests\color-chan.discord.commands.tests\bin\debug\net8.0\color-chan.discord.commands.tests.dll" id="9df420c7-44fe-dc3e-da28-2ac8f90439ff">
      <Execution id="d754850c-1ffe-4570-b534-f63d7545fd65" />
      <TestMethod codeBase="F:\Github\Color-Chan.Discord\tests\Color-Chan.Discord.Commands.Tests\bin\Debug\net8.0\Color-Chan.Discord.Commands.Tests.dll" adapterTypeName="executor://nunit3testexecutor/" className="Color_Chan.Discord.Commands.Tests.Services.Implementations.Builders.SlashCommandGuildBuildServiceTests" name="GetCommandRequirements_should_get_2_guildAttributes_with_values" />
    </UnitTest>
    <UnitTest name="GetCommandOptions_should_get_2_options_with_choices" storage="f:\github\color-chan.discord\tests\color-chan.discord.commands.tests\bin\debug\net8.0\color-chan.discord.commands.tests.dll" id="39c89e4b-7501-d255-495a-fa33d4cde955">
      <Execution id="d355a7aa-459b-4d26-9e35-35a4d04ef048" />
      <TestMethod codeBase="F:\Github\Color-Chan.Discord\tests\Color-Chan.Discord.Commands.Tests\bin\Debug\net8.0\Color-Chan.Discord.Commands.Tests.dll" adapterTypeName="executor://nunit3testexecutor/" className="Color_Chan.Discord.Commands.Tests.Services.Implementations.Builders.SlashCommandOptionBuildServiceTests" name="GetCommandOptions_should_get_2_options_with_choices" />
    </UnitTest>
    <UnitTest name="Should_execute_interaction_command_with_requirement(&quot;Command14&quot;)" storage="f:\github\color-chan.discord\tests\color-chan.discord.commands.tests\bin\debug\net8.0\color-chan.discord.commands.tests.dll" id="45cc7a10-45b4-d841-a166-936ca5f475f1">
      <Execution id="45f2347c-f03e-4e3e-ad9b-d4bcde5be7a3" />
      <TestMethod codeBase="F:\Github\Color-Chan.Discord\tests\Color-Chan.Discord.Commands.Tests\bin\Debug\net8.0\Color-Chan.Discord.Commands.Tests.dll" adapterTypeName="executor://nunit3testexecutor/" className="Color_Chan.Discord.Commands.Tests.Services.Implementations.SlashCommandServiceTests" name="Should_execute_interaction_command_with_requirement(&quot;Command14&quot;)" />
    </UnitTest>
    <UnitTest name="Should_execute_top_level_command_with_pipelines" storage="f:\github\color-chan.discord\tests\color-chan.discord.commands.tests\bin\debug\net8.0\color-chan.discord.commands.tests.dll" id="30056c16-4190-6a23-ecc9-cf9806277f1c">
      <Execution id="c9a7e1ce-5d85-42bd-aa03-717799e0bf88" />
      <TestMethod codeBase="F:\Github\Color-Chan.Discord\tests\Color-Chan.Discord.Commands.Tests\bin\Debug\net8.0\Color-Chan.Discord.Commands.Tests.dll" adapterTypeName="executor://nunit3testexecutor/" className="Color_Chan.Discord.Commands.Tests.Services.Implementations.InteractionHandlers.DiscordSlashCommandHandlerTests" name="Should_execute_top_level_command_with_pipelines" />
    </UnitTest>
    <UnitTest name="Should_detect_rate_limit((RateLimitInfo { Remaining = 3, Expiration = 11-2-2025 16:42:11 +00:00 }, False))" storage="f:\github\color-chan.discord\tests\color-chan.discord.commands.tests\bin\debug\net8.0\color-chan.discord.commands.tests.dll" id="649e0516-c9a0-4f09-ff06-aab21658dfe9">
      <Execution id="924162cd-1699-4beb-94b7-6bfa8d69175d" />
      <TestMethod codeBase="F:\Github\Color-Chan.Discord\tests\Color-Chan.Discord.Commands.Tests\bin\Debug\net8.0\Color-Chan.Discord.Commands.Tests.dll" adapterTypeName="executor://nunit3testexecutor/" className="Color_Chan.Discord.Commands.Tests.Attributes.UserRateLimitAttributeTests" name="Should_detect_rate_limit((RateLimitInfo { Remaining = 3, Expiration = 11-2-2025 16:42:11 +00:00 }, False))" />
    </UnitTest>
    <UnitTest name="Should_detect_new_choices" storage="f:\github\color-chan.discord\tests\color-chan.discord.commands.tests\bin\debug\net8.0\color-chan.discord.commands.tests.dll" id="b5099bba-7167-3a4d-c0ea-08f28a25eb50">
      <Execution id="949a4175-c565-4e82-a418-a1a9e00dbe39" />
      <TestMethod codeBase="F:\Github\Color-Chan.Discord\tests\Color-Chan.Discord.Commands.Tests\bin\Debug\net8.0\Color-Chan.Discord.Commands.Tests.dll" adapterTypeName="executor://nunit3testexecutor/" className="Color_Chan.Discord.Commands.Tests.Extensions.DiscordApplicationCommandExtensionsTests" name="Should_detect_new_choices" />
    </UnitTest>
    <UnitTest name="Should_execute_top_level_command_with_no_pipelines" storage="f:\github\color-chan.discord\tests\color-chan.discord.commands.tests\bin\debug\net8.0\color-chan.discord.commands.tests.dll" id="b6b202ec-8c12-6989-7088-61bd6b776d83">
      <Execution id="f48ba923-a72c-4b93-a791-2a67c0f2b52a" />
      <TestMethod codeBase="F:\Github\Color-Chan.Discord\tests\Color-Chan.Discord.Commands.Tests\bin\Debug\net8.0\Color-Chan.Discord.Commands.Tests.dll" adapterTypeName="executor://nunit3testexecutor/" className="Color_Chan.Discord.Commands.Tests.Services.Implementations.InteractionHandlers.DiscordSlashCommandHandlerTests" name="Should_execute_top_level_command_with_no_pipelines" />
    </UnitTest>
    <UnitTest name="Should_detect_new_options_with_new_choice_name" storage="f:\github\color-chan.discord\tests\color-chan.discord.commands.tests\bin\debug\net8.0\color-chan.discord.commands.tests.dll" id="61b5420e-69ac-1d08-aae1-4eceebd3fad5">
      <Execution id="709a5f45-e8bb-4429-8a3f-22798658b391" />
      <TestMethod codeBase="F:\Github\Color-Chan.Discord\tests\Color-Chan.Discord.Commands.Tests\bin\Debug\net8.0\Color-Chan.Discord.Commands.Tests.dll" adapterTypeName="executor://nunit3testexecutor/" className="Color_Chan.Discord.Commands.Tests.Extensions.DiscordApplicationCommandExtensionsTests" name="Should_detect_new_options_with_new_choice_name" />
    </UnitTest>
    <UnitTest name="Should_detect_new_rate_limit" storage="f:\github\color-chan.discord\tests\color-chan.discord.commands.tests\bin\debug\net8.0\color-chan.discord.commands.tests.dll" id="4d5a0435-b2e3-8cfa-da25-90cbefc3d9a7">
      <Execution id="78a83333-3161-413b-85e5-6eb5c8d55c07" />
      <TestMethod codeBase="F:\Github\Color-Chan.Discord\tests\Color-Chan.Discord.Commands.Tests\bin\Debug\net8.0\Color-Chan.Discord.Commands.Tests.dll" adapterTypeName="executor://nunit3testexecutor/" className="Color_Chan.Discord.Commands.Tests.Attributes.UserRateLimitAttributeTests" name="Should_detect_new_rate_limit" />
    </UnitTest>
    <UnitTest name="Should_pass_user_permission_requirement(Speak,Speak)" storage="f:\github\color-chan.discord\tests\color-chan.discord.commands.tests\bin\debug\net8.0\color-chan.discord.commands.tests.dll" id="775b8379-5a2d-44ad-95da-6a3082a8f8af">
      <Execution id="a209cfe6-bd59-4631-80fe-c47e04965581" />
      <TestMethod codeBase="F:\Github\Color-Chan.Discord\tests\Color-Chan.Discord.Commands.Tests\bin\Debug\net8.0\Color-Chan.Discord.Commands.Tests.dll" adapterTypeName="executor://nunit3testexecutor/" className="Color_Chan.Discord.Commands.Tests.Attributes.RequireBotPermissionAttributeTests" name="Should_pass_user_permission_requirement(Speak,Speak)" />
    </UnitTest>
    <UnitTest name="Should_detect_rate_limit((RateLimitInfo { Remaining = 1, Expiration = 11-2-2025 16:42:11 +00:00 }, False))" storage="f:\github\color-chan.discord\tests\color-chan.discord.commands.tests\bin\debug\net8.0\color-chan.discord.commands.tests.dll" id="9b3354ad-7924-4fa5-2f48-32450f47279c">
      <Execution id="fc088237-9bb5-4b1a-a4b7-34133bdcc6fc" />
      <TestMethod codeBase="F:\Github\Color-Chan.Discord\tests\Color-Chan.Discord.Commands.Tests\bin\Debug\net8.0\Color-Chan.Discord.Commands.Tests.dll" adapterTypeName="executor://nunit3testexecutor/" className="Color_Chan.Discord.Commands.Tests.Attributes.GuildRateLimitAttributeTests" name="Should_detect_rate_limit((RateLimitInfo { Remaining = 1, Expiration = 11-2-2025 16:42:11 +00:00 }, False))" />
    </UnitTest>
    <UnitTest name="Should_detect_rate_limit((RateLimitInfo { Remaining = 4, Expiration = 11-2-2025 16:42:11 +00:00 }, False))" storage="f:\github\color-chan.discord\tests\color-chan.discord.commands.tests\bin\debug\net8.0\color-chan.discord.commands.tests.dll" id="8b91c9e3-c6bd-fe26-6af5-924f327070f8">
      <Execution id="ae3bced1-3d43-45c0-982b-76a34292763c" />
      <TestMethod codeBase="F:\Github\Color-Chan.Discord\tests\Color-Chan.Discord.Commands.Tests\bin\Debug\net8.0\Color-Chan.Discord.Commands.Tests.dll" adapterTypeName="executor://nunit3testexecutor/" className="Color_Chan.Discord.Commands.Tests.Attributes.UserRateLimitAttributeTests" name="Should_detect_rate_limit((RateLimitInfo { Remaining = 4, Expiration = 11-2-2025 16:42:11 +00:00 }, False))" />
    </UnitTest>
    <UnitTest name="Should_search_interaction_command_with_requirement(&quot;Command15&quot;,&quot;CommandMethod15Async&quot;,6)" storage="f:\github\color-chan.discord\tests\color-chan.discord.commands.tests\bin\debug\net8.0\color-chan.discord.commands.tests.dll" id="1c6a882f-4d58-7ba6-6f07-35e7253a58be">
      <Execution id="dc6db1e9-5ea7-4228-9694-f46a24389fd7" />
      <TestMethod codeBase="F:\Github\Color-Chan.Discord\tests\Color-Chan.Discord.Commands.Tests\bin\Debug\net8.0\Color-Chan.Discord.Commands.Tests.dll" adapterTypeName="executor://nunit3testexecutor/" className="Color_Chan.Discord.Commands.Tests.Services.Implementations.SlashCommandServiceTests" name="Should_search_interaction_command_with_requirement(&quot;Command15&quot;,&quot;CommandMethod15Async&quot;,6)" />
    </UnitTest>
    <UnitTest name="Should_detect_new_command_with_desc" storage="f:\github\color-chan.discord\tests\color-chan.discord.commands.tests\bin\debug\net8.0\color-chan.discord.commands.tests.dll" id="d4a859f3-878a-cf4f-45a8-c6eba3f447aa">
      <Execution id="3a4bb4d8-2dd8-458b-b9fb-c4d1a22426a3" />
      <TestMethod codeBase="F:\Github\Color-Chan.Discord\tests\Color-Chan.Discord.Commands.Tests\bin\Debug\net8.0\Color-Chan.Discord.Commands.Tests.dll" adapterTypeName="executor://nunit3testexecutor/" className="Color_Chan.Discord.Commands.Tests.Extensions.DiscordApplicationCommandExtensionsTests" name="Should_detect_new_command_with_desc" />
    </UnitTest>
    <UnitTest name="Should_pass_user_permission_requirement" storage="f:\github\color-chan.discord\tests\color-chan.discord.commands.tests\bin\debug\net8.0\color-chan.discord.commands.tests.dll" id="3205a7aa-6e2d-91c2-6701-b29b90336da3">
      <Execution id="d7a61787-320a-465c-8d66-1249a5f89896" />
      <TestMethod codeBase="F:\Github\Color-Chan.Discord\tests\Color-Chan.Discord.Commands.Tests\bin\Debug\net8.0\Color-Chan.Discord.Commands.Tests.dll" adapterTypeName="executor://nunit3testexecutor/" className="Color_Chan.Discord.Commands.Tests.Attributes.RequireUserPermissionAttributeTests" name="Should_pass_user_permission_requirement" />
    </UnitTest>
    <UnitTest name="Should_detect_new_options_with_new_choice_value" storage="f:\github\color-chan.discord\tests\color-chan.discord.commands.tests\bin\debug\net8.0\color-chan.discord.commands.tests.dll" id="39522ab1-1a96-e2dd-41a6-8cd0face061a">
      <Execution id="96e7cd36-4e70-4951-91cd-4504c00b288f" />
      <TestMethod codeBase="F:\Github\Color-Chan.Discord\tests\Color-Chan.Discord.Commands.Tests\bin\Debug\net8.0\Color-Chan.Discord.Commands.Tests.dll" adapterTypeName="executor://nunit3testexecutor/" className="Color_Chan.Discord.Commands.Tests.Extensions.DiscordApplicationCommandExtensionsTests" name="Should_detect_new_options_with_new_choice_value" />
    </UnitTest>
    <UnitTest name="Should_search_interaction_command_with_requirement(&quot;Command16&quot;,&quot;CommandMethod16Async&quot;,8)" storage="f:\github\color-chan.discord\tests\color-chan.discord.commands.tests\bin\debug\net8.0\color-chan.discord.commands.tests.dll" id="1a16d813-46dc-9c0b-988f-9ba3a769e595">
      <Execution id="539c4c25-dfe7-4994-b25f-a7c5795f7987" />
      <TestMethod codeBase="F:\Github\Color-Chan.Discord\tests\Color-Chan.Discord.Commands.Tests\bin\Debug\net8.0\Color-Chan.Discord.Commands.Tests.dll" adapterTypeName="executor://nunit3testexecutor/" className="Color_Chan.Discord.Commands.Tests.Services.Implementations.SlashCommandServiceTests" name="Should_search_interaction_command_with_requirement(&quot;Command16&quot;,&quot;CommandMethod16Async&quot;,8)" />
    </UnitTest>
    <UnitTest name="Should_not_get_interaction_commands" storage="f:\github\color-chan.discord\tests\color-chan.discord.commands.tests\bin\debug\net8.0\color-chan.discord.commands.tests.dll" id="01bd6f8e-2080-f785-3415-db0c745da931">
      <Execution id="1fb9c38d-279c-4a75-a6cc-f469ed5c8eae" />
      <TestMethod codeBase="F:\Github\Color-Chan.Discord\tests\Color-Chan.Discord.Commands.Tests\bin\Debug\net8.0\Color-Chan.Discord.Commands.Tests.dll" adapterTypeName="executor://nunit3testexecutor/" className="Color_Chan.Discord.Commands.Tests.Services.Implementations.Builders.SlashCommandBuildServiceTests" name="Should_not_get_interaction_commands" />
    </UnitTest>
    <UnitTest name="Should_search_interaction_command(&quot;Command5&quot;,&quot;CommandMethod5Async&quot;)" storage="f:\github\color-chan.discord\tests\color-chan.discord.commands.tests\bin\debug\net8.0\color-chan.discord.commands.tests.dll" id="1c017834-64a9-7b4e-f118-40bbf4ca7ee8">
      <Execution id="ff4548bf-09b0-484c-ba8a-dec54f545032" />
      <TestMethod codeBase="F:\Github\Color-Chan.Discord\tests\Color-Chan.Discord.Commands.Tests\bin\Debug\net8.0\Color-Chan.Discord.Commands.Tests.dll" adapterTypeName="executor://nunit3testexecutor/" className="Color_Chan.Discord.Commands.Tests.Services.Implementations.SlashCommandServiceTests" name="Should_search_interaction_command(&quot;Command5&quot;,&quot;CommandMethod5Async&quot;)" />
    </UnitTest>
    <UnitTest name="Should_detect_new_option" storage="f:\github\color-chan.discord\tests\color-chan.discord.commands.tests\bin\debug\net8.0\color-chan.discord.commands.tests.dll" id="1f443028-2e0c-4916-4510-0bbc44e09096">
      <Execution id="bb6f00d0-badb-4127-a354-ac14bf82e238" />
      <TestMethod codeBase="F:\Github\Color-Chan.Discord\tests\Color-Chan.Discord.Commands.Tests\bin\Debug\net8.0\Color-Chan.Discord.Commands.Tests.dll" adapterTypeName="executor://nunit3testexecutor/" className="Color_Chan.Discord.Commands.Tests.Extensions.DiscordApplicationCommandExtensionsTests" name="Should_detect_new_option" />
    </UnitTest>
    <UnitTest name="Should_search_interaction_command(&quot;Command2&quot;,&quot;CommandMethod2Async&quot;)" storage="f:\github\color-chan.discord\tests\color-chan.discord.commands.tests\bin\debug\net8.0\color-chan.discord.commands.tests.dll" id="ddc4ab82-29ce-3619-5d23-57e86a453d4f">
      <Execution id="71e20a28-f844-45b2-adf2-fb82a8a0cd7d" />
      <TestMethod codeBase="F:\Github\Color-Chan.Discord\tests\Color-Chan.Discord.Commands.Tests\bin\Debug\net8.0\Color-Chan.Discord.Commands.Tests.dll" adapterTypeName="executor://nunit3testexecutor/" className="Color_Chan.Discord.Commands.Tests.Services.Implementations.SlashCommandServiceTests" name="Should_search_interaction_command(&quot;Command2&quot;,&quot;CommandMethod2Async&quot;)" />
    </UnitTest>
    <UnitTest name="Should_detect_rate_limit((RateLimitInfo { Remaining = 2, Expiration = 11-2-2025 16:42:11 +00:00 }, False))" storage="f:\github\color-chan.discord\tests\color-chan.discord.commands.tests\bin\debug\net8.0\color-chan.discord.commands.tests.dll" id="cbff9a8e-52a5-0cbf-9cac-78f57af80009">
      <Execution id="a9c7ed80-ecd7-4a3e-9813-e7e3c71f7818" />
      <TestMethod codeBase="F:\Github\Color-Chan.Discord\tests\Color-Chan.Discord.Commands.Tests\bin\Debug\net8.0\Color-Chan.Discord.Commands.Tests.dll" adapterTypeName="executor://nunit3testexecutor/" className="Color_Chan.Discord.Commands.Tests.Attributes.UserRateLimitAttributeTests" name="Should_detect_rate_limit((RateLimitInfo { Remaining = 2, Expiration = 11-2-2025 16:42:11 +00:00 }, False))" />
    </UnitTest>
    <UnitTest name="Should_detect_new_options_with_new_channelType_value" storage="f:\github\color-chan.discord\tests\color-chan.discord.commands.tests\bin\debug\net8.0\color-chan.discord.commands.tests.dll" id="f2dedc58-2932-07bd-6583-140d352b936a">
      <Execution id="47b507d1-bcad-4ddd-b348-06bb5977e4e5" />
      <TestMethod codeBase="F:\Github\Color-Chan.Discord\tests\Color-Chan.Discord.Commands.Tests\bin\Debug\net8.0\Color-Chan.Discord.Commands.Tests.dll" adapterTypeName="executor://nunit3testexecutor/" className="Color_Chan.Discord.Commands.Tests.Extensions.DiscordApplicationCommandExtensionsTests" name="Should_detect_new_options_with_new_channelType_value" />
    </UnitTest>
    <UnitTest name="Should_search_interaction_command(&quot;Command3&quot;,&quot;CommandMethod3Async&quot;)" storage="f:\github\color-chan.discord\tests\color-chan.discord.commands.tests\bin\debug\net8.0\color-chan.discord.commands.tests.dll" id="17aabff3-c473-91bb-67b2-f6f392337a7a">
      <Execution id="dedc989c-aac7-4892-b0c0-4ef6a52c8dfb" />
      <TestMethod codeBase="F:\Github\Color-Chan.Discord\tests\Color-Chan.Discord.Commands.Tests\bin\Debug\net8.0\Color-Chan.Discord.Commands.Tests.dll" adapterTypeName="executor://nunit3testexecutor/" className="Color_Chan.Discord.Commands.Tests.Services.Implementations.SlashCommandServiceTests" name="Should_search_interaction_command(&quot;Command3&quot;,&quot;CommandMethod3Async&quot;)" />
    </UnitTest>
    <UnitTest name="Should_detect_rate_limit((RateLimitInfo { Remaining = 0, Expiration = 11-2-2025 16:42:11 +00:00 }, True))" storage="f:\github\color-chan.discord\tests\color-chan.discord.commands.tests\bin\debug\net8.0\color-chan.discord.commands.tests.dll" id="a19b2b7f-e407-65de-68da-f11d6858d5fa">
      <Execution id="cd5895f3-f044-4ec1-94a1-e151f56cf5e1" />
      <TestMethod codeBase="F:\Github\Color-Chan.Discord\tests\Color-Chan.Discord.Commands.Tests\bin\Debug\net8.0\Color-Chan.Discord.Commands.Tests.dll" adapterTypeName="executor://nunit3testexecutor/" className="Color_Chan.Discord.Commands.Tests.Attributes.UserRateLimitAttributeTests" name="Should_detect_rate_limit((RateLimitInfo { Remaining = 0, Expiration = 11-2-2025 16:42:11 +00:00 }, True))" />
    </UnitTest>
    <UnitTest name="Should_search_interaction_command(&quot;Command4&quot;,&quot;CommandMethod4Async&quot;)" storage="f:\github\color-chan.discord\tests\color-chan.discord.commands.tests\bin\debug\net8.0\color-chan.discord.commands.tests.dll" id="b24a9b5e-dd01-1c5c-668b-f7c55ffd4b4b">
      <Execution id="42705158-77e4-45b0-a08f-c2c9a319cb4b" />
      <TestMethod codeBase="F:\Github\Color-Chan.Discord\tests\Color-Chan.Discord.Commands.Tests\bin\Debug\net8.0\Color-Chan.Discord.Commands.Tests.dll" adapterTypeName="executor://nunit3testexecutor/" className="Color_Chan.Discord.Commands.Tests.Services.Implementations.SlashCommandServiceTests" name="Should_search_interaction_command(&quot;Command4&quot;,&quot;CommandMethod4Async&quot;)" />
    </UnitTest>
    <UnitTest name="ExecuteSlashCommandRequirementsAsync_should_get_one_error(2,True)" storage="f:\github\color-chan.discord\tests\color-chan.discord.commands.tests\bin\debug\net8.0\color-chan.discord.commands.tests.dll" id="25444235-d407-fea6-ca90-70414a0d35d1">
      <Execution id="4fff4476-fca2-407f-a690-379ce195bfc1" />
      <TestMethod codeBase="F:\Github\Color-Chan.Discord\tests\Color-Chan.Discord.Commands.Tests\bin\Debug\net8.0\Color-Chan.Discord.Commands.Tests.dll" adapterTypeName="executor://nunit3testexecutor/" className="Color_Chan.Discord.Commands.Tests.Services.Implementations.InteractionRequirementServiceTests" name="ExecuteSlashCommandRequirementsAsync_should_get_one_error(2,True)" />
    </UnitTest>
    <UnitTest name="Should_execute_interaction_command_with_dependency(&quot;Command13&quot;)" storage="f:\github\color-chan.discord\tests\color-chan.discord.commands.tests\bin\debug\net8.0\color-chan.discord.commands.tests.dll" id="ef81eb86-8c91-9c25-c561-c10129f22085">
      <Execution id="9b07c7db-e43d-4408-930b-cba28e69fc62" />
      <TestMethod codeBase="F:\Github\Color-Chan.Discord\tests\Color-Chan.Discord.Commands.Tests\bin\Debug\net8.0\Color-Chan.Discord.Commands.Tests.dll" adapterTypeName="executor://nunit3testexecutor/" className="Color_Chan.Discord.Commands.Tests.Services.Implementations.SlashCommandServiceTests" name="Should_execute_interaction_command_with_dependency(&quot;Command13&quot;)" />
    </UnitTest>
    <UnitTest name="Should_search_interaction_command_with_requirement(&quot;Command17&quot;,&quot;CommandMethod17Async&quot;,6)" storage="f:\github\color-chan.discord\tests\color-chan.discord.commands.tests\bin\debug\net8.0\color-chan.discord.commands.tests.dll" id="c8e7bdfb-5c67-4648-5ec9-9bf9fc01ee74">
      <Execution id="1edcd731-94cb-4b52-b97c-5a5429f0ae42" />
      <TestMethod codeBase="F:\Github\Color-Chan.Discord\tests\Color-Chan.Discord.Commands.Tests\bin\Debug\net8.0\Color-Chan.Discord.Commands.Tests.dll" adapterTypeName="executor://nunit3testexecutor/" className="Color_Chan.Discord.Commands.Tests.Services.Implementations.SlashCommandServiceTests" name="Should_search_interaction_command_with_requirement(&quot;Command17&quot;,&quot;CommandMethod17Async&quot;,6)" />
    </UnitTest>
    <UnitTest name="Should_execute_interaction_command_with_dependency(&quot;Command12&quot;)" storage="f:\github\color-chan.discord\tests\color-chan.discord.commands.tests\bin\debug\net8.0\color-chan.discord.commands.tests.dll" id="816e88d0-3b7a-a64b-df5b-cd92481517b2">
      <Execution id="bb556913-cf74-40e0-8811-aed3962accde" />
      <TestMethod codeBase="F:\Github\Color-Chan.Discord\tests\Color-Chan.Discord.Commands.Tests\bin\Debug\net8.0\Color-Chan.Discord.Commands.Tests.dll" adapterTypeName="executor://nunit3testexecutor/" className="Color_Chan.Discord.Commands.Tests.Services.Implementations.SlashCommandServiceTests" name="Should_execute_interaction_command_with_dependency(&quot;Command12&quot;)" />
    </UnitTest>
    <UnitTest name="Should_execute_interaction_command_with_dependency(&quot;Command11&quot;)" storage="f:\github\color-chan.discord\tests\color-chan.discord.commands.tests\bin\debug\net8.0\color-chan.discord.commands.tests.dll" id="64676e89-ee48-8e80-fca9-4eb9fdd578f8">
      <Execution id="2401899c-c2fb-4502-b04a-2a787eeeef47" />
      <TestMethod codeBase="F:\Github\Color-Chan.Discord\tests\Color-Chan.Discord.Commands.Tests\bin\Debug\net8.0\Color-Chan.Discord.Commands.Tests.dll" adapterTypeName="executor://nunit3testexecutor/" className="Color_Chan.Discord.Commands.Tests.Services.Implementations.SlashCommandServiceTests" name="Should_execute_interaction_command_with_dependency(&quot;Command11&quot;)" />
    </UnitTest>
    <UnitTest name="Should_detect_rate_limit((RateLimitInfo { Remaining = 0, Expiration = 11-2-2025 16:42:11 +00:00 }, True))" storage="f:\github\color-chan.discord\tests\color-chan.discord.commands.tests\bin\debug\net8.0\color-chan.discord.commands.tests.dll" id="9a5129a5-9db3-d361-1652-5c0a212c0738">
      <Execution id="bd9d85a0-a0c3-4ff7-b10e-f79d23c301ac" />
      <TestMethod codeBase="F:\Github\Color-Chan.Discord\tests\Color-Chan.Discord.Commands.Tests\bin\Debug\net8.0\Color-Chan.Discord.Commands.Tests.dll" adapterTypeName="executor://nunit3testexecutor/" className="Color_Chan.Discord.Commands.Tests.Attributes.GuildRateLimitAttributeTests" name="Should_detect_rate_limit((RateLimitInfo { Remaining = 0, Expiration = 11-2-2025 16:42:11 +00:00 }, True))" />
    </UnitTest>
    <UnitTest name="Should_not_pass_user_permission_requirement_dm" storage="f:\github\color-chan.discord\tests\color-chan.discord.commands.tests\bin\debug\net8.0\color-chan.discord.commands.tests.dll" id="aeb73e4d-d1e1-204d-6af4-49c3da6dfce9">
      <Execution id="453e393f-824e-43ff-9684-24ef6707cc59" />
      <TestMethod codeBase="F:\Github\Color-Chan.Discord\tests\Color-Chan.Discord.Commands.Tests\bin\Debug\net8.0\Color-Chan.Discord.Commands.Tests.dll" adapterTypeName="executor://nunit3testexecutor/" className="Color_Chan.Discord.Commands.Tests.Attributes.RequireBotPermissionAttributeTests" name="Should_not_pass_user_permission_requirement_dm" />
    </UnitTest>
    <UnitTest name="Should_detect_rate_limit((RateLimitInfo { Remaining = 3, Expiration = 11-2-2025 16:42:11 +00:00 }, False))" storage="f:\github\color-chan.discord\tests\color-chan.discord.commands.tests\bin\debug\net8.0\color-chan.discord.commands.tests.dll" id="e9135310-11c2-d624-25ea-86a177249392">
      <Execution id="8b1718bb-13e1-48a6-804e-eb3a8e9d3813" />
      <TestMethod codeBase="F:\Github\Color-Chan.Discord\tests\Color-Chan.Discord.Commands.Tests\bin\Debug\net8.0\Color-Chan.Discord.Commands.Tests.dll" adapterTypeName="executor://nunit3testexecutor/" className="Color_Chan.Discord.Commands.Tests.Attributes.GuildRateLimitAttributeTests" name="Should_detect_rate_limit((RateLimitInfo { Remaining = 3, Expiration = 11-2-2025 16:42:11 +00:00 }, False))" />
    </UnitTest>
    <UnitTest name="Should_detect_new_command_with_defaultPerm" storage="f:\github\color-chan.discord\tests\color-chan.discord.commands.tests\bin\debug\net8.0\color-chan.discord.commands.tests.dll" id="6580416e-91ef-b7ea-16a2-c747c9c39b08">
      <Execution id="5c98d995-326f-4a64-a5da-fbf988fee247" />
      <TestMethod codeBase="F:\Github\Color-Chan.Discord\tests\Color-Chan.Discord.Commands.Tests\bin\Debug\net8.0\Color-Chan.Discord.Commands.Tests.dll" adapterTypeName="executor://nunit3testexecutor/" className="Color_Chan.Discord.Commands.Tests.Extensions.DiscordApplicationCommandExtensionsTests" name="Should_detect_new_command_with_defaultPerm" />
    </UnitTest>
    <UnitTest name="Should_pass_user_permission_requirement(Stream, EmbedLinks, DeafenMembers,Stream, EmbedLinks, DeafenMembers)" storage="f:\github\color-chan.discord\tests\color-chan.discord.commands.tests\bin\debug\net8.0\color-chan.discord.commands.tests.dll" id="9c318806-f5ec-264e-ecf5-f3eb420f0b25">
      <Execution id="eac3506e-6d12-45fa-853c-54f218eeaebf" />
      <TestMethod codeBase="F:\Github\Color-Chan.Discord\tests\Color-Chan.Discord.Commands.Tests\bin\Debug\net8.0\Color-Chan.Discord.Commands.Tests.dll" adapterTypeName="executor://nunit3testexecutor/" className="Color_Chan.Discord.Commands.Tests.Attributes.RequireBotPermissionAttributeTests" name="Should_pass_user_permission_requirement(Stream, EmbedLinks, DeafenMembers,Stream, EmbedLinks, DeafenMembers)" />
    </UnitTest>
    <UnitTest name="Should_get_interaction_commands" storage="f:\github\color-chan.discord\tests\color-chan.discord.commands.tests\bin\debug\net8.0\color-chan.discord.commands.tests.dll" id="fd80557f-7cec-49b5-420b-b0a53ddb92ff">
      <Execution id="fcdf5c9f-6885-4a1a-b6cb-86be3d45e35c" />
      <TestMethod codeBase="F:\Github\Color-Chan.Discord\tests\Color-Chan.Discord.Commands.Tests\bin\Debug\net8.0\Color-Chan.Discord.Commands.Tests.dll" adapterTypeName="executor://nunit3testexecutor/" className="Color_Chan.Discord.Commands.Tests.Services.Implementations.Builders.SlashCommandBuildServiceTests" name="Should_get_interaction_commands" />
    </UnitTest>
    <UnitTest name="Should_execute_interaction_command_with_requirement(&quot;Command15&quot;)" storage="f:\github\color-chan.discord\tests\color-chan.discord.commands.tests\bin\debug\net8.0\color-chan.discord.commands.tests.dll" id="154b578d-7fdb-4c54-1a93-ff0df8f9d687">
      <Execution id="9a8c4ab0-0560-4ff1-9b97-163f24f18cb6" />
      <TestMethod codeBase="F:\Github\Color-Chan.Discord\tests\Color-Chan.Discord.Commands.Tests\bin\Debug\net8.0\Color-Chan.Discord.Commands.Tests.dll" adapterTypeName="executor://nunit3testexecutor/" className="Color_Chan.Discord.Commands.Tests.Services.Implementations.SlashCommandServiceTests" name="Should_execute_interaction_command_with_requirement(&quot;Command15&quot;)" />
    </UnitTest>
    <UnitTest name="Should_pass_dm_requirement" storage="f:\github\color-chan.discord\tests\color-chan.discord.commands.tests\bin\debug\net8.0\color-chan.discord.commands.tests.dll" id="bf3a8dc2-c7cd-e410-1d4e-b659a67dfdf8">
      <Execution id="3c7ea18e-c272-4ee9-885f-41795da64c08" />
      <TestMethod codeBase="F:\Github\Color-Chan.Discord\tests\Color-Chan.Discord.Commands.Tests\bin\Debug\net8.0\Color-Chan.Discord.Commands.Tests.dll" adapterTypeName="executor://nunit3testexecutor/" className="Color_Chan.Discord.Commands.Tests.Attributes.RequireDmAttributeTests" name="Should_pass_dm_requirement" />
    </UnitTest>
    <UnitTest name="Should_execute_interaction_command_with_dependency(&quot;Command10&quot;)" storage="f:\github\color-chan.discord\tests\color-chan.discord.commands.tests\bin\debug\net8.0\color-chan.discord.commands.tests.dll" id="7a5551ec-607e-a6d1-6235-a7c051f9e042">
      <Execution id="de1862e4-0e6d-4239-8d6e-09f52a5b09c3" />
      <TestMethod codeBase="F:\Github\Color-Chan.Discord\tests\Color-Chan.Discord.Commands.Tests\bin\Debug\net8.0\Color-Chan.Discord.Commands.Tests.dll" adapterTypeName="executor://nunit3testexecutor/" className="Color_Chan.Discord.Commands.Tests.Services.Implementations.SlashCommandServiceTests" name="Should_execute_interaction_command_with_dependency(&quot;Command10&quot;)" />
    </UnitTest>
    <UnitTest name="Should_not_pass_dm_requirement" storage="f:\github\color-chan.discord\tests\color-chan.discord.commands.tests\bin\debug\net8.0\color-chan.discord.commands.tests.dll" id="e32f387e-b613-d3fe-23fe-50c11a87d917">
      <Execution id="094fe392-8997-4f4b-9488-faa878f9a157" />
      <TestMethod codeBase="F:\Github\Color-Chan.Discord\tests\Color-Chan.Discord.Commands.Tests\bin\Debug\net8.0\Color-Chan.Discord.Commands.Tests.dll" adapterTypeName="executor://nunit3testexecutor/" className="Color_Chan.Discord.Commands.Tests.Attributes.RequireDmAttributeTests" name="Should_not_pass_dm_requirement" />
    </UnitTest>
    <UnitTest name="Should_search_interaction_command(&quot;Command6&quot;,&quot;CommandMethod6Async&quot;)" storage="f:\github\color-chan.discord\tests\color-chan.discord.commands.tests\bin\debug\net8.0\color-chan.discord.commands.tests.dll" id="d46c707b-7707-8356-4311-1c0df946c8a2">
      <Execution id="87ff360d-368a-413f-a7cf-58e1d013f5c0" />
      <TestMethod codeBase="F:\Github\Color-Chan.Discord\tests\Color-Chan.Discord.Commands.Tests\bin\Debug\net8.0\Color-Chan.Discord.Commands.Tests.dll" adapterTypeName="executor://nunit3testexecutor/" className="Color_Chan.Discord.Commands.Tests.Services.Implementations.SlashCommandServiceTests" name="Should_search_interaction_command(&quot;Command6&quot;,&quot;CommandMethod6Async&quot;)" />
    </UnitTest>
    <UnitTest name="Should_not_pass_guild_requirement" storage="f:\github\color-chan.discord\tests\color-chan.discord.commands.tests\bin\debug\net8.0\color-chan.discord.commands.tests.dll" id="792ad755-d09d-6c12-d187-f36cd60a001c">
      <Execution id="99ee76dc-64ea-4c06-9d0a-0fb5add3e29e" />
      <TestMethod codeBase="F:\Github\Color-Chan.Discord\tests\Color-Chan.Discord.Commands.Tests\bin\Debug\net8.0\Color-Chan.Discord.Commands.Tests.dll" adapterTypeName="executor://nunit3testexecutor/" className="Color_Chan.Discord.Commands.Tests.Attributes.RequireGuildAttributeTests" name="Should_not_pass_guild_requirement" />
    </UnitTest>
    <UnitTest name="Should_execute_interaction_command(&quot;add&quot;,&quot;role&quot;,&quot;Command18&quot;)" storage="f:\github\color-chan.discord\tests\color-chan.discord.commands.tests\bin\debug\net8.0\color-chan.discord.commands.tests.dll" id="c09a5d40-ce71-5c12-1c98-36669c1c2d6c">
      <Execution id="32bd83ad-ab00-4fd0-9c14-00486017bf38" />
      <TestMethod codeBase="F:\Github\Color-Chan.Discord\tests\Color-Chan.Discord.Commands.Tests\bin\Debug\net8.0\Color-Chan.Discord.Commands.Tests.dll" adapterTypeName="executor://nunit3testexecutor/" className="Color_Chan.Discord.Commands.Tests.Services.Implementations.SlashCommandServiceTests" name="Should_execute_interaction_command(&quot;add&quot;,&quot;role&quot;,&quot;Command18&quot;)" />
    </UnitTest>
    <UnitTest name="Should_detect_deleted_options" storage="f:\github\color-chan.discord\tests\color-chan.discord.commands.tests\bin\debug\net8.0\color-chan.discord.commands.tests.dll" id="4c3d47b0-f29b-be32-591b-8398cee5bd1b">
      <Execution id="decba3c0-ac88-4b3b-ba5d-58c7ea4a723f" />
      <TestMethod codeBase="F:\Github\Color-Chan.Discord\tests\Color-Chan.Discord.Commands.Tests\bin\Debug\net8.0\Color-Chan.Discord.Commands.Tests.dll" adapterTypeName="executor://nunit3testexecutor/" className="Color_Chan.Discord.Commands.Tests.Extensions.DiscordApplicationCommandExtensionsTests" name="Should_detect_deleted_options" />
    </UnitTest>
    <UnitTest name="Should_search_interaction_command(&quot;Command1&quot;,&quot;CommandMethod1Async&quot;)" storage="f:\github\color-chan.discord\tests\color-chan.discord.commands.tests\bin\debug\net8.0\color-chan.discord.commands.tests.dll" id="58f1983d-c458-15a5-4cec-34557786fa9c">
      <Execution id="677e7ca3-9e54-45ba-97bd-dd22d6bd5ab8" />
      <TestMethod codeBase="F:\Github\Color-Chan.Discord\tests\Color-Chan.Discord.Commands.Tests\bin\Debug\net8.0\Color-Chan.Discord.Commands.Tests.dll" adapterTypeName="executor://nunit3testexecutor/" className="Color_Chan.Discord.Commands.Tests.Services.Implementations.SlashCommandServiceTests" name="Should_search_interaction_command(&quot;Command1&quot;,&quot;CommandMethod1Async&quot;)" />
    </UnitTest>
    <UnitTest name="Should_not_pass_user_permission_requirement(Administrator,Connect)" storage="f:\github\color-chan.discord\tests\color-chan.discord.commands.tests\bin\debug\net8.0\color-chan.discord.commands.tests.dll" id="98cffa0c-c9a9-0b5f-1c09-ecaf3278ffd2">
      <Execution id="bb42d13d-777b-4fd9-a854-adccdc9e6d1e" />
      <TestMethod codeBase="F:\Github\Color-Chan.Discord\tests\Color-Chan.Discord.Commands.Tests\bin\Debug\net8.0\Color-Chan.Discord.Commands.Tests.dll" adapterTypeName="executor://nunit3testexecutor/" className="Color_Chan.Discord.Commands.Tests.Attributes.RequireBotPermissionAttributeTests" name="Should_not_pass_user_permission_requirement(Administrator,Connect)" />
    </UnitTest>
    <UnitTest name="Should_execute_sub_command_with_pipelines" storage="f:\github\color-chan.discord\tests\color-chan.discord.commands.tests\bin\debug\net8.0\color-chan.discord.commands.tests.dll" id="3a34bfcf-6891-5878-8a04-6cd8a744fa31">
      <Execution id="80b4b54a-8897-4cce-8aea-b87a626aedc7" />
[...]
      <Execution id="e7bec3c2-5759-4eb8-b496-960463d753f0" />
      <TestMethod codeBase="F:\Github\Color-Chan.Discord\tests\Color-Chan.Discord.Commands.Tests\bin\Debug\net8.0\Color-Chan.Discord.Commands.Tests.dll" adapterTypeName="executor://nunit3testexecutor/" className="Color_Chan.Discord.Commands.Tests.Extensions.DiscordApplicationCommandExtensionsTests" name="Should_detect_new_options_with_desc" />
    </UnitTest>
    <UnitTest name="Should_execute_interaction_command_with_role_option(&quot;role&quot;,&quot;Command19&quot;)" storage="f:\github\color-chan.discord\tests\color-chan.discord.commands.tests\bin\debug\net8.0\color-chan.discord.commands.tests.dll" id="c810ff45-8ca7-6281-a2d5-50cef0ce520c">
      <Execution id="e4bc9f71-6707-49e7-bf43-23cd59d736ce" />
      <TestMethod codeBase="F:\Github\Color-Chan.Discord\tests\Color-Chan.Discord.Commands.Tests\bin\Debug\net8.0\Color-Chan.Discord.Commands.Tests.dll" adapterTypeName="executor://nunit3testexecutor/" className="Color_Chan.Discord.Commands.Tests.Services.Implementations.SlashCommandServiceTests" name="Should_execute_interaction_command_with_role_option(&quot;role&quot;,&quot;Command19&quot;)" />
    </UnitTest>
    <UnitTest name="Should_execute_interaction_command_with_requirement(&quot;Command17&quot;)" storage="f:\github\color-chan.discord\tests\color-chan.discord.commands.tests\bin\debug\net8.0\color-chan.discord.commands.tests.dll" id="c65e9d5e-b9e3-ef7b-62ae-03b516d4a942">
      <Execution id="b9d81783-32a9-472f-8678-d05cacba22fe" />
      <TestMethod codeBase="F:\Github\Color-Chan.Discord\tests\Color-Chan.Discord.Commands.Tests\bin\Debug\net8.0\Color-Chan.Discord.Commands.Tests.dll" adapterTypeName="executor://nunit3testexecutor/" className="Color_Chan.Discord.Commands.Tests.Services.Implementations.SlashCommandServiceTests" name="Should_execute_interaction_command_with_requirement(&quot;Command17&quot;)" />
    </UnitTest>
    <UnitTest name="Should_not_pass_user_permission_requirement(Speak,None)" storage="f:\github\color-chan.discord\tests\color-chan.discord.commands.tests\bin\debug\net8.0\color-chan.discord.commands.tests.dll" id="166279c3-228c-c331-04dd-1acbe553528d">
      <Execution id="5dc2df3c-815b-4567-af06-449d3b4fc802" />
      <TestMethod codeBase="F:\Github\Color-Chan.Discord\tests\Color-Chan.Discord.Commands.Tests\bin\Debug\net8.0\Color-Chan.Discord.Commands.Tests.dll" adapterTypeName="executor://nunit3testexecutor/" className="Color_Chan.Discord.Commands.Tests.Attributes.RequireBotPermissionAttributeTests" name="Should_not_pass_user_permission_requirement(Speak,None)" />
    </UnitTest>
    <UnitTest name="Should_execute_top_level_command_with_resolved_and_pipelines" storage="f:\github\color-chan.discord\tests\color-chan.discord.commands.tests\bin\debug\net8.0\color-chan.discord.commands.tests.dll" id="89de4e0b-5d5c-6fa9-e177-03b2c3ee39e6">
      <Execution id="c020f750-0540-44b8-b227-63f9d73e5486" />
      <TestMethod codeBase="F:\Github\Color-Chan.Discord\tests\Color-Chan.Discord.Commands.Tests\bin\Debug\net8.0\Color-Chan.Discord.Commands.Tests.dll" adapterTypeName="executor://nunit3testexecutor/" className="Color_Chan.Discord.Commands.Tests.Services.Implementations.InteractionHandlers.DiscordSlashCommandHandlerTests" name="Should_execute_top_level_command_with_resolved_and_pipelines" />
    </UnitTest>
    <UnitTest name="Should_execute_and_fail_interaction_command(&quot;CommandWithError2&quot;,&quot;Command error 2&quot;)" storage="f:\github\color-chan.discord\tests\color-chan.discord.commands.tests\bin\debug\net8.0\color-chan.discord.commands.tests.dll" id="99426d9c-b4a4-adae-fbba-b01a3b99793d">
      <Execution id="973dc54e-134f-4c80-943b-19be730d7ee4" />
      <TestMethod codeBase="F:\Github\Color-Chan.Discord\tests\Color-Chan.Discord.Commands.Tests\bin\Debug\net8.0\Color-Chan.Discord.Commands.Tests.dll" adapterTypeName="executor://nunit3testexecutor/" className="Color_Chan.Discord.Commands.Tests.Services.Implementations.SlashCommandServiceTests" name="Should_execute_and_fail_interaction_command(&quot;CommandWithError2&quot;,&quot;Command error 2&quot;)" />
    </UnitTest>
    <UnitTest name="Should_pass_user_permission_requirement(AddReactions,Administrator)" storage="f:\github\color-chan.discord\tests\color-chan.discord.commands.tests\bin\debug\net8.0\color-chan.discord.commands.tests.dll" id="013a879a-c0de-d910-1c9e-2bced9372d01">
      <Execution id="0c94a033-7d95-42f7-b9f8-3e3fc7547ed2" />
      <TestMethod codeBase="F:\Github\Color-Chan.Discord\tests\Color-Chan.Discord.Commands.Tests\bin\Debug\net8.0\Color-Chan.Discord.Commands.Tests.dll" adapterTypeName="executor://nunit3testexecutor/" className="Color_Chan.Discord.Commands.Tests.Attributes.RequireBotPermissionAttributeTests" name="Should_pass_user_permission_requirement(AddReactions,Administrator)" />
    </UnitTest>
  </TestDefinitions>
  <TestEntries>
    <TestEntry testId="f14f63fe-a883-1898-c089-34f6c5bcd1f5" executionId="04ef8f4a-f10e-4817-83b0-29de6e0e9bca" testListId="8c84fa94-04c1-424b-9868-57a2d4851a1d" />
    <TestEntry testId="23de8960-dd1b-218c-bc75-f7dbb49d0814" executionId="d7d7560d-b0e0-4f17-99a6-359400cb6de6" testListId="8c84fa94-04c1-424b-9868-57a2d4851a1d" />
    <TestEntry testId="9c318806-f5ec-264e-ecf5-f3eb420f0b25" executionId="eac3506e-6d12-45fa-853c-54f218eeaebf" testListId="8c84fa94-04c1-424b-9868-57a2d4851a1d" />
    <TestEntry testId="98cffa0c-c9a9-0b5f-1c09-ecaf3278ffd2" executionId="bb42d13d-777b-4fd9-a854-adccdc9e6d1e" testListId="8c84fa94-04c1-424b-9868-57a2d4851a1d" />
    <TestEntry testId="8fb5a465-3177-f31e-9b3c-129d5d3d7adc" executionId="bed5b06f-305c-4ee1-a120-1026059c8ea6" testListId="8c84fa94-04c1-424b-9868-57a2d4851a1d" />
    <TestEntry testId="6580416e-91ef-b7ea-16a2-c747c9c39b08" executionId="5c98d995-326f-4a64-a5da-fbf988fee247" testListId="8c84fa94-04c1-424b-9868-57a2d4851a1d" />
    <TestEntry testId="e32f387e-b613-d3fe-23fe-50c11a87d917" executionId="094fe392-8997-4f4b-9488-faa878f9a157" testListId="8c84fa94-04c1-424b-9868-57a2d4851a1d" />
    <TestEntry testId="c8e7bdfb-5c67-4648-5ec9-9bf9fc01ee74" executionId="1edcd731-94cb-4b52-b97c-5a5429f0ae42" testListId="8c84fa94-04c1-424b-9868-57a2d4851a1d" />
    <TestEntry testId="30056c16-4190-6a23-ecc9-cf9806277f1c" executionId="c9a7e1ce-5d85-42bd-aa03-717799e0bf88" testListId="8c84fa94-04c1-424b-9868-57a2d4851a1d" />
    <TestEntry testId="b24a9b5e-dd01-1c5c-668b-f7c55ffd4b4b" executionId="42705158-77e4-45b0-a08f-c2c9a319cb4b" testListId="8c84fa94-04c1-424b-9868-57a2d4851a1d" />
    <TestEntry testId="d96c626b-666a-91e8-7572-70293c69c1c3" executionId="b2bd7b49-e933-44e3-8b90-e0eac61e9fe5" testListId="8c84fa94-04c1-424b-9868-57a2d4851a1d" />
    <TestEntry testId="61b5420e-69ac-1d08-aae1-4eceebd3fad5" executionId="709a5f45-e8bb-4429-8a3f-22798658b391" testListId="8c84fa94-04c1-424b-9868-57a2d4851a1d" />
    <TestEntry testId="a19b2b7f-e407-65de-68da-f11d6858d5fa" executionId="cd5895f3-f044-4ec1-94a1-e151f56cf5e1" testListId="8c84fa94-04c1-424b-9868-57a2d4851a1d" />
    <TestEntry testId="1f443028-2e0c-4916-4510-0bbc44e09096" executionId="bb6f00d0-badb-4127-a354-ac14bf82e238" testListId="8c84fa94-04c1-424b-9868-57a2d4851a1d" />
    <TestEntry testId="9721c7d5-5d02-deea-390d-adfe92a643ff" executionId="37b96e74-fa6c-4efb-9dbb-cc8d042fef73" testListId="8c84fa94-04c1-424b-9868-57a2d4851a1d" />
    <TestEntry testId="27d8e9e9-aae7-7040-cd37-25546de51f71" executionId="7bcd0d43-769b-4b7a-8b16-a30e0fe24a5b" testListId="8c84fa94-04c1-424b-9868-57a2d4851a1d" />
    <TestEntry testId="fd80557f-7cec-49b5-420b-b0a53ddb92ff" executionId="fcdf5c9f-6885-4a1a-b6cb-86be3d45e35c" testListId="8c84fa94-04c1-424b-9868-57a2d4851a1d" />
    <TestEntry testId="013a879a-c0de-d910-1c9e-2bced9372d01" executionId="0c94a033-7d95-42f7-b9f8-3e3fc7547ed2" testListId="8c84fa94-04c1-424b-9868-57a2d4851a1d" />
    <TestEntry testId="0c2d240b-acd4-8706-c39b-89cec1cc8003" executionId="a668221b-78be-464a-80e4-1d15a0b12ac3" testListId="8c84fa94-04c1-424b-9868-57a2d4851a1d" />
    <TestEntry testId="32ed581d-f571-3624-da35-f00c90a9aaf0" executionId="45c42652-a94a-4f43-a8b2-30790a633196" testListId="8c84fa94-04c1-424b-9868-57a2d4851a1d" />
    <TestEntry testId="7a5551ec-607e-a6d1-6235-a7c051f9e042" executionId="de1862e4-0e6d-4239-8d6e-09f52a5b09c3" testListId="8c84fa94-04c1-424b-9868-57a2d4851a1d" />
    <TestEntry testId="d2a081c9-17f7-7a1b-48ac-4b4c3e193261" executionId="cb17213b-9d1a-4c24-9a7e-4668176c929f" testListId="8c84fa94-04c1-424b-9868-57a2d4851a1d" />
    <TestEntry testId="4d5a0435-b2e3-8cfa-da25-90cbefc3d9a7" executionId="78a83333-3161-413b-85e5-6eb5c8d55c07" testListId="8c84fa94-04c1-424b-9868-57a2d4851a1d" />
    <TestEntry testId="ef81eb86-8c91-9c25-c561-c10129f22085" executionId="9b07c7db-e43d-4408-930b-cba28e69fc62" testListId="8c84fa94-04c1-424b-9868-57a2d4851a1d" />
    <TestEntry testId="649e0516-c9a0-4f09-ff06-aab21658dfe9" executionId="924162cd-1699-4beb-94b7-6bfa8d69175d" testListId="8c84fa94-04c1-424b-9868-57a2d4851a1d" />
    <TestEntry testId="c810ff45-8ca7-6281-a2d5-50cef0ce520c" executionId="e4bc9f71-6707-49e7-bf43-23cd59d736ce" testListId="8c84fa94-04c1-424b-9868-57a2d4851a1d" />
    <TestEntry testId="d46c707b-7707-8356-4311-1c0df946c8a2" executionId="87ff360d-368a-413f-a7cf-58e1d013f5c0" testListId="8c84fa94-04c1-424b-9868-57a2d4851a1d" />
    <TestEntry testId="b6b202ec-8c12-6989-7088-61bd6b776d83" executionId="f48ba923-a72c-4b93-a791-2a67c0f2b52a" testListId="8c84fa94-04c1-424b-9868-57a2d4851a1d" />
    <TestEntry testId="4c3d47b0-f29b-be32-591b-8398cee5bd1b" executionId="decba3c0-ac88-4b3b-ba5d-58c7ea4a723f" testListId="8c84fa94-04c1-424b-9868-57a2d4851a1d" />
    <TestEntry testId="1073ea13-91d3-f541-1686-e973a318382d" executionId="ed4b31da-404f-46c7-9187-462569d05ff0" testListId="8c84fa94-04c1-424b-9868-57a2d4851a1d" />
    <TestEntry testId="dc3558e4-86f9-cca6-5c05-cf2add8d7d7f" executionId="e7bec3c2-5759-4eb8-b496-960463d753f0" testListId="8c84fa94-04c1-424b-9868-57a2d4851a1d" />
    <TestEntry testId="816e88d0-3b7a-a64b-df5b-cd92481517b2" executionId="bb556913-cf74-40e0-8811-aed3962accde" testListId="8c84fa94-04c1-424b-9868-57a2d4851a1d" />
    <TestEntry testId="2df63b08-bf77-bb70-f2ab-903cafab3072" executionId="1b1abd15-acb9-4c45-8ddc-7d40d7f9ca96" testListId="8c84fa94-04c1-424b-9868-57a2d4851a1d" />
    <TestEntry testId="a091bfe9-fdc5-dfdc-fce9-a3471faa9417" executionId="6404fc1b-b476-4999-9221-10083f7bb0d3" testListId="8c84fa94-04c1-424b-9868-57a2d4851a1d" />
    <TestEntry testId="e0fe73bb-7dac-524e-09be-e6c7572eb1b5" executionId="e3e13956-f51d-4663-bed4-d47fc4a39d7e" testListId="8c84fa94-04c1-424b-9868-57a2d4851a1d" />
    <TestEntry testId="58f1983d-c458-15a5-4cec-34557786fa9c" executionId="677e7ca3-9e54-45ba-97bd-dd22d6bd5ab8" testListId="8c84fa94-04c1-424b-9868-57a2d4851a1d" />
    <TestEntry testId="64676e89-ee48-8e80-fca9-4eb9fdd578f8" executionId="2401899c-c2fb-4502-b04a-2a787eeeef47" testListId="8c84fa94-04c1-424b-9868-57a2d4851a1d" />
    <TestEntry testId="8cdd8438-0a46-7bb8-9bba-7a9df1b0c44e" executionId="5e22d4e2-bd7b-4b26-ab72-cd4bd3866741" testListId="8c84fa94-04c1-424b-9868-57a2d4851a1d" />
    <TestEntry testId="39c89e4b-7501-d255-495a-fa33d4cde955" executionId="d355a7aa-459b-4d26-9e35-35a4d04ef048" testListId="8c84fa94-04c1-424b-9868-57a2d4851a1d" />
    <TestEntry testId="d2f1b79f-1f8c-279b-1079-cca41e69daca" executionId="e20dcade-217e-46ca-add2-6475f98cfda3" testListId="8c84fa94-04c1-424b-9868-57a2d4851a1d" />
    <TestEntry testId="08512379-0824-257b-6f32-6015260b5011" executionId="ce683c5c-262c-458d-8a85-8f45bb70c001" testListId="8c84fa94-04c1-424b-9868-57a2d4851a1d" />
    <TestEntry testId="17aabff3-c473-91bb-67b2-f6f392337a7a" executionId="dedc989c-aac7-4892-b0c0-4ef6a52c8dfb" testListId="8c84fa94-04c1-424b-9868-57a2d4851a1d" />
    <TestEntry testId="309e24ff-1f0f-74ea-8e4f-7aa64a942781" executionId="19091ee5-39c6-4ca9-93a3-5009d9a6587a" testListId="8c84fa94-04c1-424b-9868-57a2d4851a1d" />
    <TestEntry testId="01bd6f8e-2080-f785-3415-db0c745da931" executionId="1fb9c38d-279c-4a75-a6cc-f469ed5c8eae" testListId="8c84fa94-04c1-424b-9868-57a2d4851a1d" />
    <TestEntry testId="cbff9a8e-52a5-0cbf-9cac-78f57af80009" executionId="a9c7ed80-ecd7-4a3e-9813-e7e3c71f7818" testListId="8c84fa94-04c1-424b-9868-57a2d4851a1d" />
    <TestEntry testId="61fdc609-8b49-59d7-c516-330070fa63da" executionId="f05d78c8-98b7-4c7c-90c0-36fa3687e2cc" testListId="8c84fa94-04c1-424b-9868-57a2d4851a1d" />
    <TestEntry testId="4104438a-1c90-4e07-347a-35ff9a9d6141" executionId="d95bdd6d-8f37-4dd2-ab89-77b997c2784f" testListId="8c84fa94-04c1-424b-9868-57a2d4851a1d" />
    <TestEntry testId="b5099bba-7167-3a4d-c0ea-08f28a25eb50" executionId="949a4175-c565-4e82-a418-a1a9e00dbe39" testListId="8c84fa94-04c1-424b-9868-57a2d4851a1d" />
    <TestEntry testId="3205a7aa-6e2d-91c2-6701-b29b90336da3" executionId="d7a61787-320a-465c-8d66-1249a5f89896" testListId="8c84fa94-04c1-424b-9868-57a2d4851a1d" />
    <TestEntry testId="99426d9c-b4a4-adae-fbba-b01a3b99793d" executionId="973dc54e-134f-4c80-943b-19be730d7ee4" testListId="8c84fa94-04c1-424b-9868-57a2d4851a1d" />
    <TestEntry testId="7334de13-7b67-fef3-dfce-cfd709be21da" executionId="3bac207c-d59b-4b11-bedc-5673b2434c72" testListId="8c84fa94-04c1-424b-9868-57a2d4851a1d" />
    <TestEntry testId="1a40f497-48fe-ec06-7235-a632a5f1f713" executionId="90d25074-7738-486a-a044-d812d6d60513" testListId="8c84fa94-04c1-424b-9868-57a2d4851a1d" />
    <TestEntry testId="89de4e0b-5d5c-6fa9-e177-03b2c3ee39e6" executionId="c020f750-0540-44b8-b227-63f9d73e5486" testListId="8c84fa94-04c1-424b-9868-57a2d4851a1d" />
    <TestEntry testId="e9135310-11c2-d624-25ea-86a177249392" executionId="8b1718bb-13e1-48a6-804e-eb3a8e9d3813" testListId="8c84fa94-04c1-424b-9868-57a2d4851a1d" />
    <TestEntry testId="39522ab1-1a96-e2dd-41a6-8cd0face061a" executionId="96e7cd36-4e70-4951-91cd-4504c00b288f" testListId="8c84fa94-04c1-424b-9868-57a2d4851a1d" />
    <TestEntry testId="34a9418f-0768-4842-fc06-dce4a3a4a64b" executionId="e7a6389d-8d34-4884-a037-5e4098125f47" testListId="8c84fa94-04c1-424b-9868-57a2d4851a1d" />
    <TestEntry testId="792ad755-d09d-6c12-d187-f36cd60a001c" executionId="99ee76dc-64ea-4c06-9d0a-0fb5add3e29e" testListId="8c84fa94-04c1-424b-9868-57a2d4851a1d" />
    <TestEntry testId="8b91c9e3-c6bd-fe26-6af5-924f327070f8" executionId="ae3bced1-3d43-45c0-982b-76a34292763c" testListId="8c84fa94-04c1-424b-9868-57a2d4851a1d" />
    <TestEntry testId="1a16d813-46dc-9c0b-988f-9ba3a769e595" executionId="539c4c25-dfe7-4994-b25f-a7c5795f7987" testListId="8c84fa94-04c1-424b-9868-57a2d4851a1d" />
    <TestEntry testId="1c5b4c6d-ea2f-4dd1-176e-81c4cbf930d7" executionId="9a25f062-4334-487d-826a-4627c980c9fe" testListId="8c84fa94-04c1-424b-9868-57a2d4851a1d" />
    <TestEntry testId="9b3354ad-7924-4fa5-2f48-32450f47279c" executionId="fc088237-9bb5-4b1a-a4b7-34133bdcc6fc" testListId="8c84fa94-04c1-424b-9868-57a2d4851a1d" />
    <TestEntry testId="c09a5d40-ce71-5c12-1c98-36669c1c2d6c" executionId="32bd83ad-ab00-4fd0-9c14-00486017bf38" testListId="8c84fa94-04c1-424b-9868-57a2d4851a1d" />
    <TestEntry testId="aeb73e4d-d1e1-204d-6af4-49c3da6dfce9" executionId="453e393f-824e-43ff-9684-24ef6707cc59" testListId="8c84fa94-04c1-424b-9868-57a2d4851a1d" />
    <TestEntry testId="ddc4ab82-29ce-3619-5d23-57e86a453d4f" executionId="71e20a28-f844-45b2-adf2-fb82a8a0cd7d" testListId="8c84fa94-04c1-424b-9868-57a2d4851a1d" />
    <TestEntry testId="6588c81f-db70-2510-5ff6-a1fecdad587e" executionId="bd0d750a-905c-412e-8ccb-615cec0227ee" testListId="8c84fa94-04c1-424b-9868-57a2d4851a1d" />
    <TestEntry testId="45cc7a10-45b4-d841-a166-936ca5f475f1" executionId="45f2347c-f03e-4e3e-ad9b-d4bcde5be7a3" testListId="8c84fa94-04c1-424b-9868-57a2d4851a1d" />
    <TestEntry testId="4438e848-6f28-99b2-cb82-79330565681b" executionId="edb70907-ca58-4f50-bc51-f8dc33854b55" testListId="8c84fa94-04c1-424b-9868-57a2d4851a1d" />
    <TestEntry testId="9a5129a5-9db3-d361-1652-5c0a212c0738" executionId="bd9d85a0-a0c3-4ff7-b10e-f79d23c301ac" testListId="8c84fa94-04c1-424b-9868-57a2d4851a1d" />
    <TestEntry testId="e02447f3-9939-4ca8-f1ab-e39c5d20d58b" executionId="5bcfb46a-aef7-4dec-8596-b0c2e1bc076a" testListId="8c84fa94-04c1-424b-9868-57a2d4851a1d" />
    <TestEntry testId="3a34bfcf-6891-5878-8a04-6cd8a744fa31" executionId="80b4b54a-8897-4cce-8aea-b87a626aedc7" testListId="8c84fa94-04c1-424b-9868-57a2d4851a1d" />
    <TestEntry testId="47c167e1-f7ae-1384-c21b-0be264c3e920" executionId="3390a210-4a46-47ae-bc42-f9d58976dcf5" testListId="8c84fa94-04c1-424b-9868-57a2d4851a1d" />
    <TestEntry testId="d4a859f3-878a-cf4f-45a8-c6eba3f447aa" executionId="3a4bb4d8-2dd8-458b-b9fb-c4d1a22426a3" testListId="8c84fa94-04c1-424b-9868-57a2d4851a1d" />
    <TestEntry testId="81e19dd4-37db-24f3-a863-80fface3492b" executionId="13a50848-b411-4d01-b8fb-263f72af211d" testListId="8c84fa94-04c1-424b-9868-57a2d4851a1d" />
    <TestEntry testId="9df420c7-44fe-dc3e-da28-2ac8f90439ff" executionId="d754850c-1ffe-4570-b534-f63d7545fd65" testListId="8c84fa94-04c1-424b-9868-57a2d4851a1d" />
    <TestEntry testId="1c017834-64a9-7b4e-f118-40bbf4ca7ee8" executionId="ff4548bf-09b0-484c-ba8a-dec54f545032" testListId="8c84fa94-04c1-424b-9868-57a2d4851a1d" />
    <TestEntry testId="1c6a882f-4d58-7ba6-6f07-35e7253a58be" executionId="dc6db1e9-5ea7-4228-9694-f46a24389fd7" testListId="8c84fa94-04c1-424b-9868-57a2d4851a1d" />
    <TestEntry testId="f2dedc58-2932-07bd-6583-140d352b936a" executionId="47b507d1-bcad-4ddd-b348-06bb5977e4e5" testListId="8c84fa94-04c1-424b-9868-57a2d4851a1d" />
    <TestEntry testId="4b31d101-3db0-9344-50d9-647aed968fb2" executionId="56287200-c12e-4908-ab15-9ce6820d82bb" testListId="8c84fa94-04c1-424b-9868-57a2d4851a1d" />
    <TestEntry testId="775b8379-5a2d-44ad-95da-6a3082a8f8af" executionId="a209cfe6-bd59-4631-80fe-c47e04965581" testListId="8c84fa94-04c1-424b-9868-57a2d4851a1d" />
    <TestEntry testId="bf3a8dc2-c7cd-e410-1d4e-b659a67dfdf8" executionId="3c7ea18e-c272-4ee9-885f-41795da64c08" testListId="8c84fa94-04c1-424b-9868-57a2d4851a1d" />
    <TestEntry testId="b2f38151-dcb3-ac81-fb81-daa581be5855" executionId="9870ac5e-3681-4dd8-a053-b2849aa8bed1" testListId="8c84fa94-04c1-424b-9868-57a2d4851a1d" />
    <TestEntry testId="154b578d-7fdb-4c54-1a93-ff0df8f9d687" executionId="9a8c4ab0-0560-4ff1-9b97-163f24f18cb6" testListId="8c84fa94-04c1-424b-9868-57a2d4851a1d" />
    <TestEntry testId="166279c3-228c-c331-04dd-1acbe553528d" executionId="5dc2df3c-815b-4567-af06-449d3b4fc802" testListId="8c84fa94-04c1-424b-9868-57a2d4851a1d" />
    <TestEntry testId="c65e9d5e-b9e3-ef7b-62ae-03b516d4a942" executionId="b9d81783-32a9-472f-8678-d05cacba22fe" testListId="8c84fa94-04c1-424b-9868-57a2d4851a1d" />
    <TestEntry testId="25444235-d407-fea6-ca90-70414a0d35d1" executionId="4fff4476-fca2-407f-a690-379ce195bfc1" testListId="8c84fa94-04c1-424b-9868-57a2d4851a1d" />
  </TestEntries>
  <TestLists>
    <TestList name="Results Not in a List" id="8c84fa94-04c1-424b-9868-57a2d4851a1d" />
    <TestList name="All Loaded Results" id="19431567-8539-422a-85d7-44ee4e166bda" />
  </TestLists>
  <ResultSummary outcome="Completed">
    <Counters total="85" executed="85" passed="85" failed="0" error="0" timeout="0" aborted="0" inconclusive="0" passedButRunAborted="0" notRunnable="0" notExecuted="0" disconnected="0" warning="0" completed="0" inProgress="0" pending="0" />
    <Output>
      <StdOut>NUnit Adapter 4.6.0.0: Test execution started&#xD;
Running all tests in F:\Github\Color-Chan.Discord\tests\Color-Chan.Discord.Commands.Tests\bin\Debug\net8.0\Color-Chan.Discord.Commands.Tests.dll&#xD;
   NUnit3TestExecutor discovered 85 of 85 NUnit test cases using Current Discovery mode, Non-Explicit run&#xD;
NUnit Adapter 4.6.0.0: Test execution complete&#xD;
</StdOut>
    </Output>
  </ResultSummary>
</TestRun>