<?xml version="1.0" encoding="utf-8"?>
<TestRun id="ffc8a5c3-ce01-459d-8d07-65fad2ee333e" name="test 2025-02-11 17:41:50" runUser="test" xmlns="http://microsoft.com/schemas/VisualStudio/TeamTest/2010">
  <Times creation="2025-02-11T17:41:50.9900355+01:00" queuing="2025-02-11T17:41:50.9900357+01:00" start="2025-02-11T17:41:50.1800228+01:00" finish="2025-02-11T17:41:51.3801308+01:00" />
  <TestSettings name="default" id="eb3f0730-7e6b-47f8-8422-8b917a353dc9">
    <Deployment runDeploymentRoot="test_2025-02-11_17_41_50" />
  </TestSettings>
  <Results>
    <UnitTestResult executionId="7dff2b02-9585-498e-b056-6c6da7ce7aae" testId="e53420fe-02c6-eb83-28d8-e7b701e7e8f0" testName="HasChannelPermissions_should_detect_channel_perm(KickMembers, ManageThreads)" computerName="test" duration="00:00:00.0000030" startTime="2025-02-11T17:41:51.3217534+01:00" endTime="2025-02-11T17:41:51.3217559+01:00" testType="13cdc9d9-ddb5-4fa4-a97d-d965ccfc6d4b" outcome="Passed" testListId="8c84fa94-04c1-424b-9868-57a2d4851a1d" relativeResultsDirectory="7dff2b02-9585-498e-b056-6c6da7ce7aae" />
    <UnitTestResult executionId="7ef6dd8c-583a-4798-a7af-5407bc259d0e" testId="221926e5-e976-5964-f705-7af799d58c3a" testName="Should_serialize" computerName="test" duration="00:00:00.0017250" startTime="2025-02-11T17:41:51.1259000+01:00" endTime="2025-02-11T17:41:51.1276248+01:00" testType="13cdc9d9-ddb5-4fa4-a97d-d965ccfc6d4b" outcome="Passed" testListId="8c84fa94-04c1-424b-9868-57a2d4851a1d" relativeResultsDirectory="7ef6dd8c-583a-4798-a7af-5407bc259d0e" />
    <UnitTestResult executionId="f076747d-5fd6-47c1-9936-fd505c9ba72f" testId="a61e3a0c-a520-1a2c-9790-dbf1971ed2e6" testName="Should_deserialize(&quot;TestJson/API/DataModels/DiscordInteractionData\\DiscordInteractionData4.json&quot;)" computerName="test" duration="00:00:00.0004060" startTime="2025-02-11T17:41:51.2914104+01:00" endTime="2025-02-11T17:41:51.2918157+01:00" testType="13cdc9d9-ddb5-4fa4-a97d-d965ccfc6d4b" outcome="Passed" testListId="8c84fa94-04c1-424b-9868-57a2d4851a1d" relativeResultsDirectory="f076747d-5fd6-47c1-9936-fd505c9ba72f" />
    <UnitTestResult executionId="bb7037ce-80d6-48f7-bea0-f14a19bd584e" testId="73123aba-f756-f359-21fb-53be890b3e16" testName="Should_deserialize(&quot;TestJson/API/Params/DiscordModifyGuildRole\\DiscordModifyGuildRole2.json&quot;)" computerName="test" duration="00:00:00.0002240" startTime="2025-02-11T17:41:51.3195083+01:00" endTime="2025-02-11T17:41:51.3197320+01:00" testType="13cdc9d9-ddb5-4fa4-a97d-d965ccfc6d4b" outcome="Passed" testListId="8c84fa94-04c1-424b-9868-57a2d4851a1d" relativeResultsDirectory="bb7037ce-80d6-48f7-bea0-f14a19bd584e" />
    <UnitTestResult executionId="3d4a532f-cf26-4b4f-ac70-7b44f648dcde" testId="4104bdcf-77f2-00e2-168e-587a82bdc8fa" testName="Should_deserialize(&quot;TestJson/API/Params/DiscordModifyGuildRole\\DiscordModifyGuildRole3.json&quot;)" computerName="test" duration="00:00:00.0001420" startTime="2025-02-11T17:41:51.3197463+01:00" endTime="2025-02-11T17:41:51.3198881+01:00" testType="13cdc9d9-ddb5-4fa4-a97d-d965ccfc6d4b" outcome="Passed" testListId="8c84fa94-04c1-424b-9868-57a2d4851a1d" relativeResultsDirectory="3d4a532f-cf26-4b4f-ac70-7b44f648dcde" />
    <UnitTestResult executionId="f4c787a7-1581-4779-becd-42a913b4a8f8" testId="ccac980e-a27a-c2a6-9ac7-56b70ec1314f" testName="Should_deserialize(&quot;TestJson/API/DataModels/DiscordInteractionOptionData\\DiscordInteractionCommandOptionData.json&quot;)" computerName="test" duration="00:00:00.0013780" startTime="2025-02-11T17:41:51.2663230+01:00" endTime="2025-02-11T17:41:51.2677009+01:00" testType="13cdc9d9-ddb5-4fa4-a97d-d965ccfc6d4b" outcome="Passed" testListId="8c84fa94-04c1-424b-9868-57a2d4851a1d" relativeResultsDirectory="f4c787a7-1581-4779-becd-42a913b4a8f8" />
    <UnitTestResult executionId="95507ecd-8d2f-4cb9-b24f-b889cc8b1968" testId="ed8a8612-289a-9556-d390-8decfe8efad0" testName="Should_serialize_and_deserialize(&quot;TestJson/API/DataModels/DiscordEmbedThumbnailData\\DiscordEmbedThumbnailData.json&quot;)" computerName="test" duration="00:00:00.0003340" startTime="2025-02-11T17:41:51.0146802+01:00" endTime="2025-02-11T17:41:51.0150136+01:00" testType="13cdc9d9-ddb5-4fa4-a97d-d965ccfc6d4b" outcome="Passed" testListId="8c84fa94-04c1-424b-9868-57a2d4851a1d" relativeResultsDirectory="95507ecd-8d2f-4cb9-b24f-b889cc8b1968" />
    <UnitTestResult executionId="a8a45dc1-c198-4e0f-bedd-bb0043a47b0a" testId="798790d7-bad2-06c1-b61d-fedc48c586b0" testName="Should_serialize_and_deserialize(&quot;TestJson/API/DataModels/DiscordGuildPremiumTier\\DiscordGuildPremiumTier2.json&quot;)" computerName="test" duration="00:00:00.0002930" startTime="2025-02-11T17:41:51.1408866+01:00" endTime="2025-02-11T17:41:51.1411796+01:00" testType="13cdc9d9-ddb5-4fa4-a97d-d965ccfc6d4b" outcome="Passed" testListId="8c84fa94-04c1-424b-9868-57a2d4851a1d" relativeResultsDirectory="a8a45dc1-c198-4e0f-bedd-bb0043a47b0a" />
    <UnitTestResult executionId="94c6ea29-eda9-471c-ab23-6fde19cb60a3" testId="aaf74023-64f6-5ec7-6524-8cf11203e1b9" testName="Should_serialize" computerName="test" duration="00:00:00.0016820" startTime="2025-02-11T17:41:50.9214656+01:00" endTime="2025-02-11T17:41:50.9231473+01:00" testType="13cdc9d9-ddb5-4fa4-a97d-d965ccfc6d4b" outcome="Passed" testListId="8c84fa94-04c1-424b-9868-57a2d4851a1d" relativeResultsDirectory="94c6ea29-eda9-471c-ab23-6fde19cb60a3" />
    <UnitTestResult executionId="1ffb8540-7675-4081-94b3-cd4689964d2a" testId="731922dc-7264-bae1-0621-efb20a584836" testName="Should_serialize_and_deserialize(&quot;TestJson/API/DataModels/DiscordPermission\\DiscordGuildPermission5.json&quot;)" computerName="test" duration="00:00:00.0003770" startTime="2025-02-11T17:41:50.9499642+01:00" endTime="2025-02-11T17:41:50.9503411+01:00" testType="13cdc9d9-ddb5-4fa4-a97d-d965ccfc6d4b" outcome="Passed" testListId="8c84fa94-04c1-424b-9868-57a2d4851a1d" relativeResultsDirectory="1ffb8540-7675-4081-94b3-cd4689964d2a" />
    <UnitTestResult executionId="d173b7e1-2109-41b0-b64c-e93182a09cb2" testId="193add6b-b81f-2b8e-67f6-49e4b6a4b4a1" testName="Should_serialize_and_deserialize(&quot;TestJson/API/DataModels/DiscordJsonErrorData\\DiscordJsonErrorData2.json&quot;)" computerName="test" duration="00:00:00.0005060" startTime="2025-02-11T17:41:51.0279254+01:00" endTime="2025-02-11T17:41:51.0284317+01:00" testType="13cdc9d9-ddb5-4fa4-a97d-d965ccfc6d4b" outcome="Passed" testListId="8c84fa94-04c1-424b-9868-57a2d4851a1d" relativeResultsDirectory="d173b7e1-2109-41b0-b64c-e93182a09cb2" />
    <UnitTestResult executionId="19bb57a4-0170-4398-aa49-3ba8dee95554" testId="73fe2b99-9a18-0526-c59b-132952b2e483" testName="Should_parse_permissions_string(&quot;120259084800&quot;,Stream, ManageThreads, UsePublicThreads, UsePrivateThreads)" computerName="test" duration="00:00:00.0000030" startTime="2025-02-11T17:41:51.3035388+01:00" endTime="2025-02-11T17:41:51.3035414+01:00" testType="13cdc9d9-ddb5-4fa4-a97d-d965ccfc6d4b" outcome="Passed" testListId="8c84fa94-04c1-424b-9868-57a2d4851a1d" relativeResultsDirectory="19bb57a4-0170-4398-aa49-3ba8dee95554" />
    <UnitTestResult executionId="d300048b-edbc-4b25-9ef2-f21a20009532" testId="4df4b21d-f03b-cf9d-ae4f-71e054687f1b" testName="Should_serialize" computerName="test" duration="00:00:00.0002780" startTime="2025-02-11T17:41:51.3174749+01:00" endTime="2025-02-11T17:41:51.3177532+01:00" testType="13cdc9d9-ddb5-4fa4-a97d-d965ccfc6d4b" outcome="Passed" testListId="8c84fa94-04c1-424b-9868-57a2d4851a1d" relativeResultsDirectory="d300048b-edbc-4b25-9ef2-f21a20009532" />
    <UnitTestResult executionId="73d460aa-af16-4b60-b057-87707742a0db" testId="0c0fa5c2-f2a8-3e23-08e0-5e5d827016b2" testName="Should_deserialize(&quot;TestJson/API/Params/DiscordModifyGuildRole\\DiscordModifyGuildRole.json&quot;)" computerName="test" duration="00:00:00.0010410" startTime="2025-02-11T17:41:51.3184553+01:00" endTime="2025-02-11T17:41:51.3194960+01:00" testType="13cdc9d9-ddb5-4fa4-a97d-d965ccfc6d4b" outcome="Passed" testListId="8c84fa94-04c1-424b-9868-57a2d4851a1d" relativeResultsDirectory="73d460aa-af16-4b60-b057-87707742a0db" />
    <UnitTestResult executionId="6357879d-125e-4248-9f51-672651b137c4" testId="4f50d03c-0700-414e-84b7-f5ecdd75e2c2" testName="Should_serialize" computerName="test" duration="00:00:00.0010219" startTime="2025-02-11T17:41:51.0254477+01:00" endTime="2025-02-11T17:41:51.0264692+01:00" testType="13cdc9d9-ddb5-4fa4-a97d-d965ccfc6d4b" outcome="Passed" testListId="8c84fa94-04c1-424b-9868-57a2d4851a1d" relativeResultsDirectory="6357879d-125e-4248-9f51-672651b137c4" />
    <UnitTestResult executionId="ac51d68a-6ec9-4cf1-bdeb-d0d936aefd46" testId="45c8e4f8-5732-0bc7-5528-84d27ead1a36" testName="Should_serialize_and_deserialize(&quot;TestJson/API/DataModels/DiscordInteractionOptionData\\DiscordInteractionCommandOptionData.json&quot;)" computerName="test" duration="00:00:00.0002910" startTime="2025-02-11T17:41:51.2678864+01:00" endTime="2025-02-11T17:41:51.2681770+01:00" testType="13cdc9d9-ddb5-4fa4-a97d-d965ccfc6d4b" outcome="Passed" testListId="8c84fa94-04c1-424b-9868-57a2d4851a1d" relativeResultsDirectory="ac51d68a-6ec9-4cf1-bdeb-d0d936aefd46" />
    <UnitTestResult executionId="640a35ed-fa9a-4f88-a13c-b030f9e03747" testId="3cfbd234-656d-5412-70c9-a8d0359e8caf" testName="Should_deserialize(&quot;TestJson/API/DataModels/DiscordInteractionResolvedData\\DiscordInteractionCommandResolvedData2.json&quot;)" computerName="test" duration="00:00:00.0005040" startTime="2025-02-11T17:41:51.2798923+01:00" endTime="2025-02-11T17:41:51.2803964+01:00" testType="13cdc9d9-ddb5-4fa4-a97d-d965ccfc6d4b" outcome="Passed" testListId="8c84fa94-04c1-424b-9868-57a2d4851a1d" relativeResultsDirectory="640a35ed-fa9a-4f88-a13c-b030f9e03747" />
    <UnitTestResult executionId="4cd74806-c286-4c24-b7d3-ad0c8d5da17c" testId="819b0740-fedf-d8bd-a6e8-8ca500d01b1a" testName="Should_deserialize(&quot;TestJson/API/Params/DiscordCreateApplicationCommand\\DiscordCreateApplicationCommand.json&quot;)" computerName="test" duration="00:00:00.0012440" startTime="2025-02-11T17:41:51.3036502+01:00" endTime="2025-02-11T17:41:51.3048940+01:00" testType="13cdc9d9-ddb5-4fa4-a97d-d965ccfc6d4b" outcome="Passed" testListId="8c84fa94-04c1-424b-9868-57a2d4851a1d" relativeResultsDirectory="4cd74806-c286-4c24-b7d3-ad0c8d5da17c" />
    <UnitTestResult executionId="eb950086-7235-40c0-baf6-92384efff186" testId="f814ce8c-e9a5-109f-626b-3a6cb66030e2" testName="Should_serialize_and_deserialize(&quot;TestJson/API/Params/DiscordModifyGuildRole\\DiscordModifyGuildRole2.json&quot;)" computerName="test" duration="00:00:00.0002590" startTime="2025-02-11T17:41:51.3206996+01:00" endTime="2025-02-11T17:41:51.3209582+01:00" testType="13cdc9d9-ddb5-4fa4-a97d-d965ccfc6d4b" outcome="Passed" testListId="8c84fa94-04c1-424b-9868-57a2d4851a1d" relativeResultsDirectory="eb950086-7235-40c0-baf6-92384efff186" />
    <UnitTestResult executionId="e4925fe2-93e6-4765-a662-6798660979e1" testId="650e5ab6-a5a5-eabb-b40c-e4eea3c6c1f3" testName="Should_serialize" computerName="test" duration="00:00:00.0005080" startTime="2025-02-11T17:41:51.3199078+01:00" endTime="2025-02-11T17:41:51.3204157+01:00" testType="13cdc9d9-ddb5-4fa4-a97d-d965ccfc6d4b" outcome="Passed" testListId="8c84fa94-04c1-424b-9868-57a2d4851a1d" relativeResultsDirectory="e4925fe2-93e6-4765-a662-6798660979e1" />
    <UnitTestResult executionId="a7028da4-e83f-425c-b0b1-89e447f1873e" testId="4845b4ac-0872-242a-4705-d4a30d6a52fe" testName="Should_serialize" computerName="test" duration="00:00:00.0021180" startTime="2025-02-11T17:41:51.1895251+01:00" endTime="2025-02-11T17:41:51.1916427+01:00" testType="13cdc9d9-ddb5-4fa4-a97d-d965ccfc6d4b" outcome="Passed" testListId="8c84fa94-04c1-424b-9868-57a2d4851a1d" relativeResultsDirectory="a7028da4-e83f-425c-b0b1-89e447f1873e" />
    <UnitTestResult executionId="98da57cd-c76d-42ae-b3af-f05dc5870d91" testId="f4d58c6f-6db8-5b12-cd92-82b837549d0b" testName="HasChannelPermissions_should_detect_channel_perm(AddReactions)" computerName="test" duration="00:00:00.0001150" startTime="2025-02-11T17:41:51.3215877+01:00" endTime="2025-02-11T17:41:51.3217024+01:00" testType="13cdc9d9-ddb5-4fa4-a97d-d965ccfc6d4b" outcome="Passed" testListId="8c84fa94-04c1-424b-9868-57a2d4851a1d" relativeResultsDirectory="98da57cd-c76d-42ae-b3af-f05dc5870d91" />
    <UnitTestResult executionId="6c7468b3-6974-4874-89ae-d6c19888f179" testId="0b814170-e2ef-d3e6-2225-7cd393deee8c" testName="Should_serialize" computerName="test" duration="00:00:00.0023550" startTime="2025-02-11T17:41:50.9982200+01:00" endTime="2025-02-11T17:41:51.0005752+01:00" testType="13cdc9d9-ddb5-4fa4-a97d-d965ccfc6d4b" outcome="Passed" testListId="8c84fa94-04c1-424b-9868-57a2d4851a1d" relativeResultsDirectory="6c7468b3-6974-4874-89ae-d6c19888f179" />
    <UnitTestResult executionId="f0b7c7e4-16bc-4d47-8088-e0676779230b" testId="6f6544fc-fcf6-18ba-3714-2ab754292d7b" testName="Should_deserialize(&quot;TestJson/API/DataModels/DiscordGuildDefaultMessageNotificationLevel\\DiscordGuildDefaultMessageNotificationLevel2.json&quot;)" computerName="test" duration="00:00:00.0005860" startTime="2025-02-11T17:41:51.1031453+01:00" endTime="2025-02-11T17:41:51.1037307+01:00" testType="13cdc9d9-ddb5-4fa4-a97d-d965ccfc6d4b" outcome="Passed" testListId="8c84fa94-04c1-424b-9868-57a2d4851a1d" relativeResultsDirectory="f0b7c7e4-16bc-4d47-8088-e0676779230b" />
    <UnitTestResult executionId="ba7436ba-4b3b-4587-90f1-1285dae7a889" testId="77eb5277-3e47-63b0-62a8-ebfd71f510b4" testName="Should_serialize_and_deserialize(&quot;TestJson/API/DataModels/DiscordInteractionResponseData\\DiscordInteractionResponseData.json&quot;)" computerName="test" duration="00:00:00.0004200" startTime="2025-02-11T17:41:51.3017091+01:00" endTime="2025-02-11T17:41:51.3021293+01:00" testType="13cdc9d9-ddb5-4fa4-a97d-d965ccfc6d4b" outcome="Passed" testListId="8c84fa94-04c1-424b-9868-57a2d4851a1d" relativeResultsDirectory="ba7436ba-4b3b-4587-90f1-1285dae7a889" />
    <UnitTestResult executionId="bce00ce1-aa61-46a2-8bf7-407907b08efb" testId="627d688d-93e4-fb51-5383-283d99d5a726" testName="Should_serialize" computerName="test" duration="00:00:00.0004230" startTime="2025-02-11T17:41:51.0059079+01:00" endTime="2025-02-11T17:41:51.0063312+01:00" testType="13cdc9d9-ddb5-4fa4-a97d-d965ccfc6d4b" outcome="Passed" testListId="8c84fa94-04c1-424b-9868-57a2d4851a1d" relativeResultsDirectory="bce00ce1-aa61-46a2-8bf7-407907b08efb" />
    <UnitTestResult executionId="db486a2a-189c-49c6-835e-83393e8179f9" testId="00b443c2-2d26-6cfa-e3c6-36f9c03f6971" testName="Should_deserialize(&quot;TestJson/API/Params/DiscordAddGuildMember\\DiscordAddGuildMember.json&quot;)" computerName="test" duration="00:00:00.0036720" startTime="2025-02-11T17:41:51.3057579+01:00" endTime="2025-02-11T17:41:51.3094297+01:00" testType="13cdc9d9-ddb5-4fa4-a97d-d965ccfc6d4b" outcome="Passed" testListId="8c84fa94-04c1-424b-9868-57a2d4851a1d" relativeResultsDirectory="db486a2a-189c-49c6-835e-83393e8179f9" />
    <UnitTestResult executionId="c00abd51-8730-4eca-8e82-f1b9167b549b" testId="2cfac0e0-48d9-5ff4-8558-14a9f4395de3" testName="HasChannelPermissions_should_not_detect_channel_perm(ManageRoles)" computerName="test" duration="00:00:00.0000850" startTime="2025-02-11T17:41:51.3219639+01:00" endTime="2025-02-11T17:41:51.3220491+01:00" testType="13cdc9d9-ddb5-4fa4-a97d-d965ccfc6d4b" outcome="Passed" testListId="8c84fa94-04c1-424b-9868-57a2d4851a1d" relativeResultsDirectory="c00abd51-8730-4eca-8e82-f1b9167b549b" />
    <UnitTestResult executionId="437a7f18-15d2-4dae-af8f-dd5af242243f" testId="5d2c5a6c-32f0-9888-53b6-6fff9d0166f2" testName="Should_serialize_and_deserialize(&quot;TestJson/API/DataModels/DiscordGuildRoleData\\DiscordGuildRoleData.json&quot;)" computerName="test" duration="00:00:00.0005310" startTime="2025-02-11T17:41:51.1711903+01:00" endTime="2025-02-11T17:41:51.1717211+01:00" testType="13cdc9d9-ddb5-4fa4-a97d-d965ccfc6d4b" outcome="Passed" testListId="8c84fa94-04c1-424b-9868-57a2d4851a1d" relativeResultsDirectory="437a7f18-15d2-4dae-af8f-dd5af242243f" />
    <UnitTestResult executionId="de90ffa0-dbcd-4e3f-8e7c-8792949b4d81" testId="ee4fec26-8b09-ce46-e26b-32abe695f61c" testName="Should_serialize_and_deserialize(&quot;TestJson/API/DataModels/DiscordInteractionResolvedData\\DiscordInteractionCommandResolvedData2.json&quot;)" computerName="test" duration="00:00:00.0004440" startTime="2025-02-11T17:41:51.2855923+01:00" endTime="2025-02-11T17:41:51.2860364+01:00" testType="13cdc9d9-ddb5-4fa4-a97d-d965ccfc6d4b" outcome="Passed" testListId="8c84fa94-04c1-424b-9868-57a2d4851a1d" relativeResultsDirectory="de90ffa0-dbcd-4e3f-8e7c-8792949b4d81" />
    <UnitTestResult executionId="bb048f5a-f2c3-43fc-a583-c831b2179512" testId="0835ef1e-ac74-35d4-c6a8-b9ca956eea57" testName="Should_parse_permissions_span(&quot;6442975488&quot;,PrioritySpeaker, ViewGuildInsights, UseApplicationCommands, RequestToSpeak)" computerName="test" duration="00:00:00.0000030" startTime="2025-02-11T17:41:51.3032319+01:00" endTime="2025-02-11T17:41:51.3032347+01:00" testType="13cdc9d9-ddb5-4fa4-a97d-d965ccfc6d4b" outcome="Passed" testListId="8c84fa94-04c1-424b-9868-57a2d4851a1d" relativeResultsDirectory="bb048f5a-f2c3-43fc-a583-c831b2179512" />
    <UnitTestResult executionId="0278959b-3d75-4595-aa64-706018f1baaf" testId="53e6e38f-f0fa-a89a-7480-68f47253c1e1" testName="Should_deserialize(&quot;TestJson/API/DataModels/DiscordGuildWelcomeScreenData\\DiscordGuildWelcomeScreenData2json.json&quot;)" computerName="test" duration="00:00:00.0002200" startTime="2025-02-11T17:41:51.1833024+01:00" endTime="2025-02-11T17:41:51.1835222+01:00" testType="13cdc9d9-ddb5-4fa4-a97d-d965ccfc6d4b" outcome="Passed" testListId="8c84fa94-04c1-424b-9868-57a2d4851a1d" relativeResultsDirectory="0278959b-3d75-4595-aa64-706018f1baaf" />
    <UnitTestResult executionId="e7bd649e-e866-4fef-ba3c-3ab64dc6eaac" testId="ded3f8f6-ea71-53e4-ca2b-f7f2cb196b4f" testName="Should_parse_permissions_string(&quot;0&quot;,None)" computerName="test" duration="00:00:00.0000030" startTime="2025-02-11T17:41:51.3035548+01:00" endTime="2025-02-11T17:41:51.3035574+01:00" testType="13cdc9d9-ddb5-4fa4-a97d-d965ccfc6d4b" outcome="Passed" testListId="8c84fa94-04c1-424b-9868-57a2d4851a1d" relativeResultsDirectory="e7bd649e-e866-4fef-ba3c-3ab64dc6eaac" />
    <UnitTestResult executionId="4be0ef43-d4ec-4e3d-be8a-7da2d0eac218" testId="b2e53ef4-b4a6-50eb-7903-3dd0eb8f6edc" testName="Should_serialize_and_deserialize(&quot;TestJson/API/DataModels/DiscordInteractionData\\DiscordInteractionData4.json&quot;)" computerName="test" duration="00:00:00.0004180" startTime="2025-02-11T17:41:51.2951508+01:00" endTime="2025-02-11T17:41:51.2955686+01:00" testType="13cdc9d9-ddb5-4fa4-a97d-d965ccfc6d4b" outcome="Passed" testListId="8c84fa94-04c1-424b-9868-57a2d4851a1d" relativeResultsDirectory="4be0ef43-d4ec-4e3d-be8a-7da2d0eac218" />
    <UnitTestResult executionId="5cd570ac-d1ae-4fa4-9dc5-e457af9564cf" testId="5c2318cc-216a-fbde-2869-f4b79644af37" testName="Should_serialize_and_deserialize(&quot;TestJson/API/DataModels/DiscordEmbedImageData\\DiscordEmbedImageData.json&quot;)" computerName="test" duration="00:00:00.0005750" startTime="2025-02-11T17:41:51.0104730+01:00" endTime="2025-02-11T17:41:51.0110480+01:00" testType="13cdc9d9-ddb5-4fa4-a97d-d965ccfc6d4b" outcome="Passed" testListId="8c84fa94-04c1-424b-9868-57a2d4851a1d" relativeResultsDirectory="5cd570ac-d1ae-4fa4-9dc5-e457af9564cf" />
    <UnitTestResult executionId="f2c51f69-e1fe-4b06-92a3-301b6ad8c370" testId="fd872bde-f0ee-825f-95e7-a4e0cffbb52e" testName="HasChannelPermissions_should_detect_channel_perm(KickMembers, ManageGuild, AttachFiles, ViewGuildInsights)" computerName="test" duration="00:00:00.0000030" startTime="2025-02-11T17:41:51.3217841+01:00" endTime="2025-02-11T17:41:51.3217866+01:00" testType="13cdc9d9-ddb5-4fa4-a97d-d965ccfc6d4b" outcome="Passed" testListId="8c84fa94-04c1-424b-9868-57a2d4851a1d" relativeResultsDirectory="f2c51f69-e1fe-4b06-92a3-301b6ad8c370" />
    <UnitTestResult executionId="249c257c-ed42-46a1-bbd4-340c79cfe6b2" testId="2e3f7473-1896-f60d-3d9e-c986534517ea" testName="Should_serialize" computerName="test" duration="00:00:00.0004220" startTime="2025-02-11T17:41:51.1835403+01:00" endTime="2025-02-11T17:41:51.1839624+01:00" testType="13cdc9d9-ddb5-4fa4-a97d-d965ccfc6d4b" outcome="Passed" testListId="8c84fa94-04c1-424b-9868-57a2d4851a1d" relativeResultsDirectory="249c257c-ed42-46a1-bbd4-340c79cfe6b2" />
    <UnitTestResult executionId="1c9b4413-705b-42c7-a370-e74bf2880cf7" testId="c7b2b140-7975-00a4-4844-34cf8d11029f" testName="Should_serialize_and_deserialize(&quot;TestJson/API/DataModels/DiscordInteractionResolvedData\\DiscordInteractionCommandResolvedData.json&quot;)" computerName="test" duration="00:00:00.0044970" startTime="2025-02-11T17:41:51.2810795+01:00" endTime="2025-02-11T17:41:51.2855765+01:00" testType="13cdc9d9-ddb5-4fa4-a97d-d965ccfc6d4b" outcome="Passed" testListId="8c84fa94-04c1-424b-9868-57a2d4851a1d" relativeResultsDirectory="1c9b4413-705b-42c7-a370-e74bf2880cf7" />
    <UnitTestResult executionId="c07a8dbb-d870-42cf-b558-1ddeba393b72" testId="58be2732-faa1-2517-d7a1-7dbe4bd80008" testName="Should_serialize" computerName="test" duration="00:00:00.0036740" startTime="2025-02-11T17:41:50.8945171+01:00" endTime="2025-02-11T17:41:50.8981938+01:00" testType="13cdc9d9-ddb5-4fa4-a97d-d965ccfc6d4b" outcome="Passed" testListId="8c84fa94-04c1-424b-9868-57a2d4851a1d" relativeResultsDirectory="c07a8dbb-d870-42cf-b558-1ddeba393b72" />
    <UnitTestResult executionId="9d6e6e78-c242-4a97-a3e1-52d6e97385cb" testId="ce3ffcdc-1d2e-7a6f-955f-792986b70700" testName="Should_serialize" computerName="test" duration="00:00:00.0017620" startTime="2025-02-11T17:41:51.1037627+01:00" endTime="2025-02-11T17:41:51.1055248+01:00" testType="13cdc9d9-ddb5-4fa4-a97d-d965ccfc6d4b" outcome="Passed" testListId="8c84fa94-04c1-424b-9868-57a2d4851a1d" relativeResultsDirectory="9d6e6e78-c242-4a97-a3e1-52d6e97385cb" />
    <UnitTestResult executionId="f5e4ed51-cde4-4190-8b08-fd3681c8df1c" testId="04540c15-1e76-fc7d-cb76-2f4b86b6aed2" testName="Should_deserialize(&quot;TestJson/API/DataModels/DiscordSystemChannelFlags\\DiscordSystemChannelFlags3.json&quot;)" computerName="test" duration="00:00:00.0001600" startTime="2025-02-11T17:41:51.1893391+01:00" endTime="2025-02-11T17:41:51.1894987+01:00" testType="13cdc9d9-ddb5-4fa4-a97d-d965ccfc6d4b" outcome="Passed" testListId="8c84fa94-04c1-424b-9868-57a2d4851a1d" relativeResultsDirectory="f5e4ed51-cde4-4190-8b08-fd3681c8df1c" />
    <UnitTestResult executionId="2bda48d0-73df-494c-b48a-7ef75ae4cf84" testId="66e08778-967b-bda6-1f43-20a2890959ac" testName="HasChannelPermissions_should_detect_channel_perm(MoveMembers)" computerName="test" duration="00:00:00.0000020" startTime="2025-02-11T17:41:51.3217378+01:00" endTime="2025-02-11T17:41:51.3217401+01:00" testType="13cdc9d9-ddb5-4fa4-a97d-d965ccfc6d4b" outcome="Passed" testListId="8c84fa94-04c1-424b-9868-57a2d4851a1d" relativeResultsDirectory="2bda48d0-73df-494c-b48a-7ef75ae4cf84" />
    <UnitTestResult executionId="80137ed8-566f-402b-9419-64e7b2f289b2" testId="271f5018-1d65-d45f-eafd-70b0e8f9b354" testName="Should_serialize" computerName="test" duration="00:00:00.0002080" startTime="2025-02-11T17:41:51.0289745+01:00" endTime="2025-02-11T17:41:51.0291821+01:00" testType="13cdc9d9-ddb5-4fa4-a97d-d965ccfc6d4b" outcome="Passed" testListId="8c84fa94-04c1-424b-9868-57a2d4851a1d" relativeResultsDirectory="80137ed8-566f-402b-9419-64e7b2f289b2" />
    <UnitTestResult executionId="99867619-1e52-4ca4-85f9-bed522ecdcf6" testId="6b3a09c6-4344-3046-72c0-4adcf77af997" testName="Should_serialize_and_deserialize(&quot;TestJson/API/DataModels/DiscordGuildMfaLevel\\DiscordGuildMfaLevel.json&quot;)" computerName="test" duration="00:00:00.0010390" startTime="2025-02-11T17:41:51.1276539+01:00" endTime="2025-02-11T17:41:51.1286926+01:00" testType="13cdc9d9-ddb5-4fa4-a97d-d965ccfc6d4b" outcome="Passed" testListId="8c84fa94-04c1-424b-9868-57a2d4851a1d" relativeResultsDirectory="99867619-1e52-4ca4-85f9-bed522ecdcf6" />
    <UnitTestResult executionId="868b2217-6133-4592-92bf-6c7b9ece09c4" testId="aabe5c93-f097-10f0-49be-b6f449a621fa" testName="Should_deserialize(&quot;TestJson/API/DataModels/DiscordGuildExplicitContentFilterLevel\\DiscordGuildExplicitContentFilterLevel3.json&quot;)" computerName="test" duration="00:00:00.0001760" startTime="2025-02-11T17:41:51.1108633+01:00" endTime="2025-02-11T17:41:51.1110389+01:00" testType="13cdc9d9-ddb5-4fa4-a97d-d965ccfc6d4b" outcome="Passed" testListId="8c84fa94-04c1-424b-9868-57a2d4851a1d" relativeResultsDirectory="868b2217-6133-4592-92bf-6c7b9ece09c4" />
    <UnitTestResult executionId="ce288c12-2a4d-4499-b472-caf2e2a3ac36" testId="634d6596-6510-0661-d975-75c361fe3992" testName="Should_serialize" computerName="test" duration="00:00:00.0015370" startTime="2025-02-11T17:41:51.1453422+01:00" endTime="2025-02-11T17:41:51.1468788+01:00" testType="13cdc9d9-ddb5-4fa4-a97d-d965ccfc6d4b" outcome="Passed" testListId="8c84fa94-04c1-424b-9868-57a2d4851a1d" relativeResultsDirectory="ce288c12-2a4d-4499-b472-caf2e2a3ac36" />
    <UnitTestResult executionId="d452dcfe-163b-4838-aa99-f948f942ba5b" testId="2144d215-94dc-3f3d-100b-1d37ec797434" testName="Should_serialize" computerName="test" duration="00:00:00.0017510" startTime="2025-02-11T17:41:51.1110564+01:00" endTime="2025-02-11T17:41:51.1128077+01:00" testType="13cdc9d9-ddb5-4fa4-a97d-d965ccfc6d4b" outcome="Passed" testListId="8c84fa94-04c1-424b-9868-57a2d4851a1d" relativeResultsDirectory="d452dcfe-163b-4838-aa99-f948f942ba5b" />
    <UnitTestResult executionId="f755d3ae-ef05-4fc8-9e23-ec4498fd3831" testId="451c1fb5-5693-fbfe-f3a4-0bd3454b5f6d" testName="Should_parse_permissions_span(&quot;349184&quot;,ViewChannel, SendTtsMessages, EmbedLinks, ReadMessageHistory, UseExternalEmojis)" computerName="test" duration="00:00:00.0000080" startTime="2025-02-11T17:41:51.3032152+01:00" endTime="2025-02-11T17:41:51.3032232+01:00" testType="13cdc9d9-ddb5-4fa4-a97d-d965ccfc6d4b" outcome="Passed" testListId="8c84fa94-04c1-424b-9868-57a2d4851a1d" relativeResultsDirectory="f755d3ae-ef05-4fc8-9e23-ec4498fd3831" />
    <UnitTestResult executionId="26e6fe4a-1c7f-4c02-aeee-4732d9475c42" testId="95c1c548-0c5b-7054-077c-b29fba60795c" testName="Should_serialize_and_deserialize(&quot;TestJson/API/DataModels/DiscordApplicationCommandOptionData\\DiscordApplicationCommandOptionData.json&quot;)" computerName="test" duration="00:00:00.0012170" startTime="2025-02-11T17:41:50.8982339+01:00" endTime="2025-02-11T17:41:50.8994509+01:00" testType="13cdc9d9-ddb5-4fa4-a97d-d965ccfc6d4b" outcome="Passed" testListId="8c84fa94-04c1-424b-9868-57a2d4851a1d" relativeResultsDirectory="26e6fe4a-1c7f-4c02-aeee-4732d9475c42" />
    <UnitTestResult executionId="ddc4f9a6-71cb-49f0-b923-473163f4759a" testId="2615a9a5-69ff-84d4-6342-7a776516d539" testName="Should_serialize_and_deserialize(&quot;TestJson/API/DataModels/DiscordEmbedVideoData\\DiscordEmbedVideoData.json&quot;)" computerName="test" duration="00:00:00.0003560" startTime="2025-02-11T17:41:51.0168747+01:00" endTime="2025-02-11T17:41:51.0172310+01:00" testType="13cdc9d9-ddb5-4fa4-a97d-d965ccfc6d4b" outcome="Passed" testListId="8c84fa94-04c1-424b-9868-57a2d4851a1d" relativeResultsDirectory="ddc4f9a6-71cb-49f0-b923-473163f4759a" />
    <UnitTestResult executionId="c22d814c-6d3e-4543-a93f-020a19f620fe" testId="9d1be07a-e0e1-309f-df1e-64b8ba9c70d6" testName="Should_parse_permissions_span(&quot;44040192&quot;,Speak, DeafenMembers, UseVoiceActivity)" computerName="test" duration="00:00:00.0000030" startTime="2025-02-11T17:41:51.3032480+01:00" endTime="2025-02-11T17:41:51.3032506+01:00" testType="13cdc9d9-ddb5-4fa4-a97d-d965ccfc6d4b" outcome="Passed" testListId="8c84fa94-04c1-424b-9868-57a2d4851a1d" relativeResultsDirectory="c22d814c-6d3e-4543-a93f-020a19f620fe" />
    <UnitTestResult executionId="9414dd94-570d-4e5c-b291-f940517d7426" testId="71d6bde6-240c-f6ba-2883-e7d5612a7e66" testName="Should_serialize_and_deserialize(&quot;TestJson/API/DataModels/DiscordSessionStartLimitData\\DiscordSessionStartLimitData.json&quot;)" computerName="test" duration="00:00:00.0006930" startTime="2025-02-11T17:41:50.9546023+01:00" endTime="2025-02-11T17:41:50.9552953+01:00" testType="13cdc9d9-ddb5-4fa4-a97d-d965ccfc6d4b" outcome="Passed" testListId="8c84fa94-04c1-424b-9868-57a2d4851a1d" relativeResultsDirectory="9414dd94-570d-4e5c-b291-f940517d7426" />
    <UnitTestResult executionId="3b75eb45-a845-4069-a7b6-83121ed6dad8" testId="be335907-e276-92ec-d065-dcab7da258ff" testName="Should_serialize_and_deserialize(&quot;TestJson/API/DataModels/DiscordEmbedData\\DiscordEmbedData.json&quot;)" computerName="test" duration="00:00:00.0004370" startTime="2025-02-11T17:41:51.0006063+01:00" endTime="2025-02-11T17:41:51.0010433+01:00" testType="13cdc9d9-ddb5-4fa4-a97d-d965ccfc6d4b" outcome="Passed" testListId="8c84fa94-04c1-424b-9868-57a2d4851a1d" relativeResultsDirectory="3b75eb45-a845-4069-a7b6-83121ed6dad8" />
    <UnitTestResult executionId="e8d60c4d-b40f-4fdd-a167-7a375b5d5251" testId="c975a9fb-03c2-0d08-ab99-70145587a5be" testName="Should_serialize_and_deserialize(&quot;TestJson/API/DataModels/DiscordGuildExplicitContentFilterLevel\\DiscordGuildExplicitContentFilterLevel2.json&quot;)" computerName="test" duration="00:00:00.0002799" startTime="2025-02-11T17:41:51.1138685+01:00" endTime="2025-02-11T17:41:51.1141488+01:00" testType="13cdc9d9-ddb5-4fa4-a97d-d965ccfc6d4b" outcome="Passed" testListId="8c84fa94-04c1-424b-9868-57a2d4851a1d" relativeResultsDirectory="e8d60c4d-b40f-4fdd-a167-7a375b5d5251" />
    <UnitTestResult executionId="08914250-ab91-4e00-b78f-78749fb62068" testId="a0635f25-2b2e-8970-917e-82d573e2eecd" testName="Should_parse_permissions_span(&quot;1409286155&quot;,CreateInstantInvite, KickMembers, Administrator, ChangeNickname, ManageRoles, ManageEmojisAndStickers)" computerName="test" duration="00:00:00.0005170" startTime="2025-02-11T17:41:51.3025621+01:00" endTime="2025-02-11T17:41:51.3030794+01:00" testType="13cdc9d9-ddb5-4fa4-a97d-d965ccfc6d4b" outcome="Passed" testListId="8c84fa94-04c1-424b-9868-57a2d4851a1d" relativeResultsDirectory="08914250-ab91-4e00-b78f-78749fb62068" />
    <UnitTestResult executionId="cdaafc11-4277-46bd-a5fb-b6e66bbdfd63" testId="10200cdf-7fd0-0d07-a520-4de34a066fbe" testName="HasChannelPermissions_should_not_detect_channel_perm(BanMembers, Administrator)" computerName="test" duration="00:00:00.0001460" startTime="2025-02-11T17:41:51.3218098+01:00" endTime="2025-02-11T17:41:51.3219560+01:00" testType="13cdc9d9-ddb5-4fa4-a97d-d965ccfc6d4b" outcome="Passed" testListId="8c84fa94-04c1-424b-9868-57a2d4851a1d" relativeResultsDirectory="cdaafc11-4277-46bd-a5fb-b6e66bbdfd63" />
    <UnitTestResult executionId="6ef9f1c2-9560-423c-b118-a031097ffa83" testId="5f6f4291-8321-68d2-8a0c-1cc81ce13917" testName="Should_deserialize(&quot;TestJson/API/Params/DiscordModifyCurrentUserNick\\DiscordModifyCurrentUserNick.json&quot;)" computerName="test" duration="00:00:00.0005410" startTime="2025-02-11T17:41:51.3131948+01:00" endTime="2025-02-11T17:41:51.3137355+01:00" testType="13cdc9d9-ddb5-4fa4-a97d-d965ccfc6d4b" outcome="Passed" testListId="8c84fa94-04c1-424b-9868-57a2d4851a1d" relativeResultsDirectory="6ef9f1c2-9560-423c-b118-a031097ffa83" />
    <UnitTestResult executionId="37d159fc-6bca-44e7-aebd-da8e50bf3446" testId="0d9ac891-6e83-023d-83ff-f70d87167bca" testName="Should_serialize_and_deserialize(&quot;TestJson/API/DataModels/DiscordPermission\\DiscordGuildPermission3.json&quot;)" computerName="test" duration="00:00:00.0003200" startTime="2025-02-11T17:41:50.9493122+01:00" endTime="2025-02-11T17:41:50.9496323+01:00" testType="13cdc9d9-ddb5-4fa4-a97d-d965ccfc6d4b" outcome="Passed" testListId="8c84fa94-04c1-424b-9868-57a2d4851a1d" relativeResultsDirectory="37d159fc-6bca-44e7-aebd-da8e50bf3446" />
    <UnitTestResult executionId="0a06ffdd-95ea-4ac2-b3bd-67ca43318206" testId="d0c4428b-e08b-8830-39af-651369358d2c" testName="Should_serialize" computerName="test" duration="00:00:00.0001390" startTime="2025-02-11T17:41:51.2677247+01:00" endTime="2025-02-11T17:41:51.2678636+01:00" testType="13cdc9d9-ddb5-4fa4-a97d-d965ccfc6d4b" outcome="Passed" testListId="8c84fa94-04c1-424b-9868-57a2d4851a1d" relativeResultsDirectory="0a06ffdd-95ea-4ac2-b3bd-67ca43318206" />
    <UnitTestResult executionId="c4714d6e-39a6-40fc-a36a-bc3f392855f5" testId="cc5ff50d-d1a2-821e-02d5-3d9bb5ece51b" testName="Should_serialize_and_deserialize(&quot;TestJson/API/DataModels/PropertyErrorInfoData\\PropertyErrorInfoData.json&quot;)" computerName="test" duration="00:00:00.0003630" startTime="2025-02-11T17:41:51.0292192+01:00" endTime="2025-02-11T17:41:51.0295820+01:00" testType="13cdc9d9-ddb5-4fa4-a97d-d965ccfc6d4b" outcome="Passed" testListId="8c84fa94-04c1-424b-9868-57a2d4851a1d" relativeResultsDirectory="c4714d6e-39a6-40fc-a36a-bc3f392855f5" />
    <UnitTestResult executionId="aa77be6a-3b0c-4694-93bb-8c115fba57fe" testId="8f9c47dd-81c1-f945-e7ab-0dc973af9c68" testName="Should_serialize_and_deserialize(&quot;TestJson/API/DataModels/DiscordGuildNsfwLevel\\DiscordGuildNsfwLevel.json&quot;)" computerName="test" duration="00:00:00.0010039" startTime="2025-02-11T17:41:51.1332759+01:00" endTime="2025-02-11T17:41:51.1342794+01:00" testType="13cdc9d9-ddb5-4fa4-a97d-d965ccfc6d4b" outcome="Passed" testListId="8c84fa94-04c1-424b-9868-57a2d4851a1d" relativeResultsDirectory="aa77be6a-3b0c-4694-93bb-8c115fba57fe" />
    <UnitTestResult executionId="ba6b9d2d-c4c3-4684-acba-59115d995960" testId="3f52fce5-e568-be4b-f076-779cafb3026d" testName="Should_serialize_and_deserialize(&quot;TestJson/API/DataModels/DiscordGuildPreviewData\\DiscordGuildPreviewData.json&quot;)" computerName="test" duration="00:00:00.0005360" startTime="2025-02-11T17:41:51.1469192+01:00" endTime="2025-02-11T17:41:51.1474552+01:00" testType="13cdc9d9-ddb5-4fa4-a97d-d965ccfc6d4b" outcome="Passed" testListId="8c84fa94-04c1-424b-9868-57a2d4851a1d" relativeResultsDirectory="ba6b9d2d-c4c3-4684-acba-59115d995960" />
    <UnitTestResult executionId="ad0cdee6-01d2-4445-9e83-99e6fa69e366" testId="60035e14-7272-4f03-1172-e326034a1a97" testName="Should_deserialize(&quot;TestJson/API/DataModels/DiscordSystemChannelFlags\\DiscordSystemChannelFlags2.json&quot;)" computerName="test" duration="00:00:00.0003110" startTime="2025-02-11T17:41:51.1890151+01:00" endTime="2025-02-11T17:41:51.1893262+01:00" testType="13cdc9d9-ddb5-4fa4-a97d-d965ccfc6d4b" outcome="Passed" testListId="8c84fa94-04c1-424b-9868-57a2d4851a1d" relativeResultsDirectory="ad0cdee6-01d2-4445-9e83-99e6fa69e366" />
    <UnitTestResult executionId="3e8c5e4e-24e2-4273-a531-3dd3ac4a3f53" testId="25d6cb24-a071-6207-4817-98a3b94b4861" testName="Should_deserialize(&quot;TestJson/API/Params/DiscordModifyGuildRolePositions\\DiscordModifyGuildRolePositions.json&quot;)" computerName="test" duration="00:00:00.0007900" startTime="2025-02-11T17:41:51.3164324+01:00" endTime="2025-02-11T17:41:51.3172219+01:00" testType="13cdc9d9-ddb5-4fa4-a97d-d965ccfc6d4b" outcome="Passed" testListId="8c84fa94-04c1-424b-9868-57a2d4851a1d" relativeResultsDirectory="3e8c5e4e-24e2-4273-a531-3dd3ac4a3f53" />
    <UnitTestResult executionId="e4a9c63a-55b1-4e1c-a005-49309ea87326" testId="953b21a0-54ed-574a-e902-f2c96a48a4b9" testName="Should_serialize" computerName="test" duration="00:00:00.0004130" startTime="2025-02-11T17:41:51.0038534+01:00" endTime="2025-02-11T17:41:51.0042658+01:00" testType="13cdc9d9-ddb5-4fa4-a97d-d965ccfc6d4b" outcome="Passed" testListId="8c84fa94-04c1-424b-9868-57a2d4851a1d" relativeResultsDirectory="e4a9c63a-55b1-4e1c-a005-49309ea87326" />
    <UnitTestResult executionId="f7979f89-0bca-4a16-8068-67bc51f197cf" testId="149c907f-6600-d3b4-9dbe-10a96fa664b0" testName="Should_serialize_and_deserialize(&quot;TestJson/API/Params/DiscordModifyGuildRole\\DiscordModifyGuildRole3.json&quot;)" computerName="test" duration="00:00:00.0001780" startTime="2025-02-11T17:41:51.3209701+01:00" endTime="2025-02-11T17:41:51.3211476+01:00" testType="13cdc9d9-ddb5-4fa4-a97d-d965ccfc6d4b" outcome="Passed" testListId="8c84fa94-04c1-424b-9868-57a2d4851a1d" relativeResultsDirectory="f7979f89-0bca-4a16-8068-67bc51f197cf" />
    <UnitTestResult executionId="f68663e6-71a3-42c8-bb6a-223a3127926e" testId="57053152-7fe0-d359-acb3-fbc908bbe3c1" testName="HasChannelPermissions_should_detect_channel_perm(PrioritySpeaker)" computerName="test" duration="00:00:00.0000030" startTime="2025-02-11T17:41:51.3217479+01:00" endTime="2025-02-11T17:41:51.3217509+01:00" testType="13cdc9d9-ddb5-4fa4-a97d-d965ccfc6d4b" outcome="Passed" testListId="8c84fa94-04c1-424b-9868-57a2d4851a1d" relativeResultsDirectory="f68663e6-71a3-42c8-bb6a-223a3127926e" />
    <UnitTestResult executionId="c27bc76f-06d6-4c71-9e91-6771c5ab35ac" testId="3384a109-b220-a53e-60eb-9700b0bb5133" testName="Should_serialize_and_deserialize(&quot;TestJson/API/DataModels/DiscordInteractionRequestData\\DiscordInteractionCommandData.json&quot;)" computerName="test" duration="00:00:00.0019910" startTime="2025-02-11T17:41:51.2641245+01:00" endTime="2025-02-11T17:41:51.2661157+01:00" testType="13cdc9d9-ddb5-4fa4-a97d-d965ccfc6d4b" outcome="Passed" testListId="8c84fa94-04c1-424b-9868-57a2d4851a1d" relativeResultsDirectory="c27bc76f-06d6-4c71-9e91-6771c5ab35ac" />
    <UnitTestResult executionId="6d521656-f0e5-43ab-aed4-322295dcdf6b" testId="896d696a-1d74-5603-5035-c46e23931239" testName="Should_deserialize(&quot;TestJson/API/DataModels/DiscordApplicationCommandOptionChoiceData\\DiscordApplicationCommandOptionChoiceData.json&quot;)" computerName="test" duration="00:00:00.0017680" startTime="2025-02-11T17:41:50.8847495+01:00" endTime="2025-02-11T17:41:50.8865168+01:00" testType="13cdc9d9-ddb5-4fa4-a97d-d965ccfc6d4b" outcome="Passed" testListId="8c84fa94-04c1-424b-9868-57a2d4851a1d" relativeResultsDirectory="6d521656-f0e5-43ab-aed4-322295dcdf6b" />
    <UnitTestResult executionId="08ab94a2-2b39-41e0-a0a3-f9ffb468f399" testId="73725613-d248-c33d-6c11-56f8c72b1e4b" testName="Should_deserialize(&quot;TestJson/API/DataModels/DiscordEmbedFooterData\\DiscordEmbedFooterData.json&quot;)" computerName="test" duration="00:00:00.0010980" startTime="2025-02-11T17:41:51.0047883+01:00" endTime="2025-02-11T17:41:51.0058865+01:00" testType="13cdc9d9-ddb5-4fa4-a97d-d965ccfc6d4b" outcome="Passed" testListId="8c84fa94-04c1-424b-9868-57a2d4851a1d" relativeResultsDirectory="08ab94a2-2b39-41e0-a0a3-f9ffb468f399" />
    <UnitTestResult executionId="5a1d42ea-0e7b-45ee-95e8-340217f21357" testId="d0305b3d-560b-62fa-c664-861165daa30b" testName="Should_deserialize(&quot;TestJson/API/DataModels/DiscordEmbedProviderData\\DiscordEmbedProviderData.json&quot;)" computerName="test" duration="00:00:00.0007010" startTime="2025-02-11T17:41:51.0111805+01:00" endTime="2025-02-11T17:41:51.0118813+01:00" testType="13cdc9d9-ddb5-4fa4-a97d-d965ccfc6d4b" outcome="Passed" testListId="8c84fa94-04c1-424b-9868-57a2d4851a1d" relativeResultsDirectory="5a1d42ea-0e7b-45ee-95e8-340217f21357" />
    <UnitTestResult executionId="3e93d329-2493-437c-9657-42b4f4150883" testId="32a4246f-db36-52c9-bf0f-0a2401360e43" testName="Should_parse_permissions_string(&quot;349184&quot;,ViewChannel, SendTtsMessages, EmbedLinks, ReadMessageHistory, UseExternalEmojis)" computerName="test" duration="00:00:00.0000070" startTime="2025-02-11T17:41:51.3035169+01:00" endTime="2025-02-11T17:41:51.3035241+01:00" testType="13cdc9d9-ddb5-4fa4-a97d-d965ccfc6d4b" outcome="Passed" testListId="8c84fa94-04c1-424b-9868-57a2d4851a1d" relativeResultsDirectory="3e93d329-2493-437c-9657-42b4f4150883" />
    <UnitTestResult executionId="aa1061fe-dddf-41d2-a573-3c08326d22a4" testId="ccc33ad5-2ee9-fb84-3d43-da74d08fcce4" testName="Should_serialize" computerName="test" duration="00:00:00.0018410" startTime="2025-02-11T17:41:51.1374627+01:00" endTime="2025-02-11T17:41:51.1393040+01:00" testType="13cdc9d9-ddb5-4fa4-a97d-d965ccfc6d4b" outcome="Passed" testListId="8c84fa94-04c1-424b-9868-57a2d4851a1d" relativeResultsDirectory="aa1061fe-dddf-41d2-a573-3c08326d22a4" />
    <UnitTestResult executionId="48c145ff-a1ed-4116-9816-94c2cec82583" testId="639ebc8b-32f3-ca7a-3c04-e9953d29a4f1" testName="HasChannelPermissions_should_detect_channel_perm(UseVoiceActivity)" computerName="test" duration="00:00:00.0000030" startTime="2025-02-11T17:41:51.3217427+01:00" endTime="2025-02-11T17:41:51.3217453+01:00" testType="13cdc9d9-ddb5-4fa4-a97d-d965ccfc6d4b" outcome="Passed" testListId="8c84fa94-04c1-424b-9868-57a2d4851a1d" relativeResultsDirectory="48c145ff-a1ed-4116-9816-94c2cec82583" />
    <UnitTestResult executionId="4ddb4418-7110-4ef5-b7a6-dfb4bfd490d9" testId="57e26303-cec9-0b94-c317-de19d50069b9" testName="Should_serialize" computerName="test" duration="00:00:00.0006260" startTime="2025-02-11T17:41:51.2804236+01:00" endTime="2025-02-11T17:41:51.2810498+01:00" testType="13cdc9d9-ddb5-4fa4-a97d-d965ccfc6d4b" outcome="Passed" testListId="8c84fa94-04c1-424b-9868-57a2d4851a1d" relativeResultsDirectory="4ddb4418-7110-4ef5-b7a6-dfb4bfd490d9" />
    <UnitTestResult executionId="64ecd1bc-924a-4728-80dc-852165c402d0" testId="b71680cb-ce54-9754-7ed4-e4cc7c0b99e7" testName="Should_deserialize(&quot;TestJson/API/DataModels/DiscordGuildDefaultMessageNotificationLevel\\DiscordGuildDefaultMessageNotificationLevel.json&quot;)" computerName="test" duration="00:00:00.0029050" startTime="2025-02-11T17:41:51.1002224+01:00" endTime="2025-02-11T17:41:51.1031274+01:00" testType="13cdc9d9-ddb5-4fa4-a97d-d965ccfc6d4b" outcome="Passed" testListId="8c84fa94-04c1-424b-9868-57a2d4851a1d" relativeResultsDirectory="64ecd1bc-924a-4728-80dc-852165c402d0" />
    <UnitTestResult executionId="ba52498b-8841-40d6-895d-9abf6b192bda" testId="8af23b73-0728-cd31-0fb7-d2dc92040db7" testName="Should_parse_permissions_string(&quot;174144&quot;,AddReactions, SendMessages, ManageMessages, AttachFiles, MentionEveryone)" computerName="test" duration="00:00:00.0000040" startTime="2025-02-11T17:41:51.3035271+01:00" endTime="2025-02-11T17:41:51.3035307+01:00" testType="13cdc9d9-ddb5-4fa4-a97d-d965ccfc6d4b" outcome="Passed" testListId="8c84fa94-04c1-424b-9868-57a2d4851a1d" relativeResultsDirectory="ba52498b-8841-40d6-895d-9abf6b192bda" />
    <UnitTestResult executionId="10a6b474-a81d-400b-8ee1-09e5e93672a1" testId="6627a0ae-2d1c-bcac-95af-9324cc2be4fa" testName="Should_serialize" computerName="test" duration="00:00:00.0004750" startTime="2025-02-11T17:41:50.8865470+01:00" endTime="2025-02-11T17:41:50.8870215+01:00" testType="13cdc9d9-ddb5-4fa4-a97d-d965ccfc6d4b" outcome="Passed" testListId="8c84fa94-04c1-424b-9868-57a2d4851a1d" relativeResultsDirectory="10a6b474-a81d-400b-8ee1-09e5e93672a1" />
    <UnitTestResult executionId="9072bfcd-a9ca-4eab-8751-714e2ae3c3a8" testId="4558081b-e75d-ca79-f911-7d5ce17cad31" testName="Should_serialize_and_deserialize(&quot;TestJson/API/DataModels/DiscordInteractionData\\DiscordInteractionData.json&quot;)" computerName="test" duration="00:00:00.0005350" startTime="2025-02-11T17:41:51.2936454+01:00" endTime="2025-02-11T17:41:51.2941800+01:00" testType="13cdc9d9-ddb5-4fa4-a97d-d965ccfc6d4b" outcome="Passed" testListId="8c84fa94-04c1-424b-9868-57a2d4851a1d" relativeResultsDirectory="9072bfcd-a9ca-4eab-8751-714e2ae3c3a8" />
    <UnitTestResult executionId="8d15e331-6b48-47b3-b47f-eaaad9137ef5" testId="bce7a0fe-d2c2-e467-778c-0c3065ec3dc3" testName="Should_serialize_and_deserialize(&quot;TestJson/API/DataModels/DiscordApplicationCommandOptionChoiceData\\DiscordApplicationCommandOptionChoiceData.json&quot;)" computerName="test" duration="00:00:00.0009900" startTime="2025-02-11T17:41:50.8870589+01:00" endTime="2025-02-11T17:41:50.8880486+01:00" testType="13cdc9d9-ddb5-4fa4-a97d-d965ccfc6d4b" outcome="Passed" testListId="8c84fa94-04c1-424b-9868-57a2d4851a1d" relativeResultsDirectory="8d15e331-6b48-47b3-b47f-eaaad9137ef5" />
    <UnitTestResult executionId="89bd5f2c-85db-4a0b-b27d-843f0359dab7" testId="ebc15621-2221-8f09-9c5f-234d1d3f2576" testName="Should_deserialize(&quot;TestJson/API/DataModels/DiscordGuildMemberData\\DiscordGuildMemberData.json&quot;)" computerName="test" duration="00:00:00.0047090" startTime="2025-02-11T17:41:51.1144930+01:00" endTime="2025-02-11T17:41:51.1192013+01:00" testType="13cdc9d9-ddb5-4fa4-a97d-d965ccfc6d4b" outcome="Passed" testListId="8c84fa94-04c1-424b-9868-57a2d4851a1d" relativeResultsDirectory="89bd5f2c-85db-4a0b-b27d-843f0359dab7" />
    <UnitTestResult executionId="47df5e44-9cc8-47f1-abcb-5f4a1203c74c" testId="8e46d51a-e09c-9bf5-27bd-0ac9ec9b5471" testName="HasChannelPermissions_should_detect_channel_perm(BanMembers, Administrator, Stream)" computerName="test" duration="00:00:00.0000020" startTime="2025-02-11T17:41:51.3217743+01:00" endTime="2025-02-11T17:41:51.3217766+01:00" testType="13cdc9d9-ddb5-4fa4-a97d-d965ccfc6d4b" outcome="Passed" testListId="8c84fa94-04c1-424b-9868-57a2d4851a1d" relativeResultsDirectory="47df5e44-9cc8-47f1-abcb-5f4a1203c74c" />
    <UnitTestResult executionId="bb9323a1-a7c1-4fee-86c7-47ac0ec301bd" testId="5e3644b6-12d1-c761-efe4-1c148495adbd" testName="Should_serialize" computerName="test" duration="00:00:00.0022240" startTime="2025-02-11T17:41:51.2618585+01:00" endTime="2025-02-11T17:41:51.2640819+01:00" testType="13cdc9d9-ddb5-4fa4-a97d-d965ccfc6d4b" outcome="Passed" testListId="8c84fa94-04c1-424b-9868-57a2d4851a1d" relativeResultsDirectory="bb9323a1-a7c1-4fee-86c7-47ac0ec301bd" />
    <UnitTestResult executionId="f7eb874d-bf22-44b0-984f-057e121a01bc" testId="f4d21801-3f97-b7f6-d31e-2c4e9b283bcb" testName="Should_deserialize(&quot;TestJson/API/DataModels/DiscordEmbedAuthorData\\DiscordEmbedAuthorData.json&quot;)" computerName="test" duration="00:00:00.0018320" startTime="2025-02-11T17:41:50.9555041+01:00" endTime="2025-02-11T17:41:50.9573354+01:00" testType="13cdc9d9-ddb5-4fa4-a97d-d965ccfc6d4b" outcome="Passed" testListId="8c84fa94-04c1-424b-9868-57a2d4851a1d" relativeResultsDirectory="f7eb874d-bf22-44b0-984f-057e121a01bc" />
    <UnitTestResult executionId="dde17f23-ef36-4a55-ae2a-d6d6f7881bcf" testId="2fbfd620-ac5b-6664-e151-594d87a0289a" testName="Should_serialize" computerName="test" duration="00:00:00.0019719" startTime="2025-02-11T17:41:51.1192233+01:00" endTime="2025-02-11T17:41:51.1211950+01:00" testType="13cdc9d9-ddb5-4fa4-a97d-d965ccfc6d4b" outcome="Passed" testListId="8c84fa94-04c1-424b-9868-57a2d4851a1d" relativeResultsDirectory="dde17f23-ef36-4a55-ae2a-d6d6f7881bcf" />
    <UnitTestResult executionId="dc04573b-6d68-4b3f-814b-c0ee6d6d9aa8" testId="740426cc-f7dd-90ba-cebf-2882248588f7" testName="Should_deserialize(&quot;TestJson/API/DataModels/DiscordGuildPreviewData\\DiscordGuildPreviewData.json&quot;)" computerName="test" duration="00:00:00.0039260" startTime="2025-02-11T17:41:51.1413694+01:00" endTime="2025-02-11T17:41:51.1452948+01:00" testType="13cdc9d9-ddb5-4fa4-a97d-d965ccfc6d4b" outcome="Passed" testListId="8c84fa94-04c1-424b-9868-57a2d4851a1d" relativeResultsDirectory="dc04573b-6d68-4b3f-814b-c0ee6d6d9aa8" />
    <UnitTestResult executionId="b13843a6-78a2-447d-8bda-c725ffece283" testId="c52a4a36-e675-ae0d-3790-63a1fd08e82c" testName="Should_serialize_and_deserialize(&quot;TestJson/API/DataModels/DiscordGuildData\\DiscordGuildData.json&quot;)" computerName="test" duration="00:00:00.0012730" startTime="2025-02-11T17:41:51.0987758+01:00" endTime="2025-02-11T17:41:51.1000485+01:00" testType="13cdc9d9-ddb5-4fa4-a97d-d965ccfc6d4b" outcome="Passed" testListId="8c84fa94-04c1-424b-9868-57a2d4851a1d" relativeResultsDirectory="b13843a6-78a2-447d-8bda-c725ffece283" />
    <UnitTestResult executionId="2b74ca98-c4db-48dc-b589-a65407c841fd" testId="11289d72-081f-c0d4-46d1-0b7741d00907" testName="Should_serialize" computerName="test" duration="00:00:00.0002210" startTime="2025-02-11T17:41:51.3137545+01:00" endTime="2025-02-11T17:41:51.3139753+01:00" testType="13cdc9d9-ddb5-4fa4-a97d-d965ccfc6d4b" outcome="Passed" testListId="8c84fa94-04c1-424b-9868-57a2d4851a1d" relativeResultsDirectory="2b74ca98-c4db-48dc-b589-a65407c841fd" />
    <UnitTestResult executionId="3f047c2c-7fc2-4e7f-98e6-31cb34b0ab1f" testId="57d7332d-bfb8-ef08-48c8-f52d24fabfcb" testName="Should_serialize" computerName="test" duration="00:00:00.0003850" startTime="2025-02-11T17:41:51.0119024+01:00" endTime="2025-02-11T17:41:51.0122871+01:00" testType="13cdc9d9-ddb5-4fa4-a97d-d965ccfc6d4b" outcome="Passed" testListId="8c84fa94-04c1-424b-9868-57a2d4851a1d" relativeResultsDirectory="3f047c2c-7fc2-4e7f-98e6-31cb34b0ab1f" />
    <UnitTestResult executionId="b4ef706b-60e9-4203-a05e-18c068902017" testId="15195d93-42af-449f-52db-0ab6d48d29fd" testName="Should_parse_permissions_span(&quot;0&quot;,None)" computerName="test" duration="00:00:00.0000030" startTime="2025-02-11T17:41:51.3032531+01:00" endTime="2025-02-11T17:41:51.3032557+01:00" testType="13cdc9d9-ddb5-4fa4-a97d-d965ccfc6d4b" outcome="Passed" testListId="8c84fa94-04c1-424b-9868-57a2d4851a1d" relativeResultsDirectory="b4ef706b-60e9-4203-a05e-18c068902017" />
    <UnitTestResult executionId="98895d78-ad6b-4752-bbea-60fdc3ccb39e" testId="ceabd407-dfa4-0f36-8839-d5e340a7c9ba" testName="HasChannelPermissions_should_detect_channel_perm(KickMembers, BanMembers, Administrator, ManageGuild, ViewAuditLog, SendMessages, ViewGuildInsights, ChangeNickname, ManageEmojisAndStickers)" computerName="test" duration="00:00:00.0000020" startTime="2025-02-11T17:41:51.3217892+01:00" endTime="2025-02-11T17:41:51.3217915+01:00" testType="13cdc9d9-ddb5-4fa4-a97d-d965ccfc6d4b" outcome="Passed" testListId="8c84fa94-04c1-424b-9868-57a2d4851a1d" relativeResultsDirectory="98895d78-ad6b-4752-bbea-60fdc3ccb39e" />
    <UnitTestResult executionId="8092f978-0409-4da8-8b73-9374e3010631" testId="3144f92f-b742-5a15-6228-7269062adf31" testName="Should_serialize_and_deserialize(&quot;TestJson/API/DataModels/DiscordEmbedProviderData\\DiscordEmbedProviderData.json&quot;)" computerName="test" duration="00:00:00.0003510" startTime="2025-02-11T17:41:51.0123233+01:00" endTime="2025-02-11T17:41:51.0126739+01:00" testType="13cdc9d9-ddb5-4fa4-a97d-d965ccfc6d4b" outcome="Passed" testListId="8c84fa94-04c1-424b-9868-57a2d4851a1d" relativeResultsDirectory="8092f978-0409-4da8-8b73-9374e3010631" />
    <UnitTestResult executionId="5649afca-ed61-4a36-868f-dd64e4b9b46b" testId="853813cd-4586-4c1f-9a8b-07eed5ded98b" testName="Should_serialize_and_deserialize(&quot;TestJson/API/Params/DiscordCreateApplicationCommand\\DiscordCreateApplicationCommand.json&quot;)" computerName="test" duration="00:00:00.0002970" startTime="2025-02-11T17:41:51.3053615+01:00" endTime="2025-02-11T17:41:51.3056581+01:00" testType="13cdc9d9-ddb5-4fa4-a97d-d965ccfc6d4b" outcome="Passed" testListId="8c84fa94-04c1-424b-9868-57a2d4851a1d" relativeResultsDirectory="5649afca-ed61-4a36-868f-dd64e4b9b46b" />
    <UnitTestResult executionId="68d73903-9a9b-4e1e-9045-f85d850f2e1d" testId="a990faae-0dc5-d560-eb69-599b38261bbd" testName="Should_deserialize(&quot;TestJson/API/Params/DiscordModifyGuildRolePositions\\DiscordModifyGuildRolePositions2.json&quot;)" computerName="test" duration="00:00:00.0002220" startTime="2025-02-11T17:41:51.3172355+01:00" endTime="2025-02-11T17:41:51.3174569+01:00" testType="13cdc9d9-ddb5-4fa4-a97d-d965ccfc6d4b" outcome="Passed" testListId="8c84fa94-04c1-424b-9868-57a2d4851a1d" relativeResultsDirectory="68d73903-9a9b-4e1e-9045-f85d850f2e1d" />
    <UnitTestResult executionId="cbc1c326-a0ae-44df-b26c-8c81bc283e17" testId="987b8c31-f74b-0ba5-f6f8-1fabf1255d8b" testName="Should_parse_permissions_span(&quot;671088820&quot;,BanMembers, ManageChannels, ManageGuild, ViewAuditLog, ManageNicknames, ManageWebhooks)" computerName="test" duration="00:00:00.0001140" startTime="2025-02-11T17:41:51.3030936+01:00" endTime="2025-02-11T17:41:51.3032071+01:00" testType="13cdc9d9-ddb5-4fa4-a97d-d965ccfc6d4b" outcome="Passed" testListId="8c84fa94-04c1-424b-9868-57a2d4851a1d" relativeResultsDirectory="cbc1c326-a0ae-44df-b26c-8c81bc283e17" />
    <UnitTestResult executionId="605bd863-c535-4d8c-aa30-6c4216bc698d" testId="d3b64a05-6fdc-31c7-c6a3-4bc00da8da2d" testName="Should_parse_permissions_string(&quot;44040192&quot;,Speak, DeafenMembers, UseVoiceActivity)" computerName="test" duration="00:00:00.0000030" startTime="2025-02-11T17:41:51.3035491+01:00" endTime="2025-02-11T17:41:51.3035523+01:00" testType="13cdc9d9-ddb5-4fa4-a97d-d965ccfc6d4b" outcome="Passed" testListId="8c84fa94-04c1-424b-9868-57a2d4851a1d" relativeResultsDirectory="605bd863-c535-4d8c-aa30-6c4216bc698d" />
    <UnitTestResult executionId="e94e5560-7494-4496-a1f0-174cad5e5132" testId="9b90cd76-adfe-05f3-29ce-46b75839a1ac" testName="Should_serialize" computerName="test" duration="00:00:00.0006940" startTime="2025-02-11T17:41:51.0161524+01:00" endTime="2025-02-11T17:41:51.0168465+01:00" testType="13cdc9d9-ddb5-4fa4-a97d-d965ccfc6d4b" outcome="Passed" testListId="8c84fa94-04c1-424b-9868-57a2d4851a1d" relativeResultsDirectory="e94e5560-7494-4496-a1f0-174cad5e5132" />
    <UnitTestResult executionId="de02a3a7-8b10-415f-9401-6a24d9c05c47" testId="6af769c3-8e36-dd0f-3b2c-af64b2deb3c7" testName="Should_deserialize(&quot;TestJson/API/DataModels/DiscordGuildVerificationLevel\\DiscordGuildVerificationLevel2.json&quot;)" computerName="test" duration="00:00:00.0003600" startTime="2025-02-11T17:41:51.1755934+01:00" endTime="2025-02-11T17:41:51.1759530+01:00" testType="13cdc9d9-ddb5-4fa4-a97d-d965ccfc6d4b" outcome="Passed" testListId="8c84fa94-04c1-424b-9868-57a2d4851a1d" relativeResultsDirectory="de02a3a7-8b10-415f-9401-6a24d9c05c47" />
    <UnitTestResult executionId="42056338-0e27-4ea9-b70a-9fb7504f860d" testId="2f5a92e4-0450-cde9-dcc9-b36f292ff2b8" testName="Should_deserialize(&quot;TestJson/API/DataModels/DiscordInteractionData\\DiscordInteractionData3.json&quot;)" computerName="test" duration="00:00:00.0002250" startTime="2025-02-11T17:41:51.2911739+01:00" endTime="2025-02-11T17:41:51.2913989+01:00" testType="13cdc9d9-ddb5-4fa4-a97d-d965ccfc6d4b" outcome="Passed" testListId="8c84fa94-04c1-424b-9868-57a2d4851a1d" relativeResultsDirectory="42056338-0e27-4ea9-b70a-9fb7504f860d" />
    <UnitTestResult executionId="cddfd9ca-5c6e-43e8-ac7c-bf45b5ae6069" testId="968166f0-9d62-e3f2-fb13-d98c368b928d" testName="Should_deserialize(&quot;TestJson/API/DataModels/DiscordEmojiData\\DiscordEmojiData.json&quot;)" computerName="test" duration="00:00:00.0216740" startTime="2025-02-11T17:41:50.8997419+01:00" endTime="2025-02-11T17:41:50.9214151+01:00" testType="13cdc9d9-ddb5-4fa4-a97d-d965ccfc6d4b" outcome="Passed" testListId="8c84fa94-04c1-424b-9868-57a2d4851a1d" relativeResultsDirectory="cddfd9ca-5c6e-43e8-ac7c-bf45b5ae6069" />
    <UnitTestResult executionId="7a4a8d9d-e678-4e89-a046-e84ac2399949" testId="650f7144-18b0-2a95-e379-ed0b96db9832" testName="HasChannelPermissions_should_detect_channel_perm(BanMembers, Connect, ManageThreads)" computerName="test" duration="00:00:00.0000020" startTime="2025-02-11T17:41:51.3217687+01:00" endTime="2025-02-11T17:41:51.3217711+01:00" testType="13cdc9d9-ddb5-4fa4-a97d-d965ccfc6d4b" outcome="Passed" testListId="8c84fa94-04c1-424b-9868-57a2d4851a1d" relativeResultsDirectory="7a4a8d9d-e678-4e89-a046-e84ac2399949" />
    <UnitTestResult executionId="06f36420-bd02-4cc4-9c04-428db4627552" testId="3f0b05a8-7da3-5131-8fbc-dbca7bbb3c5c" testName="Should_serialize_and_deserialize(&quot;TestJson/API/Params/DiscordAddGuildMember\\DiscordAddGuildMember.json&quot;)" computerName="test" duration="00:00:00.0002610" startTime="2025-02-11T17:41:51.3099547+01:00" endTime="2025-02-11T17:41:51.3102157+01:00" testType="13cdc9d9-ddb5-4fa4-a97d-d965ccfc6d4b" outcome="Passed" testListId="8c84fa94-04c1-424b-9868-57a2d4851a1d" relativeResultsDirectory="06f36420-bd02-4cc4-9c04-428db4627552" />
    <UnitTestResult executionId="4f60eb0c-28fe-4011-b2a7-66f8020ef5f9" testId="e5962e04-9634-ee61-9542-256487d9b2f4" testName="Should_deserialize(&quot;TestJson/API/DataModels/DiscordGuildMfaLevel\\DiscordGuildMfaLevel.json&quot;)" computerName="test" duration="00:00:00.0031180" startTime="2025-02-11T17:41:51.1227556+01:00" endTime="2025-02-11T17:41:51.1258735+01:00" testType="13cdc9d9-ddb5-4fa4-a97d-d965ccfc6d4b" outcome="Passed" testListId="8c84fa94-04c1-424b-9868-57a2d4851a1d" relativeResultsDirectory="4f60eb0c-28fe-4011-b2a7-66f8020ef5f9" />
    <UnitTestResult executionId="24a3a781-ebf5-4d76-8e87-97543821176b" testId="e18fba36-f205-e036-9232-ce444ee9be9e" testName="Should_deserialize(&quot;TestJson/API/DataModels/DiscordInteractionData\\DiscordInteractionData.json&quot;)" computerName="test" duration="00:00:00.0047080" startTime="2025-02-11T17:41:51.2861820+01:00" endTime="2025-02-11T17:41:51.2908893+01:00" testType="13cdc9d9-ddb5-4fa4-a97d-d965ccfc6d4b" outcome="Passed" testListId="8c84fa94-04c1-424b-9868-57a2d4851a1d" relativeResultsDirectory="24a3a781-ebf5-4d76-8e87-97543821176b" />
    <UnitTestResult executionId="128fc1a3-0486-4c0e-b50f-aa08fbf15c53" testId="af15e3bb-b421-9ca6-0372-97459e0b1a58" testName="Should_serialize_and_deserialize(&quot;TestJson/API/DataModels/DiscordEmbedFooterData\\DiscordEmbedFooterData.json&quot;)" computerName="test" duration="00:00:00.0002799" startTime="2025-02-11T17:41:51.0063556+01:00" endTime="2025-02-11T17:41:51.0066350+01:00" testType="13cdc9d9-ddb5-4fa4-a97d-d965ccfc6d4b" outcome="Passed" testListId="8c84fa94-04c1-424b-9868-57a2d4851a1d" relativeResultsDirectory="128fc1a3-0486-4c0e-b50f-aa08fbf15c53" />
    <UnitTestResult executionId="44bb14ff-1d5d-433a-9ac3-8252eb72b0fe" testId="07d5e449-51be-1b2a-0189-3d4ca365efc6" testName="Should_deserialize(&quot;TestJson/API/DataModels/DiscordGatewayBotData\\DiscordGatewayBotData.json&quot;)" computerName="test" duration="00:00:00.0067740" startTime="2025-02-11T17:41:50.9273805+01:00" endTime="2025-02-11T17:41:50.9341538+01:00" testType="13cdc9d9-ddb5-4fa4-a97d-d965ccfc6d4b" outcome="Passed" testListId="8c84fa94-04c1-424b-9868-57a2d4851a1d" relativeResultsDirectory="44bb14ff-1d5d-433a-9ac3-8252eb72b0fe" />
    <UnitTestResult executionId="ccfcccb9-c985-4c0f-b9d5-233d3c7e682e" testId="fdc22051-b379-31ac-6879-092312fcb27d" testName="Should_deserialize(&quot;TestJson/API/DataModels/DiscordEmbedFieldData\\DiscordEmbedFieldData.json&quot;)" computerName="test" duration="00:00:00.0009060" startTime="2025-02-11T17:41:51.0029234+01:00" endTime="2025-02-11T17:41:51.0038287+01:00" testType="13cdc9d9-ddb5-4fa4-a97d-d965ccfc6d4b" outcome="Passed" testListId="8c84fa94-04c1-424b-9868-57a2d4851a1d" relativeResultsDirectory="ccfcccb9-c985-4c0f-b9d5-233d3c7e682e" />
    <UnitTestResult executionId="b9f19d5f-f247-4acd-98a1-0516ba4c00fa" testId="d007515d-3df3-9d67-54aa-025498f0ae45" testName="Should_serialize_and_deserialize(&quot;TestJson/API/Params/DiscordModifyGuildRolePositions\\DiscordModifyGuildRolePositions2.json&quot;)" computerName="test" duration="00:00:00.0002680" startTime="2025-02-11T17:41:51.3180758+01:00" endTime="2025-02-11T17:41:51.3183431+01:00" testType="13cdc9d9-ddb5-4fa4-a97d-d965ccfc6d4b" outcome="Passed" testListId="8c84fa94-04c1-424b-9868-57a2d4851a1d" relativeResultsDirectory="b9f19d5f-f247-4acd-98a1-0516ba4c00fa" />
    <UnitTestResult executionId="67d20fbe-a09d-4e9e-8b25-90f42f8ec180" testId="4372b8e4-b7e0-3df6-2b43-151d1d102d9a" testName="Should_parse_permissions_string(&quot;1409286155&quot;,CreateInstantInvite, KickMembers, Administrator, ChangeNickname, ManageRoles, ManageEmojisAndStickers)" computerName="test" duration="00:00:00.0001150" startTime="2025-02-11T17:41:51.3032729+01:00" endTime="2025-02-11T17:41:51.3033881+01:00" testType="13cdc9d9-ddb5-4fa4-a97d-d965ccfc6d4b" outcome="Passed" testListId="8c84fa94-04c1-424b-9868-57a2d4851a1d" relativeResultsDirectory="67d20fbe-a09d-4e9e-8b25-90f42f8ec180" />
    <UnitTestResult executionId="de439efe-859f-4b7e-9c97-6ff9e1b44dfa" testId="982e225e-8813-623b-3626-8f6a8e686392" testName="Should_serialize_and_deserialize(&quot;TestJson/API/DataModels/DiscordEmbedFieldData\\DiscordEmbedFieldData.json&quot;)" computerName="test" duration="00:00:00.0003330" startTime="2025-02-11T17:41:51.0042912+01:00" endTime="2025-02-11T17:41:51.0046238+01:00" testType="13cdc9d9-ddb5-4fa4-a97d-d965ccfc6d4b" outcome="Passed" testListId="8c84fa94-04c1-424b-9868-57a2d4851a1d" relativeResultsDirectory="de439efe-859f-4b7e-9c97-6ff9e1b44dfa" />
    <UnitTestResult executionId="9bdc3d5c-5110-43d1-b1c6-72a5cf96353c" testId="1928a437-7136-c6a9-5d09-d2b797c1f5a3" testName="Should_deserialize(&quot;TestJson/API/DataModels/DiscordGuildExplicitContentFilterLevel\\DiscordGuildExplicitContentFilterLevel.json&quot;)" computerName="test" duration="00:00:00.0033240" startTime="2025-02-11T17:41:51.1071558+01:00" endTime="2025-02-11T17:41:51.1104799+01:00" testType="13cdc9d9-ddb5-4fa4-a97d-d965ccfc6d4b" outcome="Passed" testListId="8c84fa94-04c1-424b-9868-57a2d4851a1d" relativeResultsDirectory="9bdc3d5c-5110-43d1-b1c6-72a5cf96353c" />
    <UnitTestResult executionId="c4b961ab-6736-4ef5-92b5-629eaba24582" testId="013d885d-222f-b543-3ec1-474f983d3422" testName="Should_deserialize(&quot;TestJson/API/DataModels/DiscordInteractionRequestData\\DiscordInteractionCommandData.json&quot;)" computerName="test" duration="00:00:00.0501210" startTime="2025-02-11T17:41:51.2116987+01:00" endTime="2025-02-11T17:41:51.2618196+01:00" testType="13cdc9d9-ddb5-4fa4-a97d-d965ccfc6d4b" outcome="Passed" testListId="8c84fa94-04c1-424b-9868-57a2d4851a1d" relativeResultsDirectory="c4b961ab-6736-4ef5-92b5-629eaba24582" />
    <UnitTestResult executionId="22e558c8-5e67-48e6-9a57-621c104a8f22" testId="005aa952-d349-5e3c-e1c8-baa660159f73" testName="Should_serialize" computerName="test" duration="00:00:00.0042430" startTime="2025-02-11T17:41:50.9427204+01:00" endTime="2025-02-11T17:41:50.9469637+01:00" testType="13cdc9d9-ddb5-4fa4-a97d-d965ccfc6d4b" outcome="Passed" testListId="8c84fa94-04c1-424b-9868-57a2d4851a1d" relativeResultsDirectory="22e558c8-5e67-48e6-9a57-621c104a8f22" />
    <UnitTestResult executionId="966d7d6d-8568-4157-9931-36845e34183b" testId="ca244a23-669e-f912-8909-1ee4ad47014c" testName="Should_serialize" computerName="test" duration="00:00:00.0004800" startTime="2025-02-11T17:41:51.3094487+01:00" endTime="2025-02-11T17:41:51.3099284+01:00" testType="13cdc9d9-ddb5-4fa4-a97d-d965ccfc6d4b" outcome="Passed" testListId="8c84fa94-04c1-424b-9868-57a2d4851a1d" relativeResultsDirectory="966d7d6d-8568-4157-9931-36845e34183b" />
    <UnitTestResult executionId="61c6da42-c74b-4e31-acb2-5f9e4215c7d5" testId="9972d937-64ec-8f02-73ba-8e6b50352851" testName="Should_deserialize(&quot;TestJson/API/DataModels/DiscordPermission\\DiscordGuildPermission2.json&quot;)" computerName="test" duration="00:00:00.0003010" startTime="2025-02-11T17:41:50.9418590+01:00" endTime="2025-02-11T17:41:50.9421599+01:00" testType="13cdc9d9-ddb5-4fa4-a97d-d965ccfc6d4b" outcome="Passed" testListId="8c84fa94-04c1-424b-9868-57a2d4851a1d" relativeResultsDirectory="61c6da42-c74b-4e31-acb2-5f9e4215c7d5" />
    <UnitTestResult executionId="9e6c32be-ec61-4e28-bba5-e76cf1110320" testId="c660400d-95d2-176e-0d96-3bb7f4f94e0e" testName="HasChannelPermissions_should_detect_channel_perm(ManageWebhooks, UseExternalStickers)" computerName="test" duration="00:00:00.0000030" startTime="2025-02-11T17:41:51.3217587+01:00" endTime="2025-02-11T17:41:51.3217612+01:00" testType="13cdc9d9-ddb5-4fa4-a97d-d965ccfc6d4b" outcome="Passed" testListId="8c84fa94-04c1-424b-9868-57a2d4851a1d" relativeResultsDirectory="9e6c32be-ec61-4e28-bba5-e76cf1110320" />
    <UnitTestResult executionId="b911a06e-3138-47a7-814f-48fd3960d675" testId="7d5aefb1-f75e-19d0-da3b-510a223009cc" testName="Should_deserialize(&quot;TestJson/API/DataModels/DiscordInteractionResponseData\\DiscordInteractionResponseData2.json&quot;)" computerName="test" duration="00:00:00.0004010" startTime="2025-02-11T17:41:51.3005453+01:00" endTime="2025-02-11T17:41:51.3009459+01:00" testType="13cdc9d9-ddb5-4fa4-a97d-d965ccfc6d4b" outcome="Passed" testListId="8c84fa94-04c1-424b-9868-57a2d4851a1d" relativeResultsDirectory="b911a06e-3138-47a7-814f-48fd3960d675" />
    <UnitTestResult executionId="19bdbff6-7edd-4c92-b484-894510cf9095" testId="5800dbec-8b1b-899f-667f-ccae16ee7795" testName="Should_serialize" computerName="test" duration="00:00:00.0088210" startTime="2025-02-11T17:41:51.0898875+01:00" endTime="2025-02-11T17:41:51.0987084+01:00" testType="13cdc9d9-ddb5-4fa4-a97d-d965ccfc6d4b" outcome="Passed" testListId="8c84fa94-04c1-424b-9868-57a2d4851a1d" relativeResultsDirectory="19bdbff6-7edd-4c92-b484-894510cf9095" />
    <UnitTestResult executionId="1800350d-46ab-45ec-9441-0997d91e0e9e" testId="54223f7e-0fa1-3b15-149e-b9fcc2226128" testName="Should_serialize" computerName="test" duration="00:00:00.0014009" startTime="2025-02-11T17:41:50.9530712+01:00" endTime="2025-02-11T17:41:50.9544723+01:00" testType="13cdc9d9-ddb5-4fa4-a97d-d965ccfc6d4b" outcome="Passed" testListId="8c84fa94-04c1-424b-9868-57a2d4851a1d" relativeResultsDirectory="1800350d-46ab-45ec-9441-0997d91e0e9e" />
    <UnitTestResult executionId="ec79c85f-9f79-4005-a433-f97adf9f2171" testId="fcf2e26a-ac6b-78dc-1a1c-f83631da49ff" testName="Should_serialize_and_deserialize(&quot;TestJson/API/DataModels/DiscordPermission\\DiscordGuildPermission.json&quot;)" computerName="test" duration="00:00:00.0017590" startTime="2025-02-11T17:41:50.9470298+01:00" endTime="2025-02-11T17:41:50.9487886+01:00" testType="13cdc9d9-ddb5-4fa4-a97d-d965ccfc6d4b" outcome="Passed" testListId="8c84fa94-04c1-424b-9868-57a2d4851a1d" relativeResultsDirectory="ec79c85f-9f79-4005-a433-f97adf9f2171" />
    <UnitTestResult executionId="b300ce1a-483e-44eb-ae52-6edcc608d8af" testId="28084b9a-95df-2d6b-789c-632f302c25bd" testName="Should_deserialize(&quot;TestJson/API/DataModels/DiscordPermission\\DiscordGuildPermission4.json&quot;)" computerName="test" duration="00:00:00.0001600" startTime="2025-02-11T17:41:50.9423784+01:00" endTime="2025-02-11T17:41:50.9425382+01:00" testType="13cdc9d9-ddb5-4fa4-a97d-d965ccfc6d4b" outcome="Passed" testListId="8c84fa94-04c1-424b-9868-57a2d4851a1d" relativeResultsDirectory="b300ce1a-483e-44eb-ae52-6edcc608d8af" />
    <UnitTestResult executionId="b15061bb-c548-4ae1-a181-88033480b0ab" testId="1479c1b2-55dc-01ea-ca44-4f8f40f0c049" testName="Should_serialize" computerName="test" duration="00:00:00.0006110" startTime="2025-02-11T17:41:51.0140434+01:00" endTime="2025-02-11T17:41:51.0146546+01:00" testType="13cdc9d9-ddb5-4fa4-a97d-d965ccfc6d4b" outcome="Passed" testListId="8c84fa94-04c1-424b-9868-57a2d4851a1d" relativeResultsDirectory="b15061bb-c548-4ae1-a181-88033480b0ab" />
    <UnitTestResult executionId="35bc0954-be61-452b-97e3-bebbe47518df" testId="c2af2b2d-29f5-1a52-c14b-a8f995d4f343" testName="HasChannelPermissions_should_detect_channel_perm(ManageChannels)" computerName="test" duration="00:00:00.0003120" startTime="2025-02-11T17:41:51.3212668+01:00" endTime="2025-02-11T17:41:51.3215785+01:00" testType="13cdc9d9-ddb5-4fa4-a97d-d965ccfc6d4b" outcome="Passed" testListId="8c84fa94-04c1-424b-9868-57a2d4851a1d" relativeResultsDirectory="35bc0954-be61-452b-97e3-bebbe47518df" />
    <UnitTestResult executionId="368f8116-6cae-4103-b772-6fee184444df" testId="d7feecf9-f0fe-52cb-a88e-9d7231f0e520" testName="Should_deserialize(&quot;TestJson/API/DataModels/DiscordEmbedImageData\\DiscordEmbedImageData.json&quot;)" computerName="test" duration="00:00:00.0028590" startTime="2025-02-11T17:41:51.0067499+01:00" endTime="2025-02-11T17:41:51.0096088+01:00" testType="13cdc9d9-ddb5-4fa4-a97d-d965ccfc6d4b" outcome="Passed" testListId="8c84fa94-04c1-424b-9868-57a2d4851a1d" relativeResultsDirectory="368f8116-6cae-4103-b772-6fee184444df" />
    <UnitTestResult executionId="9ef55a92-7033-4fb5-98b2-443b76f5d972" testId="d020fbc9-6187-74f2-aafc-ff9e7b98eac4" testName="Should_serialize_and_deserialize(&quot;TestJson/API/DataModels/DiscordInteractionData\\DiscordInteractionData2.json&quot;)" computerName="test" duration="00:00:00.0005740" startTime="2025-02-11T17:41:51.2942056+01:00" endTime="2025-02-11T17:41:51.2947794+01:00" testType="13cdc9d9-ddb5-4fa4-a97d-d965ccfc6d4b" outcome="Passed" testListId="8c84fa94-04c1-424b-9868-57a2d4851a1d" relativeResultsDirectory="9ef55a92-7033-4fb5-98b2-443b76f5d972" />
    <UnitTestResult executionId="60ad0f1a-45ca-429e-93f6-3e15a056a685" testId="53c831b4-9b4e-8342-410c-b290ae0ff910" testName="Should_parse_permissions_span(&quot;174144&quot;,AddReactions, SendMessages, ManageMessages, AttachFiles, MentionEveryone)" computerName="test" duration="00:00:00.0000030" startTime="2025-02-11T17:41:51.3032262+01:00" endTime="2025-02-11T17:41:51.3032290+01:00" testType="13cdc9d9-ddb5-4fa4-a97d-d965ccfc6d4b" outcome="Passed" testListId="8c84fa94-04c1-424b-9868-57a2d4851a1d" relativeResultsDirectory="60ad0f1a-45ca-429e-93f6-3e15a056a685" />
    <UnitTestResult executionId="aaddb6cd-f960-48fa-81a5-197ff85483f1" testId="5f8f1cdb-7f88-4cb5-ad9d-f03304ea5269" testName="Should_deserialize(&quot;TestJson/API/DataModels/DiscordGuildExplicitContentFilterLevel\\DiscordGuildExplicitContentFilterLevel2.json&quot;)" computerName="test" duration="00:00:00.0003520" startTime="2025-02-11T17:41:51.1104988+01:00" endTime="2025-02-11T17:41:51.1108508+01:00" testType="13cdc9d9-ddb5-4fa4-a97d-d965ccfc6d4b" outcome="Passed" testListId="8c84fa94-04c1-424b-9868-57a2d4851a1d" relativeResultsDirectory="aaddb6cd-f960-48fa-81a5-197ff85483f1" />
    <UnitTestResult executionId="883b758c-8d94-4347-92a3-159f23db7d3e" testId="384ef78c-d6d6-7d8c-f02d-ca5b9f08914b" testName="HasChannelPermissions_should_detect_channel_perm(ManageMessages)" computerName="test" duration="00:00:00.0000070" startTime="2025-02-11T17:41:51.3217108+01:00" endTime="2025-02-11T17:41:51.3217179+01:00" testType="13cdc9d9-ddb5-4fa4-a97d-d965ccfc6d4b" outcome="Passed" testListId="8c84fa94-04c1-424b-9868-57a2d4851a1d" relativeResultsDirectory="883b758c-8d94-4347-92a3-159f23db7d3e" />
    <UnitTestResult executionId="7d67e74c-eafc-4e56-b190-bfcd7b92c5ae" testId="cc33bae5-4123-252e-023b-565a1620e821" testName="Should_deserialize(&quot;TestJson/API/DataModels/DiscordGuildWelcomeChannelData\\DiscordGuildWelcomeChannelData.json&quot;)" computerName="test" duration="00:00:00.0011920" startTime="2025-02-11T17:41:51.1802395+01:00" endTime="2025-02-11T17:41:51.1814312+01:00" testType="13cdc9d9-ddb5-4fa4-a97d-d965ccfc6d4b" outcome="Passed" testListId="8c84fa94-04c1-424b-9868-57a2d4851a1d" relativeResultsDirectory="7d67e74c-eafc-4e56-b190-bfcd7b92c5ae" />
    <UnitTestResult executionId="983c4f1b-1f83-4bef-bfb4-7842bb0b910e" testId="2a4a185d-2064-65a4-19a0-8da89e0740b4" testName="Should_serialize" computerName="test" duration="00:00:00.0009080" startTime="2025-02-11T17:41:50.9341758+01:00" endTime="2025-02-11T17:41:50.9350836+01:00" testType="13cdc9d9-ddb5-4fa4-a97d-d965ccfc6d4b" outcome="Passed" testListId="8c84fa94-04c1-424b-9868-57a2d4851a1d" relativeResultsDirectory="983c4f1b-1f83-4bef-bfb4-7842bb0b910e" />
    <UnitTestResult executionId="2cdbc00f-2eec-44c2-b784-185a19e27882" testId="819b6fcf-ca41-83d0-913d-619de40af1f9" testName="HasChannelPermissions_should_detect_channel_perm(ManageGuild, SendTtsMessages)" computerName="test" duration="00:00:00.0000020" startTime="2025-02-11T17:41:51.3217639+01:00" endTime="2025-02-11T17:41:51.3217662+01:00" testType="13cdc9d9-ddb5-4fa4-a97d-d965ccfc6d4b" outcome="Passed" testListId="8c84fa94-04c1-424b-9868-57a2d4851a1d" relativeResultsDirectory="2cdbc00f-2eec-44c2-b784-185a19e27882" />
    <UnitTestResult executionId="0f360612-cf6f-47c3-b7f6-b3f6723107ae" testId="b4c14011-1f0c-7774-c833-6f6b54b7cb8c" testName="Should_serialize_and_deserialize(&quot;TestJson/API/DataModels/DiscordGuildDefaultMessageNotificationLevel\\DiscordGuildDefaultMessageNotificationLevel2.json&quot;)" computerName="test" duration="00:00:00.0003130" startTime="2025-02-11T17:41:51.1066190+01:00" endTime="2025-02-11T17:41:51.1069318+01:00" testType="13cdc9d9-ddb5-4fa4-a97d-d965ccfc6d4b" outcome="Passed" testListId="8c84fa94-04c1-424b-9868-57a2d4851a1d" relativeResultsDirectory="0f360612-cf6f-47c3-b7f6-b3f6723107ae" />
    <UnitTestResult executionId="6f4fd157-289a-42ef-8190-c1df014bcb93" testId="2ca4452c-25a5-ec03-7cd6-e1643f04ec68" testName="Should_deserialize(&quot;TestJson/API/DataModels/DiscordGuildPremiumTier\\DiscordGuildPremiumTier2.json&quot;)" computerName="test" duration="00:00:00.0002700" startTime="2025-02-11T17:41:51.1371643+01:00" endTime="2025-02-11T17:41:51.1374342+01:00" testType="13cdc9d9-ddb5-4fa4-a97d-d965ccfc6d4b" outcome="Passed" testListId="8c84fa94-04c1-424b-9868-57a2d4851a1d" relativeResultsDirectory="6f4fd157-289a-42ef-8190-c1df014bcb93" />
    <UnitTestResult executionId="767b40e4-aeba-4be5-bc83-aa0a604da24e" testId="bb04dd02-e725-5842-ade2-8b3e9f5c6e18" testName="Should_deserialize(&quot;TestJson/API/DataModels/DiscordGuildRoleData\\DiscordGuildRoleData.json&quot;)" computerName="test" duration="00:00:00.0214000" startTime="2025-02-11T17:41:51.1476285+01:00" endTime="2025-02-11T17:41:51.1690280+01:00" testType="13cdc9d9-ddb5-4fa4-a97d-d965ccfc6d4b" outcome="Passed" testListId="8c84fa94-04c1-424b-9868-57a2d4851a1d" relativeResultsDirectory="767b40e4-aeba-4be5-bc83-aa0a604da24e" />
    <UnitTestResult executionId="8b2af3c8-9b0e-461c-a0a1-155e23b5527f" testId="e0c640c2-8cd6-b9af-bc59-2609230ea379" testName="Should_deserialize(&quot;TestJson/API/DataModels/DiscordJsonErrorData\\DiscordJsonErrorData2.json&quot;)" computerName="test" duration="00:00:00.0003040" startTime="2025-02-11T17:41:51.0251223+01:00" endTime="2025-02-11T17:41:51.0254258+01:00" testType="13cdc9d9-ddb5-4fa4-a97d-d965ccfc6d4b" outcome="Passed" testListId="8c84fa94-04c1-424b-9868-57a2d4851a1d" relativeResultsDirectory="8b2af3c8-9b0e-461c-a0a1-155e23b5527f" />
    <UnitTestResult executionId="1b992f7f-8d13-4b46-a558-dd2e10ceb1d3" testId="4abf494b-a0fe-f1c6-c7a1-37cb9431b7ec" testName="Should_deserialize(&quot;TestJson/API/DataModels/DiscordGuildVerificationLevel\\DiscordGuildVerificationLevel.json&quot;)" computerName="test" duration="00:00:00.0035890" startTime="2025-02-11T17:41:51.1719871+01:00" endTime="2025-02-11T17:41:51.1755758+01:00" testType="13cdc9d9-ddb5-4fa4-a97d-d965ccfc6d4b" outcome="Passed" testListId="8c84fa94-04c1-424b-9868-57a2d4851a1d" relativeResultsDirectory="1b992f7f-8d13-4b46-a558-dd2e10ceb1d3" />
    <UnitTestResult executionId="9370c208-f227-4359-8ddd-bd3853088d90" testId="902b89d3-2ada-40f6-ee62-d405f5c53104" testName="Should_serialize_and_deserialize(&quot;TestJson/API/DataModels/DiscordGuildWelcomeScreenData\\DiscordGuildWelcomeScreenData2json.json&quot;)" computerName="test" duration="00:00:00.0003270" startTime="2025-02-11T17:41:51.1844043+01:00" endTime="2025-02-11T17:41:51.1847307+01:00" testType="13cdc9d9-ddb5-4fa4-a97d-d965ccfc6d4b" outcome="Passed" testListId="8c84fa94-04c1-424b-9868-57a2d4851a1d" relativeResultsDirectory="9370c208-f227-4359-8ddd-bd3853088d90" />
    <UnitTestResult executionId="fa572006-8faf-4b2d-928a-2c0006fee1ae" testId="4d7f6526-f17b-292b-c8f1-3e4f2196f4b2" testName="Should_serialize" computerName="test" duration="00:00:00.0005770" startTime="2025-02-11T17:41:51.3118891+01:00" endTime="2025-02-11T17:41:51.3124658+01:00" testType="13cdc9d9-ddb5-4fa4-a97d-d965ccfc6d4b" outcome="Passed" testListId="8c84fa94-04c1-424b-9868-57a2d4851a1d" relativeResultsDirectory="fa572006-8faf-4b2d-928a-2c0006fee1ae" />
    <UnitTestResult executionId="53aadccb-24b3-43bf-81e4-c0aabd7c8a9e" testId="fc056afc-4913-e3e3-3552-38827b7cce99" testName="Should_serialize_and_deserialize(&quot;TestJson/API/DataModels/DiscordGatewayBotData\\DiscordGatewayBotData.json&quot;)" computerName="test" duration="00:00:00.0006410" startTime="2025-02-11T17:41:50.9351179+01:00" endTime="2025-02-11T17:41:50.9357583+01:00" testType="13cdc9d9-ddb5-4fa4-a97d-d965ccfc6d4b" outcome="Passed" testListId="8c84fa94-04c1-424b-9868-57a2d4851a1d" relativeResultsDirectory="53aadccb-24b3-43bf-81e4-c0aabd7c8a9e" />
    <UnitTestResult executionId="0841c737-3740-41c1-add4-8739afb29260" testId="2a128d5f-6b77-732d-f230-776aeeac8a67" testName="Should_deserialize(&quot;TestJson/API/DataModels/DiscordSystemChannelFlags\\DiscordSystemChannelFlags.json&quot;)" computerName="test" duration="00:00:00.0040470" startTime="2025-02-11T17:41:51.1849506+01:00" endTime="2025-02-11T17:41:51.1889969+01:00" testType="13cdc9d9-ddb5-4fa4-a97d-d965ccfc6d4b" outcome="Passed" testListId="8c84fa94-04c1-424b-9868-57a2d4851a1d" relativeResultsDirectory="0841c737-3740-41c1-add4-8739afb29260" />
    <UnitTestResult executionId="c234d0c9-00d5-449a-a7b1-5d5f79c70908" testId="22b20d94-3c77-315d-7294-94cfb3c2c11f" testName="Should_deserialize(&quot;TestJson/API/DataModels/DiscordGuildWelcomeScreenData\\DiscordGuildWelcomeScreenData.json&quot;)" computerName="test" duration="00:00:00.0008080" startTime="2025-02-11T17:41:51.1824804+01:00" endTime="2025-02-11T17:41:51.1832877+01:00" testType="13cdc9d9-ddb5-4fa4-a97d-d965ccfc6d4b" outcome="Passed" testListId="8c84fa94-04c1-424b-9868-57a2d4851a1d" relativeResultsDirectory="c234d0c9-00d5-449a-a7b1-5d5f79c70908" />
    <UnitTestResult executionId="559f95f8-bd33-48b6-9194-46273844b5e5" testId="aa22230c-d539-3285-d54d-7848f5b8b0ec" testName="Should_deserialize(&quot;TestJson/API/DataModels/DiscordGuildPremiumTier\\DiscordGuildPremiumTier.json&quot;)" computerName="test" duration="00:00:00.0027200" startTime="2025-02-11T17:41:51.1344318+01:00" endTime="2025-02-11T17:41:51.1371517+01:00" testType="13cdc9d9-ddb5-4fa4-a97d-d965ccfc6d4b" outcome="Passed" testListId="8c84fa94-04c1-424b-9868-57a2d4851a1d" relativeResultsDirectory="559f95f8-bd33-48b6-9194-46273844b5e5" />
    <UnitTestResult executionId="7d61b906-97fa-4977-87ed-883808799e0a" testId="0b7731ed-3447-21bd-6712-50e5e9756f83" testName="Should_deserialize(&quot;TestJson/API/DataModels/DiscordPermission\\DiscordGuildPermission5.json&quot;)" computerName="test" duration="00:00:00.0001420" startTime="2025-02-11T17:41:50.9425472+01:00" endTime="2025-02-11T17:41:50.9426886+01:00" testType="13cdc9d9-ddb5-4fa4-a97d-d965ccfc6d4b" outcome="Passed" testListId="8c84fa94-04c1-424b-9868-57a2d4851a1d" relativeResultsDirectory="7d61b906-97fa-4977-87ed-883808799e0a" />
    <UnitTestResult executionId="0d2012fa-5802-4092-888f-7623086d132c" testId="78c62b6e-a310-45dc-2fec-ad57732059f3" testName="Should_serialize_and_deserialize(&quot;TestJson/API/DataModels/DiscordEmojiData\\DiscordEmojiData.json&quot;)" computerName="test" duration="00:00:00.0040289" startTime="2025-02-11T17:41:50.9231942+01:00" endTime="2025-02-11T17:41:50.9272232+01:00" testType="13cdc9d9-ddb5-4fa4-a97d-d965ccfc6d4b" outcome="Passed" testListId="8c84fa94-04c1-424b-9868-57a2d4851a1d" relativeResultsDirectory="0d2012fa-5802-4092-888f-7623086d132c" />
    <UnitTestResult executionId="d8c6631f-ed47-4a9c-86f5-800996dc7bb0" testId="2302f77c-34ab-a136-0fb9-730e7c8daa74" testName="Should_serialize_and_deserialize(&quot;TestJson/API/DataModels/DiscordGuildExplicitContentFilterLevel\\DiscordGuildExplicitContentFilterLevel.json&quot;)" computerName="test" duration="00:00:00.0010160" startTime="2025-02-11T17:41:51.1128371+01:00" endTime="2025-02-11T17:41:51.1138529+01:00" testType="13cdc9d9-ddb5-4fa4-a97d-d965ccfc6d4b" outcome="Passed" testListId="8c84fa94-04c1-424b-9868-57a2d4851a1d" relativeResultsDirectory="d8c6631f-ed47-4a9c-86f5-800996dc7bb0" />
    <UnitTestResult executionId="d269934c-1d3f-405c-b969-a92d5ab8befa" testId="c6b798f7-43ba-642e-9650-32b797669787" testName="Should_deserialize(&quot;TestJson/API/DataModels/DiscordInteractionResolvedData\\DiscordInteractionCommandResolvedData.json&quot;)" computerName="test" duration="00:00:00.0115420" startTime="2025-02-11T17:41:51.2683203+01:00" endTime="2025-02-11T17:41:51.2798617+01:00" testType="13cdc9d9-ddb5-4fa4-a97d-d965ccfc6d4b" outcome="Passed" testListId="8c84fa94-04c1-424b-9868-57a2d4851a1d" relativeResultsDirectory="d269934c-1d3f-405c-b969-a92d5ab8befa" />
[...]
    <TestEntry testId="650f7144-18b0-2a95-e379-ed0b96db9832" executionId="7a4a8d9d-e678-4e89-a046-e84ac2399949" testListId="8c84fa94-04c1-424b-9868-57a2d4851a1d" />
    <TestEntry testId="3f0b05a8-7da3-5131-8fbc-dbca7bbb3c5c" executionId="06f36420-bd02-4cc4-9c04-428db4627552" testListId="8c84fa94-04c1-424b-9868-57a2d4851a1d" />
    <TestEntry testId="e5962e04-9634-ee61-9542-256487d9b2f4" executionId="4f60eb0c-28fe-4011-b2a7-66f8020ef5f9" testListId="8c84fa94-04c1-424b-9868-57a2d4851a1d" />
    <TestEntry testId="e18fba36-f205-e036-9232-ce444ee9be9e" executionId="24a3a781-ebf5-4d76-8e87-97543821176b" testListId="8c84fa94-04c1-424b-9868-57a2d4851a1d" />
    <TestEntry testId="af15e3bb-b421-9ca6-0372-97459e0b1a58" executionId="128fc1a3-0486-4c0e-b50f-aa08fbf15c53" testListId="8c84fa94-04c1-424b-9868-57a2d4851a1d" />
    <TestEntry testId="07d5e449-51be-1b2a-0189-3d4ca365efc6" executionId="44bb14ff-1d5d-433a-9ac3-8252eb72b0fe" testListId="8c84fa94-04c1-424b-9868-57a2d4851a1d" />
    <TestEntry testId="fdc22051-b379-31ac-6879-092312fcb27d" executionId="ccfcccb9-c985-4c0f-b9d5-233d3c7e682e" testListId="8c84fa94-04c1-424b-9868-57a2d4851a1d" />
    <TestEntry testId="d007515d-3df3-9d67-54aa-025498f0ae45" executionId="b9f19d5f-f247-4acd-98a1-0516ba4c00fa" testListId="8c84fa94-04c1-424b-9868-57a2d4851a1d" />
    <TestEntry testId="4372b8e4-b7e0-3df6-2b43-151d1d102d9a" executionId="67d20fbe-a09d-4e9e-8b25-90f42f8ec180" testListId="8c84fa94-04c1-424b-9868-57a2d4851a1d" />
    <TestEntry testId="982e225e-8813-623b-3626-8f6a8e686392" executionId="de439efe-859f-4b7e-9c97-6ff9e1b44dfa" testListId="8c84fa94-04c1-424b-9868-57a2d4851a1d" />
    <TestEntry testId="1928a437-7136-c6a9-5d09-d2b797c1f5a3" executionId="9bdc3d5c-5110-43d1-b1c6-72a5cf96353c" testListId="8c84fa94-04c1-424b-9868-57a2d4851a1d" />
    <TestEntry testId="013d885d-222f-b543-3ec1-474f983d3422" executionId="c4b961ab-6736-4ef5-92b5-629eaba24582" testListId="8c84fa94-04c1-424b-9868-57a2d4851a1d" />
    <TestEntry testId="005aa952-d349-5e3c-e1c8-baa660159f73" executionId="22e558c8-5e67-48e6-9a57-621c104a8f22" testListId="8c84fa94-04c1-424b-9868-57a2d4851a1d" />
    <TestEntry testId="ca244a23-669e-f912-8909-1ee4ad47014c" executionId="966d7d6d-8568-4157-9931-36845e34183b" testListId="8c84fa94-04c1-424b-9868-57a2d4851a1d" />
    <TestEntry testId="9972d937-64ec-8f02-73ba-8e6b50352851" executionId="61c6da42-c74b-4e31-acb2-5f9e4215c7d5" testListId="8c84fa94-04c1-424b-9868-57a2d4851a1d" />
    <TestEntry testId="c660400d-95d2-176e-0d96-3bb7f4f94e0e" executionId="9e6c32be-ec61-4e28-bba5-e76cf1110320" testListId="8c84fa94-04c1-424b-9868-57a2d4851a1d" />
    <TestEntry testId="7d5aefb1-f75e-19d0-da3b-510a223009cc" executionId="b911a06e-3138-47a7-814f-48fd3960d675" testListId="8c84fa94-04c1-424b-9868-57a2d4851a1d" />
    <TestEntry testId="5800dbec-8b1b-899f-667f-ccae16ee7795" executionId="19bdbff6-7edd-4c92-b484-894510cf9095" testListId="8c84fa94-04c1-424b-9868-57a2d4851a1d" />
    <TestEntry testId="54223f7e-0fa1-3b15-149e-b9fcc2226128" executionId="1800350d-46ab-45ec-9441-0997d91e0e9e" testListId="8c84fa94-04c1-424b-9868-57a2d4851a1d" />
    <TestEntry testId="fcf2e26a-ac6b-78dc-1a1c-f83631da49ff" executionId="ec79c85f-9f79-4005-a433-f97adf9f2171" testListId="8c84fa94-04c1-424b-9868-57a2d4851a1d" />
    <TestEntry testId="28084b9a-95df-2d6b-789c-632f302c25bd" executionId="b300ce1a-483e-44eb-ae52-6edcc608d8af" testListId="8c84fa94-04c1-424b-9868-57a2d4851a1d" />
    <TestEntry testId="1479c1b2-55dc-01ea-ca44-4f8f40f0c049" executionId="b15061bb-c548-4ae1-a181-88033480b0ab" testListId="8c84fa94-04c1-424b-9868-57a2d4851a1d" />
    <TestEntry testId="c2af2b2d-29f5-1a52-c14b-a8f995d4f343" executionId="35bc0954-be61-452b-97e3-bebbe47518df" testListId="8c84fa94-04c1-424b-9868-57a2d4851a1d" />
    <TestEntry testId="d7feecf9-f0fe-52cb-a88e-9d7231f0e520" executionId="368f8116-6cae-4103-b772-6fee184444df" testListId="8c84fa94-04c1-424b-9868-57a2d4851a1d" />
    <TestEntry testId="d020fbc9-6187-74f2-aafc-ff9e7b98eac4" executionId="9ef55a92-7033-4fb5-98b2-443b76f5d972" testListId="8c84fa94-04c1-424b-9868-57a2d4851a1d" />
    <TestEntry testId="53c831b4-9b4e-8342-410c-b290ae0ff910" executionId="60ad0f1a-45ca-429e-93f6-3e15a056a685" testListId="8c84fa94-04c1-424b-9868-57a2d4851a1d" />
    <TestEntry testId="5f8f1cdb-7f88-4cb5-ad9d-f03304ea5269" executionId="aaddb6cd-f960-48fa-81a5-197ff85483f1" testListId="8c84fa94-04c1-424b-9868-57a2d4851a1d" />
    <TestEntry testId="384ef78c-d6d6-7d8c-f02d-ca5b9f08914b" executionId="883b758c-8d94-4347-92a3-159f23db7d3e" testListId="8c84fa94-04c1-424b-9868-57a2d4851a1d" />
    <TestEntry testId="cc33bae5-4123-252e-023b-565a1620e821" executionId="7d67e74c-eafc-4e56-b190-bfcd7b92c5ae" testListId="8c84fa94-04c1-424b-9868-57a2d4851a1d" />
    <TestEntry testId="2a4a185d-2064-65a4-19a0-8da89e0740b4" executionId="983c4f1b-1f83-4bef-bfb4-7842bb0b910e" testListId="8c84fa94-04c1-424b-9868-57a2d4851a1d" />
    <TestEntry testId="819b6fcf-ca41-83d0-913d-619de40af1f9" executionId="2cdbc00f-2eec-44c2-b784-185a19e27882" testListId="8c84fa94-04c1-424b-9868-57a2d4851a1d" />
    <TestEntry testId="b4c14011-1f0c-7774-c833-6f6b54b7cb8c" executionId="0f360612-cf6f-47c3-b7f6-b3f6723107ae" testListId="8c84fa94-04c1-424b-9868-57a2d4851a1d" />
    <TestEntry testId="2ca4452c-25a5-ec03-7cd6-e1643f04ec68" executionId="6f4fd157-289a-42ef-8190-c1df014bcb93" testListId="8c84fa94-04c1-424b-9868-57a2d4851a1d" />
    <TestEntry testId="bb04dd02-e725-5842-ade2-8b3e9f5c6e18" executionId="767b40e4-aeba-4be5-bc83-aa0a604da24e" testListId="8c84fa94-04c1-424b-9868-57a2d4851a1d" />
    <TestEntry testId="e0c640c2-8cd6-b9af-bc59-2609230ea379" executionId="8b2af3c8-9b0e-461c-a0a1-155e23b5527f" testListId="8c84fa94-04c1-424b-9868-57a2d4851a1d" />
    <TestEntry testId="4abf494b-a0fe-f1c6-c7a1-37cb9431b7ec" executionId="1b992f7f-8d13-4b46-a558-dd2e10ceb1d3" testListId="8c84fa94-04c1-424b-9868-57a2d4851a1d" />
    <TestEntry testId="902b89d3-2ada-40f6-ee62-d405f5c53104" executionId="9370c208-f227-4359-8ddd-bd3853088d90" testListId="8c84fa94-04c1-424b-9868-57a2d4851a1d" />
    <TestEntry testId="4d7f6526-f17b-292b-c8f1-3e4f2196f4b2" executionId="fa572006-8faf-4b2d-928a-2c0006fee1ae" testListId="8c84fa94-04c1-424b-9868-57a2d4851a1d" />
    <TestEntry testId="fc056afc-4913-e3e3-3552-38827b7cce99" executionId="53aadccb-24b3-43bf-81e4-c0aabd7c8a9e" testListId="8c84fa94-04c1-424b-9868-57a2d4851a1d" />
    <TestEntry testId="2a128d5f-6b77-732d-f230-776aeeac8a67" executionId="0841c737-3740-41c1-add4-8739afb29260" testListId="8c84fa94-04c1-424b-9868-57a2d4851a1d" />
    <TestEntry testId="22b20d94-3c77-315d-7294-94cfb3c2c11f" executionId="c234d0c9-00d5-449a-a7b1-5d5f79c70908" testListId="8c84fa94-04c1-424b-9868-57a2d4851a1d" />
    <TestEntry testId="aa22230c-d539-3285-d54d-7848f5b8b0ec" executionId="559f95f8-bd33-48b6-9194-46273844b5e5" testListId="8c84fa94-04c1-424b-9868-57a2d4851a1d" />
    <TestEntry testId="0b7731ed-3447-21bd-6712-50e5e9756f83" executionId="7d61b906-97fa-4977-87ed-883808799e0a" testListId="8c84fa94-04c1-424b-9868-57a2d4851a1d" />
    <TestEntry testId="78c62b6e-a310-45dc-2fec-ad57732059f3" executionId="0d2012fa-5802-4092-888f-7623086d132c" testListId="8c84fa94-04c1-424b-9868-57a2d4851a1d" />
    <TestEntry testId="2302f77c-34ab-a136-0fb9-730e7c8daa74" executionId="d8c6631f-ed47-4a9c-86f5-800996dc7bb0" testListId="8c84fa94-04c1-424b-9868-57a2d4851a1d" />
    <TestEntry testId="c6b798f7-43ba-642e-9650-32b797669787" executionId="d269934c-1d3f-405c-b969-a92d5ab8befa" testListId="8c84fa94-04c1-424b-9868-57a2d4851a1d" />
    <TestEntry testId="ebc8b6d6-c1e8-a386-3ba3-04ce759b5c4a" executionId="31ca833b-bc4c-4508-913f-ee96d3ce0e6c" testListId="8c84fa94-04c1-424b-9868-57a2d4851a1d" />
    <TestEntry testId="092bbca7-33a6-533a-0d2e-d7261d4e1b2d" executionId="fe59ff4f-e0fa-4337-bd95-32c3d205a8c6" testListId="8c84fa94-04c1-424b-9868-57a2d4851a1d" />
    <TestEntry testId="df8ae06f-a17c-f135-42df-0ddd849b35d3" executionId="f5533ef5-032b-4ddb-b4e7-bf0c6885195d" testListId="8c84fa94-04c1-424b-9868-57a2d4851a1d" />
    <TestEntry testId="cffa9c11-cfb9-57b5-ccd7-2ea9183e286f" executionId="71d20b52-c2a4-42cf-933c-041ab0811525" testListId="8c84fa94-04c1-424b-9868-57a2d4851a1d" />
    <TestEntry testId="68ac130a-5010-c4ab-aac0-6ac5f59c0bd5" executionId="2b4ebf95-e422-4c67-9dd2-2f0a2c397a45" testListId="8c84fa94-04c1-424b-9868-57a2d4851a1d" />
    <TestEntry testId="c19cf423-2d9d-7322-c1dc-950833cfc237" executionId="e5d82dbe-d8fa-4f95-9299-f32d61bfe884" testListId="8c84fa94-04c1-424b-9868-57a2d4851a1d" />
    <TestEntry testId="0f72c52e-c5fc-74a1-c283-139ef2c15a6e" executionId="9b1eb574-b4e3-4fd0-a34c-faf0759d79c9" testListId="8c84fa94-04c1-424b-9868-57a2d4851a1d" />
    <TestEntry testId="ebcf7916-1d24-f1b0-4404-49e2f2c99bcc" executionId="ff7231d4-34b9-4048-96b3-af58f8505554" testListId="8c84fa94-04c1-424b-9868-57a2d4851a1d" />
    <TestEntry testId="2ff2e629-2897-6ce0-4a56-e19585c48b29" executionId="5ea8665f-0b0d-40f3-b4b5-aa7bfd14591a" testListId="8c84fa94-04c1-424b-9868-57a2d4851a1d" />
    <TestEntry testId="07a9d178-a42d-1f05-b521-46cc8b4e76dd" executionId="88f8c749-18e2-4a1b-9f99-c77226f0b181" testListId="8c84fa94-04c1-424b-9868-57a2d4851a1d" />
    <TestEntry testId="f2b89842-aaa9-c266-7b42-3b184107b2f4" executionId="2dd96476-991d-4861-be99-ab9ee3859ad8" testListId="8c84fa94-04c1-424b-9868-57a2d4851a1d" />
    <TestEntry testId="934cadcd-131c-d501-0af5-e963ea16ff8c" executionId="3dff55bb-0621-47f3-a668-6c9ae6edcb57" testListId="8c84fa94-04c1-424b-9868-57a2d4851a1d" />
    <TestEntry testId="8c1ba848-b933-e28d-b709-c01a320ec13e" executionId="28154c11-fcd7-4194-92f6-04b2bc7d2e1c" testListId="8c84fa94-04c1-424b-9868-57a2d4851a1d" />
    <TestEntry testId="8cc1f3b5-f573-556c-c243-a511e69126d0" executionId="ef3a36da-7748-40bf-9f48-b6d2e9f9a064" testListId="8c84fa94-04c1-424b-9868-57a2d4851a1d" />
    <TestEntry testId="0a8e59d2-6776-76f0-af12-ed2cf97234a4" executionId="d72fb9f1-e40d-4aa7-a8d9-b0843ccede69" testListId="8c84fa94-04c1-424b-9868-57a2d4851a1d" />
    <TestEntry testId="7b83f906-d7ef-afde-a939-978c9d90c58a" executionId="6e69ea8b-fae8-4b35-8894-8ed978c45635" testListId="8c84fa94-04c1-424b-9868-57a2d4851a1d" />
    <TestEntry testId="298a5ed7-c3ad-1afa-2418-3a25d327ffb3" executionId="6558f10e-8dae-49f4-96af-0cf7f0a0408d" testListId="8c84fa94-04c1-424b-9868-57a2d4851a1d" />
    <TestEntry testId="0a08d9a8-c2f0-a8f3-b374-fa05ac37714e" executionId="e2aef2fb-8717-4422-b25f-48dba9354149" testListId="8c84fa94-04c1-424b-9868-57a2d4851a1d" />
    <TestEntry testId="fc6c179b-4ccd-ecf1-772d-8d489d463e5b" executionId="caaa0e67-7cec-4565-91b9-b9cae3650bc2" testListId="8c84fa94-04c1-424b-9868-57a2d4851a1d" />
    <TestEntry testId="f6dbf89e-fa4e-e173-c281-bba0dca74ebc" executionId="34ad4f73-200f-4397-b367-b923a3bf7e2e" testListId="8c84fa94-04c1-424b-9868-57a2d4851a1d" />
    <TestEntry testId="98a56148-f2e3-3d95-323c-c0876ce60294" executionId="9b5f8d0d-394e-40bf-9d7f-48dbfdafcde0" testListId="8c84fa94-04c1-424b-9868-57a2d4851a1d" />
    <TestEntry testId="98c8c94a-7174-b6ef-759e-2c3b096d627e" executionId="b6094231-b6da-4138-b0ee-faf0c2955c1c" testListId="8c84fa94-04c1-424b-9868-57a2d4851a1d" />
    <TestEntry testId="3f4935b4-58d6-8ac0-adce-4c54ee685dc4" executionId="203aabb5-13b1-43ab-8d92-9076114fda8d" testListId="8c84fa94-04c1-424b-9868-57a2d4851a1d" />
    <TestEntry testId="da70a23a-3971-2e35-588d-5896daa31330" executionId="78d8d20a-f3b2-4e4c-aa75-ce197c13cad4" testListId="8c84fa94-04c1-424b-9868-57a2d4851a1d" />
    <TestEntry testId="6030577d-ddb0-94d4-563d-626273eafc4f" executionId="7b7a0858-65f0-4a1e-942a-2d24b113bc0c" testListId="8c84fa94-04c1-424b-9868-57a2d4851a1d" />
    <TestEntry testId="5e6c50a9-8a97-9d4f-63e8-b4084dc45f7f" executionId="7d119fd7-a1be-4daa-9b47-2e0c9ab0ae09" testListId="8c84fa94-04c1-424b-9868-57a2d4851a1d" />
    <TestEntry testId="96ed7268-760e-9213-9e1c-5ca711211999" executionId="857e1783-8af6-43e7-9869-d23c85cebe9a" testListId="8c84fa94-04c1-424b-9868-57a2d4851a1d" />
    <TestEntry testId="73983873-b742-2c8f-08ab-f5e0944e43f7" executionId="d195b2e3-58a7-4853-8020-e902deaffdd7" testListId="8c84fa94-04c1-424b-9868-57a2d4851a1d" />
    <TestEntry testId="9040f15a-c92d-f223-c2c1-a807026f70bd" executionId="9097f018-1d04-4550-b9d4-b6a0133ac276" testListId="8c84fa94-04c1-424b-9868-57a2d4851a1d" />
    <TestEntry testId="e228d23b-ed8c-a29e-2a13-ebde4b57c0c0" executionId="e2d787f0-c72d-451c-9cb3-741b17a0d2c0" testListId="8c84fa94-04c1-424b-9868-57a2d4851a1d" />
    <TestEntry testId="7c041767-19a7-8596-fe64-a935d32fdedd" executionId="e5717548-1680-4a7b-940a-36eec84ffb34" testListId="8c84fa94-04c1-424b-9868-57a2d4851a1d" />
    <TestEntry testId="c8119497-0e09-4423-f55c-d800f241565f" executionId="06f2ab3a-8b82-45e0-a2b2-c2db7a251232" testListId="8c84fa94-04c1-424b-9868-57a2d4851a1d" />
    <TestEntry testId="1e9a3cac-2e49-cc6d-e9c4-f88ad8054c48" executionId="90e4f244-dc77-4729-992c-0787634a474d" testListId="8c84fa94-04c1-424b-9868-57a2d4851a1d" />
    <TestEntry testId="6ee1028e-412a-4331-9475-e76e5258c64c" executionId="727ded6a-d1f2-40be-9924-0ac842072328" testListId="8c84fa94-04c1-424b-9868-57a2d4851a1d" />
    <TestEntry testId="9e8d4088-fb7e-c3cb-0aab-d99d8d0cd6e8" executionId="628ce8ff-d4c1-425f-b6e0-4a8afc80036a" testListId="8c84fa94-04c1-424b-9868-57a2d4851a1d" />
    <TestEntry testId="89bd1c76-0f24-8f6e-d7ad-00508404e42d" executionId="ac6071fa-62d1-4574-b230-8cc247607c79" testListId="8c84fa94-04c1-424b-9868-57a2d4851a1d" />
    <TestEntry testId="7956c805-ef21-3278-aafa-4e1f68dae25d" executionId="ee11c391-0075-43a0-acf1-5bd81c2ab4ea" testListId="8c84fa94-04c1-424b-9868-57a2d4851a1d" />
    <TestEntry testId="c4233672-f885-5928-3e09-0ee722b54944" executionId="132cee26-2a81-4fc1-8f58-509e6e685da1" testListId="8c84fa94-04c1-424b-9868-57a2d4851a1d" />
    <TestEntry testId="7b04742b-7d7a-6709-9719-d046bb44d3d9" executionId="c8c359c2-1d80-4083-96bd-3fa13d336eaf" testListId="8c84fa94-04c1-424b-9868-57a2d4851a1d" />
    <TestEntry testId="64effd5a-2089-f18e-1a44-147b9576f22c" executionId="c97d6cfa-f183-43f8-85ab-7daec19a0a10" testListId="8c84fa94-04c1-424b-9868-57a2d4851a1d" />
    <TestEntry testId="12fe4ae5-ca62-e1df-ee0f-6c52c73c00f5" executionId="339b79c4-129e-47a0-9554-6fb0447d949d" testListId="8c84fa94-04c1-424b-9868-57a2d4851a1d" />
    <TestEntry testId="b7a0d774-8950-bce0-354f-5b7018a1d98e" executionId="ce55fa78-ca01-4f27-aa65-b0619fee31e4" testListId="8c84fa94-04c1-424b-9868-57a2d4851a1d" />
    <TestEntry testId="09899108-0c42-724b-6822-9041a68fffb1" executionId="45eccbfd-2541-459c-9568-799a04fe231b" testListId="8c84fa94-04c1-424b-9868-57a2d4851a1d" />
    <TestEntry testId="cfc3b960-f05e-6940-444f-a0acfba01f9e" executionId="729d2691-cda1-4ee6-885c-ccc1c40c4f32" testListId="8c84fa94-04c1-424b-9868-57a2d4851a1d" />
    <TestEntry testId="59aff7f1-cd4b-d573-33f5-d67e0a381370" executionId="502727b2-5b6d-4418-909e-a93670867006" testListId="8c84fa94-04c1-424b-9868-57a2d4851a1d" />
    <TestEntry testId="454deb08-d413-29b1-c4b8-f6cf34cb6b3f" executionId="082a1d6d-b2c2-4adb-b0fe-354ecf94246f" testListId="8c84fa94-04c1-424b-9868-57a2d4851a1d" />
    <TestEntry testId="cff3d851-6967-4a79-1676-096478eab8cd" executionId="984db314-af72-431b-9514-902958ceead8" testListId="8c84fa94-04c1-424b-9868-57a2d4851a1d" />
    <TestEntry testId="50fcb472-229b-b094-5f17-fd38c472bbf5" executionId="e24bc6e4-5166-466f-ba73-bbaaba0b887d" testListId="8c84fa94-04c1-424b-9868-57a2d4851a1d" />
    <TestEntry testId="69c5f135-0036-e923-09dc-155292663842" executionId="26df06e0-70f3-4118-89f6-f9709a331ffc" testListId="8c84fa94-04c1-424b-9868-57a2d4851a1d" />
    <TestEntry testId="203e71dc-76ec-4b31-89eb-5a8bdc708c6c" executionId="4ce5238f-5a01-472a-99c3-b80ca793c05a" testListId="8c84fa94-04c1-424b-9868-57a2d4851a1d" />
    <TestEntry testId="34a4e5fb-1a2a-5f22-8b0b-2cd6ceeeaf1a" executionId="cb2e173b-0c7c-4e3d-b8fa-a36cd0667fa8" testListId="8c84fa94-04c1-424b-9868-57a2d4851a1d" />
    <TestEntry testId="2231cd70-d955-d86f-f9dd-a68812fce6a1" executionId="c9782f6a-83a8-4e73-8bea-89375c93cb9b" testListId="8c84fa94-04c1-424b-9868-57a2d4851a1d" />
    <TestEntry testId="870ffecd-025b-dbad-9b4c-80b8c5cd42bf" executionId="dbdcad83-91cd-431a-96be-15e62288a558" testListId="8c84fa94-04c1-424b-9868-57a2d4851a1d" />
    <TestEntry testId="f7aa90b7-cc17-6f41-57f5-7e15e7ddf3ec" executionId="dbffe4fd-e2f2-4dd4-850f-18742a2d064b" testListId="8c84fa94-04c1-424b-9868-57a2d4851a1d" />
    <TestEntry testId="c276518f-c3ab-48fe-223d-831f3afda0cf" executionId="1f34ab66-4c84-40b5-b0fc-4bbd2785a262" testListId="8c84fa94-04c1-424b-9868-57a2d4851a1d" />
    <TestEntry testId="b0858d53-9e31-0d5f-b001-97b729d118b3" executionId="8f8e2fe8-de9b-43eb-8cc7-a83a33ec57f4" testListId="8c84fa94-04c1-424b-9868-57a2d4851a1d" />
    <TestEntry testId="d9633b1e-c18f-5977-9c99-93210e43095f" executionId="5949e661-bdec-4db1-8348-22d70fd3cc4d" testListId="8c84fa94-04c1-424b-9868-57a2d4851a1d" />
    <TestEntry testId="d98dbdff-05ef-bb5f-2eb2-2d2de5ac0da2" executionId="130bd003-745e-404b-8aeb-7b6c9ed4b9db" testListId="8c84fa94-04c1-424b-9868-57a2d4851a1d" />
    <TestEntry testId="674d95a0-0c22-25d8-78ea-cb5b1c320944" executionId="227987b8-4e88-4451-93d9-393f8c915afb" testListId="8c84fa94-04c1-424b-9868-57a2d4851a1d" />
    <TestEntry testId="86014362-174f-d9f2-5a9b-169fdf1a6bd9" executionId="ffd97e2d-aac9-4951-9c99-ae2a19a331e3" testListId="8c84fa94-04c1-424b-9868-57a2d4851a1d" />
    <TestEntry testId="55622ce7-9ba6-6ab0-309f-637c98c72fd7" executionId="abc9967e-88e7-4694-821f-6d113409af43" testListId="8c84fa94-04c1-424b-9868-57a2d4851a1d" />
    <TestEntry testId="b57de711-9cdc-d065-2d09-cfc74eabca09" executionId="b8c6204e-ba57-4a58-a8c5-c3727b382794" testListId="8c84fa94-04c1-424b-9868-57a2d4851a1d" />
    <TestEntry testId="a3d5592a-92b1-d4d7-bea1-53eccb05ee54" executionId="4049b6c0-06fa-4fdf-a307-5528169038c9" testListId="8c84fa94-04c1-424b-9868-57a2d4851a1d" />
    <TestEntry testId="c86467a0-cdab-cd84-9b86-0e9d55749d3a" executionId="88f43fe4-2f1c-4d67-92f6-62e5e9cb0b02" testListId="8c84fa94-04c1-424b-9868-57a2d4851a1d" />
    <TestEntry testId="9c488537-e95f-9b8f-4fc7-f8f369e97236" executionId="c2bf7a0c-750c-4f30-9857-6fd3842234ef" testListId="8c84fa94-04c1-424b-9868-57a2d4851a1d" />
    <TestEntry testId="428a7b86-bc1a-b330-eee1-d5f10c530358" executionId="26b10354-afd2-4d93-8d39-96adbfaee543" testListId="8c84fa94-04c1-424b-9868-57a2d4851a1d" />
    <TestEntry testId="7a180acb-860c-4671-7894-e56de56c4e39" executionId="9cdc36ad-0704-4c7b-a97d-0fcc377602f0" testListId="8c84fa94-04c1-424b-9868-57a2d4851a1d" />
    <TestEntry testId="2010920b-eae4-d222-bcd1-a399d35f94d8" executionId="8b7ef899-2f77-414a-bf45-b6ad1628ecd6" testListId="8c84fa94-04c1-424b-9868-57a2d4851a1d" />
    <TestEntry testId="dd12d886-732d-ddfb-41c2-c656f8ba9a32" executionId="007fb5ad-f83a-4cf3-ae53-92da291778f1" testListId="8c84fa94-04c1-424b-9868-57a2d4851a1d" />
  </TestEntries>
  <TestLists>
    <TestList name="Results Not in a List" id="8c84fa94-04c1-424b-9868-57a2d4851a1d" />
    <TestList name="All Loaded Results" id="19431567-8539-422a-85d7-44ee4e166bda" />
  </TestLists>
  <ResultSummary outcome="Completed">
    <Counters total="215" executed="215" passed="215" failed="0" error="0" timeout="0" aborted="0" inconclusive="0" passedButRunAborted="0" notRunnable="0" notExecuted="0" disconnected="0" warning="0" completed="0" inProgress="0" pending="0" />
    <Output>
      <StdOut>NUnit Adapter 4.6.0.0: Test execution started&#xD;
Running all tests in F:\Github\Color-Chan.Discord\tests\Color-Chan.Discord.Core.Tests\bin\Debug\net8.0\Color-Chan.Discord.Core.Tests.dll&#xD;
   NUnit3TestExecutor discovered 215 of 215 NUnit test cases using Current Discovery mode, Non-Explicit run&#xD;
NUnit Adapter 4.6.0.0: Test execution complete&#xD;
</StdOut>
    </Output>
  </ResultSummary>
</TestRun>