<?xml version="1.0" encoding="utf-8"?>
<TestRun id="6666a521-c25f-4610-92aa-fb55e24b423c" name="test 2025-02-11 17:41:51" runUser="test" xmlns="http://microsoft.com/schemas/VisualStudio/TeamTest/2010">
  <Times creation="2025-02-11T17:41:51.0163062+01:00" queuing="2025-02-11T17:41:51.0163066+01:00" start="2025-02-11T17:41:50.2623146+01:00" finish="2025-02-11T17:41:59.4593066+01:00" />
  <TestSettings name="default" id="8cae1ab9-142b-4c15-9b84-23606319bb19">
    <Deployment runDeploymentRoot="test_2025-02-11_17_41_51" />
  </TestSettings>
  <Results>
    <UnitTestResult executionId="735218af-5e8e-4d32-98a5-ebba18305b60" testId="71c4e921-b70e-8bde-76d8-1590e4edd1f8" testName="CacheValue_with_overwrites_should_cache_and_get_value([7f426bed-9def-4d2e-a24b-db182dca6f52, 11-2-2025 16:41:50 +00:00])" computerName="test" duration="00:00:00.0001020" startTime="2025-02-11T17:41:53.9239005+01:00" endTime="2025-02-11T17:41:53.9240026+01:00" testType="13cdc9d9-ddb5-4fa4-a97d-d965ccfc6d4b" outcome="Passed" testListId="8c84fa94-04c1-424b-9868-57a2d4851a1d" relativeResultsDirectory="735218af-5e8e-4d32-98a5-ebba18305b60" />
    <UnitTestResult executionId="68a69490-11bc-4598-a8db-77473d901c25" testId="5b66f0f6-5554-c336-1cb5-52d5ade9a782" testName="CacheValue_with_slidingExpirationOverwrite_should_expire([5138408d-5926-4a35-9763-2649fe53ecef, test string value])" computerName="test" duration="00:00:00.2176170" startTime="2025-02-11T17:41:54.1399205+01:00" endTime="2025-02-11T17:41:54.3575368+01:00" testType="13cdc9d9-ddb5-4fa4-a97d-d965ccfc6d4b" outcome="Passed" testListId="8c84fa94-04c1-424b-9868-57a2d4851a1d" relativeResultsDirectory="68a69490-11bc-4598-a8db-77473d901c25" />
    <UnitTestResult executionId="8dcab1e4-f0de-4496-a46a-6b05da6f1b2d" testId="04d5ed08-4f54-d0a7-d8b7-4db7652a5a23" testName="CacheValueAsync_with_overwrites_should_cache_value([35492be9-dadd-4579-8111-3183e7cc2997, 2147483647])" computerName="test" duration="00:00:00.0000250" startTime="2025-02-11T17:41:58.1054512+01:00" endTime="2025-02-11T17:41:58.1054757+01:00" testType="13cdc9d9-ddb5-4fa4-a97d-d965ccfc6d4b" outcome="Passed" testListId="8c84fa94-04c1-424b-9868-57a2d4851a1d" relativeResultsDirectory="8dcab1e4-f0de-4496-a46a-6b05da6f1b2d" />
    <UnitTestResult executionId="e3be5278-d771-4275-8394-8f2b414ed5f8" testId="0e54d854-4366-8ddd-daca-9e44c3e86006" testName="CacheValueAsync_with_absoluteExpiration_should_expire([e2dbc4d2-a21f-48f6-a508-19435f345fec, test string value])" computerName="test" duration="00:00:00.2337160" startTime="2025-02-11T17:41:55.4303074+01:00" endTime="2025-02-11T17:41:55.6640232+01:00" testType="13cdc9d9-ddb5-4fa4-a97d-d965ccfc6d4b" outcome="Passed" testListId="8c84fa94-04c1-424b-9868-57a2d4851a1d" relativeResultsDirectory="e3be5278-d771-4275-8394-8f2b414ed5f8" />
    <UnitTestResult executionId="289b4ab8-45bb-421a-ad96-b586fdc45370" testId="823feddd-df05-515f-ea27-2e588bdbe8b9" testName="CacheValueAsync_should_cache_and_get_value([d34f4716-6b9b-4b5a-8758-ec5b14a6ee9b, Color_Chan.Discord.Caching.Configurations.CacheConfiguration])" computerName="test" duration="00:00:00.0000720" startTime="2025-02-11T17:41:55.2139518+01:00" endTime="2025-02-11T17:41:55.2140232+01:00" testType="13cdc9d9-ddb5-4fa4-a97d-d965ccfc6d4b" outcome="Passed" testListId="8c84fa94-04c1-424b-9868-57a2d4851a1d" relativeResultsDirectory="289b4ab8-45bb-421a-ad96-b586fdc45370" />
    <UnitTestResult executionId="2f6f61ae-c389-4ce5-8e1c-16e63b68f06a" testId="573dca07-75fd-64aa-ae5f-233ca20dff18" testName="CacheValue_with_absoluteExpiration_should_expire([43a6352c-111e-4af3-89de-d475af6e9734, 1.00:00:00])" computerName="test" duration="00:00:00.2466440" startTime="2025-02-11T17:41:51.9308891+01:00" endTime="2025-02-11T17:41:52.1775329+01:00" testType="13cdc9d9-ddb5-4fa4-a97d-d965ccfc6d4b" outcome="Passed" testListId="8c84fa94-04c1-424b-9868-57a2d4851a1d" relativeResultsDirectory="2f6f61ae-c389-4ce5-8e1c-16e63b68f06a" />
    <UnitTestResult executionId="88d657f6-a8c9-4351-b3d3-57a7efe3da5b" testId="5bd17a1f-af9e-e3b5-aad1-8ce5043f0774" testName="CacheValueAsync_with_overwrites_should_cache_and_get_value([fea6d862-eceb-4325-9647-5c3b184a4f06, 11-2-2025 16:41:50])" computerName="test" duration="00:00:00.0000380" startTime="2025-02-11T17:41:58.1212455+01:00" endTime="2025-02-11T17:41:58.1212837+01:00" testType="13cdc9d9-ddb5-4fa4-a97d-d965ccfc6d4b" outcome="Passed" testListId="8c84fa94-04c1-424b-9868-57a2d4851a1d" relativeResultsDirectory="88d657f6-a8c9-4351-b3d3-57a7efe3da5b" />
    <UnitTestResult executionId="ba351ca3-b939-408f-8a4f-804dba184d36" testId="d2d9b448-2171-dd5f-b341-55823537cbc7" testName="CacheValueAsync_with_slidingExpirationOverwrite_should_expire([63a1dd92-0eae-42f5-8359-a50cd821b47d, test string value])" computerName="test" duration="00:00:00.2181420" startTime="2025-02-11T17:41:58.3374920+01:00" endTime="2025-02-11T17:41:58.5556341+01:00" testType="13cdc9d9-ddb5-4fa4-a97d-d965ccfc6d4b" outcome="Passed" testListId="8c84fa94-04c1-424b-9868-57a2d4851a1d" relativeResultsDirectory="ba351ca3-b939-408f-8a4f-804dba184d36" />
    <UnitTestResult executionId="f9eeb66a-0595-42bc-879a-e1240981006a" testId="b293fc42-cb9d-56ef-54c4-0f15ebce3992" testName="CacheValueAsync_with_overwrites_should_cache_and_get_value([920cbb2b-0c18-4d32-b46f-22ff82668533, 2147483647])" computerName="test" duration="00:00:00.0008370" startTime="2025-02-11T17:41:58.1042667+01:00" endTime="2025-02-11T17:41:58.1051034+01:00" testType="13cdc9d9-ddb5-4fa4-a97d-d965ccfc6d4b" outcome="Passed" testListId="8c84fa94-04c1-424b-9868-57a2d4851a1d" relativeResultsDirectory="f9eeb66a-0595-42bc-879a-e1240981006a" />
    <UnitTestResult executionId="dae2ce1b-eb82-4f7f-a1f4-0b8c7b360352" testId="2cc1a144-e4ee-0a86-44f2-5a6606061a99" testName="CacheValueAsync_should_cache_value([65330cea-4982-441b-9039-c61ccc85bde9, 11-2-2025 16:41:50])" computerName="test" duration="00:00:00.0000440" startTime="2025-02-11T17:41:55.1855788+01:00" endTime="2025-02-11T17:41:55.1856231+01:00" testType="13cdc9d9-ddb5-4fa4-a97d-d965ccfc6d4b" outcome="Passed" testListId="8c84fa94-04c1-424b-9868-57a2d4851a1d" relativeResultsDirectory="dae2ce1b-eb82-4f7f-a1f4-0b8c7b360352" />
    <UnitTestResult executionId="79974bb9-4f1c-4658-ac70-f7878475c490" testId="6b17b991-ea24-ea48-8740-08b34cfaf4b4" testName="CacheValue_should_cache_value([6ece04d5-104f-473a-8071-5905a3452110, test string value])" computerName="test" duration="00:00:00.0002380" startTime="2025-02-11T17:41:50.9341478+01:00" endTime="2025-02-11T17:41:50.9343852+01:00" testType="13cdc9d9-ddb5-4fa4-a97d-d965ccfc6d4b" outcome="Passed" testListId="8c84fa94-04c1-424b-9868-57a2d4851a1d" relativeResultsDirectory="79974bb9-4f1c-4658-ac70-f7878475c490" />
    <UnitTestResult executionId="82113c38-49ab-4c68-9299-56204112283c" testId="32465346-954e-2544-26e6-8405207aa6c6" testName="CacheValue_with_absoluteExpirationRelativeToNow_should_expire([3f5631b8-6225-4b86-9f12-9298b4548c66, 2147483647])" computerName="test" duration="00:00:00.2341950" startTime="2025-02-11T17:41:52.4274926+01:00" endTime="2025-02-11T17:41:52.6616866+01:00" testType="13cdc9d9-ddb5-4fa4-a97d-d965ccfc6d4b" outcome="Passed" testListId="8c84fa94-04c1-424b-9868-57a2d4851a1d" relativeResultsDirectory="82113c38-49ab-4c68-9299-56204112283c" />
    <UnitTestResult executionId="1860baa4-4f6c-4584-bcf0-c66da0d2cd04" testId="84690e90-6148-abb8-8e99-d59f7c63b95c" testName="CacheValueAsync_should_cache_and_get_and_remove_value([0e5e81c5-1c3a-4efa-a0d6-7fd92b6998f2, 11-2-2025 16:41:50 +00:00])" computerName="test" duration="00:00:00.0000690" startTime="2025-02-11T17:41:55.2136135+01:00" endTime="2025-02-11T17:41:55.2136822+01:00" testType="13cdc9d9-ddb5-4fa4-a97d-d965ccfc6d4b" outcome="Passed" testListId="8c84fa94-04c1-424b-9868-57a2d4851a1d" relativeResultsDirectory="1860baa4-4f6c-4584-bcf0-c66da0d2cd04" />
    <UnitTestResult executionId="e970cb19-2206-4795-b14e-649bdbc6cc23" testId="57ac2ffe-ed4e-ed32-0e91-f7d6691ca2a7" testName="CacheValueAsync_with_slidingExpirationOverwrite_should_expire([ddf0f43e-2ba6-498f-a7f3-a0bbdd7523d6, 11-2-2025 16:41:50])" computerName="test" duration="00:00:00.2177830" startTime="2025-02-11T17:41:58.7578216+01:00" endTime="2025-02-11T17:41:58.9756045+01:00" testType="13cdc9d9-ddb5-4fa4-a97d-d965ccfc6d4b" outcome="Passed" testListId="8c84fa94-04c1-424b-9868-57a2d4851a1d" relativeResultsDirectory="e970cb19-2206-4795-b14e-649bdbc6cc23" />
    <UnitTestResult executionId="30cd5ced-362d-440f-a0a4-941153710d1a" testId="8c8ce71b-da5b-a250-4deb-8cb7ac2e497f" testName="CacheValueAsync_with_absoluteExpirationRelativeToNow_should_expire([2dfe91d8-1646-4c91-89d9-8f84a8c26fa1, test string value])" computerName="test" duration="00:00:00.2332390" startTime="2025-02-11T17:41:56.8917463+01:00" endTime="2025-02-11T17:41:57.1249850+01:00" testType="13cdc9d9-ddb5-4fa4-a97d-d965ccfc6d4b" outcome="Passed" testListId="8c84fa94-04c1-424b-9868-57a2d4851a1d" relativeResultsDirectory="30cd5ced-362d-440f-a0a4-941153710d1a" />
    <UnitTestResult executionId="a386977c-b444-4cc8-a179-5c62380959cb" testId="02082aae-bfe3-9033-f356-950b428f4e17" testName="CacheValueAsync_should_cache_value([5af3b94f-2708-499d-a11b-ce01bb553e8a, 2147483647])" computerName="test" duration="00:00:00.0000540" startTime="2025-02-11T17:41:55.2142684+01:00" endTime="2025-02-11T17:41:55.2143221+01:00" testType="13cdc9d9-ddb5-4fa4-a97d-d965ccfc6d4b" outcome="Passed" testListId="8c84fa94-04c1-424b-9868-57a2d4851a1d" relativeResultsDirectory="a386977c-b444-4cc8-a179-5c62380959cb" />
    <UnitTestResult executionId="482dc218-c58c-49e8-89f9-ae722c1eefcb" testId="448ded77-b0e5-7654-d851-ccea6afe027a" testName="CacheValueAsync_with_slidingExpirationOverwrite_should_expire([7928bc19-4841-4d65-af0e-0746acc04a93, 1.00:00:00])" computerName="test" duration="00:00:00.2174570" startTime="2025-02-11T17:41:58.9756148+01:00" endTime="2025-02-11T17:41:59.1930715+01:00" testType="13cdc9d9-ddb5-4fa4-a97d-d965ccfc6d4b" outcome="Passed" testListId="8c84fa94-04c1-424b-9868-57a2d4851a1d" relativeResultsDirectory="482dc218-c58c-49e8-89f9-ae722c1eefcb" />
    <UnitTestResult executionId="a266c465-ebe5-48c0-a5a9-5198ab9992f9" testId="016dff9e-e1ac-8b7f-9100-b917c2914b9f" testName="GetOrCreateValueAsync_should_get_cached_value([54e44b4b-2750-44da-8ea6-bcac5a1b0579, 11-2-2025 16:41:50])" computerName="test" duration="00:00:00.0000860" startTime="2025-02-11T17:41:59.4129442+01:00" endTime="2025-02-11T17:41:59.4130306+01:00" testType="13cdc9d9-ddb5-4fa4-a97d-d965ccfc6d4b" outcome="Passed" testListId="8c84fa94-04c1-424b-9868-57a2d4851a1d" relativeResultsDirectory="a266c465-ebe5-48c0-a5a9-5198ab9992f9" />
    <UnitTestResult executionId="ea8317c5-baf4-4b1d-b804-11dae681e8db" testId="590947f5-64d2-980b-c994-c70f6af96259" testName="CacheValueAsync_should_cache_and_get_and_remove_value([79ab9051-892d-4a0c-916f-71243eec0b90, 11-2-2025 16:41:50])" computerName="test" duration="00:00:00.0000710" startTime="2025-02-11T17:41:55.2133856+01:00" endTime="2025-02-11T17:41:55.2134567+01:00" testType="13cdc9d9-ddb5-4fa4-a97d-d965ccfc6d4b" outcome="Passed" testListId="8c84fa94-04c1-424b-9868-57a2d4851a1d" relativeResultsDirectory="ea8317c5-baf4-4b1d-b804-11dae681e8db" />
    <UnitTestResult executionId="45233b66-cab4-4c08-be0e-736108f1e96c" testId="508f48e6-2eeb-d30e-2b50-12d7d138139a" testName="CacheValueAsync_with_absoluteExpiration_should_expire([7ba8324e-34e9-42e1-b9b2-65933256da42, 11-2-2025 16:41:50 +00:00])" computerName="test" duration="00:00:00.2472080" startTime="2025-02-11T17:41:56.4265690+01:00" endTime="2025-02-11T17:41:56.6737767+01:00" testType="13cdc9d9-ddb5-4fa4-a97d-d965ccfc6d4b" outcome="Passed" testListId="8c84fa94-04c1-424b-9868-57a2d4851a1d" relativeResultsDirectory="45233b66-cab4-4c08-be0e-736108f1e96c" />
    <UnitTestResult executionId="dbeb1d36-639f-466b-81be-599bd4ba4edf" testId="82cc87c9-8bec-b45f-c57d-da8ca2afa2eb" testName="CacheValueAsync_with_absoluteExpirationRelativeToNow_should_expire([fe643759-91a8-4361-bbde-d28833d7e5d3, test string value])" computerName="test" duration="00:00:00.2332220" startTime="2025-02-11T17:41:56.9227332+01:00" endTime="2025-02-11T17:41:57.1559547+01:00" testType="13cdc9d9-ddb5-4fa4-a97d-d965ccfc6d4b" outcome="Passed" testListId="8c84fa94-04c1-424b-9868-57a2d4851a1d" relativeResultsDirectory="dbeb1d36-639f-466b-81be-599bd4ba4edf" />
    <UnitTestResult executionId="095c0c5c-8ae2-4900-a641-f82e70423225" testId="498588e0-a1a4-1225-4949-5e2793343f87" testName="CacheValueAsync_should_cache_and_get_value([c866bfbb-a985-495d-ae07-16f5a7657347, 11-2-2025 16:41:50 +00:00])" computerName="test" duration="00:00:00.0000670" startTime="2025-02-11T17:41:55.2141738+01:00" endTime="2025-02-11T17:41:55.2142409+01:00" testType="13cdc9d9-ddb5-4fa4-a97d-d965ccfc6d4b" outcome="Passed" testListId="8c84fa94-04c1-424b-9868-57a2d4851a1d" relativeResultsDirectory="095c0c5c-8ae2-4900-a641-f82e70423225" />
    <UnitTestResult executionId="28bbcef3-7c04-4072-bfeb-9ee2ebe5ac09" testId="ec657fc7-6065-0c13-eb2b-0d94a4c936b9" testName="GetOrCreateValueAsync_should_get_cached_value([e66bc237-6b35-4b53-9dd2-8e048df5e2ff, 1.00:00:00])" computerName="test" duration="00:00:00.0000600" startTime="2025-02-11T17:41:59.4130338+01:00" endTime="2025-02-11T17:41:59.4130935+01:00" testType="13cdc9d9-ddb5-4fa4-a97d-d965ccfc6d4b" outcome="Passed" testListId="8c84fa94-04c1-424b-9868-57a2d4851a1d" relativeResultsDirectory="28bbcef3-7c04-4072-bfeb-9ee2ebe5ac09" />
    <UnitTestResult executionId="3af8db07-5f11-498e-b3ee-c2d2f45700b6" testId="1e146e1b-3f28-cc8e-22e0-3cbf1629aa1c" testName="CacheValue_with_overwrites_should_cache_and_get_value([7c68c858-d646-4757-ad78-9cf1694b8501, Color_Chan.Discord.Caching.Configurations.CacheConfiguration])" computerName="test" duration="00:00:00.0000910" startTime="2025-02-11T17:41:53.8988093+01:00" endTime="2025-02-11T17:41:53.8989001+01:00" testType="13cdc9d9-ddb5-4fa4-a97d-d965ccfc6d4b" outcome="Passed" testListId="8c84fa94-04c1-424b-9868-57a2d4851a1d" relativeResultsDirectory="3af8db07-5f11-498e-b3ee-c2d2f45700b6" />
    <UnitTestResult executionId="3959da81-8578-4648-a5c4-c74232e5fd79" testId="2e78cc5d-e190-9b87-707f-f7a6a30f11fb" testName="CacheValueAsync_should_cache_and_get_value([f814529b-3028-4cf9-8aef-928b1ab1ebc8, test string value])" computerName="test" duration="00:00:00.0001710" startTime="2025-02-11T17:41:55.2137747+01:00" endTime="2025-02-11T17:41:55.2139452+01:00" testType="13cdc9d9-ddb5-4fa4-a97d-d965ccfc6d4b" outcome="Passed" testListId="8c84fa94-04c1-424b-9868-57a2d4851a1d" relativeResultsDirectory="3959da81-8578-4648-a5c4-c74232e5fd79" />
    <UnitTestResult executionId="8bc13ade-e772-49f1-9248-ad61e80e88e9" testId="e60b2692-eba8-e97b-5484-a8fa9dfa766a" testName="CacheValueAsync_with_absoluteExpiration_should_expire([2e7fab12-dffe-46ee-8764-55073f2eee52, 1.00:00:00])" computerName="test" duration="00:00:00.2331860" startTime="2025-02-11T17:41:56.1933683+01:00" endTime="2025-02-11T17:41:56.4265542+01:00" testType="13cdc9d9-ddb5-4fa4-a97d-d965ccfc6d4b" outcome="Passed" testListId="8c84fa94-04c1-424b-9868-57a2d4851a1d" relativeResultsDirectory="8bc13ade-e772-49f1-9248-ad61e80e88e9" />
    <UnitTestResult executionId="30e90e08-0496-459d-aba9-d96f5438d0e7" testId="745a8601-d8e0-6407-9a00-9bf03686ae6b" testName="CacheValue_with_overwrites_should_cache_value([aef8f006-8866-453d-a15b-3b655089fa0d, 11-2-2025 16:41:50])" computerName="test" duration="00:00:00.0000850" startTime="2025-02-11T17:41:53.8994326+01:00" endTime="2025-02-11T17:41:53.8995178+01:00" testType="13cdc9d9-ddb5-4fa4-a97d-d965ccfc6d4b" outcome="Passed" testListId="8c84fa94-04c1-424b-9868-57a2d4851a1d" relativeResultsDirectory="30e90e08-0496-459d-aba9-d96f5438d0e7" />
    <UnitTestResult executionId="e857ea01-0de5-4ae0-a6af-eda353ddd122" testId="fd2883f7-8e20-18e3-1405-f30280aa8333" testName="CacheValue_with_overwrites_should_cache_and_get_value([a41d260d-c626-4ee9-95de-8a9aeb8fba92, 11-2-2025 16:41:50])" computerName="test" duration="00:00:00.0000590" startTime="2025-02-11T17:41:53.8989115+01:00" endTime="2025-02-11T17:41:53.8989707+01:00" testType="13cdc9d9-ddb5-4fa4-a97d-d965ccfc6d4b" outcome="Passed" testListId="8c84fa94-04c1-424b-9868-57a2d4851a1d" relativeResultsDirectory="e857ea01-0de5-4ae0-a6af-eda353ddd122" />
    <UnitTestResult executionId="ac8dbb9a-662e-4e05-bf94-12f61fce8fc0" testId="684d2c07-cf79-3f8f-5fbc-98a412f0020f" testName="CacheValueAsync_should_cache_and_get_value([528b9317-f42b-4f3c-9169-18f0234827ba, 11-2-2025 16:41:50 +00:00])" computerName="test" duration="00:00:00.0000420" startTime="2025-02-11T17:41:55.1852935+01:00" endTime="2025-02-11T17:41:55.1853356+01:00" testType="13cdc9d9-ddb5-4fa4-a97d-d965ccfc6d4b" outcome="Passed" testListId="8c84fa94-04c1-424b-9868-57a2d4851a1d" relativeResultsDirectory="ac8dbb9a-662e-4e05-bf94-12f61fce8fc0" />
    <UnitTestResult executionId="a9f620bf-ee95-4a0a-9b43-3a823b14af23" testId="eaed569a-7e64-0c46-458d-7b14a3ccc67f" testName="CacheValueAsync_should_cache_and_get_and_remove_value([ace99e73-2abe-4280-ac49-c1dce68903db, 1.00:00:00])" computerName="test" duration="00:00:00.0000430" startTime="2025-02-11T17:41:55.1848248+01:00" endTime="2025-02-11T17:41:55.1848677+01:00" testType="13cdc9d9-ddb5-4fa4-a97d-d965ccfc6d4b" outcome="Passed" testListId="8c84fa94-04c1-424b-9868-57a2d4851a1d" relativeResultsDirectory="a9f620bf-ee95-4a0a-9b43-3a823b14af23" />
    <UnitTestResult executionId="d83a16cf-57c2-4496-a135-6c5b9d9a5606" testId="1e410056-5f5a-165d-7b3a-76d5e2c3afdf" testName="GetOrCreateValueAsync_should_get_cached_value([507359f0-bf19-482a-8db1-7b5aae3f5f10, Color_Chan.Discord.Caching.Configurations.CacheConfiguration])" computerName="test" duration="00:00:00.0000390" startTime="2025-02-11T17:41:59.4127769+01:00" endTime="2025-02-11T17:41:59.4128158+01:00" testType="13cdc9d9-ddb5-4fa4-a97d-d965ccfc6d4b" outcome="Passed" testListId="8c84fa94-04c1-424b-9868-57a2d4851a1d" relativeResultsDirectory="d83a16cf-57c2-4496-a135-6c5b9d9a5606" />
    <UnitTestResult executionId="be17db35-0ba2-47e3-9ca0-b0b16ff81f8d" testId="7f4a802d-0494-09c2-aebe-e7aa8d1940c6" testName="CacheValue_with_absoluteExpiration_should_expire([4d54c709-0b31-44d5-8f5b-68aebd0ded1f, 11-2-2025 16:41:50 +00:00])" computerName="test" duration="00:00:00.2495070" startTime="2025-02-11T17:41:52.2094980+01:00" endTime="2025-02-11T17:41:52.4590048+01:00" testType="13cdc9d9-ddb5-4fa4-a97d-d965ccfc6d4b" outcome="Passed" testListId="8c84fa94-04c1-424b-9868-57a2d4851a1d" relativeResultsDirectory="be17db35-0ba2-47e3-9ca0-b0b16ff81f8d" />
    <UnitTestResult executionId="6523a0a8-5ca4-4351-b89d-5695d1f45189" testId="2d08d438-804c-25e3-4ceb-33836af1b256" testName="GetOrCreateValueAsync_should_get_cached_value([4dcb0a82-4166-4163-b7fc-6988a627a0ef, 11-2-2025 16:41:50])" computerName="test" duration="00:00:00.0000250" startTime="2025-02-11T17:41:59.4128184+01:00" endTime="2025-02-11T17:41:59.4128439+01:00" testType="13cdc9d9-ddb5-4fa4-a97d-d965ccfc6d4b" outcome="Passed" testListId="8c84fa94-04c1-424b-9868-57a2d4851a1d" relativeResultsDirectory="6523a0a8-5ca4-4351-b89d-5695d1f45189" />
    <UnitTestResult executionId="295568db-0656-4fa4-a5ed-1a977f26e8ac" testId="57f87e4f-9713-89c0-1b0c-3f6e41a3f4a1" testName="CacheValueAsync_with_overwrites_should_cache_value([33b65631-46e4-4d64-b065-128c63148c99, Color_Chan.Discord.Caching.Configurations.CacheConfiguration])" computerName="test" duration="00:00:00.0000250" startTime="2025-02-11T17:41:58.1055943+01:00" endTime="2025-02-11T17:41:58.1056188+01:00" testType="13cdc9d9-ddb5-4fa4-a97d-d965ccfc6d4b" outcome="Passed" testListId="8c84fa94-04c1-424b-9868-57a2d4851a1d" relativeResultsDirectory="295568db-0656-4fa4-a5ed-1a977f26e8ac" />
    <UnitTestResult executionId="642012fb-2aa8-4041-8c15-c42af7f25829" testId="c09b1c66-1222-f337-a023-83eab91857d1" testName="CacheValue_with_absoluteExpirationRelativeToNow_should_expire([b8ee1222-1648-41cb-ba16-3f45a15241fb, 1.00:00:00])" computerName="test" duration="00:00:00.2490930" startTime="2025-02-11T17:41:53.4084182+01:00" endTime="2025-02-11T17:41:53.6575113+01:00" testType="13cdc9d9-ddb5-4fa4-a97d-d965ccfc6d4b" outcome="Passed" testListId="8c84fa94-04c1-424b-9868-57a2d4851a1d" relativeResultsDirectory="642012fb-2aa8-4041-8c15-c42af7f25829" />
    <UnitTestResult executionId="d9720b6b-b793-415f-aa5f-32c353e31a40" testId="4e79544a-5fce-b91f-6b0e-8cc25d659c93" testName="CacheValueAsync_with_overwrites_should_cache_and_get_value([dc2b6eec-9fd2-4359-b0a9-47f5250d5dc8, Color_Chan.Discord.Caching.Configurations.CacheConfiguration])" computerName="test" duration="00:00:00.0000600" startTime="2025-02-11T17:41:58.1211791+01:00" endTime="2025-02-11T17:41:58.1212393+01:00" testType="13cdc9d9-ddb5-4fa4-a97d-d965ccfc6d4b" outcome="Passed" testListId="8c84fa94-04c1-424b-9868-57a2d4851a1d" relativeResultsDirectory="d9720b6b-b793-415f-aa5f-32c353e31a40" />
    <UnitTestResult executionId="297cbdfc-82db-4fdb-bc81-3cd59c57194c" testId="3228da5b-ab0a-a5c2-df6f-dc18c2453b35" testName="CacheValue_should_cache_value([a88bf767-c951-4490-8dcb-374445987979, test string value])" computerName="test" duration="00:00:00.0004770" startTime="2025-02-11T17:41:50.9686596+01:00" endTime="2025-02-11T17:41:50.9691369+01:00" testType="13cdc9d9-ddb5-4fa4-a97d-d965ccfc6d4b" outcome="Passed" testListId="8c84fa94-04c1-424b-9868-57a2d4851a1d" relativeResultsDirectory="297cbdfc-82db-4fdb-bc81-3cd59c57194c" />
    <UnitTestResult executionId="37d9be35-dcf5-4645-a6c9-f73a5a810774" testId="88548a4f-3578-0f68-8f93-ae6e19113f38" testName="GetOrCreateValueAsync_should_get_cached_value([c6beb869-bafb-4357-8ecd-a4c488e3ba74, 1.00:00:00])" computerName="test" duration="00:00:00.0000230" startTime="2025-02-11T17:41:59.4128464+01:00" endTime="2025-02-11T17:41:59.4128694+01:00" testType="13cdc9d9-ddb5-4fa4-a97d-d965ccfc6d4b" outcome="Passed" testListId="8c84fa94-04c1-424b-9868-57a2d4851a1d" relativeResultsDirectory="37d9be35-dcf5-4645-a6c9-f73a5a810774" />
    <UnitTestResult executionId="d9fa95f9-9492-4450-82f9-f3031f079129" testId="ca30e9ae-7472-edb8-5e81-f2a90d769586" testName="CacheValueAsync_with_slidingExpirationOverwrite_should_expire([6179d599-8441-4afe-aeb3-c41f7f31f34c, 1.00:00:00])" computerName="test" duration="00:00:00.2174460" startTime="2025-02-11T17:41:58.9756275+01:00" endTime="2025-02-11T17:41:59.1930730+01:00" testType="13cdc9d9-ddb5-4fa4-a97d-d965ccfc6d4b" outcome="Passed" testListId="8c84fa94-04c1-424b-9868-57a2d4851a1d" relativeResultsDirectory="d9fa95f9-9492-4450-82f9-f3031f079129" />
    <UnitTestResult executionId="2d78bca6-2874-47d8-b6c7-46fdcb6dcd9a" testId="da8d44df-392a-7f97-4d41-61b3530f5c85" testName="CacheValueAsync_with_absoluteExpiration_should_expire([daada271-48b9-42a8-a7b9-7eb167c0fb1b, 11-2-2025 16:41:50])" computerName="test" duration="00:00:00.2346900" startTime="2025-02-11T17:41:55.9131330+01:00" endTime="2025-02-11T17:41:56.1478230+01:00" testType="13cdc9d9-ddb5-4fa4-a97d-d965ccfc6d4b" outcome="Passed" testListId="8c84fa94-04c1-424b-9868-57a2d4851a1d" relativeResultsDirectory="2d78bca6-2874-47d8-b6c7-46fdcb6dcd9a" />
    <UnitTestResult executionId="75944e51-2dd5-447d-a2b9-001f58ee15d5" testId="4c7af0d8-0cbb-8db7-091b-6f1ff4fe3e10" testName="CacheValue_should_cache_value([ec3c468b-6a59-40ea-b077-37bdbcabdb97, 2147483647])" computerName="test" duration="00:00:00.0002580" startTime="2025-02-11T17:41:50.9683827+01:00" endTime="2025-02-11T17:41:50.9686409+01:00" testType="13cdc9d9-ddb5-4fa4-a97d-d965ccfc6d4b" outcome="Passed" testListId="8c84fa94-04c1-424b-9868-57a2d4851a1d" relativeResultsDirectory="75944e51-2dd5-447d-a2b9-001f58ee15d5" />
    <UnitTestResult executionId="d64220f3-0135-4d44-87ac-d2058b5b6d59" testId="760c9c97-5498-1985-0bce-7aa83bb2c65d" testName="GetOrCreateValueAsync_not_should_get_cached_value" computerName="test" duration="00:00:00.0156310" startTime="2025-02-11T17:41:59.3963133+01:00" endTime="2025-02-11T17:41:59.4119439+01:00" testType="13cdc9d9-ddb5-4fa4-a97d-d965ccfc6d4b" outcome="Passed" testListId="8c84fa94-04c1-424b-9868-57a2d4851a1d" relativeResultsDirectory="d64220f3-0135-4d44-87ac-d2058b5b6d59" />
    <UnitTestResult executionId="bf0ca174-9b6b-43e6-96bf-cbdf4f6176b0" testId="966ca83b-a438-9507-3b7d-85e66d227893" testName="CacheValue_with_absoluteExpiration_should_expire([be882c73-7998-4cd9-b6bd-11eb893f83aa, 11-2-2025 16:41:50 +00:00])" computerName="test" duration="00:00:00.2498300" startTime="2025-02-11T17:41:52.1775681+01:00" endTime="2025-02-11T17:41:52.4273978+01:00" testType="13cdc9d9-ddb5-4fa4-a97d-d965ccfc6d4b" outcome="Passed" testListId="8c84fa94-04c1-424b-9868-57a2d4851a1d" relativeResultsDirectory="bf0ca174-9b6b-43e6-96bf-cbdf4f6176b0" />
    <UnitTestResult executionId="284401dd-ed1a-4217-ad1a-ea301140e51a" testId="a6ca1bb4-04eb-afe5-e405-f0ba07ed55c7" testName="CacheValueAsync_should_cache_value([9ecaf13c-d0c8-4510-9ef3-9963892e964b, 2147483647])" computerName="test" duration="00:00:00.0000390" startTime="2025-02-11T17:41:55.1853564+01:00" endTime="2025-02-11T17:41:55.1853952+01:00" testType="13cdc9d9-ddb5-4fa4-a97d-d965ccfc6d4b" outcome="Passed" testListId="8c84fa94-04c1-424b-9868-57a2d4851a1d" relativeResultsDirectory="284401dd-ed1a-4217-ad1a-ea301140e51a" />
    <UnitTestResult executionId="286335eb-dfb9-4d8e-8008-fd9f69ba4272" testId="bc610261-92d8-dd4d-0013-fb0e79e22692" testName="CacheValueAsync_with_slidingExpirationOverwrite_should_expire([c8d9cc43-33f0-4e2f-b581-26a7b4f90507, 11-2-2025 16:41:50 +00:00])" computerName="test" duration="00:00:00.2032050" startTime="2025-02-11T17:41:59.1930797+01:00" endTime="2025-02-11T17:41:59.3962847+01:00" testType="13cdc9d9-ddb5-4fa4-a97d-d965ccfc6d4b" outcome="Passed" testListId="8c84fa94-04c1-424b-9868-57a2d4851a1d" relativeResultsDirectory="286335eb-dfb9-4d8e-8008-fd9f69ba4272" />
    <UnitTestResult executionId="c2f23db1-0829-4eca-a918-b3a5917f8827" testId="0dcb0d4e-fb94-568e-ab2f-68a4d2f02cfd" testName="CacheValue_with_absoluteExpiration_should_expire([c25877c1-52eb-4f4b-9697-fd8eec7d5bcd, 1.00:00:00])" computerName="test" duration="00:00:00.2476080" startTime="2025-02-11T17:41:51.9618560+01:00" endTime="2025-02-11T17:41:52.2094637+01:00" testType="13cdc9d9-ddb5-4fa4-a97d-d965ccfc6d4b" outcome="Passed" testListId="8c84fa94-04c1-424b-9868-57a2d4851a1d" relativeResultsDirectory="c2f23db1-0829-4eca-a918-b3a5917f8827" />
    <UnitTestResult executionId="b4df6260-1b09-41c3-926e-b9da42a5dd08" testId="32b1858a-72b7-4aae-a1ff-3530b4ad6a02" testName="CacheValueAsync_with_overwrites_should_cache_and_get_value([cd5d9d5f-a373-4fef-9caf-55f34bb2145b, 11-2-2025 16:41:50 +00:00])" computerName="test" duration="00:00:00.0000300" startTime="2025-02-11T17:41:58.1213186+01:00" endTime="2025-02-11T17:41:58.1213481+01:00" testType="13cdc9d9-ddb5-4fa4-a97d-d965ccfc6d4b" outcome="Passed" testListId="8c84fa94-04c1-424b-9868-57a2d4851a1d" relativeResultsDirectory="b4df6260-1b09-41c3-926e-b9da42a5dd08" />
    <UnitTestResult executionId="fe3a1eb9-34c2-4765-b4c9-99275254a1b6" testId="0bcf4b76-4224-0802-8924-1d72a60ca93c" testName="CacheValue_with_slidingExpirationOverwrite_should_expire([81bba242-ca46-4bf4-aa0d-54dd97db6174, Color_Chan.Discord.Caching.Configurations.CacheConfiguration])" computerName="test" duration="00:00:00.2181860" startTime="2025-02-11T17:41:54.3415645+01:00" endTime="2025-02-11T17:41:54.5597505+01:00" testType="13cdc9d9-ddb5-4fa4-a97d-d965ccfc6d4b" outcome="Passed" testListId="8c84fa94-04c1-424b-9868-57a2d4851a1d" relativeResultsDirectory="fe3a1eb9-34c2-4765-b4c9-99275254a1b6" />
    <UnitTestResult executionId="d7bf6009-7eb2-4490-b69e-2f62b487d141" testId="ad7e334f-424b-6859-42de-2ea5b3eb0409" testName="CacheValue_should_cache_and_get_value([60a46dd8-232b-4c72-b197-f2845088c162, 2147483647])" computerName="test" duration="00:00:00.0341840" startTime="2025-02-11T17:41:50.9117686+01:00" endTime="2025-02-11T17:41:50.9459519+01:00" testType="13cdc9d9-ddb5-4fa4-a97d-d965ccfc6d4b" outcome="Passed" testListId="8c84fa94-04c1-424b-9868-57a2d4851a1d" relativeResultsDirectory="d7bf6009-7eb2-4490-b69e-2f62b487d141" />
    <UnitTestResult executionId="5f7c0c52-3095-49d3-8c16-82e6541125d1" testId="af1ff855-fd9a-b42c-e2bf-3f278523194d" testName="CacheValue_with_absoluteExpiration_should_expire([3597a1e6-8003-4a50-8622-9394c91afb2c, test string value])" computerName="test" duration="00:00:00.2483260" startTime="2025-02-11T17:41:51.2175446+01:00" endTime="2025-02-11T17:41:51.4658701+01:00" testType="13cdc9d9-ddb5-4fa4-a97d-d965ccfc6d4b" outcome="Passed" testListId="8c84fa94-04c1-424b-9868-57a2d4851a1d" relativeResultsDirectory="5f7c0c52-3095-49d3-8c16-82e6541125d1" />
    <UnitTestResult executionId="03e81544-b938-4d5f-9453-13b9f2002144" testId="eba2c5e3-0aac-6c85-f6e8-5e7751a7afa4" testName="CacheValue_should_cache_value([162be6d7-a2e0-48e0-b200-6654cb7455a9, 1.00:00:00])" computerName="test" duration="00:00:00.0001630" startTime="2025-02-11T17:41:50.9695507+01:00" endTime="2025-02-11T17:41:50.9697133+01:00" testType="13cdc9d9-ddb5-4fa4-a97d-d965ccfc6d4b" outcome="Passed" testListId="8c84fa94-04c1-424b-9868-57a2d4851a1d" relativeResultsDirectory="03e81544-b938-4d5f-9453-13b9f2002144" />
    <UnitTestResult executionId="85c52548-69dc-409e-a540-1c254b44ce47" testId="545966fd-a0ea-4572-286d-4ac5cf0f34d4" testName="CacheValue_should_cache_value([d9605c2c-2e4e-4411-9e05-d7aee3858ccf, 1.00:00:00])" computerName="test" duration="00:00:00.0001150" startTime="2025-02-11T17:41:50.9347250+01:00" endTime="2025-02-11T17:41:50.9348403+01:00" testType="13cdc9d9-ddb5-4fa4-a97d-d965ccfc6d4b" outcome="Passed" testListId="8c84fa94-04c1-424b-9868-57a2d4851a1d" relativeResultsDirectory="85c52548-69dc-409e-a540-1c254b44ce47" />
    <UnitTestResult executionId="6fb1c205-baea-49cb-ab44-7fde539e995d" testId="8dc7a7c1-6ccf-a5da-d1c3-ec584c8239b1" testName="CacheValueAsync_should_cache_value([d6016f00-2af3-4f99-9535-33d1f2b59f34, 1.00:00:00])" computerName="test" duration="00:00:00.0000380" startTime="2025-02-11T17:41:55.1856276+01:00" endTime="2025-02-11T17:41:55.1856658+01:00" testType="13cdc9d9-ddb5-4fa4-a97d-d965ccfc6d4b" outcome="Passed" testListId="8c84fa94-04c1-424b-9868-57a2d4851a1d" relativeResultsDirectory="6fb1c205-baea-49cb-ab44-7fde539e995d" />
    <UnitTestResult executionId="5df8bc4f-b1b8-4c2e-9936-376a8424d632" testId="e472ea7e-3100-0eff-d771-edd6902269f1" testName="CacheValue_with_absoluteExpirationRelativeToNow_should_expire([719fe700-7db1-4bb5-93f1-a8b82f84c3cb, 11-2-2025 16:41:50])" computerName="test" duration="00:00:00.2489530" startTime="2025-02-11T17:41:53.1594368+01:00" endTime="2025-02-11T17:41:53.4083900+01:00" testType="13cdc9d9-ddb5-4fa4-a97d-d965ccfc6d4b" outcome="Passed" testListId="8c84fa94-04c1-424b-9868-57a2d4851a1d" relativeResultsDirectory="5df8bc4f-b1b8-4c2e-9936-376a8424d632" />
    <UnitTestResult executionId="21c835f9-9da3-4d38-9082-b1300331566f" testId="759412c6-ba2c-235b-7c9b-4754befd5420" testName="CacheValueAsync_with_overwrites_should_cache_value([e3021291-0193-4a6c-8725-3d042daae654, test string value])" computerName="test" duration="00:00:00.0001180" startTime="2025-02-11T17:41:58.1214053+01:00" endTime="2025-02-11T17:41:58.1215230+01:00" testType="13cdc9d9-ddb5-4fa4-a97d-d965ccfc6d4b" outcome="Passed" testListId="8c84fa94-04c1-424b-9868-57a2d4851a1d" relativeResultsDirectory="21c835f9-9da3-4d38-9082-b1300331566f" />
    <UnitTestResult executionId="9d9bf3e1-1de7-4c4f-baff-da564787becf" testId="f3b52d1a-cade-d1be-e5bb-5e7de82a8f1e" testName="CacheValueAsync_with_slidingExpirationOverwrite_should_expire([c225a179-8e34-4e34-930c-0a2646bd41e4, Color_Chan.Discord.Caching.Configurations.CacheConfiguration])" computerName="test" duration="00:00:00.2021460" startTime="2025-02-11T17:41:58.5556765+01:00" endTime="2025-02-11T17:41:58.7578219+01:00" testType="13cdc9d9-ddb5-4fa4-a97d-d965ccfc6d4b" outcome="Passed" testListId="8c84fa94-04c1-424b-9868-57a2d4851a1d" relativeResultsDirectory="9d9bf3e1-1de7-4c4f-baff-da564787becf" />
    <UnitTestResult executionId="bd9adb24-0741-40ca-a588-adfacf248be5" testId="f3d42763-f22b-61c1-a3aa-05eb81fa1b3b" testName="CacheValueAsync_should_cache_and_get_value([9260238b-9ad7-4295-be7d-56db9bee0a36, 2147483647])" computerName="test" duration="00:00:00.0000440" startTime="2025-02-11T17:41:55.1849391+01:00" endTime="2025-02-11T17:41:55.1849833+01:00" testType="13cdc9d9-ddb5-4fa4-a97d-d965ccfc6d4b" outcome="Passed" testListId="8c84fa94-04c1-424b-9868-57a2d4851a1d" relativeResultsDirectory="bd9adb24-0741-40ca-a588-adfacf248be5" />
    <UnitTestResult executionId="8ac5e54d-f274-4ad7-8880-af9ad5f4fe9c" testId="51063cad-ae99-3463-bf12-d171e52df861" testName="CacheValueAsync_with_overwrites_should_cache_and_get_value([ba08b8cb-cc88-48ac-97ac-b2156950b16c, 2147483647])" computerName="test" duration="00:00:00.0002640" startTime="2025-02-11T17:41:58.1202709+01:00" endTime="2025-02-11T17:41:58.1205350+01:00" testType="13cdc9d9-ddb5-4fa4-a97d-d965ccfc6d4b" outcome="Passed" testListId="8c84fa94-04c1-424b-9868-57a2d4851a1d" relativeResultsDirectory="8ac5e54d-f274-4ad7-8880-af9ad5f4fe9c" />
    <UnitTestResult executionId="42ffcb5f-ff8e-457f-9207-0a28e1fa5090" testId="99177246-6ad9-afa1-6c59-6c9b61f5c8c5" testName="CacheValue_with_overwrites_should_cache_value([01054d6d-2db7-4328-87d6-830fe317e6ed, Color_Chan.Discord.Caching.Configurations.CacheConfiguration])" computerName="test" duration="00:00:00.0000500" startTime="2025-02-11T17:41:53.8993751+01:00" endTime="2025-02-11T17:41:53.8994252+01:00" testType="13cdc9d9-ddb5-4fa4-a97d-d965ccfc6d4b" outcome="Passed" testListId="8c84fa94-04c1-424b-9868-57a2d4851a1d" relativeResultsDirectory="42ffcb5f-ff8e-457f-9207-0a28e1fa5090" />
    <UnitTestResult executionId="c02d4abb-b962-4adf-a982-aff27fca9b4b" testId="fe46ec57-115b-d12a-a728-4f8f266ab66e" testName="CacheValueAsync_with_slidingExpirationOverwrite_should_expire([6094f3d3-10f8-4005-a889-392d36807936, 11-2-2025 16:41:50])" computerName="test" duration="00:00:00.2177830" startTime="2025-02-11T17:41:58.7578328+01:00" endTime="2025-02-11T17:41:58.9756154+01:00" testType="13cdc9d9-ddb5-4fa4-a97d-d965ccfc6d4b" outcome="Passed" testListId="8c84fa94-04c1-424b-9868-57a2d4851a1d" relativeResultsDirectory="c02d4abb-b962-4adf-a982-aff27fca9b4b" />
    <UnitTestResult executionId="22650de9-862c-45cc-bc7b-3ac69ccea3f0" testId="a33b62a1-d7fd-4c83-9bac-9abc49294030" testName="CacheValueAsync_with_overwrites_should_cache_value([6a8a64b6-230a-4a34-961d-811e357068be, 11-2-2025 16:41:50 +00:00])" computerName="test" duration="00:00:00.0000150" startTime="2025-02-11T17:41:58.1056554+01:00" endTime="2025-02-11T17:41:58.1056702+01:00" testType="13cdc9d9-ddb5-4fa4-a97d-d965ccfc6d4b" outcome="Passed" testListId="8c84fa94-04c1-424b-9868-57a2d4851a1d" relativeResultsDirectory="22650de9-862c-45cc-bc7b-3ac69ccea3f0" />
    <UnitTestResult executionId="51b2743a-084f-4288-9ce7-4413784ee8c0" testId="0b3906f8-cc51-e60d-5591-2363c98c408d" testName="CacheValue_should_cache_and_get_value([9069377b-2a8d-419f-a63f-256b79ef27d0, 2147483647])" computerName="test" duration="00:00:00.0155490" startTime="2025-02-11T17:41:50.9117437+01:00" endTime="2025-02-11T17:41:50.9272921+01:00" testType="13cdc9d9-ddb5-4fa4-a97d-d965ccfc6d4b" outcome="Passed" testListId="8c84fa94-04c1-424b-9868-57a2d4851a1d" relativeResultsDirectory="51b2743a-084f-4288-9ce7-4413784ee8c0" />
    <UnitTestResult executionId="b15efab5-fbeb-45dc-a94c-842f660a1f35" testId="6bbe88b7-ead4-6c0c-19fb-426d149fc0a6" testName="CacheValue_with_overwrites_should_cache_and_get_value([a1931265-1c97-4b54-8da0-4367279ae81d, 11-2-2025 16:41:50 +00:00])" computerName="test" duration="00:00:00.0000560" startTime="2025-02-11T17:41:53.8990480+01:00" endTime="2025-02-11T17:41:53.8991032+01:00" testType="13cdc9d9-ddb5-4fa4-a97d-d965ccfc6d4b" outcome="Passed" testListId="8c84fa94-04c1-424b-9868-57a2d4851a1d" relativeResultsDirectory="b15efab5-fbeb-45dc-a94c-842f660a1f35" />
    <UnitTestResult executionId="ba828e50-bb47-47e7-8581-2b788be75acb" testId="fb0f6c1c-32a3-d37c-9ff1-31f20f34a156" testName="CacheValueAsync_with_absoluteExpiration_should_expire([3d3f4ef2-4b89-4af9-8b42-6cab2e014b74, test string value])" computerName="test" duration="00:00:00.2347120" startTime="2025-02-11T17:41:55.4613775+01:00" endTime="2025-02-11T17:41:55.6960892+01:00" testType="13cdc9d9-ddb5-4fa4-a97d-d965ccfc6d4b" outcome="Passed" testListId="8c84fa94-04c1-424b-9868-57a2d4851a1d" relativeResultsDirectory="ba828e50-bb47-47e7-8581-2b788be75acb" />
    <UnitTestResult executionId="6872993e-025c-4a92-ad4d-7f452ff48c8b" testId="f144902b-9c8e-41b7-8419-4a611624f5c8" testName="CacheValue_with_overwrites_should_cache_and_get_value([8d73c0c1-316a-4fdb-af39-03eb0365dc86, test string value])" computerName="test" duration="00:00:00.0002820" startTime="2025-02-11T17:41:53.8985105+01:00" endTime="2025-02-11T17:41:53.8987925+01:00" testType="13cdc9d9-ddb5-4fa4-a97d-d965ccfc6d4b" outcome="Passed" testListId="8c84fa94-04c1-424b-9868-57a2d4851a1d" relativeResultsDirectory="6872993e-025c-4a92-ad4d-7f452ff48c8b" />
    <UnitTestResult executionId="886fd87b-9132-4366-81e1-efd7aeb264b9" testId="4edc9cce-b92d-59cc-7dc0-a8dcc015ea21" testName="CacheValue_should_cache_and_get_value([824d2698-d666-4252-a728-69fc5f04501a, test string value])" computerName="test" duration="00:00:00.0086250" startTime="2025-02-11T17:41:50.9459646+01:00" endTime="2025-02-11T17:41:50.9545890+01:00" testType="13cdc9d9-ddb5-4fa4-a97d-d965ccfc6d4b" outcome="Passed" testListId="8c84fa94-04c1-424b-9868-57a2d4851a1d" relativeResultsDirectory="886fd87b-9132-4366-81e1-efd7aeb264b9" />
    <UnitTestResult executionId="56074514-d566-40af-b37d-309efe42c698" testId="67fce078-7c96-6f5f-f82a-6752dfa4533a" testName="CacheValue_with_overwrites_should_cache_value([ff2e4cfd-c54d-4c10-bd43-1ac74958a530, 1.00:00:00])" computerName="test" duration="00:00:00.0000710" startTime="2025-02-11T17:41:53.9245500+01:00" endTime="2025-02-11T17:41:53.9246206+01:00" testType="13cdc9d9-ddb5-4fa4-a97d-d965ccfc6d4b" outcome="Passed" testListId="8c84fa94-04c1-424b-9868-57a2d4851a1d" relativeResultsDirectory="56074514-d566-40af-b37d-309efe42c698" />
    <UnitTestResult executionId="c45c796d-6f5e-4b7f-832c-d556615beb3c" testId="1df2224e-3478-dde7-5dbc-20552becdc75" testName="CacheValueAsync_should_cache_value([e8e01958-c325-4b76-b29d-582cc95c7033, 11-2-2025 16:41:50 +00:00])" computerName="test" duration="00:00:00.0000480" startTime="2025-02-11T17:41:55.1856743+01:00" endTime="2025-02-11T17:41:55.1857226+01:00" testType="13cdc9d9-ddb5-4fa4-a97d-d965ccfc6d4b" outcome="Passed" testListId="8c84fa94-04c1-424b-9868-57a2d4851a1d" relativeResultsDirectory="c45c796d-6f5e-4b7f-832c-d556615beb3c" />
    <UnitTestResult executionId="0c757fbe-640c-440c-8f29-1c62203945de" testId="bd95ce0f-8244-6ee8-695e-5b88bb44ce33" testName="CacheValue_with_slidingExpirationOverwrite_should_expire([be0a38fa-776b-4fb5-aef8-733c92701e6f, 11-2-2025 16:41:50])" computerName="test" duration="00:00:00.2175950" startTime="2025-02-11T17:41:54.5597852+01:00" endTime="2025-02-11T17:41:54.7773798+01:00" testType="13cdc9d9-ddb5-4fa4-a97d-d965ccfc6d4b" outcome="Passed" testListId="8c84fa94-04c1-424b-9868-57a2d4851a1d" relativeResultsDirectory="0c757fbe-640c-440c-8f29-1c62203945de" />
    <UnitTestResult executionId="3deb2fe9-9985-4711-b4b0-3e755c8b9bfb" testId="152a4b1b-ed0a-385b-12ed-9a508dc0d467" testName="CacheValue_with_overwrites_should_cache_value([e1f4ab63-bfd1-463e-b083-9419505e5902, 2147483647])" computerName="test" duration="00:00:00.0000510" startTime="2025-02-11T17:41:53.8991542+01:00" endTime="2025-02-11T17:41:53.8992057+01:00" testType="13cdc9d9-ddb5-4fa4-a97d-d965ccfc6d4b" outcome="Passed" testListId="8c84fa94-04c1-424b-9868-57a2d4851a1d" relativeResultsDirectory="3deb2fe9-9985-4711-b4b0-3e755c8b9bfb" />
    <UnitTestResult executionId="6e51dd79-dd83-43a2-abe6-9eb770850fad" testId="648a857b-ca9e-2bb8-6973-4ac619c52a0b" testName="CacheValueAsync_with_absoluteExpirationRelativeToNow_should_expire([88261834-779f-4a90-810d-469dd2e75393, 1.00:00:00])" computerName="test" duration="00:00:00.2351620" startTime="2025-02-11T17:41:57.6517286+01:00" endTime="2025-02-11T17:41:57.8868908+01:00" testType="13cdc9d9-ddb5-4fa4-a97d-d965ccfc6d4b" outcome="Passed" testListId="8c84fa94-04c1-424b-9868-57a2d4851a1d" relativeResultsDirectory="6e51dd79-dd83-43a2-abe6-9eb770850fad" />
    <UnitTestResult executionId="d174c5cc-0ab2-493c-9867-9b22242d299c" testId="271bbdfa-bbc4-ed7b-1d1b-0f37f4aa438d" testName="CacheValue_should_cache_value([a2f300ee-9a51-42b4-a3cd-25e2bac7eaee, 11-2-2025 16:41:50 +00:00])" computerName="test" duration="00:00:00.0001590" startTime="2025-02-11T17:41:50.9697216+01:00" endTime="2025-02-11T17:41:50.9698801+01:00" testType="13cdc9d9-ddb5-4fa4-a97d-d965ccfc6d4b" outcome="Passed" testListId="8c84fa94-04c1-424b-9868-57a2d4851a1d" relativeResultsDirectory="d174c5cc-0ab2-493c-9867-9b22242d299c" />
    <UnitTestResult executionId="30b62367-c11e-4fbb-b9ca-27ebdc4440de" testId="a4b0d0c4-dcf4-5b21-6b12-94040c889530" testName="CacheValue_should_cache_value([1315bdb1-8cd0-4eee-96db-8d81e9b158ed, Color_Chan.Discord.Caching.Configurations.CacheConfiguration])" computerName="test" duration="00:00:00.0001990" startTime="2025-02-11T17:41:50.9691465+01:00" endTime="2025-02-11T17:41:50.9693451+01:00" testType="13cdc9d9-ddb5-4fa4-a97d-d965ccfc6d4b" outcome="Passed" testListId="8c84fa94-04c1-424b-9868-57a2d4851a1d" relativeResultsDirectory="30b62367-c11e-4fbb-b9ca-27ebdc4440de" />
    <UnitTestResult executionId="12f2d536-bc18-4e6c-862f-aded63d9b5b1" testId="caf7d7b0-c937-bbc5-e48a-8967467cfbb5" testName="Should_add_and_get_cacheConfig(int.MaxValue,123123)" computerName="test" duration="00:00:00.0001290" startTime="2025-02-11T17:41:59.4143585+01:00" endTime="2025-02-11T17:41:59.4144870+01:00" testType="13cdc9d9-ddb5-4fa4-a97d-d965ccfc6d4b" outcome="Passed" testListId="8c84fa94-04c1-424b-9868-57a2d4851a1d" relativeResultsDirectory="12f2d536-bc18-4e6c-862f-aded63d9b5b1" />
    <UnitTestResult executionId="1144eec4-59ed-4b30-b3f6-5e9ccee6c5d7" testId="98bacf4f-3e03-4591-183d-d121d6b30f97" testName="GetOrCreateValueAsync_should_get_cached_value([5a2697c0-fd85-4f44-9970-420454b4b362, test string value])" computerName="test" duration="00:00:00.0001830" startTime="2025-02-11T17:41:59.4125855+01:00" endTime="2025-02-11T17:41:59.4127688+01:00" testType="13cdc9d9-ddb5-4fa4-a97d-d965ccfc6d4b" outcome="Passed" testListId="8c84fa94-04c1-424b-9868-57a2d4851a1d" relativeResultsDirectory="1144eec4-59ed-4b30-b3f6-5e9ccee6c5d7" />
    <UnitTestResult executionId="0263073a-58cb-473d-bf33-3f7b5e2f6be5" testId="053596f6-b244-1e12-886a-472a69816055" testName="CacheValue_with_absoluteExpirationRelativeToNow_should_expire([92a1af67-18b4-4b28-8519-b5cf12858978, 11-2-2025 16:41:50 +00:00])" computerName="test" duration="00:00:00.2336400" startTime="2025-02-11T17:41:53.6575470+01:00" endTime="2025-02-11T17:41:53.8911864+01:00" testType="13cdc9d9-ddb5-4fa4-a97d-d965ccfc6d4b" outcome="Passed" testListId="8c84fa94-04c1-424b-9868-57a2d4851a1d" relativeResultsDirectory="0263073a-58cb-473d-bf33-3f7b5e2f6be5" />
    <UnitTestResult executionId="7543e79b-58ce-4f00-a241-f3fe52b307ea" testId="05a3c044-d81c-12b7-3ec9-cf2812318293" testName="CacheValue_with_overwrites_should_cache_and_get_value([5d772ea9-f1da-4f63-8613-f02ecfb2864b, 2147483647])" computerName="test" duration="00:00:00.0071400" startTime="2025-02-11T17:41:53.8912774+01:00" endTime="2025-02-11T17:41:53.8984165+01:00" testType="13cdc9d9-ddb5-4fa4-a97d-d965ccfc6d4b" outcome="Passed" testListId="8c84fa94-04c1-424b-9868-57a2d4851a1d" relativeResultsDirectory="7543e79b-58ce-4f00-a241-f3fe52b307ea" />
    <UnitTestResult executionId="cef1868b-400b-4b5f-9312-98d825561113" testId="845432d2-4f55-99b6-48bf-3f3adfce2294" testName="CacheValue_with_absoluteExpiration_should_expire([9a64fcc6-31cc-4112-8c15-afe11cb35c5d, 11-2-2025 16:41:50])" computerName="test" duration="00:00:00.2471270" startTime="2025-02-11T17:41:51.6837323+01:00" endTime="2025-02-11T17:41:51.9308587+01:00" testType="13cdc9d9-ddb5-4fa4-a97d-d965ccfc6d4b" outcome="Passed" testListId="8c84fa94-04c1-424b-9868-57a2d4851a1d" relativeResultsDirectory="cef1868b-400b-4b5f-9312-98d825561113" />
    <UnitTestResult executionId="e21d449b-e1d6-4e0d-8db8-81b093eccd17" testId="079ef532-4cfc-d010-6540-26155c54769c" testName="CacheValue_with_overwrites_should_cache_value([db756147-7fa6-4e71-b706-b38841e8787d, Color_Chan.Discord.Caching.Configurations.CacheConfiguration])" computerName="test" duration="00:00:00.0000880" startTime="2025-02-11T17:41:53.9243640+01:00" endTime="2025-02-11T17:41:53.9244519+01:00" testType="13cdc9d9-ddb5-4fa4-a97d-d965ccfc6d4b" outcome="Passed" testListId="8c84fa94-04c1-424b-9868-57a2d4851a1d" relativeResultsDirectory="e21d449b-e1d6-4e0d-8db8-81b093eccd17" />
    <UnitTestResult executionId="16fc722b-550b-48f2-9633-46053fae735b" testId="61319772-5695-76e3-42c9-a2f801363b17" testName="CacheValue_with_slidingExpirationOverwrite_should_expire([879b7b6f-148a-4d8d-bddd-1ed0287f3422, 11-2-2025 16:41:50 +00:00])" computerName="test" duration="00:00:00.2171930" startTime="2025-02-11T17:41:54.9945142+01:00" endTime="2025-02-11T17:41:55.2117070+01:00" testType="13cdc9d9-ddb5-4fa4-a97d-d965ccfc6d4b" outcome="Passed" testListId="8c84fa94-04c1-424b-9868-57a2d4851a1d" relativeResultsDirectory="16fc722b-550b-48f2-9633-46053fae735b" />
    <UnitTestResult executionId="daff4ed6-19e1-48aa-823e-0cdf853d0f13" testId="3b32e305-d18d-2b6f-74ce-e0c2ed40ee4a" testName="CacheValue_with_overwrites_should_cache_value([7193ab8d-991b-441e-b131-baf99c597c07, 11-2-2025 16:41:50])" computerName="test" duration="00:00:00.0000749" startTime="2025-02-11T17:41:53.9244632+01:00" endTime="2025-02-11T17:41:53.9245375+01:00" testType="13cdc9d9-ddb5-4fa4-a97d-d965ccfc6d4b" outcome="Passed" testListId="8c84fa94-04c1-424b-9868-57a2d4851a1d" relativeResultsDirectory="daff4ed6-19e1-48aa-823e-0cdf853d0f13" />
    <UnitTestResult executionId="a64101ef-d63d-47d7-b021-044ea87f1351" testId="11d07ef7-8f57-5191-f303-f171162c795b" testName="Should_resolve_DistributedCacheService" computerName="test" duration="00:00:00.0104120" startTime="2025-02-11T17:41:50.8884186+01:00" endTime="2025-02-11T17:41:50.8988305+01:00" testType="13cdc9d9-ddb5-4fa4-a97d-d965ccfc6d4b" outcome="Passed" testListId="8c84fa94-04c1-424b-9868-57a2d4851a1d" relativeResultsDirectory="a64101ef-d63d-47d7-b021-044ea87f1351" />
    <UnitTestResult executionId="ad2656e3-9e41-4dfa-b5ce-148eab60f77f" testId="5cf13136-3b91-56a4-7934-868bbf71fde9" testName="CacheValueAsync_with_absoluteExpirationRelativeToNow_should_expire([88386406-0ab6-4ac9-b9d7-d61b8b6251bc, Color_Chan.Discord.Caching.Configurations.CacheConfiguration])" computerName="test" duration="00:00:00.2473160" startTime="2025-02-11T17:41:57.1250019+01:00" endTime="2025-02-11T17:41:57.3723177+01:00" testType="13cdc9d9-ddb5-4fa4-a97d-d965ccfc6d4b" outcome="Passed" testListId="8c84fa94-04c1-424b-9868-57a2d4851a1d" relativeResultsDirectory="ad2656e3-9e41-4dfa-b5ce-148eab60f77f" />
    <UnitTestResult executionId="ea25a860-4f8e-4445-867c-260749d70010" testId="70b04cac-52ad-3a7b-ee48-0889143e529e" testName="CacheValueAsync_should_cache_value([648e580c-5818-400d-87b0-1bf0b50fcbe7, test string value])" computerName="test" duration="00:00:00.0001420" startTime="2025-02-11T17:41:55.2143274+01:00" endTime="2025-02-11T17:41:55.2144692+01:00" testType="13cdc9d9-ddb5-4fa4-a97d-d965ccfc6d4b" outcome="Passed" testListId="8c84fa94-04c1-424b-9868-57a2d4851a1d" relativeResultsDirectory="ea25a860-4f8e-4445-867c-260749d70010" />
    <UnitTestResult executionId="65dd42ee-a89a-4b79-bc65-22c29444b7bb" testId="63ebe1e9-1e8a-3999-6cc4-f8a553653ba6" testName="CacheValueAsync_should_cache_and_get_and_remove_value([122e66e8-2e14-4576-a8bc-4de50fc0344e, 2147483647])" computerName="test" duration="00:00:00.0026760" startTime="2025-02-11T17:41:55.1817896+01:00" endTime="2025-02-11T17:41:55.1844652+01:00" testType="13cdc9d9-ddb5-4fa4-a97d-d965ccfc6d4b" outcome="Passed" testListId="8c84fa94-04c1-424b-9868-57a2d4851a1d" relativeResultsDirectory="65dd42ee-a89a-4b79-bc65-22c29444b7bb" />
    <UnitTestResult executionId="c8795e51-5bf0-4cc6-aa10-3fe93f8c6eb3" testId="3ec21219-23ed-9753-c303-86bd4b2ccdcd" testName="CacheValueAsync_with_absoluteExpiration_should_expire([ec22d121-ba12-4877-b0bc-81f7f66635ef, Color_Chan.Discord.Caching.Configurations.CacheConfiguration])" computerName="test" duration="00:00:00.2490790" startTime="2025-02-11T17:41:55.6640373+01:00" endTime="2025-02-11T17:41:55.9131166+01:00" testType="13cdc9d9-ddb5-4fa4-a97d-d965ccfc6d4b" outcome="Passed" testListId="8c84fa94-04c1-424b-9868-57a2d4851a1d" relativeResultsDirectory="c8795e51-5bf0-4cc6-aa10-3fe93f8c6eb3" />
    <UnitTestResult executionId="7ce9577c-b3a2-4904-acfa-992c80817e61" testId="a5094ad4-dbd2-f249-148f-0fd1ece18fa2" testName="CacheValue_with_absoluteExpirationRelativeToNow_should_expire([3823d861-5e2d-43b0-a7f3-52ab88a3256e, Color_Chan.Discord.Caching.Configurations.CacheConfiguration])" computerName="test" duration="00:00:00.2492750" startTime="2025-02-11T17:41:52.9416598+01:00" endTime="2025-02-11T17:41:53.1909347+01:00" testType="13cdc9d9-ddb5-4fa4-a97d-d965ccfc6d4b" outcome="Passed" testListId="8c84fa94-04c1-424b-9868-57a2d4851a1d" relativeResultsDirectory="7ce9577c-b3a2-4904-acfa-992c80817e61" />
    <UnitTestResult executionId="861fd77a-1e4a-4336-8237-181db712c528" testId="cd704e33-c031-aef3-a603-437876bc77bc" testName="GetOrCreateValueAsync_should_get_cached_value([8f5fa473-a6e8-4b0c-a682-9fa136dfea30, 11-2-2025 16:41:50 +00:00])" computerName="test" duration="00:00:00.0001210" startTime="2025-02-11T17:41:59.4130976+01:00" endTime="2025-02-11T17:41:59.4132187+01:00" testType="13cdc9d9-ddb5-4fa4-a97d-d965ccfc6d4b" outcome="Passed" testListId="8c84fa94-04c1-424b-9868-57a2d4851a1d" relativeResultsDirectory="861fd77a-1e4a-4336-8237-181db712c528" />
    <UnitTestResult executionId="dcc9e82c-a612-43df-91b9-caad66f634c2" testId="667e635b-c280-859b-d7d6-99aadd6a7500" testName="GetOrCreateValueAsync_should_get_cached_value([72bb19dd-a67d-4244-ab0b-5940b25748de, 2147483647])" computerName="test" duration="00:00:00.0006420" startTime="2025-02-11T17:41:59.4119358+01:00" endTime="2025-02-11T17:41:59.4125775+01:00" testType="13cdc9d9-ddb5-4fa4-a97d-d965ccfc6d4b" outcome="Passed" testListId="8c84fa94-04c1-424b-9868-57a2d4851a1d" relativeResultsDirectory="dcc9e82c-a612-43df-91b9-caad66f634c2" />
    <UnitTestResult executionId="657b30b1-0e13-4e53-b7a9-8ed30fcfb378" testId="4ae98c5c-4bc1-4e07-54d5-c341a5e89867" testName="CacheValue_with_absoluteExpirationRelativeToNow_should_expire([205ce775-e978-44ba-abda-737de7257391, Color_Chan.Discord.Caching.Configurations.CacheConfiguration])" computerName="test" duration="00:00:00.2482860" startTime="2025-02-11T17:41:52.9111107+01:00" endTime="2025-02-11T17:41:53.1593968+01:00" testType="13cdc9d9-ddb5-4fa4-a97d-d965ccfc6d4b" outcome="Passed" testListId="8c84fa94-04c1-424b-9868-57a2d4851a1d" relativeResultsDirectory="657b30b1-0e13-4e53-b7a9-8ed30fcfb378" />
    <UnitTestResult executionId="6f237026-f0fe-42d5-ac76-a7d24f5a1eae" testId="b310d82b-ccb6-6bc1-0b5c-8a365275d261" testName="CacheValue_should_cache_and_get_value([2e08ff7f-795f-4e58-bc20-16873896b4b8, 11-2-2025 16:41:50 +00:00])" computerName="test" duration="00:00:00.0026820" startTime="2025-02-11T17:41:50.9655526+01:00" endTime="2025-02-11T17:41:50.9682347+01:00" testType="13cdc9d9-ddb5-4fa4-a97d-d965ccfc6d4b" outcome="Passed" testListId="8c84fa94-04c1-424b-9868-57a2d4851a1d" relativeResultsDirectory="6f237026-f0fe-42d5-ac76-a7d24f5a1eae" />
    <UnitTestResult executionId="5b512e40-e6c7-4d2f-ab97-7cbe26dc9d29" testId="4b3e7af4-1c9a-c493-dd02-d8183b57512f" testName="CacheValue_with_overwrites_should_cache_value([7540e6bf-3734-458a-abef-57c1df5f36b8, 11-2-2025 16:41:50 +00:00])" computerName="test" duration="00:00:00.0000380" startTime="2025-02-11T17:41:53.8995782+01:00" endTime="2025-02-11T17:41:53.8996156+01:00" testType="13cdc9d9-ddb5-4fa4-a97d-d965ccfc6d4b" outcome="Passed" testListId="8c84fa94-04c1-424b-9868-57a2d4851a1d" relativeResultsDirectory="5b512e40-e6c7-4d2f-ab97-7cbe26dc9d29" />
    <UnitTestResult executionId="a1a569fa-d63e-430e-9d61-2716338bed38" testId="2658f1f4-4300-5208-6528-b2931b2d4e05" testName="CacheValueAsync_should_cache_and_get_and_remove_value([0b89228e-5e04-4980-831b-84e12237779e, 11-2-2025 16:41:50])" computerName="test" duration="00:00:00.0000480" startTime="2025-02-11T17:41:55.1847716+01:00" endTime="2025-02-11T17:41:55.1848195+01:00" testType="13cdc9d9-ddb5-4fa4-a97d-d965ccfc6d4b" outcome="Passed" testListId="8c84fa94-04c1-424b-9868-57a2d4851a1d" relativeResultsDirectory="a1a569fa-d63e-430e-9d61-2716338bed38" />
    <UnitTestResult executionId="0b269481-f0e1-4b8d-a2bc-9919ecc11348" testId="561ab5c0-be13-e97d-ae6f-243269e7e08f" testName="CacheValueAsync_with_absoluteExpiration_should_expire([bd051bcb-e84e-428a-98c4-6663550e7d7b, 11-2-2025 16:41:50 +00:00])" computerName="test" duration="00:00:00.2477390" startTime="2025-02-11T17:41:56.3955645+01:00" endTime="2025-02-11T17:41:56.6433036+01:00" testType="13cdc9d9-ddb5-4fa4-a97d-d965ccfc6d4b" outcome="Passed" testListId="8c84fa94-04c1-424b-9868-57a2d4851a1d" relativeResultsDirectory="0b269481-f0e1-4b8d-a2bc-9919ecc11348" />
    <UnitTestResult executionId="9ef1930c-a015-41fb-a98d-165ae3fed24a" testId="392ccc83-4d6a-a8eb-fcd9-7ea17ca4e243" testName="GetValueAsync_should_not_get_value" computerName="test" duration="00:00:00.0000740" startTime="2025-02-11T17:41:59.4132351+01:00" endTime="2025-02-11T17:41:59.4133093+01:00" testType="13cdc9d9-ddb5-4fa4-a97d-d965ccfc6d4b" outcome="Passed" testListId="8c84fa94-04c1-424b-9868-57a2d4851a1d" relativeResultsDirectory="9ef1930c-a015-41fb-a98d-165ae3fed24a" />
    <UnitTestResult executionId="99c412b2-80f8-49df-9d45-69d3d9f498b7" testId="f9c12a19-c35a-efb3-1792-ddd4a03daa4b" testName="CacheValueAsync_with_absoluteExpiration_should_expire([5e11567f-3c25-42ac-b6eb-f3564c4f3f84, 11-2-2025 16:41:50])" computerName="test" duration="00:00:00.2492080" startTime="2025-02-11T17:41:55.9441475+01:00" endTime="2025-02-11T17:41:56.1933550+01:00" testType="13cdc9d9-ddb5-4fa4-a97d-d965ccfc6d4b" outcome="Passed" testListId="8c84fa94-04c1-424b-9868-57a2d4851a1d" relativeResultsDirectory="99c412b2-80f8-49df-9d45-69d3d9f498b7" />
    <UnitTestResult executionId="b986f6ad-f674-47e7-9014-cd55a1e53098" testId="41a60835-dd6b-02b2-e669-138a5320c337" testName="CacheValue_should_cache_and_get_value([53a1d7dc-25b9-4546-b850-7e3c759096e0, 11-2-2025 16:41:50])" computerName="test" duration="00:00:00.0027760" startTime="2025-02-11T17:41:50.9616667+01:00" endTime="2025-02-11T17:41:50.9644428+01:00" testType="13cdc9d9-ddb5-4fa4-a97d-d965ccfc6d4b" outcome="Passed" testListId="8c84fa94-04c1-424b-9868-57a2d4851a1d" relativeResultsDirectory="b986f6ad-f674-47e7-9014-cd55a1e53098" />
    <UnitTestResult executionId="0e1d2b9a-1675-4a78-9ed4-7f26b9508b09" testId="877f346e-de7f-8a9b-b7a0-dde19ab1d538" testName="CacheValueAsync_with_overwrites_should_cache_value([3648eaae-0527-457f-9b60-ef6ce3236ebb, test string value])" computerName="test" duration="00:00:00.0001130" startTime="2025-02-11T17:41:58.1054780+01:00" endTime="2025-02-11T17:41:58.1055907+01:00" testType="13cdc9d9-ddb5-4fa4-a97d-d965ccfc6d4b" outcome="Passed" testListId="8c84fa94-04c1-424b-9868-57a2d4851a1d" relativeResultsDirectory="0e1d2b9a-1675-4a78-9ed4-7f26b9508b09" />
    <UnitTestResult executionId="fb597125-1b41-4421-9083-e2073dbb7d4c" testId="aa5e8a67-f7ce-c075-ab7b-a2a9714a2720" testName="CacheValueAsync_should_cache_and_get_value([71842434-2076-4281-90af-0cf8e3db1713, 11-2-2025 16:41:50])" computerName="test" duration="00:00:00.0000600" startTime="2025-02-11T17:41:55.2140315+01:00" endTime="2025-02-11T17:41:55.2140916+01:00" testType="13cdc9d9-ddb5-4fa4-a97d-d965ccfc6d4b" outcome="Passed" testListId="8c84fa94-04c1-424b-9868-57a2d4851a1d" relativeResultsDirectory="fb597125-1b41-4421-9083-e2073dbb7d4c" />
    <UnitTestResult executionId="e5afa372-8cfa-4bb5-832f-4d88399b77c7" testId="00ebf5b7-b5a0-1f72-f7e6-df6e8570ef31" testName="GetValueAsync_should_not_get_value" computerName="test" duration="00:00:00.0003800" startTime="2025-02-11T17:41:59.4129117+01:00" endTime="2025-02-11T17:41:59.4132914+01:00" testType="13cdc9d9-ddb5-4fa4-a97d-d965ccfc6d4b" outcome="Passed" testListId="8c84fa94-04c1-424b-9868-57a2d4851a1d" relativeResultsDirectory="e5afa372-8cfa-4bb5-832f-4d88399b77c7" />
    <UnitTestResult executionId="d55d563a-6ff8-4605-8159-9aaf3003567e" testId="fa6ba3b7-bb75-3bbd-8c5a-ff9b783c9f66" testName="CacheValue_should_cache_value([a7a0d4d1-9c2a-4fbc-81ba-664187af46b7, 11-2-2025 16:41:50 +00:00])" computerName="test" duration="00:00:00.0002220" startTime="2025-02-11T17:41:50.9348480+01:00" endTime="2025-02-11T17:41:50.9350696+01:00" testType="13cdc9d9-ddb5-4fa4-a97d-d965ccfc6d4b" outcome="Passed" testListId="8c84fa94-04c1-424b-9868-57a2d4851a1d" relativeResultsDirectory="d55d563a-6ff8-4605-8159-9aaf3003567e" />
    <UnitTestResult executionId="b7ed79ff-b33a-4568-828d-53900437ce5d" testId="0386cef0-9a86-4a79-ffc1-355bdb937b23" testName="CacheValueAsync_should_cache_value([fb375d0b-05e3-4461-8add-1f71114eded1, Color_Chan.Discord.Caching.Configurations.CacheConfiguration])" computerName="test" duration="00:00:00.0000420" startTime="2025-02-11T17:41:55.1855323+01:00" endTime="2025-02-11T17:41:55.1855739+01:00" testType="13cdc9d9-ddb5-4fa4-a97d-d965ccfc6d4b" outcome="Passed" testListId="8c84fa94-04c1-424b-9868-57a2d4851a1d" relativeResultsDirectory="b7ed79ff-b33a-4568-828d-53900437ce5d" />
    <UnitTestResult executionId="9b1f4ce8-83d5-4631-8381-ec1b631b29f0" testId="ae0db32d-e534-2715-1094-1f5ea092d03f" testName="CacheValue_with_absoluteExpiration_should_expire([193291db-3aae-4c14-99c7-8a783d492d8d, 11-2-2025 16:41:50])" computerName="test" duration="00:00:00.2481020" startTime="2025-02-11T17:41:51.7137197+01:00" endTime="2025-02-11T17:41:51.9618208+01:00" testType="13cdc9d9-ddb5-4fa4-a97d-d965ccfc6d4b" outcome="Passed" testListId="8c84fa94-04c1-424b-9868-57a2d4851a1d" relativeResultsDirectory="9b1f4ce8-83d5-4631-8381-ec1b631b29f0" />
    <UnitTestResult executionId="e843e361-ab3a-410d-9a67-352ae8cc9e9a" testId="6650c04d-ad44-db35-c450-749777758553" testName="CacheValueAsync_with_overwrites_should_cache_value([bdbd145d-7c95-436e-b9f7-a44ea9c61711, 2147483647])" computerName="test" duration="00:00:00.0000340" startTime="2025-02-11T17:41:58.1213677+01:00" endTime="2025-02-11T17:41:58.1214013+01:00" testType="13cdc9d9-ddb5-4fa4-a97d-d965ccfc6d4b" outcome="Passed" testListId="8c84fa94-04c1-424b-9868-57a2d4851a1d" relativeResultsDirectory="e843e361-ab3a-410d-9a67-352ae8cc9e9a" />
    <UnitTestResult executionId="8f4660e1-288b-45d0-b43c-68fdc402aac5" testId="1f77395a-4526-bfad-9828-ef2cef895458" testName="GetOrCreateValueAsync_should_get_cached_value([d10efbd7-657c-411e-a81c-cbae0318ec89, test string value])" computerName="test" duration="00:00:00.0002280" startTime="2025-02-11T17:41:59.4125982+01:00" endTime="2025-02-11T17:41:59.4128258+01:00" testType="13cdc9d9-ddb5-4fa4-a97d-d965ccfc6d4b" outcome="Passed" testListId="8c84fa94-04c1-424b-9868-57a2d4851a1d" relativeResultsDirectory="8f4660e1-288b-45d0-b43c-68fdc402aac5" />
    <UnitTestResult executionId="2907f8f0-6289-46f9-8e6d-8e3030e5ee9e" testId="74493d79-24f9-b5f3-bcbb-8406135b3494" testName="CacheValueAsync_with_absoluteExpirationRelativeToNow_should_expire([268f2524-7bf3-49ca-b1e3-816766a1f1a3, 11-2-2025 16:41:50 +00:00])" computerName="test" duration="00:00:00.2333010" startTime="2025-02-11T17:41:57.8869021+01:00" endTime="2025-02-11T17:41:58.1202032+01:00" testType="13cdc9d9-ddb5-4fa4-a97d-d965ccfc6d4b" outcome="Passed" testListId="8c84fa94-04c1-424b-9868-57a2d4851a1d" relativeResultsDirectory="2907f8f0-6289-46f9-8e6d-8e3030e5ee9e" />
    <UnitTestResult executionId="660ac3df-4cc6-4e54-ac2c-d21013c40ad2" testId="6eba0cd3-5bac-7fa2-79ce-89f788480302" testName="CacheValue_with_overwrites_should_cache_and_get_value([8ba1d834-7def-4e56-9ded-e0d7c573f7bf, 2147483647])" computerName="test" duration="00:00:00.0003330" startTime="2025-02-11T17:41:53.9223116+01:00" endTime="2025-02-11T17:41:53.9226446+01:00" testType="13cdc9d9-ddb5-4fa4-a97d-d965ccfc6d4b" outcome="Passed" testListId="8c84fa94-04c1-424b-9868-57a2d4851a1d" relativeResultsDirectory="660ac3df-4cc6-4e54-ac2c-d21013c40ad2" />
    <UnitTestResult executionId="2bb159aa-4f5d-4c52-938d-c8d370be097c" testId="02815cbf-9e19-cf0f-111f-43c0062c91fb" testName="Should_resolve_LocalCacheService" computerName="test" duration="00:00:00.0021390" startTime="2025-02-11T17:41:50.8992393+01:00" endTime="2025-02-11T17:41:50.9013781+01:00" testType="13cdc9d9-ddb5-4fa4-a97d-d965ccfc6d4b" outcome="Passed" testListId="8c84fa94-04c1-424b-9868-57a2d4851a1d" relativeResultsDirectory="2bb159aa-4f5d-4c52-938d-c8d370be097c" />
    <UnitTestResult executionId="55202765-4668-48a0-b33a-17a535fb5e14" testId="8f06090f-5c64-2453-48f5-d19211129234" testName="CacheValue_with_overwrites_should_cache_and_get_value([d2e5a400-27b7-4c6c-904f-b4415ec7594c, 1.00:00:00])" computerName="test" duration="00:00:00.0001150" startTime="2025-02-11T17:41:53.9237770+01:00" endTime="2025-02-11T17:41:53.9238918+01:00" testType="13cdc9d9-ddb5-4fa4-a97d-d965ccfc6d4b" outcome="Passed" testListId="8c84fa94-04c1-424b-9868-57a2d4851a1d" relativeResultsDirectory="55202765-4668-48a0-b33a-17a535fb5e14" />
    <UnitTestResult executionId="88d8afdd-1752-438e-bd29-7504aefc4b8c" testId="af872633-42fc-3e2e-0fa8-6f03cadf1a7a" testName="CacheValueAsync_with_overwrites_should_cache_and_get_value([116b5933-6ca0-450f-83cf-a04650beb74a, test string value])" computerName="test" duration="00:00:00.0002070" startTime="2025-02-11T17:41:58.1051117+01:00" endTime="2025-02-11T17:41:58.1053187+01:00" testType="13cdc9d9-ddb5-4fa4-a97d-d965ccfc6d4b" outcome="Passed" testListId="8c84fa94-04c1-424b-9868-57a2d4851a1d" relativeResultsDirectory="88d8afdd-1752-438e-bd29-7504aefc4b8c" />
    <UnitTestResult executionId="b6b04811-1765-4c5d-bbe5-51cf98fb2e67" testId="702b91a1-bb6d-b205-622d-b7205068b62f" testName="CacheValue_should_cache_value([6e9b3d54-d487-4c0d-b8c9-f31987ccc8fa, 2147483647])" computerName="test" duration="00:00:00.0001310" startTime="2025-02-11T17:41:50.9340085+01:00" endTime="2025-02-11T17:41:50.9341389+01:00" testType="13cdc9d9-ddb5-4fa4-a97d-d965ccfc6d4b" outcome="Passed" testListId="8c84fa94-04c1-424b-9868-57a2d4851a1d" relativeResultsDirectory="b6b04811-1765-4c5d-bbe5-51cf98fb2e67" />
    <UnitTestResult executionId="f4220041-5a7a-43ae-9332-46338212df50" testId="e6592878-0023-d709-6333-f2c60b0ccc7d" testName="Should_add_cache_config" computerName="test" duration="00:00:00.0001600" startTime="2025-02-11T17:41:59.4144982+01:00" endTime="2025-02-11T17:41:59.4146585+01:00" testType="13cdc9d9-ddb5-4fa4-a97d-d965ccfc6d4b" outcome="Passed" testListId="8c84fa94-04c1-424b-9868-57a2d4851a1d" relativeResultsDirectory="f4220041-5a7a-43ae-9332-46338212df50" />
    <UnitTestResult executionId="44492c52-bee5-491d-abdc-fa4bc45ed5b7" testId="18d10104-581d-8b97-d8bf-bc45ae813931" testName="CacheValueAsync_with_absoluteExpirationRelativeToNow_should_expire([5d66dc16-aa4c-4ecf-a9f1-2d241a1cb832, 1.00:00:00])" computerName="test" duration="00:00:00.2497600" startTime="2025-02-11T17:41:57.6211851+01:00" endTime="2025-02-11T17:41:57.8709453+01:00" testType="13cdc9d9-ddb5-4fa4-a97d-d965ccfc6d4b" outcome="Passed" testListId="8c84fa94-04c1-424b-9868-57a2d4851a1d" relativeResultsDirectory="44492c52-bee5-491d-abdc-fa4bc45ed5b7" />
    <UnitTestResult executionId="5fd5da1c-e0d6-40db-9123-7cb5606a0bb0" testId="b92728dd-e6b4-5b44-2083-39b070efe628" testName="CacheValueAsync_with_overwrites_should_cache_value([0e0df75f-1dba-46c8-a9a4-6ac8d1d2c794, 11-2-2025 16:41:50])" computerName="test" duration="00:00:00.0000170" startTime="2025-02-11T17:41:58.1056207+01:00" endTime="2025-02-11T17:41:58.1056377+01:00" testType="13cdc9d9-ddb5-4fa4-a97d-d965ccfc6d4b" outcome="Passed" testListId="8c84fa94-04c1-424b-9868-57a2d4851a1d" relativeResultsDirectory="5fd5da1c-e0d6-40db-9123-7cb5606a0bb0" />
    <UnitTestResult executionId="5aeaaa41-9cb0-411c-b6c6-32e62d5dfeec" testId="185728fe-30f6-069f-ffcd-baf7ad0e6d73" testName="CacheValue_with_slidingExpirationOverwrite_should_expire([e9a1b432-60f6-4eaa-bc78-62a03e9869ed, 1.00:00:00])" computerName="test" duration="00:00:00.2021330" startTime="2025-02-11T17:41:54.7774091+01:00" endTime="2025-02-11T17:41:54.9795416+01:00" testType="13cdc9d9-ddb5-4fa4-a97d-d965ccfc6d4b" outcome="Passed" testListId="8c84fa94-04c1-424b-9868-57a2d4851a1d" relativeResultsDirectory="5aeaaa41-9cb0-411c-b6c6-32e62d5dfeec" />
    <UnitTestResult executionId="6f0cb533-24db-4380-8e5d-5e9d85bc5f34" testId="72a3296e-50a2-f0d6-0a2f-48925a49d2ec" testName="CacheValue_with_overwrites_should_cache_and_get_value([1e8d57d3-4b4f-4708-aafb-8220ffe6a5d2, Color_Chan.Discord.Caching.Configurations.CacheConfiguration])" computerName="test" duration="00:00:00.0001830" startTime="2025-02-11T17:41:53.9234492+01:00" endTime="2025-02-11T17:41:53.9236316+01:00" testType="13cdc9d9-ddb5-4fa4-a97d-d965ccfc6d4b" outcome="Passed" testListId="8c84fa94-04c1-424b-9868-57a2d4851a1d" relativeResultsDirectory="6f0cb533-24db-4380-8e5d-5e9d85bc5f34" />
    <UnitTestResult executionId="30a282c5-4af4-428b-ae51-cf865d715f20" testId="5752a212-0402-bb3b-f784-07dc4c6137f9" testName="CacheValue_with_slidingExpirationOverwrite_should_expire([a61cf510-3951-407e-8bf6-661485a7ca78, 2147483647])" computerName="test" duration="00:00:00.2151520" startTime="2025-02-11T17:41:53.9247410+01:00" endTime="2025-02-11T17:41:54.1398930+01:00" testType="13cdc9d9-ddb5-4fa4-a97d-d965ccfc6d4b" outcome="Passed" testListId="8c84fa94-04c1-424b-9868-57a2d4851a1d" relativeResultsDirectory="30a282c5-4af4-428b-ae51-cf865d715f20" />
    <UnitTestResult executionId="f93badc7-0f2f-4ddf-aad8-43d6ce628406" testId="85de02c1-a687-36dc-2f6e-82a2c33708aa" testName="CacheValue_with_absoluteExpiration_should_expire([abb9f90a-a76d-49dd-83b9-9fc65615a920, Color_Chan.Discord.Caching.Configurations.CacheConfiguration])" computerName="test" duration="00:00:00.2497880" startTime="2025-02-11T17:41:51.4338969+01:00" endTime="2025-02-11T17:41:51.6836837+01:00" testType="13cdc9d9-ddb5-4fa4-a97d-d965ccfc6d4b" outcome="Passed" testListId="8c84fa94-04c1-424b-9868-57a2d4851a1d" relativeResultsDirectory="f93badc7-0f2f-4ddf-aad8-43d6ce628406" />
    <UnitTestResult executionId="a2a273ea-684e-4b11-b14c-ca9aec07aa02" testId="7174e223-37f9-4a7e-eef1-6f8787ff3394" testName="CacheValueAsync_should_cache_value([1d502160-22ab-40d3-b4a6-d87cc0fd74a5, 1.00:00:00])" computerName="test" duration="00:00:00.0000460" startTime="2025-02-11T17:41:55.2145968+01:00" endTime="2025-02-11T17:41:55.2146426+01:00" testType="13cdc9d9-ddb5-4fa4-a97d-d965ccfc6d4b" outcome="Passed" testListId="8c84fa94-04c1-424b-9868-57a2d4851a1d" relativeResultsDirectory="a2a273ea-684e-4b11-b14c-ca9aec07aa02" />
    <UnitTestResult executionId="9ed07a3f-5584-417a-af43-5c9f8627e334" testId="268b84e7-1409-4725-e55d-561a629bed92" testName="CacheValueAsync_with_overwrites_should_cache_value([a9bc6546-cf3f-4605-a4de-97894cd796e2, 1.00:00:00])" computerName="test" duration="00:00:00.0000210" startTime="2025-02-11T17:41:58.1215978+01:00" endTime="2025-02-11T17:41:58.1216188+01:00" testType="13cdc9d9-ddb5-4fa4-a97d-d965ccfc6d4b" outcome="Passed" testListId="8c84fa94-04c1-424b-9868-57a2d4851a1d" relativeResultsDirectory="9ed07a3f-5584-417a-af43-5c9f8627e334" />
    <UnitTestResult executionId="88ef4a10-2513-4e00-b44a-4fc2902c933c" testId="57d84e50-d13b-0173-ec27-061ee84866e7" testName="CacheValueAsync_with_overwrites_should_cache_and_get_value([65e0c88d-990d-4fe6-b921-8801048fd6ee, 1.00:00:00])" computerName="test" duration="00:00:00.0000300" startTime="2025-02-11T17:41:58.1212867+01:00" endTime="2025-02-11T17:41:58.1213164+01:00" testType="13cdc9d9-ddb5-4fa4-a97d-d965ccfc6d4b" outcome="Passed" testListId="8c84fa94-04c1-424b-9868-57a2d4851a1d" relativeResultsDirectory="88ef4a10-2513-4e00-b44a-4fc2902c933c" />
    <UnitTestResult executionId="60e61308-84ae-49bb-bd98-2f3a714b10bd" testId="fa5bf811-03a3-9e42-b242-7e6cb10cd724" testName="CacheValueAsync_should_cache_and_get_value([c0096d9c-1cd0-42da-8ab1-3a35c604e1b7, 11-2-2025 16:41:50])" computerName="test" duration="00:00:00.0000390" startTime="2025-02-11T17:41:55.1852012+01:00" endTime="2025-02-11T17:41:55.1852399+01:00" testType="13cdc9d9-ddb5-4fa4-a97d-d965ccfc6d4b" outcome="Passed" testListId="8c84fa94-04c1-424b-9868-57a2d4851a1d" relativeResultsDirectory="60e61308-84ae-49bb-bd98-2f3a714b10bd" />
    <UnitTestResult executionId="7ef5ff33-d188-43d5-bf7a-323b6b0f9a01" testId="5d5e71fa-d17e-7548-86c0-dc940a0518d5" testName="CacheValueAsync_with_overwrites_should_cache_value([6c39c894-8a9c-4c01-ad54-8b1b198d46b6, 1.00:00:00])" computerName="test" duration="00:00:00.0000140" startTime="2025-02-11T17:41:58.1056398+01:00" endTime="2025-02-11T17:41:58.1056537+01:00" testType="13cdc9d9-ddb5-4fa4-a97d-d965ccfc6d4b" outcome="Passed" testListId="8c84fa94-04c1-424b-9868-57a2d4851a1d" relativeResultsDirectory="7ef5ff33-d188-43d5-bf7a-323b6b0f9a01" />
    <UnitTestResult executionId="1957d2f9-5d42-4c8f-a6a7-5054802cc3d4" testId="a2772eb3-ac9b-f94d-e532-ba32d5a6f385" testName="CacheValueAsync_with_absoluteExpiration_should_expire([6fb76c54-bae3-44fe-a747-0995d56c9a4c, Color_Chan.Discord.Caching.Configurations.CacheConfiguration])" computerName="test" duration="00:00:00.2480320" startTime="2025-02-11T17:41:55.6961028+01:00" endTime="2025-02-11T17:41:55.9441343+01:00" testType="13cdc9d9-ddb5-4fa4-a97d-d965ccfc6d4b" outcome="Passed" testListId="8c84fa94-04c1-424b-9868-57a2d4851a1d" relativeResultsDirectory="1957d2f9-5d42-4c8f-a6a7-5054802cc3d4" />
    <UnitTestResult executionId="072a314f-12b3-4f4b-be3a-32b27cf5fccd" testId="8686356a-1e43-689f-69cb-8ab67bc03bce" testName="CacheValueAsync_should_cache_and_get_and_remove_value([c4cc5823-bd78-4482-ac25-a47085eb6032, 1.00:00:00])" computerName="test" duration="00:00:00.0001450" startTime="2025-02-11T17:41:55.2134626+01:00" endTime="2025-02-11T17:41:55.2136076+01:00" testType="13cdc9d9-ddb5-4fa4-a97d-d965ccfc6d4b" outcome="Passed" testListId="8c84fa94-04c1-424b-9868-57a2d4851a1d" relativeResultsDirectory="072a314f-12b3-4f4b-be3a-32b27cf5fccd" />
    <UnitTestResult executionId="411de722-ff52-482b-bacd-c36465297456" testId="40e391aa-98e7-8557-e0db-f87a1f2f06c5" testName="CacheValueAsync_with_absoluteExpiration_should_expire([f7647abd-9bce-49e5-a5d5-fa7c2b32a31c, 2147483647])" computerName="test" duration="00:00:00.2466460" startTime="2025-02-11T17:41:55.2147118+01:00" endTime="2025-02-11T17:41:55.4613574+01:00" testType="13cdc9d9-ddb5-4fa4-a97d-d965ccfc6d4b" outcome="Passed" testListId="8c84fa94-04c1-424b-9868-57a2d4851a1d" relativeResultsDirectory="411de722-ff52-482b-bacd-c36465297456" />
    <UnitTestResult executionId="ccf35bc7-80b4-4957-9f9a-b5bb96399cb8" testId="76a39fd7-6599-be0b-8250-3d7a318fccbf" testName="CacheValue_with_absoluteExpirationRelativeToNow_should_expire([d0682f2b-f7b8-45e7-94c8-dec0e9bb6c74, 11-2-2025 16:41:50 +00:00])" computerName="test" duration="00:00:00.2337040" startTime="2025-02-11T17:41:53.6885191+01:00" endTime="2025-02-11T17:41:53.9222231+01:00" testType="13cdc9d9-ddb5-4fa4-a97d-d965ccfc6d4b" outcome="Passed" testListId="8c84fa94-04c1-424b-9868-57a2d4851a1d" relativeResultsDirectory="ccf35bc7-80b4-4957-9f9a-b5bb96399cb8" />
    <UnitTestResult executionId="23dfe977-a50a-47d4-a145-6eaef6be0c57" testId="b8efa581-5134-e0a1-d788-65737a7bb26f" testName="CacheValue_with_slidingExpirationOverwrite_should_expire([070e4f7d-e595-47be-8910-487c50e4b37a, test string value])" computerName="test" duration="00:00:00.2171710" startTime="2025-02-11T17:41:54.1243715+01:00" endTime="2025-02-11T17:41:54.3415426+01:00" testType="13cdc9d9-ddb5-4fa4-a97d-d965ccfc6d4b" outcome="Passed" testListId="8c84fa94-04c1-424b-9868-57a2d4851a1d" relativeResultsDirectory="23dfe977-a50a-47d4-a145-6eaef6be0c57" />
    <UnitTestResult executionId="c832df8d-8ab6-415e-9ed2-f2edd3278c3e" testId="f26ec08c-94de-b53f-f739-a0a76e2908e6" testName="CacheValue_with_absoluteExpirationRelativeToNow_should_expire([5e93523e-1801-42f7-b09d-69fc31371a31, test string value])" computerName="test" duration="00:00:00.2493420" startTime="2025-02-11T17:41:52.6617276+01:00" endTime="2025-02-11T17:41:52.9110694+01:00" testType="13cdc9d9-ddb5-4fa4-a97d-d965ccfc6d4b" outcome="Passed" testListId="8c84fa94-04c1-424b-9868-57a2d4851a1d" relativeResultsDirectory="c832df8d-8ab6-415e-9ed2-f2edd3278c3e" />
    <UnitTestResult executionId="3d503764-8e52-4eb2-9a9b-73e8e4311121" testId="66929bc0-8c89-c4d7-5a30-a2fbd4e5c10d" testName="CacheValueAsync_should_cache_and_get_and_remove_value([b5138f65-259f-49bb-9dcc-a8d67e2bb367, 11-2-2025 16:41:50 +00:00])" computerName="test" duration="00:00:00.0000440" startTime="2025-02-11T17:41:55.1848727+01:00" endTime="2025-02-11T17:41:55.1849168+01:00" testType="13cdc9d9-ddb5-4fa4-a97d-d965ccfc6d4b" outcome="Passed" testListId="8c84fa94-04c1-424b-9868-57a2d4851a1d" relativeResultsDirectory="3d503764-8e52-4eb2-9a9b-73e8e4311121" />
    <UnitTestResult executionId="b2a91a15-87c4-4b77-8ab5-1294034e2d44" testId="033d262f-e26a-156d-25fb-72ca4f32b94c" testName="CacheValueAsync_with_absoluteExpirationRelativeToNow_should_expire([88b2909c-537a-4713-84ec-5ba958293b85, 11-2-2025 16:41:50])" computerName="test" duration="00:00:00.2488340" startTime="2025-02-11T17:41:57.3723346+01:00" endTime="2025-02-11T17:41:57.6211691+01:00" testType="13cdc9d9-ddb5-4fa4-a97d-d965ccfc6d4b" outcome="Passed" testListId="8c84fa94-04c1-424b-9868-57a2d4851a1d" relativeResultsDirectory="b2a91a15-87c4-4b77-8ab5-1294034e2d44" />
    <UnitTestResult executionId="218a9ad0-893f-444e-a5cc-7455f9efdee8" testId="68130e7d-2a99-0ca8-e114-0be1ffd1f5e3" testName="CacheValue_with_overwrites_should_cache_and_get_value([bf0cfded-b0b3-445d-beca-c72c4bb6fa96, 1.00:00:00])" computerName="test" duration="00:00:00.0000640" startTime="2025-02-11T17:41:53.8989774+01:00" endTime="2025-02-11T17:41:53.8990411+01:00" testType="13cdc9d9-ddb5-4fa4-a97d-d965ccfc6d4b" outcome="Passed" testListId="8c84fa94-04c1-424b-9868-57a2d4851a1d" relativeResultsDirectory="218a9ad0-893f-444e-a5cc-7455f9efdee8" />
    <UnitTestResult executionId="ebd0ff8f-4acc-405d-bf2c-6b03ccf1144d" testId="64f65cdc-ab00-dda1-b411-be686a93c263" testName="CacheValue_should_cache_value([e0b197d5-5ee9-4ba2-857b-780c541ba4fb, Color_Chan.Discord.Caching.Configurations.CacheConfiguration])" computerName="test" duration="00:00:00.0001000" startTime="2025-02-11T17:41:50.9343940+01:00" endTime="2025-02-11T17:41:50.9344943+01:00" testType="13cdc9d9-ddb5-4fa4-a97d-d965ccfc6d4b" outcome="Passed" testListId="8c84fa94-04c1-424b-9868-57a2d4851a1d" relativeResultsDirectory="ebd0ff8f-4acc-405d-bf2c-6b03ccf1144d" />
    <UnitTestResult executionId="629eeeb2-a18c-4e7c-8999-e760ee722af0" testId="7ef70306-d779-8d70-33fb-7792aaee38f0" testName="CacheValueAsync_with_overwrites_should_cache_and_get_value([e3494c2b-01ee-4369-8206-1aea4cb14bd6, Color_Chan.Discord.Caching.Configurations.CacheConfiguration])" computerName="test" duration="00:00:00.0000360" startTime="2025-02-11T17:41:58.1053275+01:00" endTime="2025-02-11T17:41:58.1053632+01:00" testType="13cdc9d9-ddb5-4fa4-a97d-d965ccfc6d4b" outcome="Passed" testListId="8c84fa94-04c1-424b-9868-57a2d4851a1d" relativeResultsDirectory="629eeeb2-a18c-4e7c-8999-e760ee722af0" />
    <UnitTestResult executionId="967ef67f-b79a-454b-b43d-5344798be279" testId="c328d219-036f-96f6-103e-b0c3b7d0f88c" testName="Should_throw_ArgumentOutOfRangeException_on_add_cache_config" computerName="test" duration="00:00:00.0017940" startTime="2025-02-11T17:41:59.4146669+01:00" endTime="2025-02-11T17:41:59.4164613+01:00" testType="13cdc9d9-ddb5-4fa4-a97d-d965ccfc6d4b" outcome="Passed" testListId="8c84fa94-04c1-424b-9868-57a2d4851a1d" relativeResultsDirectory="967ef67f-b79a-454b-b43d-5344798be279" />
    <UnitTestResult executionId="e8ece353-daa4-4619-871b-05b2f1762ee1" testId="7d897ca7-58ad-524e-c054-279dd1822c89" testName="CacheValue_with_slidingExpirationOverwrite_should_expire([8ced23a5-8745-4e8a-9dc9-0216db700e00, 11-2-2025 16:41:50])" computerName="test" duration="00:00:00.2171600" startTime="2025-02-11T17:41:54.5752531+01:00" endTime="2025-02-11T17:41:54.7924130+01:00" testType="13cdc9d9-ddb5-4fa4-a97d-d965ccfc6d4b" outcome="Passed" testListId="8c84fa94-04c1-424b-9868-57a2d4851a1d" relativeResultsDirectory="e8ece353-daa4-4619-871b-05b2f1762ee1" />
    <UnitTestResult executionId="bafe86c0-68f8-4fc0-819d-068c6228bed1" testId="a31b606e-477d-22f6-9d62-a42147fc66b9" testName="CacheValueAsync_should_cache_and_get_value([69cd9de1-1515-4bec-9606-560ad6e63c03, 2147483647])" computerName="test" duration="00:00:00.0000610" startTime="2025-02-11T17:41:55.2137083+01:00" endTime="2025-02-11T17:41:55.2137693+01:00" testType="13cdc9d9-ddb5-4fa4-a97d-d965ccfc6d4b" outcome="Passed" testListId="8c84fa94-04c1-424b-9868-57a2d4851a1d" relativeResultsDirectory="bafe86c0-68f8-4fc0-819d-068c6228bed1" />
    <UnitTestResult executionId="bdc8517e-1b50-490a-a451-feda23317a15" testId="2f3e72cc-c592-3967-b623-92ad915f1d32" testName="CacheValueAsync_with_absoluteExpiration_should_expire([55595bc5-d39e-4a2a-aa25-69cadcfe70d0, 1.00:00:00])" computerName="test" duration="00:00:00.2477130" startTime="2025-02-11T17:41:56.1478374+01:00" endTime="2025-02-11T17:41:56.3955499+01:00" testType="13cdc9d9-ddb5-4fa4-a97d-d965ccfc6d4b" outcome="Passed" testListId="8c84fa94-04c1-424b-9868-57a2d4851a1d" relativeResultsDirectory="bdc8517e-1b50-490a-a451-feda23317a15" />
    <UnitTestResult executionId="20b9eef7-d77b-4101-bf60-62db4665200b" testId="c3febb7d-4f2c-54d1-d77a-91f5d965160c" testName="CacheValueAsync_with_slidingExpirationOverwrite_should_expire([ebe40bd4-f77a-4355-8120-7316a64b18f2, 11-2-2025 16:41:50 +00:00])" computerName="test" duration="00:00:00.2032519" startTime="2025-02-11T17:41:59.1930839+01:00" endTime="2025-02-11T17:41:59.3963358+01:00" testType="13cdc9d9-ddb5-4fa4-a97d-d965ccfc6d4b" outcome="Passed" testListId="8c84fa94-04c1-424b-9868-57a2d4851a1d" relativeResultsDirectory="20b9eef7-d77b-4101-bf60-62db4665200b" />
    <UnitTestResult executionId="a4b1b6b1-fea3-46f5-b765-8c4cbcce1cc1" testId="d5edc02e-2738-5338-4d92-075956039be3" testName="CacheValueAsync_with_overwrites_should_cache_value([ab8bc6b9-19d2-4786-8912-1576ab433aa2, Color_Chan.Discord.Caching.Configurations.CacheConfiguration])" computerName="test" duration="00:00:00.0000370" startTime="2025-02-11T17:41:58.1215317+01:00" endTime="2025-02-11T17:41:58.1215685+01:00" testType="13cdc9d9-ddb5-4fa4-a97d-d965ccfc6d4b" outcome="Passed" testListId="8c84fa94-04c1-424b-9868-57a2d4851a1d" relativeResultsDirectory="a4b1b6b1-fea3-46f5-b765-8c4cbcce1cc1" />
    <UnitTestResult executionId="b3b369f2-f953-440c-87b4-d338c76d0ceb" testId="f87cd310-bdb0-33ae-7589-7d22e57d502f" testName="CacheValueAsync_should_cache_and_get_and_remove_value([ce7c0880-4ac1-48f0-9ee8-46cf61b7553f, 2147483647])" computerName="test" duration="00:00:00.0011610" startTime="2025-02-11T17:41:55.2117942+01:00" endTime="2025-02-11T17:41:55.2129547+01:00" testType="13cdc9d9-ddb5-4fa4-a97d-d965ccfc6d4b" outcome="Passed" testListId="8c84fa94-04c1-424b-9868-57a2d4851a1d" relativeResultsDirectory="b3b369f2-f953-440c-87b4-d338c76d0ceb" />
[...]
    <TestEntry testId="4ae98c5c-4bc1-4e07-54d5-c341a5e89867" executionId="657b30b1-0e13-4e53-b7a9-8ed30fcfb378" testListId="8c84fa94-04c1-424b-9868-57a2d4851a1d" />
    <TestEntry testId="b310d82b-ccb6-6bc1-0b5c-8a365275d261" executionId="6f237026-f0fe-42d5-ac76-a7d24f5a1eae" testListId="8c84fa94-04c1-424b-9868-57a2d4851a1d" />
    <TestEntry testId="4b3e7af4-1c9a-c493-dd02-d8183b57512f" executionId="5b512e40-e6c7-4d2f-ab97-7cbe26dc9d29" testListId="8c84fa94-04c1-424b-9868-57a2d4851a1d" />
    <TestEntry testId="2658f1f4-4300-5208-6528-b2931b2d4e05" executionId="a1a569fa-d63e-430e-9d61-2716338bed38" testListId="8c84fa94-04c1-424b-9868-57a2d4851a1d" />
    <TestEntry testId="561ab5c0-be13-e97d-ae6f-243269e7e08f" executionId="0b269481-f0e1-4b8d-a2bc-9919ecc11348" testListId="8c84fa94-04c1-424b-9868-57a2d4851a1d" />
    <TestEntry testId="392ccc83-4d6a-a8eb-fcd9-7ea17ca4e243" executionId="9ef1930c-a015-41fb-a98d-165ae3fed24a" testListId="8c84fa94-04c1-424b-9868-57a2d4851a1d" />
    <TestEntry testId="f9c12a19-c35a-efb3-1792-ddd4a03daa4b" executionId="99c412b2-80f8-49df-9d45-69d3d9f498b7" testListId="8c84fa94-04c1-424b-9868-57a2d4851a1d" />
    <TestEntry testId="41a60835-dd6b-02b2-e669-138a5320c337" executionId="b986f6ad-f674-47e7-9014-cd55a1e53098" testListId="8c84fa94-04c1-424b-9868-57a2d4851a1d" />
    <TestEntry testId="877f346e-de7f-8a9b-b7a0-dde19ab1d538" executionId="0e1d2b9a-1675-4a78-9ed4-7f26b9508b09" testListId="8c84fa94-04c1-424b-9868-57a2d4851a1d" />
    <TestEntry testId="aa5e8a67-f7ce-c075-ab7b-a2a9714a2720" executionId="fb597125-1b41-4421-9083-e2073dbb7d4c" testListId="8c84fa94-04c1-424b-9868-57a2d4851a1d" />
    <TestEntry testId="00ebf5b7-b5a0-1f72-f7e6-df6e8570ef31" executionId="e5afa372-8cfa-4bb5-832f-4d88399b77c7" testListId="8c84fa94-04c1-424b-9868-57a2d4851a1d" />
    <TestEntry testId="fa6ba3b7-bb75-3bbd-8c5a-ff9b783c9f66" executionId="d55d563a-6ff8-4605-8159-9aaf3003567e" testListId="8c84fa94-04c1-424b-9868-57a2d4851a1d" />
    <TestEntry testId="0386cef0-9a86-4a79-ffc1-355bdb937b23" executionId="b7ed79ff-b33a-4568-828d-53900437ce5d" testListId="8c84fa94-04c1-424b-9868-57a2d4851a1d" />
    <TestEntry testId="ae0db32d-e534-2715-1094-1f5ea092d03f" executionId="9b1f4ce8-83d5-4631-8381-ec1b631b29f0" testListId="8c84fa94-04c1-424b-9868-57a2d4851a1d" />
    <TestEntry testId="6650c04d-ad44-db35-c450-749777758553" executionId="e843e361-ab3a-410d-9a67-352ae8cc9e9a" testListId="8c84fa94-04c1-424b-9868-57a2d4851a1d" />
    <TestEntry testId="1f77395a-4526-bfad-9828-ef2cef895458" executionId="8f4660e1-288b-45d0-b43c-68fdc402aac5" testListId="8c84fa94-04c1-424b-9868-57a2d4851a1d" />
    <TestEntry testId="74493d79-24f9-b5f3-bcbb-8406135b3494" executionId="2907f8f0-6289-46f9-8e6d-8e3030e5ee9e" testListId="8c84fa94-04c1-424b-9868-57a2d4851a1d" />
    <TestEntry testId="6eba0cd3-5bac-7fa2-79ce-89f788480302" executionId="660ac3df-4cc6-4e54-ac2c-d21013c40ad2" testListId="8c84fa94-04c1-424b-9868-57a2d4851a1d" />
    <TestEntry testId="02815cbf-9e19-cf0f-111f-43c0062c91fb" executionId="2bb159aa-4f5d-4c52-938d-c8d370be097c" testListId="8c84fa94-04c1-424b-9868-57a2d4851a1d" />
    <TestEntry testId="8f06090f-5c64-2453-48f5-d19211129234" executionId="55202765-4668-48a0-b33a-17a535fb5e14" testListId="8c84fa94-04c1-424b-9868-57a2d4851a1d" />
    <TestEntry testId="af872633-42fc-3e2e-0fa8-6f03cadf1a7a" executionId="88d8afdd-1752-438e-bd29-7504aefc4b8c" testListId="8c84fa94-04c1-424b-9868-57a2d4851a1d" />
    <TestEntry testId="702b91a1-bb6d-b205-622d-b7205068b62f" executionId="b6b04811-1765-4c5d-bbe5-51cf98fb2e67" testListId="8c84fa94-04c1-424b-9868-57a2d4851a1d" />
    <TestEntry testId="e6592878-0023-d709-6333-f2c60b0ccc7d" executionId="f4220041-5a7a-43ae-9332-46338212df50" testListId="8c84fa94-04c1-424b-9868-57a2d4851a1d" />
    <TestEntry testId="18d10104-581d-8b97-d8bf-bc45ae813931" executionId="44492c52-bee5-491d-abdc-fa4bc45ed5b7" testListId="8c84fa94-04c1-424b-9868-57a2d4851a1d" />
    <TestEntry testId="b92728dd-e6b4-5b44-2083-39b070efe628" executionId="5fd5da1c-e0d6-40db-9123-7cb5606a0bb0" testListId="8c84fa94-04c1-424b-9868-57a2d4851a1d" />
    <TestEntry testId="185728fe-30f6-069f-ffcd-baf7ad0e6d73" executionId="5aeaaa41-9cb0-411c-b6c6-32e62d5dfeec" testListId="8c84fa94-04c1-424b-9868-57a2d4851a1d" />
    <TestEntry testId="72a3296e-50a2-f0d6-0a2f-48925a49d2ec" executionId="6f0cb533-24db-4380-8e5d-5e9d85bc5f34" testListId="8c84fa94-04c1-424b-9868-57a2d4851a1d" />
    <TestEntry testId="5752a212-0402-bb3b-f784-07dc4c6137f9" executionId="30a282c5-4af4-428b-ae51-cf865d715f20" testListId="8c84fa94-04c1-424b-9868-57a2d4851a1d" />
    <TestEntry testId="85de02c1-a687-36dc-2f6e-82a2c33708aa" executionId="f93badc7-0f2f-4ddf-aad8-43d6ce628406" testListId="8c84fa94-04c1-424b-9868-57a2d4851a1d" />
    <TestEntry testId="7174e223-37f9-4a7e-eef1-6f8787ff3394" executionId="a2a273ea-684e-4b11-b14c-ca9aec07aa02" testListId="8c84fa94-04c1-424b-9868-57a2d4851a1d" />
    <TestEntry testId="268b84e7-1409-4725-e55d-561a629bed92" executionId="9ed07a3f-5584-417a-af43-5c9f8627e334" testListId="8c84fa94-04c1-424b-9868-57a2d4851a1d" />
    <TestEntry testId="57d84e50-d13b-0173-ec27-061ee84866e7" executionId="88ef4a10-2513-4e00-b44a-4fc2902c933c" testListId="8c84fa94-04c1-424b-9868-57a2d4851a1d" />
    <TestEntry testId="fa5bf811-03a3-9e42-b242-7e6cb10cd724" executionId="60e61308-84ae-49bb-bd98-2f3a714b10bd" testListId="8c84fa94-04c1-424b-9868-57a2d4851a1d" />
    <TestEntry testId="5d5e71fa-d17e-7548-86c0-dc940a0518d5" executionId="7ef5ff33-d188-43d5-bf7a-323b6b0f9a01" testListId="8c84fa94-04c1-424b-9868-57a2d4851a1d" />
    <TestEntry testId="a2772eb3-ac9b-f94d-e532-ba32d5a6f385" executionId="1957d2f9-5d42-4c8f-a6a7-5054802cc3d4" testListId="8c84fa94-04c1-424b-9868-57a2d4851a1d" />
    <TestEntry testId="8686356a-1e43-689f-69cb-8ab67bc03bce" executionId="072a314f-12b3-4f4b-be3a-32b27cf5fccd" testListId="8c84fa94-04c1-424b-9868-57a2d4851a1d" />
    <TestEntry testId="40e391aa-98e7-8557-e0db-f87a1f2f06c5" executionId="411de722-ff52-482b-bacd-c36465297456" testListId="8c84fa94-04c1-424b-9868-57a2d4851a1d" />
    <TestEntry testId="76a39fd7-6599-be0b-8250-3d7a318fccbf" executionId="ccf35bc7-80b4-4957-9f9a-b5bb96399cb8" testListId="8c84fa94-04c1-424b-9868-57a2d4851a1d" />
    <TestEntry testId="b8efa581-5134-e0a1-d788-65737a7bb26f" executionId="23dfe977-a50a-47d4-a145-6eaef6be0c57" testListId="8c84fa94-04c1-424b-9868-57a2d4851a1d" />
    <TestEntry testId="f26ec08c-94de-b53f-f739-a0a76e2908e6" executionId="c832df8d-8ab6-415e-9ed2-f2edd3278c3e" testListId="8c84fa94-04c1-424b-9868-57a2d4851a1d" />
    <TestEntry testId="66929bc0-8c89-c4d7-5a30-a2fbd4e5c10d" executionId="3d503764-8e52-4eb2-9a9b-73e8e4311121" testListId="8c84fa94-04c1-424b-9868-57a2d4851a1d" />
    <TestEntry testId="033d262f-e26a-156d-25fb-72ca4f32b94c" executionId="b2a91a15-87c4-4b77-8ab5-1294034e2d44" testListId="8c84fa94-04c1-424b-9868-57a2d4851a1d" />
    <TestEntry testId="68130e7d-2a99-0ca8-e114-0be1ffd1f5e3" executionId="218a9ad0-893f-444e-a5cc-7455f9efdee8" testListId="8c84fa94-04c1-424b-9868-57a2d4851a1d" />
    <TestEntry testId="64f65cdc-ab00-dda1-b411-be686a93c263" executionId="ebd0ff8f-4acc-405d-bf2c-6b03ccf1144d" testListId="8c84fa94-04c1-424b-9868-57a2d4851a1d" />
    <TestEntry testId="7ef70306-d779-8d70-33fb-7792aaee38f0" executionId="629eeeb2-a18c-4e7c-8999-e760ee722af0" testListId="8c84fa94-04c1-424b-9868-57a2d4851a1d" />
    <TestEntry testId="c328d219-036f-96f6-103e-b0c3b7d0f88c" executionId="967ef67f-b79a-454b-b43d-5344798be279" testListId="8c84fa94-04c1-424b-9868-57a2d4851a1d" />
    <TestEntry testId="7d897ca7-58ad-524e-c054-279dd1822c89" executionId="e8ece353-daa4-4619-871b-05b2f1762ee1" testListId="8c84fa94-04c1-424b-9868-57a2d4851a1d" />
    <TestEntry testId="a31b606e-477d-22f6-9d62-a42147fc66b9" executionId="bafe86c0-68f8-4fc0-819d-068c6228bed1" testListId="8c84fa94-04c1-424b-9868-57a2d4851a1d" />
    <TestEntry testId="2f3e72cc-c592-3967-b623-92ad915f1d32" executionId="bdc8517e-1b50-490a-a451-feda23317a15" testListId="8c84fa94-04c1-424b-9868-57a2d4851a1d" />
    <TestEntry testId="c3febb7d-4f2c-54d1-d77a-91f5d965160c" executionId="20b9eef7-d77b-4101-bf60-62db4665200b" testListId="8c84fa94-04c1-424b-9868-57a2d4851a1d" />
    <TestEntry testId="d5edc02e-2738-5338-4d92-075956039be3" executionId="a4b1b6b1-fea3-46f5-b765-8c4cbcce1cc1" testListId="8c84fa94-04c1-424b-9868-57a2d4851a1d" />
    <TestEntry testId="f87cd310-bdb0-33ae-7589-7d22e57d502f" executionId="b3b369f2-f953-440c-87b4-d338c76d0ceb" testListId="8c84fa94-04c1-424b-9868-57a2d4851a1d" />
    <TestEntry testId="a62be491-d6a3-7b9c-c0bf-1e1951aff794" executionId="7f4f5b43-69e9-4c81-8a05-eb89dc9dcd7d" testListId="8c84fa94-04c1-424b-9868-57a2d4851a1d" />
    <TestEntry testId="8bb76942-bd63-7696-20f6-99d883295e86" executionId="808cdce2-b1e5-4e3a-aa28-ab6076522be7" testListId="8c84fa94-04c1-424b-9868-57a2d4851a1d" />
    <TestEntry testId="7a000567-121d-24f8-4d86-0b9057f2b5d0" executionId="f154b58b-76fd-41f3-8edc-d6ee41cde957" testListId="8c84fa94-04c1-424b-9868-57a2d4851a1d" />
    <TestEntry testId="56f210a0-aaaf-68c8-2007-a30f65139c2f" executionId="5449a153-b40d-4a79-8f0f-2b9df1ffa73f" testListId="8c84fa94-04c1-424b-9868-57a2d4851a1d" />
    <TestEntry testId="0bd59684-86dc-a4e5-5792-68b9807a2cf4" executionId="2bf5e7d9-dac6-44b6-9ba9-a917269ac177" testListId="8c84fa94-04c1-424b-9868-57a2d4851a1d" />
    <TestEntry testId="dd0acd41-5edb-0730-647f-84760f07312d" executionId="d7d1ec91-75a4-4217-9635-53cd4e493567" testListId="8c84fa94-04c1-424b-9868-57a2d4851a1d" />
    <TestEntry testId="6702bc91-08b3-8d1f-860c-89cf19dea9ab" executionId="18ce17c9-dfe7-4f81-82b7-0ebabcc5f31e" testListId="8c84fa94-04c1-424b-9868-57a2d4851a1d" />
    <TestEntry testId="7802aed4-d784-b48a-4b15-3388fa5a83cf" executionId="f86bacc7-e5e9-4608-bf91-f0c89c1248dd" testListId="8c84fa94-04c1-424b-9868-57a2d4851a1d" />
    <TestEntry testId="403f8dba-9a7a-0acf-2230-d78140f2fa70" executionId="25d89571-2077-4251-ad82-2e5de432de27" testListId="8c84fa94-04c1-424b-9868-57a2d4851a1d" />
    <TestEntry testId="98e213d0-0891-1f98-4f14-a8998895d63e" executionId="20fb4349-3e51-479a-bc91-bfc9a484d969" testListId="8c84fa94-04c1-424b-9868-57a2d4851a1d" />
    <TestEntry testId="89b5a95d-16b1-6d10-338d-0536fdce99d8" executionId="f4200b17-0e9f-45a4-98e8-1e4d5f6137af" testListId="8c84fa94-04c1-424b-9868-57a2d4851a1d" />
    <TestEntry testId="be47c04f-c17d-0571-7c27-f828019c6807" executionId="e1b01ebb-0f34-4d07-b268-36eee5ddf02a" testListId="8c84fa94-04c1-424b-9868-57a2d4851a1d" />
    <TestEntry testId="cf474f63-0e96-c1f6-2ccb-93b092ddcf25" executionId="3a867f5f-2878-4c86-a72c-77de1a548d62" testListId="8c84fa94-04c1-424b-9868-57a2d4851a1d" />
    <TestEntry testId="3ac2aa13-b3e9-c2eb-ee93-27950225b595" executionId="33c9a79f-f683-4c9f-be75-341e266bb1ff" testListId="8c84fa94-04c1-424b-9868-57a2d4851a1d" />
    <TestEntry testId="aa896686-25b1-5c3e-8142-568e39383437" executionId="b94ed546-2462-452f-a91a-63b93ac7a81e" testListId="8c84fa94-04c1-424b-9868-57a2d4851a1d" />
    <TestEntry testId="984b28e9-1eef-4724-d1a0-6085188dbba3" executionId="359d6614-630f-48b1-a299-133bbb8c1c2d" testListId="8c84fa94-04c1-424b-9868-57a2d4851a1d" />
    <TestEntry testId="a46975a8-75db-08cf-72fd-69f8fc45a333" executionId="5cdedb26-d0bd-466d-bf49-2d828e64c5cc" testListId="8c84fa94-04c1-424b-9868-57a2d4851a1d" />
    <TestEntry testId="b7fd1cc9-a107-a4d5-8fce-e4a8cfb4e930" executionId="5a005d0c-97c8-4ee4-80d3-a2b2e25830f5" testListId="8c84fa94-04c1-424b-9868-57a2d4851a1d" />
    <TestEntry testId="8c6d5137-2242-fce2-512a-7d1303f8886e" executionId="29236c3b-9118-40a6-b1e3-eed9dd898db3" testListId="8c84fa94-04c1-424b-9868-57a2d4851a1d" />
    <TestEntry testId="b1dc4007-241a-838c-3472-0d8a8b394958" executionId="6fdaecd8-2103-4c48-888c-4f6c483b13ec" testListId="8c84fa94-04c1-424b-9868-57a2d4851a1d" />
    <TestEntry testId="b07469ac-0d4c-e265-ccb9-938d276494e3" executionId="26b7de32-3145-4836-b8b7-032a88cd6337" testListId="8c84fa94-04c1-424b-9868-57a2d4851a1d" />
    <TestEntry testId="7d50ffe7-fbd8-6a91-3953-ca95b4a03ed6" executionId="a02b41f0-ab12-46f2-8225-72a8d8ebdd1f" testListId="8c84fa94-04c1-424b-9868-57a2d4851a1d" />
    <TestEntry testId="a000868a-faa4-eeb3-881b-003e1f43bad9" executionId="5554c3fd-434b-46f1-9c93-d2fe24affaf3" testListId="8c84fa94-04c1-424b-9868-57a2d4851a1d" />
    <TestEntry testId="761f3dd1-2585-e11a-875a-40fdfc69baa3" executionId="d2f131b3-6577-4918-a541-41ff5bec35af" testListId="8c84fa94-04c1-424b-9868-57a2d4851a1d" />
    <TestEntry testId="ca919bef-44bc-bea7-2022-bc62021ea451" executionId="7884bf3a-085a-406d-8917-94b89237895d" testListId="8c84fa94-04c1-424b-9868-57a2d4851a1d" />
    <TestEntry testId="6518096d-63db-989f-faa2-8140b4ba2ad9" executionId="5a48f45b-b49c-4143-a8a1-7b1d6be2c20d" testListId="8c84fa94-04c1-424b-9868-57a2d4851a1d" />
    <TestEntry testId="5df70e6f-7bc7-7c5c-223e-0fec681482b6" executionId="94c67674-3326-42b9-b167-19744f375336" testListId="8c84fa94-04c1-424b-9868-57a2d4851a1d" />
    <TestEntry testId="b516b670-1faf-bba3-4d37-fb181171923f" executionId="92495a1b-058e-4f56-adfa-ac450ea02e87" testListId="8c84fa94-04c1-424b-9868-57a2d4851a1d" />
    <TestEntry testId="e241f224-23ca-50b7-1ca0-cda96260c3e1" executionId="b6eb6e30-b7bc-4950-99e7-d445061977a7" testListId="8c84fa94-04c1-424b-9868-57a2d4851a1d" />
    <TestEntry testId="4a724adc-5084-4d00-8cbc-b22da60e67e0" executionId="b07247fc-8ced-42fe-b65d-0e95b3fe5e44" testListId="8c84fa94-04c1-424b-9868-57a2d4851a1d" />
    <TestEntry testId="39508f9d-e401-7b23-73a5-5be1fcc8ee75" executionId="ead54046-b4b6-4335-b0ee-c19613a91ff7" testListId="8c84fa94-04c1-424b-9868-57a2d4851a1d" />
    <TestEntry testId="853a28ad-3308-2e24-32b5-1cf9e83cc491" executionId="bd538d1e-ec1a-40d4-84ce-8c49f632612f" testListId="8c84fa94-04c1-424b-9868-57a2d4851a1d" />
    <TestEntry testId="e1e19d26-b8ea-0384-5d83-172cb1416483" executionId="2e03d804-5c48-431e-b954-17a4a7ea0850" testListId="8c84fa94-04c1-424b-9868-57a2d4851a1d" />
    <TestEntry testId="eff7db46-5909-4211-44be-42e0a1afe5e1" executionId="bb0e687f-1e72-4669-a293-bfb6844d886e" testListId="8c84fa94-04c1-424b-9868-57a2d4851a1d" />
    <TestEntry testId="b01299de-79e1-5029-eebe-1956dc6bcd11" executionId="b301952d-f225-482a-b5d7-837e5551c776" testListId="8c84fa94-04c1-424b-9868-57a2d4851a1d" />
    <TestEntry testId="d4e4b1c8-0e40-6910-3b97-526d8ed23325" executionId="af23d0b7-1ec8-4a4e-9c52-01ea08031da4" testListId="8c84fa94-04c1-424b-9868-57a2d4851a1d" />
    <TestEntry testId="755e0a09-7658-2609-240a-603e527128ed" executionId="c59acfae-e6ce-4769-95e3-4be0655cacba" testListId="8c84fa94-04c1-424b-9868-57a2d4851a1d" />
    <TestEntry testId="1db82f4d-771c-4418-85ed-83b8c05b5129" executionId="dc741c59-efc9-4cf1-8f0b-ad36e1318085" testListId="8c84fa94-04c1-424b-9868-57a2d4851a1d" />
    <TestEntry testId="5f72d81b-e1ae-5cfc-f3c9-de4ce6c60928" executionId="b5528266-ecfb-47d7-a3b0-d3d0c11bfc71" testListId="8c84fa94-04c1-424b-9868-57a2d4851a1d" />
    <TestEntry testId="20866f88-18ca-97b2-805d-cc40111e7add" executionId="18a4eef1-3b1d-4e38-9278-beff316a4c4c" testListId="8c84fa94-04c1-424b-9868-57a2d4851a1d" />
    <TestEntry testId="542e12d1-2def-db9f-7702-444b586c3f5e" executionId="e1a4cc4f-fcd8-467b-b38a-97670de94e8f" testListId="8c84fa94-04c1-424b-9868-57a2d4851a1d" />
    <TestEntry testId="84237633-fc83-73ac-20d9-aa978f62652d" executionId="004a5b3d-7471-4499-a2f7-847a69061221" testListId="8c84fa94-04c1-424b-9868-57a2d4851a1d" />
    <TestEntry testId="43c59aa2-2dd8-18d4-53c6-663eb9fa4f01" executionId="8f685b79-3dba-42ca-85e5-63338d4b0514" testListId="8c84fa94-04c1-424b-9868-57a2d4851a1d" />
    <TestEntry testId="f4417974-3093-5bea-a0a1-4802801c89f6" executionId="229f6703-49a6-47d6-a652-383f225a7d18" testListId="8c84fa94-04c1-424b-9868-57a2d4851a1d" />
    <TestEntry testId="c131c0fa-ab1c-e0ed-4b9a-e23aa8b28a9f" executionId="86d39cfe-bd74-4380-b44b-83cde4e5f127" testListId="8c84fa94-04c1-424b-9868-57a2d4851a1d" />
    <TestEntry testId="d6d8728b-0a97-a6e4-972b-a0289d892978" executionId="9682fc1a-dcf0-4986-a48a-490781187e3a" testListId="8c84fa94-04c1-424b-9868-57a2d4851a1d" />
    <TestEntry testId="93ca1f68-6d25-714d-3264-30023f743bc7" executionId="b3a6534b-3033-45bc-bbb8-164a7b7f0e2d" testListId="8c84fa94-04c1-424b-9868-57a2d4851a1d" />
    <TestEntry testId="a9c12bb2-7fec-0f6e-a20c-2e0e6ee39370" executionId="5719612d-d94d-4495-aeff-c2a47d1fa441" testListId="8c84fa94-04c1-424b-9868-57a2d4851a1d" />
    <TestEntry testId="d7a14407-0737-5c7b-84b6-6f5de948248b" executionId="4ffe813a-f42f-4f0f-949b-bb7129f4baaa" testListId="8c84fa94-04c1-424b-9868-57a2d4851a1d" />
    <TestEntry testId="e424bd2f-11a0-ffa3-136b-c75a5241e30a" executionId="3c28af86-37a9-4476-baa9-8f638854e066" testListId="8c84fa94-04c1-424b-9868-57a2d4851a1d" />
    <TestEntry testId="daea3eaa-170f-89e4-c92c-9a50fc3d632a" executionId="e6e7acc8-a246-4457-9109-8bd4d994d15a" testListId="8c84fa94-04c1-424b-9868-57a2d4851a1d" />
    <TestEntry testId="3c4b6e13-1aa5-4a67-fc75-8e01ab00c62b" executionId="9bc720e3-0b26-4e55-ac29-a665b6a479ce" testListId="8c84fa94-04c1-424b-9868-57a2d4851a1d" />
    <TestEntry testId="c736066f-20e6-8e02-7b22-80c1f201107f" executionId="b26ab8d6-435b-4ae3-857c-49a003707582" testListId="8c84fa94-04c1-424b-9868-57a2d4851a1d" />
    <TestEntry testId="f0fd4bad-4b05-af69-ba4e-0c9e14482a83" executionId="3a5e2ee8-501a-4855-bd28-71fa66f500e3" testListId="8c84fa94-04c1-424b-9868-57a2d4851a1d" />
    <TestEntry testId="3662efce-5374-837c-bcdb-fa5baa1fc9ab" executionId="9b34b67f-584b-4dd4-8bde-135bf0fc956f" testListId="8c84fa94-04c1-424b-9868-57a2d4851a1d" />
    <TestEntry testId="23515a78-2795-08b6-40ce-7a928adae2ed" executionId="a21021ef-c45c-4074-982d-aa463f5b8e82" testListId="8c84fa94-04c1-424b-9868-57a2d4851a1d" />
    <TestEntry testId="799335ff-59ac-8d3d-b7e4-ea3bf3cd7113" executionId="f42e1c8d-a190-47cf-98da-97dc0f1f7299" testListId="8c84fa94-04c1-424b-9868-57a2d4851a1d" />
    <TestEntry testId="c6f45368-498c-b3eb-57ca-1d592516b6ba" executionId="02bd471c-16e7-452c-9386-395b3d792d7e" testListId="8c84fa94-04c1-424b-9868-57a2d4851a1d" />
    <TestEntry testId="d567bdc4-8399-de47-0654-6c9ea86ac36c" executionId="ccea0ead-4afb-4b3d-9e16-e9063b9c91f8" testListId="8c84fa94-04c1-424b-9868-57a2d4851a1d" />
    <TestEntry testId="292626b0-068a-b17c-81f5-3830b9181f03" executionId="edca0511-6696-4e6a-a682-34d91dd29445" testListId="8c84fa94-04c1-424b-9868-57a2d4851a1d" />
    <TestEntry testId="5142aac5-1859-4804-cf32-11af7300e62b" executionId="bda2dc3a-a6f2-43f4-9c3b-02fb5785ff65" testListId="8c84fa94-04c1-424b-9868-57a2d4851a1d" />
    <TestEntry testId="117071f6-96f8-06e1-bc33-fb960dfb07b4" executionId="cf661ee2-e776-4dd1-b52d-1e62e7c2d149" testListId="8c84fa94-04c1-424b-9868-57a2d4851a1d" />
    <TestEntry testId="34dfa885-bf10-63d0-77b5-08e3a06a48af" executionId="a709202f-e097-4272-a89a-0e578d67bf2c" testListId="8c84fa94-04c1-424b-9868-57a2d4851a1d" />
  </TestEntries>
  <TestLists>
    <TestList name="Results Not in a List" id="8c84fa94-04c1-424b-9868-57a2d4851a1d" />
    <TestList name="All Loaded Results" id="19431567-8539-422a-85d7-44ee4e166bda" />
  </TestLists>
  <ResultSummary outcome="Completed">
    <Counters total="204" executed="204" passed="204" failed="0" error="0" timeout="0" aborted="0" inconclusive="0" passedButRunAborted="0" notRunnable="0" notExecuted="0" disconnected="0" warning="0" completed="0" inProgress="0" pending="0" />
    <Output>
      <StdOut>NUnit Adapter 4.6.0.0: Test execution started&#xD;
Running all tests in F:\Github\Color-Chan.Discord\tests\Color-Chan.Discord.Caching.Tests\bin\Debug\net8.0\Color-Chan.Discord.Caching.Tests.dll&#xD;
   NUnit3TestExecutor discovered 204 of 204 NUnit test cases using Current Discovery mode, Non-Explicit run&#xD;
NUnit Adapter 4.6.0.0: Test execution complete&#xD;
</StdOut>
    </Output>
  </ResultSummary>
</TestRun>